========================================
🔄 Auto-Pull Check: Sun Feb 22 10:23:25 WIB 2026
========================================
✅ No new changes. System up-to-date.
========================================
========================================
========================================
🔄 Auto-Pull Check: Sun Feb 22 10:30:01 WIB 2026
🔄 Auto-Pull Check: Sun Feb 22 10:30:01 WIB 2026
========================================
========================================
From https://github.com/nathabot/CLAW_PROFIT_HUNTER
 * branch            main       -> FETCH_HEAD
✅ No new changes. System up-to-date.
✅ No new changes. System up-to-date.
========================================
========================================
========================================
========================================
🔄 Auto-Pull Check: Sun Feb 22 11:00:01 WIB 2026
🔄 Auto-Pull Check: Sun Feb 22 11:00:01 WIB 2026
========================================
========================================
From https://github.com/nathabot/CLAW_PROFIT_HUNTER
 * branch            main       -> FETCH_HEAD
✅ No new changes. System up-to-date.
✅ No new changes. System up-to-date.
========================================
========================================
========================================
========================================
🔄 Auto-Pull Check: Sun Feb 22 11:15:01 WIB 2026
🔄 Auto-Pull Check: Sun Feb 22 11:15:01 WIB 2026
========================================
========================================
From https://github.com/nathabot/CLAW_PROFIT_HUNTER
 * branch            main       -> FETCH_HEAD
✅ No new changes. System up-to-date.
✅ No new changes. System up-to-date.
========================================
========================================
========================================
========================================
🔄 Auto-Pull Check: Sun Feb 22 11:30:01 WIB 2026
🔄 Auto-Pull Check: Sun Feb 22 11:30:01 WIB 2026
========================================
========================================
From https://github.com/nathabot/CLAW_PROFIT_HUNTER
 * branch            main       -> FETCH_HEAD
✅ No new changes. System up-to-date.
✅ No new changes. System up-to-date.
========================================
========================================
========================================
========================================
🔄 Auto-Pull Check: Sun Feb 22 11:45:01 WIB 2026
🔄 Auto-Pull Check: Sun Feb 22 11:45:01 WIB 2026
========================================
========================================
From https://github.com/nathabot/CLAW_PROFIT_HUNTER
 * branch            main       -> FETCH_HEAD
✅ No new changes. System up-to-date.
✅ No new changes. System up-to-date.
========================================
========================================
========================================
========================================
🔄 Auto-Pull Check: Sun Feb 22 12:00:01 WIB 2026
🔄 Auto-Pull Check: Sun Feb 22 12:00:01 WIB 2026
========================================
========================================
From https://github.com/nathabot/CLAW_PROFIT_HUNTER
 * branch            main       -> FETCH_HEAD
✅ No new changes. System up-to-date.
✅ No new changes. System up-to-date.
========================================
========================================
========================================
========================================
🔄 Auto-Pull Check: Sun Feb 22 12:15:01 WIB 2026
🔄 Auto-Pull Check: Sun Feb 22 12:15:01 WIB 2026
========================================
========================================
From https://github.com/nathabot/CLAW_PROFIT_HUNTER
 * branch            main       -> FETCH_HEAD
✅ No new changes. System up-to-date.
✅ No new changes. System up-to-date.
========================================
========================================
========================================
========================================
🔄 Auto-Pull Check: Sun Feb 22 12:30:01 WIB 2026
🔄 Auto-Pull Check: Sun Feb 22 12:30:01 WIB 2026
========================================
========================================
From https://github.com/nathabot/CLAW_PROFIT_HUNTER
 * branch            main       -> FETCH_HEAD
✅ No new changes. System up-to-date.
✅ No new changes. System up-to-date.
========================================
========================================
========================================
========================================
🔄 Auto-Pull Check: Sun Feb 22 12:45:01 WIB 2026
🔄 Auto-Pull Check: Sun Feb 22 12:45:01 WIB 2026
========================================
========================================
From https://github.com/nathabot/CLAW_PROFIT_HUNTER
 * branch            main       -> FETCH_HEAD
✅ No new changes. System up-to-date.
✅ No new changes. System up-to-date.
========================================
========================================
========================================
========================================
🔄 Auto-Pull Check: Sun Feb 22 13:00:01 WIB 2026
🔄 Auto-Pull Check: Sun Feb 22 13:00:01 WIB 2026
========================================
========================================
From https://github.com/nathabot/CLAW_PROFIT_HUNTER
 * branch            main       -> FETCH_HEAD
✅ No new changes. System up-to-date.
✅ No new changes. System up-to-date.
========================================
========================================
========================================
========================================
🔄 Auto-Pull Check: Sun Feb 22 13:15:01 WIB 2026
🔄 Auto-Pull Check: Sun Feb 22 13:15:01 WIB 2026
========================================
========================================
From https://github.com/nathabot/CLAW_PROFIT_HUNTER
 * branch            main       -> FETCH_HEAD
✅ No new changes. System up-to-date.
✅ No new changes. System up-to-date.
========================================
========================================
========================================
========================================
🔄 Auto-Pull Check: Sun Feb 22 13:30:01 WIB 2026
🔄 Auto-Pull Check: Sun Feb 22 13:30:01 WIB 2026
========================================
========================================
From https://github.com/nathabot/CLAW_PROFIT_HUNTER
 * branch            main       -> FETCH_HEAD
✅ No new changes. System up-to-date.
✅ No new changes. System up-to-date.
========================================
========================================
========================================
========================================
🔄 Auto-Pull Check: Sun Feb 22 13:45:01 WIB 2026
🔄 Auto-Pull Check: Sun Feb 22 13:45:01 WIB 2026
========================================
========================================
From https://github.com/nathabot/CLAW_PROFIT_HUNTER
 * branch            main       -> FETCH_HEAD
✅ No new changes. System up-to-date.
✅ No new changes. System up-to-date.
========================================
========================================
========================================
========================================
🔄 Auto-Pull Check: Sun Feb 22 14:00:02 WIB 2026
🔄 Auto-Pull Check: Sun Feb 22 14:00:02 WIB 2026
========================================
========================================
From https://github.com/nathabot/CLAW_PROFIT_HUNTER
 * branch            main       -> FETCH_HEAD
✅ No new changes. System up-to-date.
✅ No new changes. System up-to-date.
========================================
========================================
========================================
========================================
🔄 Auto-Pull Check: Sun Feb 22 14:15:01 WIB 2026
🔄 Auto-Pull Check: Sun Feb 22 14:15:01 WIB 2026
========================================
========================================
From https://github.com/nathabot/CLAW_PROFIT_HUNTER
 * branch            main       -> FETCH_HEAD
✅ No new changes. System up-to-date.
✅ No new changes. System up-to-date.
========================================
========================================
========================================
========================================
🔄 Auto-Pull Check: Sun Feb 22 14:30:01 WIB 2026
🔄 Auto-Pull Check: Sun Feb 22 14:30:01 WIB 2026
========================================
========================================
From https://github.com/nathabot/CLAW_PROFIT_HUNTER
 * branch            main       -> FETCH_HEAD
✅ No new changes. System up-to-date.
✅ No new changes. System up-to-date.
========================================
========================================
========================================
========================================
🔄 Auto-Pull Check: Sun Feb 22 14:45:01 WIB 2026
🔄 Auto-Pull Check: Sun Feb 22 14:45:01 WIB 2026
========================================
========================================
From https://github.com/nathabot/CLAW_PROFIT_HUNTER
 * branch            main       -> FETCH_HEAD
✅ No new changes. System up-to-date.
✅ No new changes. System up-to-date.
========================================
========================================
========================================
========================================
🔄 Auto-Pull Check: Sun Feb 22 15:00:01 WIB 2026
🔄 Auto-Pull Check: Sun Feb 22 15:00:01 WIB 2026
========================================
========================================
From https://github.com/nathabot/CLAW_PROFIT_HUNTER
 * branch            main       -> FETCH_HEAD
✅ No new changes. System up-to-date.
✅ No new changes. System up-to-date.
========================================
========================================
========================================
========================================
🔄 Auto-Pull Check: Sun Feb 22 15:15:01 WIB 2026
🔄 Auto-Pull Check: Sun Feb 22 15:15:01 WIB 2026
========================================
========================================
From https://github.com/nathabot/CLAW_PROFIT_HUNTER
 * branch            main       -> FETCH_HEAD
✅ No new changes. System up-to-date.
✅ No new changes. System up-to-date.
========================================
========================================
========================================
========================================
🔄 Auto-Pull Check: Sun Feb 22 15:30:01 WIB 2026
🔄 Auto-Pull Check: Sun Feb 22 15:30:01 WIB 2026
========================================
========================================
From https://github.com/nathabot/CLAW_PROFIT_HUNTER
 * branch            main       -> FETCH_HEAD
✅ No new changes. System up-to-date.
✅ No new changes. System up-to-date.
========================================
========================================
========================================
========================================
🔄 Auto-Pull Check: Sun Feb 22 15:45:01 WIB 2026
🔄 Auto-Pull Check: Sun Feb 22 15:45:01 WIB 2026
========================================
========================================
From https://github.com/nathabot/CLAW_PROFIT_HUNTER
 * branch            main       -> FETCH_HEAD
✅ No new changes. System up-to-date.
✅ No new changes. System up-to-date.
========================================
========================================
========================================
========================================
🔄 Auto-Pull Check: Sun Feb 22 16:00:01 WIB 2026
🔄 Auto-Pull Check: Sun Feb 22 16:00:01 WIB 2026
========================================
========================================
From https://github.com/nathabot/CLAW_PROFIT_HUNTER
 * branch            main       -> FETCH_HEAD
✅ No new changes. System up-to-date.
✅ No new changes. System up-to-date.
========================================
========================================
========================================
========================================
🔄 Auto-Pull Check: Sun Feb 22 16:15:01 WIB 2026
🔄 Auto-Pull Check: Sun Feb 22 16:15:01 WIB 2026
========================================
========================================
From https://github.com/nathabot/CLAW_PROFIT_HUNTER
 * branch            main       -> FETCH_HEAD
✅ No new changes. System up-to-date.
✅ No new changes. System up-to-date.
========================================
========================================
========================================
========================================
🔄 Auto-Pull Check: Sun Feb 22 16:30:01 WIB 2026
🔄 Auto-Pull Check: Sun Feb 22 16:30:01 WIB 2026
========================================
========================================
From https://github.com/nathabot/CLAW_PROFIT_HUNTER
 * branch            main       -> FETCH_HEAD
✅ No new changes. System up-to-date.
✅ No new changes. System up-to-date.
========================================
========================================
========================================
========================================
🔄 Auto-Pull Check: Sun Feb 22 16:45:01 WIB 2026
🔄 Auto-Pull Check: Sun Feb 22 16:45:01 WIB 2026
========================================
========================================
From https://github.com/nathabot/CLAW_PROFIT_HUNTER
 * branch            main       -> FETCH_HEAD
✅ No new changes. System up-to-date.
✅ No new changes. System up-to-date.
========================================
========================================
========================================
========================================
🔄 Auto-Pull Check: Sun Feb 22 17:00:01 WIB 2026
🔄 Auto-Pull Check: Sun Feb 22 17:00:01 WIB 2026
========================================
========================================
From https://github.com/nathabot/CLAW_PROFIT_HUNTER
 * branch            main       -> FETCH_HEAD
✅ No new changes. System up-to-date.
✅ No new changes. System up-to-date.
========================================
========================================
========================================
========================================
🔄 Auto-Pull Check: Sun Feb 22 17:15:01 WIB 2026
🔄 Auto-Pull Check: Sun Feb 22 17:15:01 WIB 2026
========================================
========================================
From https://github.com/nathabot/CLAW_PROFIT_HUNTER
 * branch            main       -> FETCH_HEAD
✅ No new changes. System up-to-date.
✅ No new changes. System up-to-date.
========================================
========================================
========================================
========================================
🔄 Auto-Pull Check: Sun Feb 22 17:30:01 WIB 2026
🔄 Auto-Pull Check: Sun Feb 22 17:30:01 WIB 2026
========================================
========================================
From https://github.com/nathabot/CLAW_PROFIT_HUNTER
 * branch            main       -> FETCH_HEAD
✅ No new changes. System up-to-date.
✅ No new changes. System up-to-date.
========================================
========================================
========================================
========================================
🔄 Auto-Pull Check: Sun Feb 22 17:45:01 WIB 2026
🔄 Auto-Pull Check: Sun Feb 22 17:45:01 WIB 2026
========================================
========================================
From https://github.com/nathabot/CLAW_PROFIT_HUNTER
 * branch            main       -> FETCH_HEAD
✅ No new changes. System up-to-date.
✅ No new changes. System up-to-date.
========================================
========================================
========================================
========================================
🔄 Auto-Pull Check: Sun Feb 22 18:00:01 WIB 2026
🔄 Auto-Pull Check: Sun Feb 22 18:00:01 WIB 2026
========================================
========================================
From https://github.com/nathabot/CLAW_PROFIT_HUNTER
 * branch            main       -> FETCH_HEAD
✅ No new changes. System up-to-date.
✅ No new changes. System up-to-date.
========================================
========================================
========================================
========================================
🔄 Auto-Pull Check: Sun Feb 22 18:15:01 WIB 2026
🔄 Auto-Pull Check: Sun Feb 22 18:15:01 WIB 2026
========================================
========================================
From https://github.com/nathabot/CLAW_PROFIT_HUNTER
 * branch            main       -> FETCH_HEAD
✅ No new changes. System up-to-date.
✅ No new changes. System up-to-date.
========================================
========================================
========================================
========================================
🔄 Auto-Pull Check: Sun Feb 22 18:30:01 WIB 2026
🔄 Auto-Pull Check: Sun Feb 22 18:30:01 WIB 2026
========================================
========================================
From https://github.com/nathabot/CLAW_PROFIT_HUNTER
 * branch            main       -> FETCH_HEAD
✅ No new changes. System up-to-date.
✅ No new changes. System up-to-date.
========================================
========================================
========================================
========================================
🔄 Auto-Pull Check: Sun Feb 22 18:45:01 WIB 2026
🔄 Auto-Pull Check: Sun Feb 22 18:45:01 WIB 2026
========================================
========================================
From https://github.com/nathabot/CLAW_PROFIT_HUNTER
 * branch            main       -> FETCH_HEAD
✅ No new changes. System up-to-date.
✅ No new changes. System up-to-date.
========================================
========================================
========================================
========================================
🔄 Auto-Pull Check: Sun Feb 22 19:00:02 WIB 2026
🔄 Auto-Pull Check: Sun Feb 22 19:00:02 WIB 2026
========================================
========================================
From https://github.com/nathabot/CLAW_PROFIT_HUNTER
 * branch            main       -> FETCH_HEAD
✅ No new changes. System up-to-date.
✅ No new changes. System up-to-date.
========================================
========================================
========================================
========================================
🔄 Auto-Pull Check: Sun Feb 22 19:15:01 WIB 2026
🔄 Auto-Pull Check: Sun Feb 22 19:15:01 WIB 2026
========================================
========================================
From https://github.com/nathabot/CLAW_PROFIT_HUNTER
 * branch            main       -> FETCH_HEAD
✅ No new changes. System up-to-date.
✅ No new changes. System up-to-date.
========================================
========================================
========================================
========================================
🔄 Auto-Pull Check: Sun Feb 22 19:30:02 WIB 2026
🔄 Auto-Pull Check: Sun Feb 22 19:30:02 WIB 2026
========================================
========================================
From https://github.com/nathabot/CLAW_PROFIT_HUNTER
 * branch            main       -> FETCH_HEAD
✅ No new changes. System up-to-date.
✅ No new changes. System up-to-date.
========================================
========================================
========================================
========================================
🔄 Auto-Pull Check: Sun Feb 22 19:45:01 WIB 2026
🔄 Auto-Pull Check: Sun Feb 22 19:45:01 WIB 2026
========================================
========================================
From https://github.com/nathabot/CLAW_PROFIT_HUNTER
 * branch            main       -> FETCH_HEAD
✅ No new changes. System up-to-date.
✅ No new changes. System up-to-date.
========================================
========================================
========================================
========================================
🔄 Auto-Pull Check: Sun Feb 22 20:00:01 WIB 2026
🔄 Auto-Pull Check: Sun Feb 22 20:00:01 WIB 2026
========================================
========================================
From https://github.com/nathabot/CLAW_PROFIT_HUNTER
 * branch            main       -> FETCH_HEAD
✅ No new changes. System up-to-date.
✅ No new changes. System up-to-date.
========================================
========================================
========================================
========================================
🔄 Auto-Pull Check: Sun Feb 22 20:15:01 WIB 2026
🔄 Auto-Pull Check: Sun Feb 22 20:15:01 WIB 2026
========================================
========================================
From https://github.com/nathabot/CLAW_PROFIT_HUNTER
 * branch            main       -> FETCH_HEAD
✅ No new changes. System up-to-date.
✅ No new changes. System up-to-date.
========================================
========================================
========================================
========================================
🔄 Auto-Pull Check: Sun Feb 22 20:30:01 WIB 2026
🔄 Auto-Pull Check: Sun Feb 22 20:30:01 WIB 2026
========================================
========================================
From https://github.com/nathabot/CLAW_PROFIT_HUNTER
 * branch            main       -> FETCH_HEAD
✅ No new changes. System up-to-date.
✅ No new changes. System up-to-date.
========================================
========================================
========================================
========================================
🔄 Auto-Pull Check: Sun Feb 22 20:45:01 WIB 2026
🔄 Auto-Pull Check: Sun Feb 22 20:45:01 WIB 2026
========================================
========================================
From https://github.com/nathabot/CLAW_PROFIT_HUNTER
 * branch            main       -> FETCH_HEAD
✅ No new changes. System up-to-date.
✅ No new changes. System up-to-date.
========================================
========================================
========================================
========================================
🔄 Auto-Pull Check: Sun Feb 22 21:00:01 WIB 2026
🔄 Auto-Pull Check: Sun Feb 22 21:00:01 WIB 2026
========================================
========================================
From https://github.com/nathabot/CLAW_PROFIT_HUNTER
 * branch            main       -> FETCH_HEAD
✅ No new changes. System up-to-date.
✅ No new changes. System up-to-date.
========================================
========================================
========================================
========================================
🔄 Auto-Pull Check: Sun Feb 22 21:15:01 WIB 2026
🔄 Auto-Pull Check: Sun Feb 22 21:15:01 WIB 2026
========================================
========================================
From https://github.com/nathabot/CLAW_PROFIT_HUNTER
 * branch            main       -> FETCH_HEAD
✅ No new changes. System up-to-date.
✅ No new changes. System up-to-date.
========================================
========================================
========================================
========================================
🔄 Auto-Pull Check: Sun Feb 22 21:30:01 WIB 2026
🔄 Auto-Pull Check: Sun Feb 22 21:30:01 WIB 2026
========================================
========================================
From https://github.com/nathabot/CLAW_PROFIT_HUNTER
 * branch            main       -> FETCH_HEAD
✅ No new changes. System up-to-date.
✅ No new changes. System up-to-date.
========================================
========================================
========================================
========================================
🔄 Auto-Pull Check: Sun Feb 22 21:45:01 WIB 2026
🔄 Auto-Pull Check: Sun Feb 22 21:45:01 WIB 2026
========================================
========================================
From https://github.com/nathabot/CLAW_PROFIT_HUNTER
 * branch            main       -> FETCH_HEAD
✅ No new changes. System up-to-date.
✅ No new changes. System up-to-date.
========================================
========================================
