fatal: unable to stat 'sl-tracker.lock': No such file or directory
On branch main
Your branch is up to date with 'origin/main'.

Changes not staged for commit:
  (use "git add <file>..." to update what will be committed)
  (use "git restore <file>..." to discard changes in working directory)
	modified:   adaptive-scoring-config.json
	modified:   auto-pull.log
	modified:   bok/16-positive-strategies.md
	modified:   bok/17-negative-strategies.md
	modified:   bok/proven-degen.json
	modified:   bok/proven-established.json
	modified:   bok/proven-tokens.json
	modified:   live-trader.lock
	modified:   logs/paper-v5.log
	modified:   logs/sl-tracker.log
	modified:   paper-trader-v5-state.json
	modified:   reconcile-logs/2026-02-24.json
	modified:   reconcile-logs/cron.log

Untracked files:
  (use "git add <file>..." to include in what will be committed)
	auto-commit.log
	auto-commit.sh

no changes added to commit (use "git add" and/or "git commit -a")
Everything up-to-date
fatal: unable to stat 'sl-tracker.lock': No such file or directory
On branch main
Your branch is up to date with 'origin/main'.

Changes not staged for commit:
  (use "git add <file>..." to update what will be committed)
  (use "git restore <file>..." to discard changes in working directory)
	modified:   adaptive-scoring-config.json
	modified:   auto-pull.log
	modified:   bok/16-positive-strategies.md
	modified:   bok/17-negative-strategies.md
	modified:   bok/proven-degen.json
	modified:   bok/proven-established.json
	modified:   bok/proven-tokens.json
	modified:   live-trader.lock
	modified:   logs/paper-v5.log
	modified:   logs/sl-tracker.log
	modified:   paper-trader-v5-state.json
	modified:   reconcile-logs/2026-02-24.json
	modified:   reconcile-logs/cron.log

Untracked files:
  (use "git add <file>..." to include in what will be committed)
	auto-commit.log
	auto-commit.sh
	paper-trader.lock

no changes added to commit (use "git add" and/or "git commit -a")
Everything up-to-date
