Wallet loaded: EpG25pVadjQ9M9NHJMXZ...
📊 Monitoring awi (DYNAMIC TP/SL v2 - 5s interval)...
  Entry: $0.00045020
  Initial SL: $0.00044120
  Initial TP1: $0.00046821
  Initial TP2: $0.00047721
  Max Hold: 15 min (0.3 hours)
  Trailing: ENABLED (activates at +5%)
11:30:12 PM | awi: $0.00045020 | PnL: 0.00% | Momentum: neutral | SL: $0.000441
11:30:17 PM | awi: $0.00045020 | PnL: 0.00% | Momentum: neutral | SL: $0.000441
11:30:22 PM | awi: $0.00045020 | PnL: 0.00% | Momentum: neutral | SL: $0.000441
11:30:27 PM | awi: $0.00045020 | PnL: 0.00% | Momentum: neutral | SL: $0.000441
11:30:32 PM | awi: $0.00045020 | PnL: 0.00% | Momentum: neutral | SL: $0.000441
11:30:37 PM | awi: $0.00045020 | PnL: 0.00% | Momentum: neutral | SL: $0.000441
11:30:42 PM | awi: $0.00045020 | PnL: 0.00% | Momentum: neutral | SL: $0.000441
11:30:47 PM | awi: $0.00045020 | PnL: 0.00% | Momentum: neutral | SL: $0.000441
11:30:53 PM | awi: $0.00045020 | PnL: 0.00% | Momentum: neutral | SL: $0.000441
11:30:58 PM | awi: $0.00045020 | PnL: 0.00% | Momentum: neutral | SL: $0.000441
11:31:03 PM | awi: $0.00045020 | PnL: 0.00% | Momentum: neutral | SL: $0.000441
11:31:08 PM | awi: $0.00045020 | PnL: 0.00% | Momentum: neutral | SL: $0.000441
11:31:13 PM | awi: $0.00044970 | PnL: -0.11% | Momentum: neutral | SL: $0.000441
11:31:18 PM | awi: $0.00044970 | PnL: -0.11% | Momentum: neutral | SL: $0.000441
11:31:23 PM | awi: $0.00044970 | PnL: -0.11% | Momentum: neutral | SL: $0.000441
11:31:29 PM | awi: $0.00044970 | PnL: -0.11% | Momentum: neutral | SL: $0.000441
11:31:34 PM | awi: $0.00044970 | PnL: -0.11% | Momentum: neutral | SL: $0.000441
11:31:39 PM | awi: $0.00044970 | PnL: -0.11% | Momentum: neutral | SL: $0.000441
11:31:44 PM | awi: $0.00044970 | PnL: -0.11% | Momentum: neutral | SL: $0.000441
11:31:49 PM | awi: $0.00044970 | PnL: -0.11% | Momentum: neutral | SL: $0.000441
11:31:54 PM | awi: $0.00044970 | PnL: -0.11% | Momentum: neutral | SL: $0.000441
11:31:59 PM | awi: $0.00044970 | PnL: -0.11% | Momentum: neutral | SL: $0.000441
11:32:05 PM | awi: $0.00044970 | PnL: -0.11% | Momentum: neutral | SL: $0.000441
11:32:10 PM | awi: $0.00044970 | PnL: -0.11% | Momentum: neutral | SL: $0.000441
11:32:15 PM | awi: $0.00045010 | PnL: -0.02% | Momentum: neutral | SL: $0.000441
11:32:20 PM | awi: $0.00045010 | PnL: -0.02% | Momentum: neutral | SL: $0.000441
11:32:26 PM | awi: $0.00045010 | PnL: -0.02% | Momentum: neutral | SL: $0.000441
11:32:31 PM | awi: $0.00045010 | PnL: -0.02% | Momentum: neutral | SL: $0.000441
11:32:36 PM | awi: $0.00045010 | PnL: -0.02% | Momentum: neutral | SL: $0.000441
11:32:41 PM | awi: $0.00045010 | PnL: -0.02% | Momentum: neutral | SL: $0.000441
11:32:46 PM | awi: $0.00045010 | PnL: -0.02% | Momentum: neutral | SL: $0.000441
11:32:51 PM | awi: $0.00045010 | PnL: -0.02% | Momentum: neutral | SL: $0.000441
11:32:56 PM | awi: $0.00045010 | PnL: -0.02% | Momentum: neutral | SL: $0.000441
11:33:01 PM | awi: $0.00045010 | PnL: -0.02% | Momentum: neutral | SL: $0.000441
11:33:06 PM | awi: $0.00045010 | PnL: -0.02% | Momentum: neutral | SL: $0.000441
11:33:12 PM | awi: $0.00045010 | PnL: -0.02% | Momentum: neutral | SL: $0.000441
11:33:17 PM | awi: $0.00045010 | PnL: -0.02% | Momentum: neutral | SL: $0.000441
11:33:22 PM | awi: $0.00045010 | PnL: -0.02% | Momentum: neutral | SL: $0.000441
11:33:27 PM | awi: $0.00045010 | PnL: -0.02% | Momentum: neutral | SL: $0.000441
11:33:32 PM | awi: $0.00045010 | PnL: -0.02% | Momentum: neutral | SL: $0.000441
11:33:37 PM | awi: $0.00045010 | PnL: -0.02% | Momentum: neutral | SL: $0.000441
11:33:42 PM | awi: $0.00045010 | PnL: -0.02% | Momentum: neutral | SL: $0.000441
11:33:47 PM | awi: $0.00045010 | PnL: -0.02% | Momentum: neutral | SL: $0.000441
11:33:53 PM | awi: $0.00045010 | PnL: -0.02% | Momentum: neutral | SL: $0.000441
11:33:58 PM | awi: $0.00045010 | PnL: -0.02% | Momentum: neutral | SL: $0.000441
11:34:03 PM | awi: $0.00045010 | PnL: -0.02% | Momentum: neutral | SL: $0.000441
11:34:08 PM | awi: $0.00045010 | PnL: -0.02% | Momentum: neutral | SL: $0.000441
11:34:13 PM | awi: $0.00045010 | PnL: -0.02% | Momentum: neutral | SL: $0.000441
11:34:18 PM | awi: $0.00045010 | PnL: -0.02% | Momentum: neutral | SL: $0.000441
11:34:23 PM | awi: $0.00045010 | PnL: -0.02% | Momentum: neutral | SL: $0.000441
11:34:28 PM | awi: $0.00045010 | PnL: -0.02% | Momentum: neutral | SL: $0.000441
11:34:33 PM | awi: $0.00045010 | PnL: -0.02% | Momentum: neutral | SL: $0.000441
11:34:39 PM | awi: $0.00045010 | PnL: -0.02% | Momentum: neutral | SL: $0.000441
11:34:44 PM | awi: $0.00045010 | PnL: -0.02% | Momentum: neutral | SL: $0.000441
11:34:49 PM | awi: $0.00045010 | PnL: -0.02% | Momentum: neutral | SL: $0.000441
11:34:54 PM | awi: $0.00045010 | PnL: -0.02% | Momentum: neutral | SL: $0.000441
11:34:59 PM | awi: $0.00044450 | PnL: -1.27% | Momentum: neutral | SL: $0.000441
11:35:04 PM | awi: $0.00044450 | PnL: -1.27% | Momentum: neutral | SL: $0.000441
11:35:09 PM | awi: $0.00044450 | PnL: -1.27% | Momentum: neutral | SL: $0.000441
11:35:14 PM | awi: $0.00044450 | PnL: -1.27% | Momentum: neutral | SL: $0.000441
11:35:19 PM | awi: $0.00044450 | PnL: -1.27% | Momentum: neutral | SL: $0.000441
11:35:24 PM | awi: $0.00044450 | PnL: -1.27% | Momentum: neutral | SL: $0.000441
11:35:30 PM | awi: $0.00044900 | PnL: -0.27% | Momentum: neutral | SL: $0.000441
11:35:35 PM | awi: $0.00044900 | PnL: -0.27% | Momentum: neutral | SL: $0.000441
11:35:40 PM | awi: $0.00044900 | PnL: -0.27% | Momentum: neutral | SL: $0.000441
11:35:45 PM | awi: $0.00044900 | PnL: -0.27% | Momentum: neutral | SL: $0.000441
11:35:50 PM | awi: $0.00044900 | PnL: -0.27% | Momentum: neutral | SL: $0.000441
11:35:55 PM | awi: $0.00044900 | PnL: -0.27% | Momentum: neutral | SL: $0.000441
11:36:00 PM | awi: $0.00044900 | PnL: -0.27% | Momentum: neutral | SL: $0.000441
11:36:05 PM | awi: $0.00044900 | PnL: -0.27% | Momentum: neutral | SL: $0.000441
11:36:11 PM | awi: $0.00044900 | PnL: -0.27% | Momentum: neutral | SL: $0.000441
11:36:16 PM | awi: $0.00044900 | PnL: -0.27% | Momentum: neutral | SL: $0.000441
11:36:21 PM | awi: $0.00044900 | PnL: -0.27% | Momentum: neutral | SL: $0.000441
11:36:26 PM | awi: $0.00044900 | PnL: -0.27% | Momentum: neutral | SL: $0.000441
11:36:31 PM | awi: $0.00044900 | PnL: -0.27% | Momentum: neutral | SL: $0.000441
11:36:36 PM | awi: $0.00044900 | PnL: -0.27% | Momentum: neutral | SL: $0.000441
11:36:41 PM | awi: $0.00044900 | PnL: -0.27% | Momentum: neutral | SL: $0.000441
11:36:46 PM | awi: $0.00044900 | PnL: -0.27% | Momentum: neutral | SL: $0.000441
11:36:51 PM | awi: $0.00044900 | PnL: -0.27% | Momentum: neutral | SL: $0.000441
11:36:56 PM | awi: $0.00044900 | PnL: -0.27% | Momentum: neutral | SL: $0.000441
11:37:01 PM | awi: $0.00044900 | PnL: -0.27% | Momentum: neutral | SL: $0.000441
11:37:07 PM | awi: $0.00044900 | PnL: -0.27% | Momentum: neutral | SL: $0.000441
11:37:12 PM | awi: $0.00044900 | PnL: -0.27% | Momentum: neutral | SL: $0.000441
11:37:17 PM | awi: $0.00044900 | PnL: -0.27% | Momentum: neutral | SL: $0.000441
11:37:22 PM | awi: $0.00044900 | PnL: -0.27% | Momentum: neutral | SL: $0.000441
11:37:27 PM | awi: $0.00044900 | PnL: -0.27% | Momentum: neutral | SL: $0.000441
11:37:32 PM | awi: $0.00044900 | PnL: -0.27% | Momentum: neutral | SL: $0.000441
11:37:37 PM | awi: $0.00044900 | PnL: -0.27% | Momentum: neutral | SL: $0.000441
11:37:43 PM | awi: $0.00044900 | PnL: -0.27% | Momentum: neutral | SL: $0.000441
11:37:48 PM | awi: $0.00044900 | PnL: -0.27% | Momentum: neutral | SL: $0.000441
11:37:53 PM | awi: $0.00044900 | PnL: -0.27% | Momentum: neutral | SL: $0.000441
11:37:58 PM | awi: $0.00044900 | PnL: -0.27% | Momentum: neutral | SL: $0.000441
11:38:03 PM | awi: $0.00044900 | PnL: -0.27% | Momentum: neutral | SL: $0.000441
11:38:08 PM | awi: $0.00044900 | PnL: -0.27% | Momentum: neutral | SL: $0.000441
11:38:13 PM | awi: $0.00044900 | PnL: -0.27% | Momentum: neutral | SL: $0.000441
11:38:18 PM | awi: $0.00044900 | PnL: -0.27% | Momentum: neutral | SL: $0.000441
11:38:24 PM | awi: $0.00044900 | PnL: -0.27% | Momentum: neutral | SL: $0.000441
11:38:29 PM | awi: $0.00044900 | PnL: -0.27% | Momentum: neutral | SL: $0.000441
11:38:34 PM | awi: $0.00044900 | PnL: -0.27% | Momentum: neutral | SL: $0.000441
11:38:39 PM | awi: $0.00044900 | PnL: -0.27% | Momentum: neutral | SL: $0.000441
11:38:44 PM | awi: $0.00044900 | PnL: -0.27% | Momentum: neutral | SL: $0.000441
11:38:49 PM | awi: $0.00044900 | PnL: -0.27% | Momentum: neutral | SL: $0.000441
11:38:54 PM | awi: $0.00044900 | PnL: -0.27% | Momentum: neutral | SL: $0.000441
11:39:00 PM | awi: $0.00044900 | PnL: -0.27% | Momentum: neutral | SL: $0.000441
11:39:05 PM | awi: $0.00044900 | PnL: -0.27% | Momentum: neutral | SL: $0.000441
11:39:10 PM | awi: $0.00043990 | PnL: -2.29% | Momentum: neutral | SL: $0.000441
🛑 SL HIT (Initial) - Executing sell...
  🔄 Executing sell (95%)...
💾 Position marked as exited: STOP_LOSS
📊 Strategy Tracker: Fib 0.786 Deep | LOSS | Streak: 2

11:38:13 PM | awi: $0.00044900 | PnL: -0.38% | Momentum: neutral | SL: $0.000442
11:38:18 PM | awi: $0.00044900 | PnL: -0.38% | Momentum: neutral | SL: $0.000442
11:38:23 PM | awi: $0.00044900 | PnL: -0.38% | Momentum: neutral | SL: $0.000442
11:38:29 PM | awi: $0.00044900 | PnL: -0.38% | Momentum: neutral | SL: $0.000442
11:38:34 PM | awi: $0.00044900 | PnL: -0.38% | Momentum: neutral | SL: $0.000442
11:38:39 PM | awi: $0.00044900 | PnL: -0.38% | Momentum: neutral | SL: $0.000442
11:38:44 PM | awi: $0.00044900 | PnL: -0.38% | Momentum: neutral | SL: $0.000442
11:38:49 PM | awi: $0.00044900 | PnL: -0.38% | Momentum: neutral | SL: $0.000442
11:38:54 PM | awi: $0.00044900 | PnL: -0.38% | Momentum: neutral | SL: $0.000442
11:38:59 PM | awi: $0.00044900 | PnL: -0.38% | Momentum: neutral | SL: $0.000442
11:39:05 PM | awi: $0.00044900 | PnL: -0.38% | Momentum: neutral | SL: $0.000442
11:39:10 PM | awi: $0.00043990 | PnL: -2.40% | Momentum: neutral | SL: $0.000442
🛑 SL HIT (Initial) - Executing sell...
  🔄 Executing sell (95%)...
💾 Position marked as exited: STOP_LOSS
📊 Strategy Tracker: Fib 0.786 Deep | LOSS | Streak: 1
