Wallet loaded: EpG25pVadjQ9M9NHJMXZ...
📊 Monitoring Owen (DYNAMIC TP/SL)...
  SL: $0.00005760
  TP1: $0.00006113 (50% exit)
  TP2: $0.00006231 (final exit)
  Max Hold: 15 min
9:55:12 PM | Owen: $0.00005878 | PnL: 0.00% | Hold: 14m left
9:55:17 PM | Owen: $0.00005878 | PnL: 0.00% | Hold: 14m left
9:55:22 PM | Owen: $0.00005878 | PnL: 0.00% | Hold: 14m left
9:55:28 PM | Owen: $0.00006030 | PnL: +2.59% | Hold: 14m left
9:55:33 PM | Owen: $0.00006030 | PnL: +2.59% | Hold: 14m left
9:55:38 PM | Owen: $0.00006030 | PnL: +2.59% | Hold: 14m left
9:55:43 PM | Owen: $0.00006030 | PnL: +2.59% | Hold: 14m left
9:55:48 PM | Owen: $0.00006030 | PnL: +2.59% | Hold: 14m left
9:55:53 PM | Owen: $0.00006030 | PnL: +2.59% | Hold: 14m left
9:55:58 PM | Owen: $0.00006030 | PnL: +2.59% | Hold: 14m left
9:56:03 PM | Owen: $0.00006045 | PnL: +2.84% | Hold: 14m left
9:56:08 PM | Owen: $0.00006045 | PnL: +2.84% | Hold: 14m left
9:56:14 PM | Owen: $0.00006045 | PnL: +2.84% | Hold: 13m left
9:56:19 PM | Owen: $0.00006045 | PnL: +2.84% | Hold: 13m left
9:56:24 PM | Owen: $0.00006045 | PnL: +2.84% | Hold: 13m left
9:56:29 PM | Owen: $0.00006045 | PnL: +2.84% | Hold: 13m left
9:56:34 PM | Owen: $0.00006378 | PnL: +8.51% | Hold: 13m left
🎯 TP1 HIT - Exiting 50%...
  🔄 Executing sell (50%)...
🎯 TP2 HIT - FINAL EXIT - Executing sell...
  🔄 Executing sell (95%)...
