Wallet loaded: EpG25pVadjQ9M9NHJMXZ...
📊 Monitoring RAY (DYNAMIC TP/SL)...
  SL: $0.59926721
  TP1: $0.65486932 (50% exit)
  TP2: $0.67777740 (final exit)
  Max Hold: 180 min
6:40:10 AM | RAY: $0.63750000 | PnL: 0.00% | Hold: 179m left
6:40:15 AM | RAY: $0.63750000 | PnL: 0.00% | Hold: 179m left
6:40:20 AM | RAY: $0.63750000 | PnL: 0.00% | Hold: 179m left
6:40:25 AM | RAY: $0.63750000 | PnL: 0.00% | Hold: 179m left
6:40:30 AM | RAY: $0.63750000 | PnL: 0.00% | Hold: 179m left
6:40:35 AM | RAY: $0.63810000 | PnL: +0.09% | Hold: 179m left
6:40:40 AM | RAY: $0.63810000 | PnL: +0.09% | Hold: 179m left
6:40:45 AM | RAY: $0.63810000 | PnL: +0.09% | Hold: 179m left
6:40:50 AM | RAY: $0.63810000 | PnL: +0.09% | Hold: 179m left
6:40:55 AM | RAY: $0.63810000 | PnL: +0.09% | Hold: 179m left
6:41:00 AM | RAY: $0.63810000 | PnL: +0.09% | Hold: 179m left
6:41:06 AM | RAY: $0.63850000 | PnL: +0.16% | Hold: 179m left
6:41:11 AM | RAY: $0.63850000 | PnL: +0.16% | Hold: 178m left
6:41:16 AM | RAY: $0.63850000 | PnL: +0.16% | Hold: 178m left
6:41:21 AM | RAY: $0.63850000 | PnL: +0.16% | Hold: 178m left
6:41:26 AM | RAY: $0.63850000 | PnL: +0.16% | Hold: 178m left
6:41:31 AM | RAY: $0.63850000 | PnL: +0.16% | Hold: 178m left
6:41:36 AM | RAY: $0.63850000 | PnL: +0.16% | Hold: 178m left
6:41:41 AM | RAY: $0.63770000 | PnL: +0.03% | Hold: 178m left
6:41:46 AM | RAY: $0.63770000 | PnL: +0.03% | Hold: 178m left
6:41:51 AM | RAY: $0.63770000 | PnL: +0.03% | Hold: 178m left
6:41:56 AM | RAY: $0.63770000 | PnL: +0.03% | Hold: 178m left
6:42:01 AM | RAY: $0.63770000 | PnL: +0.03% | Hold: 178m left
6:42:06 AM | RAY: $0.63770000 | PnL: +0.03% | Hold: 178m left
6:42:12 AM | RAY: $0.63770000 | PnL: +0.03% | Hold: 177m left
6:42:17 AM | RAY: $0.63770000 | PnL: +0.03% | Hold: 177m left
6:42:22 AM | RAY: $0.63770000 | PnL: +0.03% | Hold: 177m left
6:42:27 AM | RAY: $0.63770000 | PnL: +0.03% | Hold: 177m left
6:42:32 AM | RAY: $0.63770000 | PnL: +0.03% | Hold: 177m left
6:42:37 AM | RAY: $0.63770000 | PnL: +0.03% | Hold: 177m left
6:42:42 AM | RAY: $0.63670000 | PnL: -0.13% | Hold: 177m left
6:42:47 AM | RAY: $0.63670000 | PnL: -0.13% | Hold: 177m left
6:42:52 AM | RAY: $0.63670000 | PnL: -0.13% | Hold: 177m left
6:42:57 AM | RAY: $0.63670000 | PnL: -0.13% | Hold: 177m left
6:43:03 AM | RAY: $0.63670000 | PnL: -0.13% | Hold: 177m left
6:43:08 AM | RAY: $0.63670000 | PnL: -0.13% | Hold: 177m left
6:43:13 AM | RAY: $0.63680000 | PnL: -0.11% | Hold: 176m left
6:43:18 AM | RAY: $0.63680000 | PnL: -0.11% | Hold: 176m left
6:43:23 AM | RAY: $0.63680000 | PnL: -0.11% | Hold: 176m left
6:43:28 AM | RAY: $0.63680000 | PnL: -0.11% | Hold: 176m left
6:43:33 AM | RAY: $0.63680000 | PnL: -0.11% | Hold: 176m left
6:43:38 AM | RAY: $0.63680000 | PnL: -0.11% | Hold: 176m left
6:43:43 AM | RAY: $0.63680000 | PnL: -0.11% | Hold: 176m left
6:43:48 AM | RAY: $0.63710000 | PnL: -0.06% | Hold: 176m left
6:43:54 AM | RAY: $0.63710000 | PnL: -0.06% | Hold: 176m left
6:43:59 AM | RAY: $0.63710000 | PnL: -0.06% | Hold: 176m left
6:44:04 AM | RAY: $0.63710000 | PnL: -0.06% | Hold: 176m left
6:44:09 AM | RAY: $0.63710000 | PnL: -0.06% | Hold: 176m left
6:44:14 AM | RAY: $0.63710000 | PnL: -0.06% | Hold: 175m left
6:44:19 AM | RAY: $0.63720000 | PnL: -0.05% | Hold: 175m left
6:44:24 AM | RAY: $0.63720000 | PnL: -0.05% | Hold: 175m left
6:44:29 AM | RAY: $0.63720000 | PnL: -0.05% | Hold: 175m left
6:44:34 AM | RAY: $0.63720000 | PnL: -0.05% | Hold: 175m left
6:44:39 AM | RAY: $0.63720000 | PnL: -0.05% | Hold: 175m left
6:44:45 AM | RAY: $0.63720000 | PnL: -0.05% | Hold: 175m left
6:44:50 AM | RAY: $0.63720000 | PnL: -0.05% | Hold: 175m left
6:44:55 AM | RAY: $0.63720000 | PnL: -0.05% | Hold: 175m left
6:45:00 AM | RAY: $0.63720000 | PnL: -0.05% | Hold: 175m left
6:45:05 AM | RAY: $0.63720000 | PnL: -0.05% | Hold: 175m left
6:45:10 AM | RAY: $0.63720000 | PnL: -0.05% | Hold: 174m left
6:45:15 AM | RAY: $0.63720000 | PnL: -0.05% | Hold: 174m left
6:45:20 AM | RAY: $0.63720000 | PnL: -0.05% | Hold: 174m left
6:45:26 AM | RAY: $0.63720000 | PnL: -0.05% | Hold: 174m left
6:45:31 AM | RAY: $0.63720000 | PnL: -0.05% | Hold: 174m left
6:45:36 AM | RAY: $0.63720000 | PnL: -0.05% | Hold: 174m left
6:45:41 AM | RAY: $0.63720000 | PnL: -0.05% | Hold: 174m left
6:45:46 AM | RAY: $0.63720000 | PnL: -0.05% | Hold: 174m left
6:45:51 AM | RAY: $0.63720000 | PnL: -0.05% | Hold: 174m left
6:45:56 AM | RAY: $0.63720000 | PnL: -0.05% | Hold: 174m left
6:46:01 AM | RAY: $0.63720000 | PnL: -0.05% | Hold: 174m left
6:46:06 AM | RAY: $0.63720000 | PnL: -0.05% | Hold: 174m left
6:46:11 AM | RAY: $0.63720000 | PnL: -0.05% | Hold: 173m left
6:46:16 AM | RAY: $0.63720000 | PnL: -0.05% | Hold: 173m left
6:46:22 AM | RAY: $0.63720000 | PnL: -0.05% | Hold: 173m left
6:46:27 AM | RAY: $0.63720000 | PnL: -0.05% | Hold: 173m left
6:46:32 AM | RAY: $0.63800000 | PnL: +0.08% | Hold: 173m left
6:46:37 AM | RAY: $0.63800000 | PnL: +0.08% | Hold: 173m left
6:46:42 AM | RAY: $0.63800000 | PnL: +0.08% | Hold: 173m left
6:46:47 AM | RAY: $0.63800000 | PnL: +0.08% | Hold: 173m left
6:46:52 AM | RAY: $0.63800000 | PnL: +0.08% | Hold: 173m left
6:46:57 AM | RAY: $0.63800000 | PnL: +0.08% | Hold: 173m left
6:47:02 AM | RAY: $0.63800000 | PnL: +0.08% | Hold: 173m left
6:47:08 AM | RAY: $0.63910000 | PnL: +0.25% | Hold: 173m left
6:47:13 AM | RAY: $0.63910000 | PnL: +0.25% | Hold: 172m left
6:47:18 AM | RAY: $0.63910000 | PnL: +0.25% | Hold: 172m left
6:47:23 AM | RAY: $0.63910000 | PnL: +0.25% | Hold: 172m left
6:47:28 AM | RAY: $0.63910000 | PnL: +0.25% | Hold: 172m left
6:47:33 AM | RAY: $0.63910000 | PnL: +0.25% | Hold: 172m left
6:47:38 AM | RAY: $0.63910000 | PnL: +0.25% | Hold: 172m left
6:47:44 AM | RAY: $0.63940000 | PnL: +0.30% | Hold: 172m left
6:47:49 AM | RAY: $0.63940000 | PnL: +0.30% | Hold: 172m left
6:47:54 AM | RAY: $0.63940000 | PnL: +0.30% | Hold: 172m left
6:47:59 AM | RAY: $0.63940000 | PnL: +0.30% | Hold: 172m left
6:48:04 AM | RAY: $0.63940000 | PnL: +0.30% | Hold: 172m left
6:48:09 AM | RAY: $0.63940000 | PnL: +0.30% | Hold: 172m left
6:48:14 AM | RAY: $0.63940000 | PnL: +0.30% | Hold: 171m left
6:48:20 AM | RAY: $0.63900000 | PnL: +0.24% | Hold: 171m left
6:48:25 AM | RAY: $0.63900000 | PnL: +0.24% | Hold: 171m left
6:48:30 AM | RAY: $0.63900000 | PnL: +0.24% | Hold: 171m left
6:48:35 AM | RAY: $0.63900000 | PnL: +0.24% | Hold: 171m left
6:48:40 AM | RAY: $0.63900000 | PnL: +0.24% | Hold: 171m left
6:48:45 AM | RAY: $0.63900000 | PnL: +0.24% | Hold: 171m left
6:48:51 AM | RAY: $0.63870000 | PnL: +0.19% | Hold: 171m left
6:48:56 AM | RAY: $0.63870000 | PnL: +0.19% | Hold: 171m left
6:49:01 AM | RAY: $0.63870000 | PnL: +0.19% | Hold: 171m left
6:49:06 AM | RAY: $0.63870000 | PnL: +0.19% | Hold: 171m left
6:49:11 AM | RAY: $0.63870000 | PnL: +0.19% | Hold: 170m left
6:49:16 AM | RAY: $0.63870000 | PnL: +0.19% | Hold: 170m left
6:49:21 AM | RAY: $0.63870000 | PnL: +0.19% | Hold: 170m left
6:49:27 AM | RAY: $0.63850000 | PnL: +0.16% | Hold: 170m left
6:49:32 AM | RAY: $0.63850000 | PnL: +0.16% | Hold: 170m left
6:49:37 AM | RAY: $0.63850000 | PnL: +0.16% | Hold: 170m left
6:49:42 AM | RAY: $0.63850000 | PnL: +0.16% | Hold: 170m left
6:49:47 AM | RAY: $0.63850000 | PnL: +0.16% | Hold: 170m left
6:49:52 AM | RAY: $0.63850000 | PnL: +0.16% | Hold: 170m left
6:49:57 AM | RAY: $0.63850000 | PnL: +0.16% | Hold: 170m left
6:50:03 AM | RAY: $0.63810000 | PnL: +0.09% | Hold: 170m left
6:50:08 AM | RAY: $0.63810000 | PnL: +0.09% | Hold: 170m left
6:50:13 AM | RAY: $0.63810000 | PnL: +0.09% | Hold: 169m left
6:50:18 AM | RAY: $0.63810000 | PnL: +0.09% | Hold: 169m left
6:50:23 AM | RAY: $0.63810000 | PnL: +0.09% | Hold: 169m left
6:50:28 AM | RAY: $0.63810000 | PnL: +0.09% | Hold: 169m left
6:50:33 AM | RAY: $0.63810000 | PnL: +0.09% | Hold: 169m left
6:50:39 AM | RAY: $0.63890000 | PnL: +0.22% | Hold: 169m left
6:50:44 AM | RAY: $0.63890000 | PnL: +0.22% | Hold: 169m left
6:50:49 AM | RAY: $0.63890000 | PnL: +0.22% | Hold: 169m left
6:50:54 AM | RAY: $0.63890000 | PnL: +0.22% | Hold: 169m left
6:50:59 AM | RAY: $0.63890000 | PnL: +0.22% | Hold: 169m left
6:51:04 AM | RAY: $0.63890000 | PnL: +0.22% | Hold: 169m left
6:51:10 AM | RAY: $0.63890000 | PnL: +0.22% | Hold: 168m left
6:51:15 AM | RAY: $0.63890000 | PnL: +0.22% | Hold: 168m left
6:51:20 AM | RAY: $0.63890000 | PnL: +0.22% | Hold: 168m left
6:51:25 AM | RAY: $0.63890000 | PnL: +0.22% | Hold: 168m left
6:51:30 AM | RAY: $0.63890000 | PnL: +0.22% | Hold: 168m left
6:51:35 AM | RAY: $0.63890000 | PnL: +0.22% | Hold: 168m left
6:51:40 AM | RAY: $0.63890000 | PnL: +0.22% | Hold: 168m left
6:51:46 AM | RAY: $0.63850000 | PnL: +0.16% | Hold: 168m left
6:51:51 AM | RAY: $0.63850000 | PnL: +0.16% | Hold: 168m left
6:51:56 AM | RAY: $0.63850000 | PnL: +0.16% | Hold: 168m left
6:52:01 AM | RAY: $0.63850000 | PnL: +0.16% | Hold: 168m left
6:52:06 AM | RAY: $0.63850000 | PnL: +0.16% | Hold: 168m left
6:52:11 AM | RAY: $0.63850000 | PnL: +0.16% | Hold: 167m left
6:52:16 AM | RAY: $0.63850000 | PnL: +0.16% | Hold: 167m left
6:52:21 AM | RAY: $0.63860000 | PnL: +0.17% | Hold: 167m left
6:52:27 AM | RAY: $0.63860000 | PnL: +0.17% | Hold: 167m left
6:52:32 AM | RAY: $0.63860000 | PnL: +0.17% | Hold: 167m left
6:52:37 AM | RAY: $0.63860000 | PnL: +0.17% | Hold: 167m left
6:52:42 AM | RAY: $0.63860000 | PnL: +0.17% | Hold: 167m left
6:52:47 AM | RAY: $0.63860000 | PnL: +0.17% | Hold: 167m left
6:52:52 AM | RAY: $0.63830000 | PnL: +0.13% | Hold: 167m left
6:52:57 AM | RAY: $0.63830000 | PnL: +0.13% | Hold: 167m left
6:53:02 AM | RAY: $0.63830000 | PnL: +0.13% | Hold: 167m left
6:53:08 AM | RAY: $0.63830000 | PnL: +0.13% | Hold: 167m left
6:53:13 AM | RAY: $0.63830000 | PnL: +0.13% | Hold: 166m left
6:53:18 AM | RAY: $0.63830000 | PnL: +0.13% | Hold: 166m left
6:53:24 AM | RAY: $0.63830000 | PnL: +0.13% | Hold: 166m left
6:53:29 AM | RAY: $0.63830000 | PnL: +0.13% | Hold: 166m left
6:53:34 AM | RAY: $0.63830000 | PnL: +0.13% | Hold: 166m left
6:53:39 AM | RAY: $0.63830000 | PnL: +0.13% | Hold: 166m left
6:53:44 AM | RAY: $0.63830000 | PnL: +0.13% | Hold: 166m left
6:53:49 AM | RAY: $0.63830000 | PnL: +0.13% | Hold: 166m left
6:53:54 AM | RAY: $0.63830000 | PnL: +0.13% | Hold: 166m left
6:53:59 AM | RAY: $0.63860000 | PnL: +0.17% | Hold: 166m left
6:54:04 AM | RAY: $0.63860000 | PnL: +0.17% | Hold: 166m left
6:54:09 AM | RAY: $0.63860000 | PnL: +0.17% | Hold: 166m left
6:54:14 AM | RAY: $0.63860000 | PnL: +0.17% | Hold: 165m left
6:54:19 AM | RAY: $0.63860000 | PnL: +0.17% | Hold: 165m left
6:54:25 AM | RAY: $0.63860000 | PnL: +0.17% | Hold: 165m left
6:54:30 AM | RAY: $0.63770000 | PnL: +0.03% | Hold: 165m left
6:54:35 AM | RAY: $0.63770000 | PnL: +0.03% | Hold: 165m left
6:54:40 AM | RAY: $0.63770000 | PnL: +0.03% | Hold: 165m left
6:54:45 AM | RAY: $0.63770000 | PnL: +0.03% | Hold: 165m left
6:54:50 AM | RAY: $0.63770000 | PnL: +0.03% | Hold: 165m left
6:54:55 AM | RAY: $0.63770000 | PnL: +0.03% | Hold: 165m left
6:55:00 AM | RAY: $0.63770000 | PnL: +0.03% | Hold: 165m left
6:55:05 AM | RAY: $0.63770000 | PnL: +0.03% | Hold: 165m left
6:55:10 AM | RAY: $0.63770000 | PnL: +0.03% | Hold: 164m left
6:55:16 AM | RAY: $0.63770000 | PnL: +0.03% | Hold: 164m left
6:55:21 AM | RAY: $0.63770000 | PnL: +0.03% | Hold: 164m left
6:55:26 AM | RAY: $0.63770000 | PnL: +0.03% | Hold: 164m left
6:55:31 AM | RAY: $0.63770000 | PnL: +0.03% | Hold: 164m left
6:55:36 AM | RAY: $0.63820000 | PnL: +0.11% | Hold: 164m left
6:55:41 AM | RAY: $0.63820000 | PnL: +0.11% | Hold: 164m left
6:55:46 AM | RAY: $0.63820000 | PnL: +0.11% | Hold: 164m left
6:55:51 AM | RAY: $0.63820000 | PnL: +0.11% | Hold: 164m left
6:55:56 AM | RAY: $0.63820000 | PnL: +0.11% | Hold: 164m left
6:56:01 AM | RAY: $0.63820000 | PnL: +0.11% | Hold: 164m left
6:56:07 AM | RAY: $0.63810000 | PnL: +0.09% | Hold: 164m left
6:56:12 AM | RAY: $0.63810000 | PnL: +0.09% | Hold: 163m left
6:56:17 AM | RAY: $0.63810000 | PnL: +0.09% | Hold: 163m left
6:56:22 AM | RAY: $0.63810000 | PnL: +0.09% | Hold: 163m left
6:56:27 AM | RAY: $0.63810000 | PnL: +0.09% | Hold: 163m left
6:56:32 AM | RAY: $0.63810000 | PnL: +0.09% | Hold: 163m left
6:56:37 AM | RAY: $0.63810000 | PnL: +0.09% | Hold: 163m left
6:56:43 AM | RAY: $0.63810000 | PnL: +0.09% | Hold: 163m left
6:56:48 AM | RAY: $0.63810000 | PnL: +0.09% | Hold: 163m left
6:56:53 AM | RAY: $0.63810000 | PnL: +0.09% | Hold: 163m left
6:56:59 AM | RAY: $0.63810000 | PnL: +0.09% | Hold: 163m left
6:57:04 AM | RAY: $0.63810000 | PnL: +0.09% | Hold: 163m left
6:57:09 AM | RAY: $0.63810000 | PnL: +0.09% | Hold: 163m left
6:57:14 AM | RAY: $0.63820000 | PnL: +0.11% | Hold: 162m left
6:57:20 AM | RAY: $0.63820000 | PnL: +0.11% | Hold: 162m left
6:57:25 AM | RAY: $0.63820000 | PnL: +0.11% | Hold: 162m left
6:57:30 AM | RAY: $0.63820000 | PnL: +0.11% | Hold: 162m left
6:57:35 AM | RAY: $0.63820000 | PnL: +0.11% | Hold: 162m left
6:57:40 AM | RAY: $0.63820000 | PnL: +0.11% | Hold: 162m left
6:57:46 AM | RAY: $0.63770000 | PnL: +0.03% | Hold: 162m left
6:57:51 AM | RAY: $0.63770000 | PnL: +0.03% | Hold: 162m left
6:57:56 AM | RAY: $0.63770000 | PnL: +0.03% | Hold: 162m left
6:58:01 AM | RAY: $0.63770000 | PnL: +0.03% | Hold: 162m left
6:58:06 AM | RAY: $0.63770000 | PnL: +0.03% | Hold: 162m left
6:58:11 AM | RAY: $0.63770000 | PnL: +0.03% | Hold: 161m left
6:58:16 AM | RAY: $0.63770000 | PnL: +0.03% | Hold: 161m left
6:58:21 AM | RAY: $0.63760000 | PnL: +0.02% | Hold: 161m left
6:58:26 AM | RAY: $0.63760000 | PnL: +0.02% | Hold: 161m left
6:58:31 AM | RAY: $0.63760000 | PnL: +0.02% | Hold: 161m left
6:58:36 AM | RAY: $0.63760000 | PnL: +0.02% | Hold: 161m left
6:58:41 AM | RAY: $0.63760000 | PnL: +0.02% | Hold: 161m left
6:58:47 AM | RAY: $0.63760000 | PnL: +0.02% | Hold: 161m left
6:58:52 AM | RAY: $0.63760000 | PnL: +0.02% | Hold: 161m left
6:58:57 AM | RAY: $0.63760000 | PnL: +0.02% | Hold: 161m left
6:59:02 AM | RAY: $0.63760000 | PnL: +0.02% | Hold: 161m left
6:59:07 AM | RAY: $0.63760000 | PnL: +0.02% | Hold: 161m left
6:59:12 AM | RAY: $0.63760000 | PnL: +0.02% | Hold: 160m left
6:59:17 AM | RAY: $0.63760000 | PnL: +0.02% | Hold: 160m left
6:59:22 AM | RAY: $0.63760000 | PnL: +0.02% | Hold: 160m left
6:59:28 AM | RAY: $0.63770000 | PnL: +0.03% | Hold: 160m left
6:59:33 AM | RAY: $0.63770000 | PnL: +0.03% | Hold: 160m left
6:59:38 AM | RAY: $0.63770000 | PnL: +0.03% | Hold: 160m left
6:59:43 AM | RAY: $0.63770000 | PnL: +0.03% | Hold: 160m left
6:59:48 AM | RAY: $0.63770000 | PnL: +0.03% | Hold: 160m left
6:59:53 AM | RAY: $0.63770000 | PnL: +0.03% | Hold: 160m left
6:59:58 AM | RAY: $0.63770000 | PnL: +0.03% | Hold: 160m left
7:00:04 AM | RAY: $0.63770000 | PnL: +0.03% | Hold: 160m left
7:00:09 AM | RAY: $0.63770000 | PnL: +0.03% | Hold: 160m left
7:00:14 AM | RAY: $0.63770000 | PnL: +0.03% | Hold: 159m left
7:00:19 AM | RAY: $0.63770000 | PnL: +0.03% | Hold: 159m left
7:00:24 AM | RAY: $0.63770000 | PnL: +0.03% | Hold: 159m left
7:00:29 AM | RAY: $0.63770000 | PnL: +0.03% | Hold: 159m left
7:00:34 AM | RAY: $0.63770000 | PnL: +0.03% | Hold: 159m left
7:00:39 AM | RAY: $0.63770000 | PnL: +0.03% | Hold: 159m left
7:00:44 AM | RAY: $0.63770000 | PnL: +0.03% | Hold: 159m left
7:00:49 AM | RAY: $0.63770000 | PnL: +0.03% | Hold: 159m left
7:00:55 AM | RAY: $0.63770000 | PnL: +0.03% | Hold: 159m left
7:01:00 AM | RAY: $0.63770000 | PnL: +0.03% | Hold: 159m left
7:01:05 AM | RAY: $0.63830000 | PnL: +0.13% | Hold: 159m left
7:01:10 AM | RAY: $0.63830000 | PnL: +0.13% | Hold: 158m left
7:01:15 AM | RAY: $0.63830000 | PnL: +0.13% | Hold: 158m left
7:01:20 AM | RAY: $0.63830000 | PnL: +0.13% | Hold: 158m left
7:01:25 AM | RAY: $0.63830000 | PnL: +0.13% | Hold: 158m left
7:01:30 AM | RAY: $0.63830000 | PnL: +0.13% | Hold: 158m left
7:01:35 AM | RAY: $0.63830000 | PnL: +0.13% | Hold: 158m left
7:01:40 AM | RAY: $0.63780000 | PnL: +0.05% | Hold: 158m left
7:01:46 AM | RAY: $0.63780000 | PnL: +0.05% | Hold: 158m left
7:01:51 AM | RAY: $0.63780000 | PnL: +0.05% | Hold: 158m left
7:01:56 AM | RAY: $0.63780000 | PnL: +0.05% | Hold: 158m left
7:02:01 AM | RAY: $0.63780000 | PnL: +0.05% | Hold: 158m left
7:02:06 AM | RAY: $0.63780000 | PnL: +0.05% | Hold: 158m left
7:02:11 AM | RAY: $0.63830000 | PnL: +0.13% | Hold: 157m left
7:02:16 AM | RAY: $0.63830000 | PnL: +0.13% | Hold: 157m left
7:02:21 AM | RAY: $0.63830000 | PnL: +0.13% | Hold: 157m left
7:02:26 AM | RAY: $0.63830000 | PnL: +0.13% | Hold: 157m left
7:02:31 AM | RAY: $0.63830000 | PnL: +0.13% | Hold: 157m left
7:02:36 AM | RAY: $0.63830000 | PnL: +0.13% | Hold: 157m left
7:02:42 AM | RAY: $0.63830000 | PnL: +0.13% | Hold: 157m left
7:02:47 AM | RAY: $0.63830000 | PnL: +0.13% | Hold: 157m left
7:02:52 AM | RAY: $0.63830000 | PnL: +0.13% | Hold: 157m left
7:02:57 AM | RAY: $0.63830000 | PnL: +0.13% | Hold: 157m left
7:03:02 AM | RAY: $0.63830000 | PnL: +0.13% | Hold: 157m left
7:03:07 AM | RAY: $0.63830000 | PnL: +0.13% | Hold: 157m left
7:03:12 AM | RAY: $0.63830000 | PnL: +0.13% | Hold: 156m left
7:03:18 AM | RAY: $0.63870000 | PnL: +0.19% | Hold: 156m left
7:03:23 AM | RAY: $0.63870000 | PnL: +0.19% | Hold: 156m left
7:03:28 AM | RAY: $0.63870000 | PnL: +0.19% | Hold: 156m left
7:03:33 AM | RAY: $0.63870000 | PnL: +0.19% | Hold: 156m left
7:03:38 AM | RAY: $0.63870000 | PnL: +0.19% | Hold: 156m left
7:03:43 AM | RAY: $0.63870000 | PnL: +0.19% | Hold: 156m left
7:03:48 AM | RAY: $0.63870000 | PnL: +0.19% | Hold: 156m left
7:03:54 AM | RAY: $0.63800000 | PnL: +0.08% | Hold: 156m left
7:03:59 AM | RAY: $0.63800000 | PnL: +0.08% | Hold: 156m left
7:04:04 AM | RAY: $0.63800000 | PnL: +0.08% | Hold: 156m left
7:04:09 AM | RAY: $0.63800000 | PnL: +0.08% | Hold: 156m left
7:04:14 AM | RAY: $0.63800000 | PnL: +0.08% | Hold: 155m left
7:04:19 AM | RAY: $0.63800000 | PnL: +0.08% | Hold: 155m left
7:04:24 AM | RAY: $0.63800000 | PnL: +0.08% | Hold: 155m left
7:04:29 AM | RAY: $0.63820000 | PnL: +0.11% | Hold: 155m left
7:04:34 AM | RAY: $0.63820000 | PnL: +0.11% | Hold: 155m left
7:04:40 AM | RAY: $0.63820000 | PnL: +0.11% | Hold: 155m left
7:04:45 AM | RAY: $0.63820000 | PnL: +0.11% | Hold: 155m left
7:04:50 AM | RAY: $0.63820000 | PnL: +0.11% | Hold: 155m left
7:04:55 AM | RAY: $0.63820000 | PnL: +0.11% | Hold: 155m left
7:05:00 AM | RAY: $0.63750000 | PnL: 0.00% | Hold: 155m left
7:05:05 AM | RAY: $0.63750000 | PnL: 0.00% | Hold: 155m left
7:05:10 AM | RAY: $0.63750000 | PnL: 0.00% | Hold: 154m left
7:05:15 AM | RAY: $0.63750000 | PnL: 0.00% | Hold: 154m left
7:05:20 AM | RAY: $0.63750000 | PnL: 0.00% | Hold: 154m left
7:05:25 AM | RAY: $0.63750000 | PnL: 0.00% | Hold: 154m left
7:05:31 AM | RAY: $0.63690000 | PnL: -0.09% | Hold: 154m left
7:05:36 AM | RAY: $0.63690000 | PnL: -0.09% | Hold: 154m left
7:05:41 AM | RAY: $0.63690000 | PnL: -0.09% | Hold: 154m left
7:05:46 AM | RAY: $0.63690000 | PnL: -0.09% | Hold: 154m left
7:05:51 AM | RAY: $0.63690000 | PnL: -0.09% | Hold: 154m left
7:05:56 AM | RAY: $0.63690000 | PnL: -0.09% | Hold: 154m left
7:06:01 AM | RAY: $0.63690000 | PnL: -0.09% | Hold: 154m left
7:06:06 AM | RAY: $0.63730000 | PnL: -0.03% | Hold: 154m left
7:06:11 AM | RAY: $0.63730000 | PnL: -0.03% | Hold: 153m left
7:06:17 AM | RAY: $0.63730000 | PnL: -0.03% | Hold: 153m left
7:06:22 AM | RAY: $0.63730000 | PnL: -0.03% | Hold: 153m left
7:06:27 AM | RAY: $0.63730000 | PnL: -0.03% | Hold: 153m left
7:06:32 AM | RAY: $0.63730000 | PnL: -0.03% | Hold: 153m left
7:06:37 AM | RAY: $0.63740000 | PnL: -0.02% | Hold: 153m left
7:06:42 AM | RAY: $0.63740000 | PnL: -0.02% | Hold: 153m left
7:06:47 AM | RAY: $0.63740000 | PnL: -0.02% | Hold: 153m left
7:06:52 AM | RAY: $0.63740000 | PnL: -0.02% | Hold: 153m left
7:06:57 AM | RAY: $0.63740000 | PnL: -0.02% | Hold: 153m left
7:07:02 AM | RAY: $0.63740000 | PnL: -0.02% | Hold: 153m left
7:07:08 AM | RAY: $0.63740000 | PnL: -0.02% | Hold: 153m left
7:07:13 AM | RAY: $0.63740000 | PnL: -0.02% | Hold: 152m left
7:07:18 AM | RAY: $0.63740000 | PnL: -0.02% | Hold: 152m left
7:07:24 AM | RAY: $0.63740000 | PnL: -0.02% | Hold: 152m left
7:07:29 AM | RAY: $0.63740000 | PnL: -0.02% | Hold: 152m left
7:07:34 AM | RAY: $0.63740000 | PnL: -0.02% | Hold: 152m left
7:07:39 AM | RAY: $0.63740000 | PnL: -0.02% | Hold: 152m left
7:07:44 AM | RAY: $0.63780000 | PnL: +0.05% | Hold: 152m left
7:07:49 AM | RAY: $0.63780000 | PnL: +0.05% | Hold: 152m left
7:07:54 AM | RAY: $0.63780000 | PnL: +0.05% | Hold: 152m left
7:07:59 AM | RAY: $0.63780000 | PnL: +0.05% | Hold: 152m left
7:08:04 AM | RAY: $0.63780000 | PnL: +0.05% | Hold: 152m left
7:08:09 AM | RAY: $0.63780000 | PnL: +0.05% | Hold: 152m left
7:08:14 AM | RAY: $0.63770000 | PnL: +0.03% | Hold: 151m left
7:08:19 AM | RAY: $0.63770000 | PnL: +0.03% | Hold: 151m left
7:08:24 AM | RAY: $0.63770000 | PnL: +0.03% | Hold: 151m left
7:08:30 AM | RAY: $0.63770000 | PnL: +0.03% | Hold: 151m left
7:08:35 AM | RAY: $0.63770000 | PnL: +0.03% | Hold: 151m left
7:08:40 AM | RAY: $0.63770000 | PnL: +0.03% | Hold: 151m left
7:08:45 AM | RAY: $0.63780000 | PnL: +0.05% | Hold: 151m left
7:08:51 AM | RAY: $0.63780000 | PnL: +0.05% | Hold: 151m left
7:08:56 AM | RAY: $0.63780000 | PnL: +0.05% | Hold: 151m left
7:09:01 AM | RAY: $0.63780000 | PnL: +0.05% | Hold: 151m left
7:09:06 AM | RAY: $0.63780000 | PnL: +0.05% | Hold: 151m left
7:09:11 AM | RAY: $0.63780000 | PnL: +0.05% | Hold: 150m left
7:09:16 AM | RAY: $0.63800000 | PnL: +0.08% | Hold: 150m left
7:09:21 AM | RAY: $0.63800000 | PnL: +0.08% | Hold: 150m left
7:09:26 AM | RAY: $0.63800000 | PnL: +0.08% | Hold: 150m left
7:09:31 AM | RAY: $0.63800000 | PnL: +0.08% | Hold: 150m left
7:09:37 AM | RAY: $0.63800000 | PnL: +0.08% | Hold: 150m left
7:09:42 AM | RAY: $0.63800000 | PnL: +0.08% | Hold: 150m left
7:09:47 AM | RAY: $0.63820000 | PnL: +0.11% | Hold: 150m left
7:09:52 AM | RAY: $0.63820000 | PnL: +0.11% | Hold: 150m left
7:09:57 AM | RAY: $0.63820000 | PnL: +0.11% | Hold: 150m left
7:10:02 AM | RAY: $0.63820000 | PnL: +0.11% | Hold: 150m left
7:10:07 AM | RAY: $0.63820000 | PnL: +0.11% | Hold: 150m left
7:10:12 AM | RAY: $0.63820000 | PnL: +0.11% | Hold: 149m left
7:10:17 AM | RAY: $0.63820000 | PnL: +0.11% | Hold: 149m left
7:10:22 AM | RAY: $0.63790000 | PnL: +0.06% | Hold: 149m left
7:10:28 AM | RAY: $0.63790000 | PnL: +0.06% | Hold: 149m left
7:10:33 AM | RAY: $0.63790000 | PnL: +0.06% | Hold: 149m left
7:10:38 AM | RAY: $0.63790000 | PnL: +0.06% | Hold: 149m left
7:10:43 AM | RAY: $0.63790000 | PnL: +0.06% | Hold: 149m left
7:10:48 AM | RAY: $0.63790000 | PnL: +0.06% | Hold: 149m left
7:10:53 AM | RAY: $0.63780000 | PnL: +0.05% | Hold: 149m left
7:10:58 AM | RAY: $0.63780000 | PnL: +0.05% | Hold: 149m left
7:11:03 AM | RAY: $0.63780000 | PnL: +0.05% | Hold: 149m left
7:11:08 AM | RAY: $0.63780000 | PnL: +0.05% | Hold: 149m left
7:11:14 AM | RAY: $0.63780000 | PnL: +0.05% | Hold: 148m left
7:11:19 AM | RAY: $0.63780000 | PnL: +0.05% | Hold: 148m left
7:11:24 AM | RAY: $0.63790000 | PnL: +0.06% | Hold: 148m left
7:11:29 AM | RAY: $0.63790000 | PnL: +0.06% | Hold: 148m left
7:11:34 AM | RAY: $0.63790000 | PnL: +0.06% | Hold: 148m left
7:11:39 AM | RAY: $0.63790000 | PnL: +0.06% | Hold: 148m left
7:11:44 AM | RAY: $0.63790000 | PnL: +0.06% | Hold: 148m left
7:11:49 AM | RAY: $0.63790000 | PnL: +0.06% | Hold: 148m left
7:11:54 AM | RAY: $0.63790000 | PnL: +0.06% | Hold: 148m left
7:12:00 AM | RAY: $0.63880000 | PnL: +0.20% | Hold: 148m left
7:12:05 AM | RAY: $0.63880000 | PnL: +0.20% | Hold: 148m left
7:12:10 AM | RAY: $0.63880000 | PnL: +0.20% | Hold: 147m left
7:12:15 AM | RAY: $0.63880000 | PnL: +0.20% | Hold: 147m left
7:12:20 AM | RAY: $0.63880000 | PnL: +0.20% | Hold: 147m left
7:12:25 AM | RAY: $0.63880000 | PnL: +0.20% | Hold: 147m left
7:12:30 AM | RAY: $0.63880000 | PnL: +0.20% | Hold: 147m left
7:12:35 AM | RAY: $0.63890000 | PnL: +0.22% | Hold: 147m left
7:12:40 AM | RAY: $0.63890000 | PnL: +0.22% | Hold: 147m left
7:12:45 AM | RAY: $0.63890000 | PnL: +0.22% | Hold: 147m left
7:12:50 AM | RAY: $0.63890000 | PnL: +0.22% | Hold: 147m left
7:12:56 AM | RAY: $0.63890000 | PnL: +0.22% | Hold: 147m left
7:13:01 AM | RAY: $0.63890000 | PnL: +0.22% | Hold: 147m left
7:13:06 AM | RAY: $0.63890000 | PnL: +0.22% | Hold: 147m left
7:13:11 AM | RAY: $0.63890000 | PnL: +0.22% | Hold: 146m left
7:13:16 AM | RAY: $0.63890000 | PnL: +0.22% | Hold: 146m left
7:13:21 AM | RAY: $0.63890000 | PnL: +0.22% | Hold: 146m left
7:13:26 AM | RAY: $0.63890000 | PnL: +0.22% | Hold: 146m left
7:13:31 AM | RAY: $0.63890000 | PnL: +0.22% | Hold: 146m left
7:13:36 AM | RAY: $0.63940000 | PnL: +0.30% | Hold: 146m left
7:13:41 AM | RAY: $0.63940000 | PnL: +0.30% | Hold: 146m left
7:13:47 AM | RAY: $0.63940000 | PnL: +0.30% | Hold: 146m left
7:13:52 AM | RAY: $0.63940000 | PnL: +0.30% | Hold: 146m left
7:13:57 AM | RAY: $0.63940000 | PnL: +0.30% | Hold: 146m left
7:14:02 AM | RAY: $0.63940000 | PnL: +0.30% | Hold: 146m left
7:14:07 AM | RAY: $0.64030000 | PnL: +0.44% | Hold: 146m left
7:14:12 AM | RAY: $0.64030000 | PnL: +0.44% | Hold: 145m left
7:14:17 AM | RAY: $0.64030000 | PnL: +0.44% | Hold: 145m left
7:14:22 AM | RAY: $0.64030000 | PnL: +0.44% | Hold: 145m left
7:14:27 AM | RAY: $0.64030000 | PnL: +0.44% | Hold: 145m left
7:14:32 AM | RAY: $0.64030000 | PnL: +0.44% | Hold: 145m left
7:14:38 AM | RAY: $0.63940000 | PnL: +0.30% | Hold: 145m left
7:14:43 AM | RAY: $0.63940000 | PnL: +0.30% | Hold: 145m left
7:14:48 AM | RAY: $0.63940000 | PnL: +0.30% | Hold: 145m left
7:14:53 AM | RAY: $0.63940000 | PnL: +0.30% | Hold: 145m left
7:14:59 AM | RAY: $0.63940000 | PnL: +0.30% | Hold: 145m left
7:15:04 AM | RAY: $0.63940000 | PnL: +0.30% | Hold: 145m left
7:15:09 AM | RAY: $0.64190000 | PnL: +0.69% | Hold: 145m left
7:15:14 AM | RAY: $0.64190000 | PnL: +0.69% | Hold: 144m left
7:15:19 AM | RAY: $0.64190000 | PnL: +0.69% | Hold: 144m left
7:15:24 AM | RAY: $0.64190000 | PnL: +0.69% | Hold: 144m left
7:15:29 AM | RAY: $0.64190000 | PnL: +0.69% | Hold: 144m left
7:15:34 AM | RAY: $0.64190000 | PnL: +0.69% | Hold: 144m left
7:15:39 AM | RAY: $0.64190000 | PnL: +0.69% | Hold: 144m left
7:15:45 AM | RAY: $0.64200000 | PnL: +0.71% | Hold: 144m left
7:15:50 AM | RAY: $0.64200000 | PnL: +0.71% | Hold: 144m left
7:15:55 AM | RAY: $0.64200000 | PnL: +0.71% | Hold: 144m left
7:16:00 AM | RAY: $0.64200000 | PnL: +0.71% | Hold: 144m left
7:16:05 AM | RAY: $0.64200000 | PnL: +0.71% | Hold: 144m left
7:16:10 AM | RAY: $0.64200000 | PnL: +0.71% | Hold: 143m left
7:16:15 AM | RAY: $0.64200000 | PnL: +0.71% | Hold: 143m left
7:16:20 AM | RAY: $0.64210000 | PnL: +0.72% | Hold: 143m left
7:16:25 AM | RAY: $0.64210000 | PnL: +0.72% | Hold: 143m left
7:16:30 AM | RAY: $0.64210000 | PnL: +0.72% | Hold: 143m left
7:16:36 AM | RAY: $0.64210000 | PnL: +0.72% | Hold: 143m left
7:16:41 AM | RAY: $0.64210000 | PnL: +0.72% | Hold: 143m left
7:16:46 AM | RAY: $0.64210000 | PnL: +0.72% | Hold: 143m left
7:16:51 AM | RAY: $0.64210000 | PnL: +0.72% | Hold: 143m left
7:16:56 AM | RAY: $0.64210000 | PnL: +0.72% | Hold: 143m left
7:17:01 AM | RAY: $0.64210000 | PnL: +0.72% | Hold: 143m left
7:17:06 AM | RAY: $0.64210000 | PnL: +0.72% | Hold: 143m left
7:17:11 AM | RAY: $0.64210000 | PnL: +0.72% | Hold: 142m left
7:17:16 AM | RAY: $0.64210000 | PnL: +0.72% | Hold: 142m left
7:17:21 AM | RAY: $0.64210000 | PnL: +0.72% | Hold: 142m left
7:17:27 AM | RAY: $0.64240000 | PnL: +0.77% | Hold: 142m left
7:17:32 AM | RAY: $0.64240000 | PnL: +0.77% | Hold: 142m left
7:17:37 AM | RAY: $0.64240000 | PnL: +0.77% | Hold: 142m left
7:17:42 AM | RAY: $0.64240000 | PnL: +0.77% | Hold: 142m left
7:17:47 AM | RAY: $0.64240000 | PnL: +0.77% | Hold: 142m left
7:17:52 AM | RAY: $0.64240000 | PnL: +0.77% | Hold: 142m left
7:17:57 AM | RAY: $0.64240000 | PnL: +0.77% | Hold: 142m left
7:18:02 AM | RAY: $0.64240000 | PnL: +0.77% | Hold: 142m left
7:18:07 AM | RAY: $0.64240000 | PnL: +0.77% | Hold: 142m left
7:18:12 AM | RAY: $0.64240000 | PnL: +0.77% | Hold: 141m left
7:18:18 AM | RAY: $0.64240000 | PnL: +0.77% | Hold: 141m left
7:18:23 AM | RAY: $0.64240000 | PnL: +0.77% | Hold: 141m left
7:18:28 AM | RAY: $0.64510000 | PnL: +1.19% | Hold: 141m left
7:18:33 AM | RAY: $0.64510000 | PnL: +1.19% | Hold: 141m left
7:18:38 AM | RAY: $0.64510000 | PnL: +1.19% | Hold: 141m left
7:18:43 AM | RAY: $0.64510000 | PnL: +1.19% | Hold: 141m left
7:18:48 AM | RAY: $0.64510000 | PnL: +1.19% | Hold: 141m left
7:18:53 AM | RAY: $0.64510000 | PnL: +1.19% | Hold: 141m left
7:18:58 AM | RAY: $0.64510000 | PnL: +1.19% | Hold: 141m left
7:19:03 AM | RAY: $0.64510000 | PnL: +1.19% | Hold: 141m left
7:19:09 AM | RAY: $0.64510000 | PnL: +1.19% | Hold: 141m left
7:19:14 AM | RAY: $0.64510000 | PnL: +1.19% | Hold: 140m left
7:19:19 AM | RAY: $0.64510000 | PnL: +1.19% | Hold: 140m left
7:19:24 AM | RAY: $0.64510000 | PnL: +1.19% | Hold: 140m left
7:19:29 AM | RAY: $0.64510000 | PnL: +1.19% | Hold: 140m left
7:19:34 AM | RAY: $0.64640000 | PnL: +1.40% | Hold: 140m left
7:19:39 AM | RAY: $0.64640000 | PnL: +1.40% | Hold: 140m left
7:19:44 AM | RAY: $0.64640000 | PnL: +1.40% | Hold: 140m left
7:19:49 AM | RAY: $0.64640000 | PnL: +1.40% | Hold: 140m left
7:19:54 AM | RAY: $0.64640000 | PnL: +1.40% | Hold: 140m left
7:19:59 AM | RAY: $0.64640000 | PnL: +1.40% | Hold: 140m left
7:20:05 AM | RAY: $0.64470000 | PnL: +1.13% | Hold: 140m left
7:20:10 AM | RAY: $0.64470000 | PnL: +1.13% | Hold: 139m left
7:20:15 AM | RAY: $0.64470000 | PnL: +1.13% | Hold: 139m left
7:20:20 AM | RAY: $0.64470000 | PnL: +1.13% | Hold: 139m left
7:20:25 AM | RAY: $0.64470000 | PnL: +1.13% | Hold: 139m left
7:20:30 AM | RAY: $0.64470000 | PnL: +1.13% | Hold: 139m left
7:20:35 AM | RAY: $0.64470000 | PnL: +1.13% | Hold: 139m left
7:20:40 AM | RAY: $0.64450000 | PnL: +1.10% | Hold: 139m left
7:20:45 AM | RAY: $0.64450000 | PnL: +1.10% | Hold: 139m left
7:20:50 AM | RAY: $0.64450000 | PnL: +1.10% | Hold: 139m left
7:20:55 AM | RAY: $0.64450000 | PnL: +1.10% | Hold: 139m left
7:21:00 AM | RAY: $0.64450000 | PnL: +1.10% | Hold: 139m left
7:21:06 AM | RAY: $0.64450000 | PnL: +1.10% | Hold: 139m left
7:21:11 AM | RAY: $0.64370000 | PnL: +0.97% | Hold: 138m left
7:21:16 AM | RAY: $0.64370000 | PnL: +0.97% | Hold: 138m left
7:21:21 AM | RAY: $0.64370000 | PnL: +0.97% | Hold: 138m left
7:21:26 AM | RAY: $0.64370000 | PnL: +0.97% | Hold: 138m left
7:21:31 AM | RAY: $0.64370000 | PnL: +0.97% | Hold: 138m left
7:21:36 AM | RAY: $0.64370000 | PnL: +0.97% | Hold: 138m left
7:21:41 AM | RAY: $0.64370000 | PnL: +0.97% | Hold: 138m left
7:21:46 AM | RAY: $0.64690000 | PnL: +1.47% | Hold: 138m left
7:21:51 AM | RAY: $0.64690000 | PnL: +1.47% | Hold: 138m left
7:21:56 AM | RAY: $0.64690000 | PnL: +1.47% | Hold: 138m left
7:22:01 AM | RAY: $0.64690000 | PnL: +1.47% | Hold: 138m left
7:22:06 AM | RAY: $0.64690000 | PnL: +1.47% | Hold: 138m left
7:22:12 AM | RAY: $0.64690000 | PnL: +1.47% | Hold: 137m left
7:22:17 AM | RAY: $0.64650000 | PnL: +1.41% | Hold: 137m left
7:22:22 AM | RAY: $0.64650000 | PnL: +1.41% | Hold: 137m left
7:22:27 AM | RAY: $0.64650000 | PnL: +1.41% | Hold: 137m left
7:22:32 AM | RAY: $0.64650000 | PnL: +1.41% | Hold: 137m left
7:22:37 AM | RAY: $0.64650000 | PnL: +1.41% | Hold: 137m left
7:22:42 AM | RAY: $0.64650000 | PnL: +1.41% | Hold: 137m left
7:22:47 AM | RAY: $0.64650000 | PnL: +1.41% | Hold: 137m left
7:22:52 AM | RAY: $0.64720000 | PnL: +1.52% | Hold: 137m left
7:22:58 AM | RAY: $0.64720000 | PnL: +1.52% | Hold: 137m left
7:23:03 AM | RAY: $0.64720000 | PnL: +1.52% | Hold: 137m left
7:23:08 AM | RAY: $0.64720000 | PnL: +1.52% | Hold: 137m left
7:23:13 AM | RAY: $0.64720000 | PnL: +1.52% | Hold: 136m left
7:23:18 AM | RAY: $0.64720000 | PnL: +1.52% | Hold: 136m left
7:23:23 AM | RAY: $0.64620000 | PnL: +1.36% | Hold: 136m left
7:23:28 AM | RAY: $0.64620000 | PnL: +1.36% | Hold: 136m left
7:23:33 AM | RAY: $0.64620000 | PnL: +1.36% | Hold: 136m left
7:23:38 AM | RAY: $0.64620000 | PnL: +1.36% | Hold: 136m left
7:23:43 AM | RAY: $0.64620000 | PnL: +1.36% | Hold: 136m left
7:23:48 AM | RAY: $0.64620000 | PnL: +1.36% | Hold: 136m left
7:23:53 AM | RAY: $0.64570000 | PnL: +1.29% | Hold: 136m left
7:23:58 AM | RAY: $0.64570000 | PnL: +1.29% | Hold: 136m left
7:24:04 AM | RAY: $0.64570000 | PnL: +1.29% | Hold: 136m left
7:24:09 AM | RAY: $0.64570000 | PnL: +1.29% | Hold: 136m left
7:24:14 AM | RAY: $0.64570000 | PnL: +1.29% | Hold: 135m left
7:24:19 AM | RAY: $0.64570000 | PnL: +1.29% | Hold: 135m left
7:24:24 AM | RAY: $0.64670000 | PnL: +1.44% | Hold: 135m left
7:24:29 AM | RAY: $0.64670000 | PnL: +1.44% | Hold: 135m left
7:24:34 AM | RAY: $0.64670000 | PnL: +1.44% | Hold: 135m left
7:24:39 AM | RAY: $0.64670000 | PnL: +1.44% | Hold: 135m left
7:24:44 AM | RAY: $0.64670000 | PnL: +1.44% | Hold: 135m left
7:24:49 AM | RAY: $0.64670000 | PnL: +1.44% | Hold: 135m left
7:24:55 AM | RAY: $0.64730000 | PnL: +1.54% | Hold: 135m left
7:25:00 AM | RAY: $0.64730000 | PnL: +1.54% | Hold: 135m left
7:25:05 AM | RAY: $0.64730000 | PnL: +1.54% | Hold: 135m left
7:25:10 AM | RAY: $0.64730000 | PnL: +1.54% | Hold: 134m left
7:25:16 AM | RAY: $0.64730000 | PnL: +1.54% | Hold: 134m left
