🔄 Starting reconciliation...
✅ Reconciliation complete: 3 OK, 0 alerts, 0 forced

📊 Result: {
  "checked": 3,
  "ok": 3,
  "alerts": 0,
  "forced": 0
}
🔄 Starting reconciliation...
✅ Reconciliation complete: 3 OK, 0 alerts, 0 forced

📊 Result: {
  "checked": 3,
  "ok": 3,
  "alerts": 0,
  "forced": 0
}
🔄 Starting reconciliation...
✅ No active positions to reconcile

📊 Result: {
  "checked": 0,
  "ok": 0,
  "alerts": 0,
  "forced": 0
}
🔄 Starting reconciliation...
✅ No active positions to reconcile

📊 Result: {
  "checked": 0,
  "ok": 0,
  "alerts": 0,
  "forced": 0
}
🔄 Starting reconciliation...
✅ No active positions to reconcile

📊 Result: {
  "checked": 0,
  "ok": 0,
  "alerts": 0,
  "forced": 0
}
🔄 Starting reconciliation...
✅ No active positions to reconcile

📊 Result: {
  "checked": 0,
  "ok": 0,
  "alerts": 0,
  "forced": 0
}
🔄 Starting reconciliation...
✅ No active positions to reconcile

📊 Result: {
  "checked": 0,
  "ok": 0,
  "alerts": 0,
  "forced": 0
}
🔄 Starting reconciliation...
✅ No active positions to reconcile

📊 Result: {
  "checked": 0,
  "ok": 0,
  "alerts": 0,
  "forced": 0
}
🔄 Starting reconciliation...
✅ No active positions to reconcile

📊 Result: {
  "checked": 0,
  "ok": 0,
  "alerts": 0,
  "forced": 0
}
🔄 Starting reconciliation...
✅ No active positions to reconcile

📊 Result: {
  "checked": 0,
  "ok": 0,
  "alerts": 0,
  "forced": 0
}
🔄 Starting reconciliation...
✅ No active positions to reconcile

📊 Result: {
  "checked": 0,
  "ok": 0,
  "alerts": 0,
  "forced": 0
}
🔄 Starting reconciliation...
✅ No active positions to reconcile

📊 Result: {
  "checked": 0,
  "ok": 0,
  "alerts": 0,
  "forced": 0
}
