Monitoring AI + torch...
2:11:09 PM | AI: $0.00014340 | PnL: -0.4%
2:11:09 PM | torch: $0.00027240 | PnL: -44.7%
🛑 torch STOP LOSS!
2:11:19 PM | AI: $0.00014340 | PnL: -0.4%
2:11:20 PM | torch: $0.00027100 | PnL: -45.0%
🛑 torch STOP LOSS!
2:11:30 PM | AI: $0.00014340 | PnL: -0.4%
2:11:30 PM | torch: $0.00027100 | PnL: -45.0%
🛑 torch STOP LOSS!
2:11:40 PM | AI: $0.00014340 | PnL: -0.4%
2:11:40 PM | torch: $0.00027100 | PnL: -45.0%
🛑 torch STOP LOSS!
2:11:50 PM | AI: $0.00014340 | PnL: -0.4%
2:11:50 PM | torch: $0.00027100 | PnL: -45.0%
🛑 torch STOP LOSS!
2:12:01 PM | AI: $0.00014340 | PnL: -0.4%
2:12:01 PM | torch: $0.00028900 | PnL: -41.4%
🛑 torch STOP LOSS!
2:12:11 PM | AI: $0.00014340 | PnL: -0.4%
2:12:11 PM | torch: $0.00028900 | PnL: -41.4%
🛑 torch STOP LOSS!
2:12:21 PM | AI: $0.00014340 | PnL: -0.4%
2:12:21 PM | torch: $0.00028900 | PnL: -41.4%
🛑 torch STOP LOSS!
2:12:31 PM | AI: $0.00014340 | PnL: -0.4%
2:12:31 PM | torch: $0.00026630 | PnL: -46.0%
🛑 torch STOP LOSS!
2:12:42 PM | AI: $0.00014340 | PnL: -0.4%
2:12:42 PM | torch: $0.00026630 | PnL: -46.0%
🛑 torch STOP LOSS!
2:12:52 PM | torch: $0.00026520 | PnL: -46.2%
🛑 torch STOP LOSS!
2:13:03 PM | AI: $0.00014340 | PnL: -0.4%
2:13:03 PM | torch: $0.00026520 | PnL: -46.2%
🛑 torch STOP LOSS!
2:13:13 PM | AI: $0.00014340 | PnL: -0.4%
2:13:13 PM | torch: $0.00026520 | PnL: -46.2%
🛑 torch STOP LOSS!
2:13:23 PM | AI: $0.00014340 | PnL: -0.4%
2:13:23 PM | torch: $0.00025870 | PnL: -47.5%
🛑 torch STOP LOSS!
2:13:33 PM | AI: $0.00014340 | PnL: -0.4%
2:13:33 PM | torch: $0.00026520 | PnL: -46.2%
🛑 torch STOP LOSS!
2:13:43 PM | AI: $0.00014340 | PnL: -0.4%
2:13:43 PM | torch: $0.00025870 | PnL: -47.5%
🛑 torch STOP LOSS!
2:13:53 PM | AI: $0.00014340 | PnL: -0.4%
2:13:54 PM | torch: $0.00025870 | PnL: -47.5%
🛑 torch STOP LOSS!
2:14:04 PM | AI: $0.00014340 | PnL: -0.4%
2:14:04 PM | torch: $0.00025870 | PnL: -47.5%
🛑 torch STOP LOSS!
2:14:14 PM | AI: $0.00014340 | PnL: -0.4%
2:14:14 PM | torch: $0.00027690 | PnL: -43.8%
🛑 torch STOP LOSS!
2:14:24 PM | AI: $0.00014340 | PnL: -0.4%
2:14:24 PM | torch: $0.00027690 | PnL: -43.8%
🛑 torch STOP LOSS!
2:14:35 PM | AI: $0.00014340 | PnL: -0.4%
2:14:35 PM | torch: $0.00027790 | PnL: -43.6%
🛑 torch STOP LOSS!
2:14:45 PM | AI: $0.00014340 | PnL: -0.4%
2:14:45 PM | torch: $0.00027790 | PnL: -43.6%
🛑 torch STOP LOSS!
2:14:55 PM | AI: $0.00014340 | PnL: -0.4%
2:14:55 PM | torch: $0.00027790 | PnL: -43.6%
🛑 torch STOP LOSS!
2:15:05 PM | AI: $0.00014340 | PnL: -0.4%
2:15:05 PM | torch: $0.00029880 | PnL: -39.4%
🛑 torch STOP LOSS!
2:15:16 PM | AI: $0.00014340 | PnL: -0.4%
2:15:16 PM | torch: $0.00029880 | PnL: -39.4%
🛑 torch STOP LOSS!
2:15:26 PM | AI: $0.00014340 | PnL: -0.4%
2:15:26 PM | torch: $0.00029880 | PnL: -39.4%
🛑 torch STOP LOSS!
2:15:37 PM | AI: $0.00014340 | PnL: -0.4%
2:15:37 PM | torch: $0.00028540 | PnL: -42.1%
🛑 torch STOP LOSS!
2:15:47 PM | AI: $0.00014340 | PnL: -0.4%
2:15:47 PM | torch: $0.00028540 | PnL: -42.1%
🛑 torch STOP LOSS!
2:15:57 PM | AI: $0.00014340 | PnL: -0.4%
2:15:57 PM | torch: $0.00028540 | PnL: -42.1%
🛑 torch STOP LOSS!
2:16:07 PM | AI: $0.00014340 | PnL: -0.4%
2:16:07 PM | torch: $0.00029100 | PnL: -41.0%
🛑 torch STOP LOSS!
2:16:18 PM | AI: $0.00014340 | PnL: -0.4%
2:16:18 PM | torch: $0.00029100 | PnL: -41.0%
🛑 torch STOP LOSS!
2:16:28 PM | AI: $0.00014340 | PnL: -0.4%
2:16:28 PM | torch: $0.00029100 | PnL: -41.0%
🛑 torch STOP LOSS!
2:16:38 PM | AI: $0.00014340 | PnL: -0.4%
2:16:38 PM | torch: $0.00029100 | PnL: -41.0%
🛑 torch STOP LOSS!
2:16:48 PM | AI: $0.00014340 | PnL: -0.4%
2:16:48 PM | torch: $0.00028540 | PnL: -42.1%
🛑 torch STOP LOSS!
2:16:58 PM | AI: $0.00014340 | PnL: -0.4%
2:16:58 PM | torch: $0.00028540 | PnL: -42.1%
🛑 torch STOP LOSS!
2:17:09 PM | AI: $0.00014340 | PnL: -0.4%
2:17:09 PM | torch: $0.00028540 | PnL: -42.1%
🛑 torch STOP LOSS!
2:17:19 PM | AI: $0.00014340 | PnL: -0.4%
2:17:19 PM | torch: $0.00028590 | PnL: -42.0%
🛑 torch STOP LOSS!
2:17:29 PM | AI: $0.00014340 | PnL: -0.4%
2:17:29 PM | torch: $0.00028590 | PnL: -42.0%
🛑 torch STOP LOSS!
2:17:40 PM | AI: $0.00014340 | PnL: -0.4%
2:17:40 PM | torch: $0.00028590 | PnL: -42.0%
🛑 torch STOP LOSS!
2:17:50 PM | AI: $0.00014340 | PnL: -0.4%
2:17:50 PM | torch: $0.00031010 | PnL: -37.1%
🛑 torch STOP LOSS!
2:18:00 PM | AI: $0.00014340 | PnL: -0.4%
2:18:00 PM | torch: $0.00031010 | PnL: -37.1%
🛑 torch STOP LOSS!
2:18:10 PM | AI: $0.00014340 | PnL: -0.4%
2:18:10 PM | torch: $0.00031010 | PnL: -37.1%
🛑 torch STOP LOSS!
2:18:20 PM | AI: $0.00014340 | PnL: -0.4%
2:18:20 PM | torch: $0.00031500 | PnL: -36.1%
🛑 torch STOP LOSS!
2:18:30 PM | AI: $0.00014340 | PnL: -0.4%
2:18:31 PM | torch: $0.00031500 | PnL: -36.1%
🛑 torch STOP LOSS!
2:18:41 PM | AI: $0.00014340 | PnL: -0.4%
2:18:41 PM | torch: $0.00031500 | PnL: -36.1%
🛑 torch STOP LOSS!
TypeError: fetch failed
    at node:internal/deps/undici/undici:14902:13
    at process.processTicksAndRejections (node:internal/process/task_queues:105:5)
    at async ClientBrowser.callServer (/root/trading-bot/node_modules/@solana/web3.js/lib/index.cjs.js:5061:17) {
  [cause]: Error: read ECONNRESET
      at TLSWrap.onStreamRead (node:internal/stream_base_commons:216:20) {
    errno: -104,
    code: 'ECONNRESET',
    syscall: 'read'
  }
}
2:18:51 PM | AI: $0.00014340 | PnL: -0.4%
2:18:51 PM | torch: $0.00031500 | PnL: -36.1%
🛑 torch STOP LOSS!
2:19:02 PM | AI: $0.00014340 | PnL: -0.4%
2:19:02 PM | torch: $0.00031190 | PnL: -36.7%
🛑 torch STOP LOSS!
2:19:12 PM | AI: $0.00014340 | PnL: -0.4%
2:19:12 PM | torch: $0.00031190 | PnL: -36.7%
🛑 torch STOP LOSS!
2:19:22 PM | AI: $0.00014340 | PnL: -0.4%
2:19:22 PM | torch: $0.00031190 | PnL: -36.7%
🛑 torch STOP LOSS!
2:19:32 PM | AI: $0.00014340 | PnL: -0.4%
2:19:32 PM | torch: $0.00030910 | PnL: -37.3%
🛑 torch STOP LOSS!
2:19:43 PM | AI: $0.00014340 | PnL: -0.4%
2:19:43 PM | torch: $0.00030910 | PnL: -37.3%
🛑 torch STOP LOSS!
2:19:53 PM | AI: $0.00014340 | PnL: -0.4%
2:19:53 PM | torch: $0.00030910 | PnL: -37.3%
🛑 torch STOP LOSS!
2:20:03 PM | AI: $0.00014340 | PnL: -0.4%
2:20:03 PM | torch: $0.00030910 | PnL: -37.3%
🛑 torch STOP LOSS!
2:20:13 PM | AI: $0.00014340 | PnL: -0.4%
2:20:13 PM | torch: $0.00030910 | PnL: -37.3%
🛑 torch STOP LOSS!
2:20:24 PM | AI: $0.00014340 | PnL: -0.4%
2:20:24 PM | torch: $0.00031330 | PnL: -36.5%
🛑 torch STOP LOSS!
2:20:34 PM | AI: $0.00014340 | PnL: -0.4%
2:20:34 PM | torch: $0.00031330 | PnL: -36.5%
🛑 torch STOP LOSS!
2:20:44 PM | AI: $0.00014340 | PnL: -0.4%
2:20:44 PM | torch: $0.00031330 | PnL: -36.5%
🛑 torch STOP LOSS!
2:20:54 PM | AI: $0.00014340 | PnL: -0.4%
2:20:54 PM | torch: $0.00031330 | PnL: -36.5%
🛑 torch STOP LOSS!
2:21:05 PM | AI: $0.00014340 | PnL: -0.4%
2:21:05 PM | torch: $0.00031620 | PnL: -35.9%
🛑 torch STOP LOSS!
2:21:15 PM | AI: $0.00014340 | PnL: -0.4%
2:21:15 PM | torch: $0.00031620 | PnL: -35.9%
🛑 torch STOP LOSS!
2:21:25 PM | AI: $0.00014340 | PnL: -0.4%
2:21:25 PM | torch: $0.00031620 | PnL: -35.9%
🛑 torch STOP LOSS!
2:21:36 PM | AI: $0.00014340 | PnL: -0.4%
2:21:36 PM | torch: $0.00031620 | PnL: -35.9%
🛑 torch STOP LOSS!
2:21:46 PM | AI: $0.00014340 | PnL: -0.4%
2:21:46 PM | torch: $0.00029780 | PnL: -39.6%
🛑 torch STOP LOSS!
2:21:56 PM | AI: $0.00014340 | PnL: -0.4%
2:21:56 PM | torch: $0.00029780 | PnL: -39.6%
🛑 torch STOP LOSS!
2:22:06 PM | AI: $0.00014340 | PnL: -0.4%
2:22:06 PM | torch: $0.00028650 | PnL: -41.9%
🛑 torch STOP LOSS!
2:22:17 PM | AI: $0.00014340 | PnL: -0.4%
2:22:17 PM | torch: $0.00028650 | PnL: -41.9%
🛑 torch STOP LOSS!
2:22:27 PM | AI: $0.00014340 | PnL: -0.4%
2:22:27 PM | torch: $0.00028650 | PnL: -41.9%
🛑 torch STOP LOSS!
2:22:37 PM | AI: $0.00014340 | PnL: -0.4%
2:22:37 PM | torch: $0.00029140 | PnL: -40.9%
🛑 torch STOP LOSS!
2:22:47 PM | AI: $0.00014340 | PnL: -0.4%
2:22:47 PM | torch: $0.00029140 | PnL: -40.9%
🛑 torch STOP LOSS!
2:22:58 PM | AI: $0.00014340 | PnL: -0.4%
2:22:58 PM | torch: $0.00029140 | PnL: -40.9%
🛑 torch STOP LOSS!
2:23:08 PM | AI: $0.00014340 | PnL: -0.4%
2:23:08 PM | torch: $0.00029140 | PnL: -40.9%
🛑 torch STOP LOSS!
2:23:18 PM | AI: $0.00014340 | PnL: -0.4%
2:23:18 PM | torch: $0.00029430 | PnL: -40.3%
🛑 torch STOP LOSS!
2:23:28 PM | AI: $0.00014340 | PnL: -0.4%
2:23:28 PM | torch: $0.00029430 | PnL: -40.3%
🛑 torch STOP LOSS!
2:23:38 PM | AI: $0.00014340 | PnL: -0.4%
2:23:38 PM | torch: $0.00029430 | PnL: -40.3%
🛑 torch STOP LOSS!
2:23:49 PM | AI: $0.00014340 | PnL: -0.4%
2:23:49 PM | torch: $0.00028950 | PnL: -41.3%
🛑 torch STOP LOSS!
2:23:59 PM | AI: $0.00014340 | PnL: -0.4%
2:23:59 PM | torch: $0.00028950 | PnL: -41.3%
🛑 torch STOP LOSS!
2:24:09 PM | AI: $0.00014340 | PnL: -0.4%
2:24:09 PM | torch: $0.00028950 | PnL: -41.3%
🛑 torch STOP LOSS!
2:24:19 PM | AI: $0.00014340 | PnL: -0.4%
2:24:19 PM | torch: $0.00028950 | PnL: -41.3%
🛑 torch STOP LOSS!
2:24:29 PM | AI: $0.00014340 | PnL: -0.4%
2:24:29 PM | torch: $0.00030200 | PnL: -38.7%
🛑 torch STOP LOSS!
2:24:40 PM | AI: $0.00014340 | PnL: -0.4%
2:24:40 PM | torch: $0.00030200 | PnL: -38.7%
🛑 torch STOP LOSS!
2:24:50 PM | AI: $0.00014340 | PnL: -0.4%
2:24:50 PM | torch: $0.00030200 | PnL: -38.7%
🛑 torch STOP LOSS!
