[2026-02-10T19:35:40.831Z] Running enhanced TA scan...
🔍 Scanning market with UPDATED criteria...
Filters: Age 24-240h, Vol $100k+, Liq $25k+, MC $50k-$1M, +10% min
✅ Enhanced TA scanner started! Scanning every 10 minutes...
✅ Found 0 candidates matching UPDATED criteria
No candidates - continuing to scan...
[2026-02-10T19:45:40.955Z] Running enhanced TA scan...
🔍 Scanning market with UPDATED criteria...
Filters: Age 24-240h, Vol $100k+, Liq $25k+, MC $50k-$1M, +10% min
✅ Found 0 candidates matching UPDATED criteria
No candidates - continuing to scan...
[2026-02-10T19:55:41.055Z] Running enhanced TA scan...
🔍 Scanning market with UPDATED criteria...
Filters: Age 24-240h, Vol $100k+, Liq $25k+, MC $50k-$1M, +10% min
✅ Found 0 candidates matching UPDATED criteria
No candidates - continuing to scan...
[2026-02-10T20:05:41.127Z] Running enhanced TA scan...
🔍 Scanning market with UPDATED criteria...
Filters: Age 24-240h, Vol $100k+, Liq $25k+, MC $50k-$1M, +10% min
✅ Found 0 candidates matching UPDATED criteria
No candidates - continuing to scan...
[2026-02-10T20:15:41.213Z] Running enhanced TA scan...
🔍 Scanning market with UPDATED criteria...
Filters: Age 24-240h, Vol $100k+, Liq $25k+, MC $50k-$1M, +10% min
✅ Found 0 candidates matching UPDATED criteria
No candidates - continuing to scan...
[2026-02-10T20:25:41.289Z] Running enhanced TA scan...
🔍 Scanning market with UPDATED criteria...
Filters: Age 24-240h, Vol $100k+, Liq $25k+, MC $50k-$1M, +10% min
✅ Found 0 candidates matching UPDATED criteria
No candidates - continuing to scan...
[2026-02-10T20:35:41.353Z] Running enhanced TA scan...
🔍 Scanning market with UPDATED criteria...
Filters: Age 24-240h, Vol $100k+, Liq $25k+, MC $50k-$1M, +10% min
✅ Found 0 candidates matching UPDATED criteria
No candidates - continuing to scan...
[2026-02-10T20:45:41.450Z] Running enhanced TA scan...
🔍 Scanning market with UPDATED criteria...
Filters: Age 24-240h, Vol $100k+, Liq $25k+, MC $50k-$1M, +10% min
✅ Found 0 candidates matching UPDATED criteria
No candidates - continuing to scan...
[2026-02-10T20:55:41.529Z] Running enhanced TA scan...
🔍 Scanning market with UPDATED criteria...
Filters: Age 24-240h, Vol $100k+, Liq $25k+, MC $50k-$1M, +10% min
✅ Found 0 candidates matching UPDATED criteria
No candidates - continuing to scan...
[2026-02-10T21:05:41.609Z] Running enhanced TA scan...
🔍 Scanning market with UPDATED criteria...
Filters: Age 24-240h, Vol $100k+, Liq $25k+, MC $50k-$1M, +10% min
✅ Found 0 candidates matching UPDATED criteria
No candidates - continuing to scan...
[2026-02-10T21:15:41.705Z] Running enhanced TA scan...
🔍 Scanning market with UPDATED criteria...
Filters: Age 24-240h, Vol $100k+, Liq $25k+, MC $50k-$1M, +10% min
✅ Found 0 candidates matching UPDATED criteria
No candidates - continuing to scan...
[2026-02-10T21:25:41.801Z] Running enhanced TA scan...
🔍 Scanning market with UPDATED criteria...
Filters: Age 24-240h, Vol $100k+, Liq $25k+, MC $50k-$1M, +10% min
✅ Found 0 candidates matching UPDATED criteria
No candidates - continuing to scan...
[2026-02-10T21:35:41.874Z] Running enhanced TA scan...
🔍 Scanning market with UPDATED criteria...
Filters: Age 24-240h, Vol $100k+, Liq $25k+, MC $50k-$1M, +10% min
✅ Found 0 candidates matching UPDATED criteria
No candidates - continuing to scan...
[2026-02-10T21:45:41.974Z] Running enhanced TA scan...
🔍 Scanning market with UPDATED criteria...
Filters: Age 24-240h, Vol $100k+, Liq $25k+, MC $50k-$1M, +10% min
✅ Found 0 candidates matching UPDATED criteria
No candidates - continuing to scan...
[2026-02-10T21:55:42.073Z] Running enhanced TA scan...
🔍 Scanning market with UPDATED criteria...
Filters: Age 24-240h, Vol $100k+, Liq $25k+, MC $50k-$1M, +10% min
✅ Found 0 candidates matching UPDATED criteria
No candidates - continuing to scan...
[2026-02-10T22:05:42.097Z] Running enhanced TA scan...
🔍 Scanning market with UPDATED criteria...
Filters: Age 24-240h, Vol $100k+, Liq $25k+, MC $50k-$1M, +10% min
✅ Found 0 candidates matching UPDATED criteria
No candidates - continuing to scan...
[2026-02-10T22:15:42.145Z] Running enhanced TA scan...
🔍 Scanning market with UPDATED criteria...
Filters: Age 24-240h, Vol $100k+, Liq $25k+, MC $50k-$1M, +10% min
✅ Found 0 candidates matching UPDATED criteria
No candidates - continuing to scan...
[2026-02-10T22:25:42.237Z] Running enhanced TA scan...
🔍 Scanning market with UPDATED criteria...
Filters: Age 24-240h, Vol $100k+, Liq $25k+, MC $50k-$1M, +10% min
✅ Found 0 candidates matching UPDATED criteria
No candidates - continuing to scan...
[2026-02-10T22:35:42.332Z] Running enhanced TA scan...
🔍 Scanning market with UPDATED criteria...
Filters: Age 24-240h, Vol $100k+, Liq $25k+, MC $50k-$1M, +10% min
✅ Found 0 candidates matching UPDATED criteria
No candidates - continuing to scan...
[2026-02-10T22:45:42.430Z] Running enhanced TA scan...
🔍 Scanning market with UPDATED criteria...
Filters: Age 24-240h, Vol $100k+, Liq $25k+, MC $50k-$1M, +10% min
✅ Found 0 candidates matching UPDATED criteria
No candidates - continuing to scan...
[2026-02-10T22:55:42.475Z] Running enhanced TA scan...
🔍 Scanning market with UPDATED criteria...
Filters: Age 24-240h, Vol $100k+, Liq $25k+, MC $50k-$1M, +10% min
✅ Found 0 candidates matching UPDATED criteria
No candidates - continuing to scan...
[2026-02-10T23:05:42.569Z] Running enhanced TA scan...
🔍 Scanning market with UPDATED criteria...
Filters: Age 24-240h, Vol $100k+, Liq $25k+, MC $50k-$1M, +10% min
✅ Found 0 candidates matching UPDATED criteria
No candidates - continuing to scan...
[2026-02-10T23:15:42.648Z] Running enhanced TA scan...
🔍 Scanning market with UPDATED criteria...
Filters: Age 24-240h, Vol $100k+, Liq $25k+, MC $50k-$1M, +10% min
✅ Found 0 candidates matching UPDATED criteria
No candidates - continuing to scan...
[2026-02-10T23:25:42.741Z] Running enhanced TA scan...
🔍 Scanning market with UPDATED criteria...
Filters: Age 24-240h, Vol $100k+, Liq $25k+, MC $50k-$1M, +10% min
✅ Found 0 candidates matching UPDATED criteria
No candidates - continuing to scan...
[2026-02-10T23:35:42.832Z] Running enhanced TA scan...
🔍 Scanning market with UPDATED criteria...
Filters: Age 24-240h, Vol $100k+, Liq $25k+, MC $50k-$1M, +10% min
✅ Found 0 candidates matching UPDATED criteria
No candidates - continuing to scan...
[2026-02-10T23:45:42.921Z] Running enhanced TA scan...
🔍 Scanning market with UPDATED criteria...
Filters: Age 24-240h, Vol $100k+, Liq $25k+, MC $50k-$1M, +10% min
✅ Found 0 candidates matching UPDATED criteria
No candidates - continuing to scan...
[2026-02-10T23:55:43.008Z] Running enhanced TA scan...
🔍 Scanning market with UPDATED criteria...
Filters: Age 24-240h, Vol $100k+, Liq $25k+, MC $50k-$1M, +10% min
✅ Found 0 candidates matching UPDATED criteria
No candidates - continuing to scan...
[2026-02-11T00:05:43.089Z] Running enhanced TA scan...
🔍 Scanning market with UPDATED criteria...
Filters: Age 24-240h, Vol $100k+, Liq $25k+, MC $50k-$1M, +10% min
✅ Found 0 candidates matching UPDATED criteria
No candidates - continuing to scan...
[2026-02-11T00:15:43.145Z] Running enhanced TA scan...
🔍 Scanning market with UPDATED criteria...
Filters: Age 24-240h, Vol $100k+, Liq $25k+, MC $50k-$1M, +10% min
✅ Found 0 candidates matching UPDATED criteria
No candidates - continuing to scan...
[2026-02-11T00:25:43.182Z] Running enhanced TA scan...
🔍 Scanning market with UPDATED criteria...
Filters: Age 24-240h, Vol $100k+, Liq $25k+, MC $50k-$1M, +10% min
✅ Found 0 candidates matching UPDATED criteria
No candidates - continuing to scan...
[2026-02-11T00:35:43.273Z] Running enhanced TA scan...
🔍 Scanning market with UPDATED criteria...
Filters: Age 24-240h, Vol $100k+, Liq $25k+, MC $50k-$1M, +10% min
✅ Found 0 candidates matching UPDATED criteria
No candidates - continuing to scan...
[2026-02-11T00:45:43.332Z] Running enhanced TA scan...
🔍 Scanning market with UPDATED criteria...
Filters: Age 24-240h, Vol $100k+, Liq $25k+, MC $50k-$1M, +10% min
✅ Found 0 candidates matching UPDATED criteria
No candidates - continuing to scan...
[2026-02-11T00:55:43.389Z] Running enhanced TA scan...
🔍 Scanning market with UPDATED criteria...
Filters: Age 24-240h, Vol $100k+, Liq $25k+, MC $50k-$1M, +10% min
✅ Found 0 candidates matching UPDATED criteria
No candidates - continuing to scan...
[2026-02-11T01:05:43.433Z] Running enhanced TA scan...
🔍 Scanning market with UPDATED criteria...
Filters: Age 24-240h, Vol $100k+, Liq $25k+, MC $50k-$1M, +10% min
✅ Found 0 candidates matching UPDATED criteria
No candidates - continuing to scan...
[2026-02-11T01:15:43.497Z] Running enhanced TA scan...
🔍 Scanning market with UPDATED criteria...
Filters: Age 24-240h, Vol $100k+, Liq $25k+, MC $50k-$1M, +10% min
✅ Found 0 candidates matching UPDATED criteria
No candidates - continuing to scan...
[2026-02-11T01:25:43.593Z] Running enhanced TA scan...
🔍 Scanning market with UPDATED criteria...
Filters: Age 24-240h, Vol $100k+, Liq $25k+, MC $50k-$1M, +10% min
✅ Found 0 candidates matching UPDATED criteria
No candidates - continuing to scan...
[2026-02-11T01:35:43.689Z] Running enhanced TA scan...
🔍 Scanning market with UPDATED criteria...
Filters: Age 24-240h, Vol $100k+, Liq $25k+, MC $50k-$1M, +10% min
✅ Found 0 candidates matching UPDATED criteria
No candidates - continuing to scan...
[2026-02-11T01:45:43.702Z] Running enhanced TA scan...
🔍 Scanning market with UPDATED criteria...
Filters: Age 24-240h, Vol $100k+, Liq $25k+, MC $50k-$1M, +10% min
✅ Found 0 candidates matching UPDATED criteria
No candidates - continuing to scan...
[2026-02-11T01:55:43.776Z] Running enhanced TA scan...
🔍 Scanning market with UPDATED criteria...
Filters: Age 24-240h, Vol $100k+, Liq $25k+, MC $50k-$1M, +10% min
✅ Found 0 candidates matching UPDATED criteria
No candidates - continuing to scan...
[2026-02-11T02:05:43.832Z] Running enhanced TA scan...
🔍 Scanning market with UPDATED criteria...
Filters: Age 24-240h, Vol $100k+, Liq $25k+, MC $50k-$1M, +10% min
✅ Found 0 candidates matching UPDATED criteria
No candidates - continuing to scan...
[2026-02-11T02:15:43.915Z] Running enhanced TA scan...
🔍 Scanning market with UPDATED criteria...
Filters: Age 24-240h, Vol $100k+, Liq $25k+, MC $50k-$1M, +10% min
✅ Found 0 candidates matching UPDATED criteria
No candidates - continuing to scan...
[2026-02-11T02:25:44.002Z] Running enhanced TA scan...
🔍 Scanning market with UPDATED criteria...
Filters: Age 24-240h, Vol $100k+, Liq $25k+, MC $50k-$1M, +10% min
✅ Found 0 candidates matching UPDATED criteria
No candidates - continuing to scan...
[2026-02-11T02:35:44.089Z] Running enhanced TA scan...
🔍 Scanning market with UPDATED criteria...
Filters: Age 24-240h, Vol $100k+, Liq $25k+, MC $50k-$1M, +10% min
✅ Found 0 candidates matching UPDATED criteria
No candidates - continuing to scan...
[2026-02-11T02:45:44.181Z] Running enhanced TA scan...
🔍 Scanning market with UPDATED criteria...
Filters: Age 24-240h, Vol $100k+, Liq $25k+, MC $50k-$1M, +10% min
✅ Found 0 candidates matching UPDATED criteria
No candidates - continuing to scan...
[2026-02-11T02:55:44.195Z] Running enhanced TA scan...
🔍 Scanning market with UPDATED criteria...
Filters: Age 24-240h, Vol $100k+, Liq $25k+, MC $50k-$1M, +10% min
✅ Found 0 candidates matching UPDATED criteria
No candidates - continuing to scan...
[2026-02-11T03:05:44.289Z] Running enhanced TA scan...
🔍 Scanning market with UPDATED criteria...
Filters: Age 24-240h, Vol $100k+, Liq $25k+, MC $50k-$1M, +10% min
✅ Found 0 candidates matching UPDATED criteria
No candidates - continuing to scan...
[2026-02-11T03:15:44.382Z] Running enhanced TA scan...
🔍 Scanning market with UPDATED criteria...
Filters: Age 24-240h, Vol $100k+, Liq $25k+, MC $50k-$1M, +10% min
✅ Found 0 candidates matching UPDATED criteria
No candidates - continuing to scan...
[2026-02-11T03:25:44.459Z] Running enhanced TA scan...
🔍 Scanning market with UPDATED criteria...
Filters: Age 24-240h, Vol $100k+, Liq $25k+, MC $50k-$1M, +10% min
✅ Found 0 candidates matching UPDATED criteria
No candidates - continuing to scan...
[2026-02-11T03:35:44.538Z] Running enhanced TA scan...
🔍 Scanning market with UPDATED criteria...
Filters: Age 24-240h, Vol $100k+, Liq $25k+, MC $50k-$1M, +10% min
✅ Found 0 candidates matching UPDATED criteria
No candidates - continuing to scan...
[2026-02-11T03:45:44.628Z] Running enhanced TA scan...
🔍 Scanning market with UPDATED criteria...
Filters: Age 24-240h, Vol $100k+, Liq $25k+, MC $50k-$1M, +10% min
✅ Found 0 candidates matching UPDATED criteria
No candidates - continuing to scan...
[2026-02-11T03:55:44.703Z] Running enhanced TA scan...
🔍 Scanning market with UPDATED criteria...
Filters: Age 24-240h, Vol $100k+, Liq $25k+, MC $50k-$1M, +10% min
✅ Found 0 candidates matching UPDATED criteria
No candidates - continuing to scan...
[2026-02-11T04:05:44.777Z] Running enhanced TA scan...
🔍 Scanning market with UPDATED criteria...
Filters: Age 24-240h, Vol $100k+, Liq $25k+, MC $50k-$1M, +10% min
✅ Found 0 candidates matching UPDATED criteria
No candidates - continuing to scan...
[2026-02-11T04:15:44.853Z] Running enhanced TA scan...
🔍 Scanning market with UPDATED criteria...
Filters: Age 24-240h, Vol $100k+, Liq $25k+, MC $50k-$1M, +10% min
✅ Found 0 candidates matching UPDATED criteria
No candidates - continuing to scan...
[2026-02-11T04:25:44.950Z] Running enhanced TA scan...
🔍 Scanning market with UPDATED criteria...
Filters: Age 24-240h, Vol $100k+, Liq $25k+, MC $50k-$1M, +10% min
✅ Found 0 candidates matching UPDATED criteria
No candidates - continuing to scan...
[2026-02-11T04:35:45.033Z] Running enhanced TA scan...
🔍 Scanning market with UPDATED criteria...
Filters: Age 24-240h, Vol $100k+, Liq $25k+, MC $50k-$1M, +10% min
✅ Found 0 candidates matching UPDATED criteria
No candidates - continuing to scan...
[2026-02-11T04:45:45.109Z] Running enhanced TA scan...
🔍 Scanning market with UPDATED criteria...
Filters: Age 24-240h, Vol $100k+, Liq $25k+, MC $50k-$1M, +10% min
✅ Found 0 candidates matching UPDATED criteria
No candidates - continuing to scan...
[2026-02-11T04:55:45.185Z] Running enhanced TA scan...
🔍 Scanning market with UPDATED criteria...
Filters: Age 24-240h, Vol $100k+, Liq $25k+, MC $50k-$1M, +10% min
✅ Found 0 candidates matching UPDATED criteria
No candidates - continuing to scan...
[2026-02-11T05:05:45.266Z] Running enhanced TA scan...
🔍 Scanning market with UPDATED criteria...
Filters: Age 24-240h, Vol $100k+, Liq $25k+, MC $50k-$1M, +10% min
✅ Found 0 candidates matching UPDATED criteria
No candidates - continuing to scan...
[2026-02-11T05:15:45.363Z] Running enhanced TA scan...
🔍 Scanning market with UPDATED criteria...
Filters: Age 24-240h, Vol $100k+, Liq $25k+, MC $50k-$1M, +10% min
✅ Found 0 candidates matching UPDATED criteria
No candidates - continuing to scan...
[2026-02-11T05:25:45.446Z] Running enhanced TA scan...
🔍 Scanning market with UPDATED criteria...
Filters: Age 24-240h, Vol $100k+, Liq $25k+, MC $50k-$1M, +10% min
✅ Found 0 candidates matching UPDATED criteria
No candidates - continuing to scan...
[2026-02-11T05:35:45.543Z] Running enhanced TA scan...
🔍 Scanning market with UPDATED criteria...
Filters: Age 24-240h, Vol $100k+, Liq $25k+, MC $50k-$1M, +10% min
✅ Found 0 candidates matching UPDATED criteria
No candidates - continuing to scan...
[2026-02-11T05:45:45.641Z] Running enhanced TA scan...
🔍 Scanning market with UPDATED criteria...
Filters: Age 24-240h, Vol $100k+, Liq $25k+, MC $50k-$1M, +10% min
✅ Found 0 candidates matching UPDATED criteria
No candidates - continuing to scan...
[2026-02-11T05:55:45.715Z] Running enhanced TA scan...
🔍 Scanning market with UPDATED criteria...
Filters: Age 24-240h, Vol $100k+, Liq $25k+, MC $50k-$1M, +10% min
✅ Found 0 candidates matching UPDATED criteria
No candidates - continuing to scan...
[2026-02-11T06:05:45.808Z] Running enhanced TA scan...
🔍 Scanning market with UPDATED criteria...
Filters: Age 24-240h, Vol $100k+, Liq $25k+, MC $50k-$1M, +10% min
✅ Found 0 candidates matching UPDATED criteria
No candidates - continuing to scan...
[2026-02-11T06:15:45.832Z] Running enhanced TA scan...
🔍 Scanning market with UPDATED criteria...
Filters: Age 24-240h, Vol $100k+, Liq $25k+, MC $50k-$1M, +10% min
✅ Found 0 candidates matching UPDATED criteria
No candidates - continuing to scan...
[2026-02-11T06:25:45.929Z] Running enhanced TA scan...
🔍 Scanning market with UPDATED criteria...
Filters: Age 24-240h, Vol $100k+, Liq $25k+, MC $50k-$1M, +10% min
✅ Found 0 candidates matching UPDATED criteria
No candidates - continuing to scan...
[2026-02-11T06:35:46.007Z] Running enhanced TA scan...
🔍 Scanning market with UPDATED criteria...
Filters: Age 24-240h, Vol $100k+, Liq $25k+, MC $50k-$1M, +10% min
✅ Found 0 candidates matching UPDATED criteria
No candidates - continuing to scan...
[2026-02-11T06:45:46.089Z] Running enhanced TA scan...
🔍 Scanning market with UPDATED criteria...
Filters: Age 24-240h, Vol $100k+, Liq $25k+, MC $50k-$1M, +10% min
✅ Found 0 candidates matching UPDATED criteria
No candidates - continuing to scan...
[2026-02-11T06:55:46.185Z] Running enhanced TA scan...
🔍 Scanning market with UPDATED criteria...
Filters: Age 24-240h, Vol $100k+, Liq $25k+, MC $50k-$1M, +10% min
✅ Found 0 candidates matching UPDATED criteria
No candidates - continuing to scan...
[2026-02-11T07:05:46.275Z] Running enhanced TA scan...
🔍 Scanning market with UPDATED criteria...
Filters: Age 24-240h, Vol $100k+, Liq $25k+, MC $50k-$1M, +10% min
✅ Found 0 candidates matching UPDATED criteria
No candidates - continuing to scan...
[2026-02-11T07:15:46.372Z] Running enhanced TA scan...
🔍 Scanning market with UPDATED criteria...
Filters: Age 24-240h, Vol $100k+, Liq $25k+, MC $50k-$1M, +10% min
✅ Found 0 candidates matching UPDATED criteria
No candidates - continuing to scan...
[2026-02-11T07:25:46.467Z] Running enhanced TA scan...
🔍 Scanning market with UPDATED criteria...
Filters: Age 24-240h, Vol $100k+, Liq $25k+, MC $50k-$1M, +10% min
✅ Found 0 candidates matching UPDATED criteria
No candidates - continuing to scan...
[2026-02-11T07:35:46.559Z] Running enhanced TA scan...
🔍 Scanning market with UPDATED criteria...
Filters: Age 24-240h, Vol $100k+, Liq $25k+, MC $50k-$1M, +10% min
✅ Found 0 candidates matching UPDATED criteria
No candidates - continuing to scan...
[2026-02-11T07:45:46.628Z] Running enhanced TA scan...
🔍 Scanning market with UPDATED criteria...
Filters: Age 24-240h, Vol $100k+, Liq $25k+, MC $50k-$1M, +10% min
✅ Found 0 candidates matching UPDATED criteria
No candidates - continuing to scan...
[2026-02-11T07:55:46.721Z] Running enhanced TA scan...
🔍 Scanning market with UPDATED criteria...
Filters: Age 24-240h, Vol $100k+, Liq $25k+, MC $50k-$1M, +10% min
✅ Found 0 candidates matching UPDATED criteria
No candidates - continuing to scan...
[2026-02-11T08:05:46.785Z] Running enhanced TA scan...
🔍 Scanning market with UPDATED criteria...
Filters: Age 24-240h, Vol $100k+, Liq $25k+, MC $50k-$1M, +10% min
✅ Found 0 candidates matching UPDATED criteria
No candidates - continuing to scan...
[2026-02-11T08:15:46.869Z] Running enhanced TA scan...
🔍 Scanning market with UPDATED criteria...
Filters: Age 24-240h, Vol $100k+, Liq $25k+, MC $50k-$1M, +10% min
✅ Found 0 candidates matching UPDATED criteria
No candidates - continuing to scan...
[2026-02-11T08:25:46.969Z] Running enhanced TA scan...
🔍 Scanning market with UPDATED criteria...
Filters: Age 24-240h, Vol $100k+, Liq $25k+, MC $50k-$1M, +10% min
✅ Found 0 candidates matching UPDATED criteria
No candidates - continuing to scan...
[2026-02-11T08:35:47.065Z] Running enhanced TA scan...
🔍 Scanning market with UPDATED criteria...
Filters: Age 24-240h, Vol $100k+, Liq $25k+, MC $50k-$1M, +10% min
✅ Found 0 candidates matching UPDATED criteria
No candidates - continuing to scan...
[2026-02-11T08:45:47.165Z] Running enhanced TA scan...
🔍 Scanning market with UPDATED criteria...
Filters: Age 24-240h, Vol $100k+, Liq $25k+, MC $50k-$1M, +10% min
✅ Found 0 candidates matching UPDATED criteria
No candidates - continuing to scan...
[2026-02-11T08:55:47.247Z] Running enhanced TA scan...
🔍 Scanning market with UPDATED criteria...
Filters: Age 24-240h, Vol $100k+, Liq $25k+, MC $50k-$1M, +10% min
✅ Found 0 candidates matching UPDATED criteria
No candidates - continuing to scan...
[2026-02-11T09:05:47.332Z] Running enhanced TA scan...
🔍 Scanning market with UPDATED criteria...
Filters: Age 24-240h, Vol $100k+, Liq $25k+, MC $50k-$1M, +10% min
Error analyzing GGDCnr2RysWproxaRyabAmKWHXFwJWGxDycgCgmhpump: read ECONNRESET
✅ Found 0 candidates matching UPDATED criteria
No candidates - continuing to scan...
[2026-02-11T09:15:47.362Z] Running enhanced TA scan...
🔍 Scanning market with UPDATED criteria...
Filters: Age 24-240h, Vol $100k+, Liq $25k+, MC $50k-$1M, +10% min
✅ Found 0 candidates matching UPDATED criteria
No candidates - continuing to scan...
[2026-02-11T09:25:47.447Z] Running enhanced TA scan...
🔍 Scanning market with UPDATED criteria...
Filters: Age 24-240h, Vol $100k+, Liq $25k+, MC $50k-$1M, +10% min
✅ Found 0 candidates matching UPDATED criteria
No candidates - continuing to scan...
[2026-02-11T09:35:47.540Z] Running enhanced TA scan...
🔍 Scanning market with UPDATED criteria...
Filters: Age 24-240h, Vol $100k+, Liq $25k+, MC $50k-$1M, +10% min
✅ Found 0 candidates matching UPDATED criteria
No candidates - continuing to scan...
[2026-02-11T09:45:47.593Z] Running enhanced TA scan...
🔍 Scanning market with UPDATED criteria...
Filters: Age 24-240h, Vol $100k+, Liq $25k+, MC $50k-$1M, +10% min
✅ Found 0 candidates matching UPDATED criteria
No candidates - continuing to scan...
[2026-02-11T09:55:47.660Z] Running enhanced TA scan...
🔍 Scanning market with UPDATED criteria...
Filters: Age 24-240h, Vol $100k+, Liq $25k+, MC $50k-$1M, +10% min
✅ Found 0 candidates matching UPDATED criteria
No candidates - continuing to scan...
[2026-02-11T10:05:47.759Z] Running enhanced TA scan...
🔍 Scanning market with UPDATED criteria...
Filters: Age 24-240h, Vol $100k+, Liq $25k+, MC $50k-$1M, +10% min
✅ Found 0 candidates matching UPDATED criteria
No candidates - continuing to scan...
[2026-02-11T10:15:47.832Z] Running enhanced TA scan...
🔍 Scanning market with UPDATED criteria...
Filters: Age 24-240h, Vol $100k+, Liq $25k+, MC $50k-$1M, +10% min
✅ Found 0 candidates matching UPDATED criteria
No candidates - continuing to scan...
[2026-02-11T10:25:47.891Z] Running enhanced TA scan...
🔍 Scanning market with UPDATED criteria...
Filters: Age 24-240h, Vol $100k+, Liq $25k+, MC $50k-$1M, +10% min
✅ Found 0 candidates matching UPDATED criteria
No candidates - continuing to scan...
[2026-02-11T10:35:47.981Z] Running enhanced TA scan...
🔍 Scanning market with UPDATED criteria...
Filters: Age 24-240h, Vol $100k+, Liq $25k+, MC $50k-$1M, +10% min
✅ Found 0 candidates matching UPDATED criteria
No candidates - continuing to scan...
[2026-02-11T10:45:48.063Z] Running enhanced TA scan...
🔍 Scanning market with UPDATED criteria...
Filters: Age 24-240h, Vol $100k+, Liq $25k+, MC $50k-$1M, +10% min
✅ Found 0 candidates matching UPDATED criteria
No candidates - continuing to scan...
[2026-02-11T10:55:48.133Z] Running enhanced TA scan...
🔍 Scanning market with UPDATED criteria...
Filters: Age 24-240h, Vol $100k+, Liq $25k+, MC $50k-$1M, +10% min
✅ Found 0 candidates matching UPDATED criteria
No candidates - continuing to scan...
[2026-02-11T11:05:48.177Z] Running enhanced TA scan...
🔍 Scanning market with UPDATED criteria...
Filters: Age 24-240h, Vol $100k+, Liq $25k+, MC $50k-$1M, +10% min
✅ Found 0 candidates matching UPDATED criteria
No candidates - continuing to scan...
[2026-02-11T11:15:48.272Z] Running enhanced TA scan...
🔍 Scanning market with UPDATED criteria...
Filters: Age 24-240h, Vol $100k+, Liq $25k+, MC $50k-$1M, +10% min
✅ Found 0 candidates matching UPDATED criteria
No candidates - continuing to scan...
[2026-02-11T11:25:48.361Z] Running enhanced TA scan...
🔍 Scanning market with UPDATED criteria...
Filters: Age 24-240h, Vol $100k+, Liq $25k+, MC $50k-$1M, +10% min
✅ Found 0 candidates matching UPDATED criteria
No candidates - continuing to scan...
[2026-02-11T11:35:48.438Z] Running enhanced TA scan...
🔍 Scanning market with UPDATED criteria...
Filters: Age 24-240h, Vol $100k+, Liq $25k+, MC $50k-$1M, +10% min
✅ Found 0 candidates matching UPDATED criteria
No candidates - continuing to scan...
[2026-02-11T11:45:48.539Z] Running enhanced TA scan...
🔍 Scanning market with UPDATED criteria...
Filters: Age 24-240h, Vol $100k+, Liq $25k+, MC $50k-$1M, +10% min
✅ Found 0 candidates matching UPDATED criteria
No candidates - continuing to scan...
[2026-02-11T11:55:48.622Z] Running enhanced TA scan...
🔍 Scanning market with UPDATED criteria...
Filters: Age 24-240h, Vol $100k+, Liq $25k+, MC $50k-$1M, +10% min
✅ Found 0 candidates matching UPDATED criteria
No candidates - continuing to scan...
[2026-02-11T12:05:48.722Z] Running enhanced TA scan...
🔍 Scanning market with UPDATED criteria...
Filters: Age 24-240h, Vol $100k+, Liq $25k+, MC $50k-$1M, +10% min
✅ Found 0 candidates matching UPDATED criteria
No candidates - continuing to scan...
[2026-02-11T12:15:48.821Z] Running enhanced TA scan...
🔍 Scanning market with UPDATED criteria...
Filters: Age 24-240h, Vol $100k+, Liq $25k+, MC $50k-$1M, +10% min
✅ Found 0 candidates matching UPDATED criteria
No candidates - continuing to scan...
[2026-02-11T12:25:48.905Z] Running enhanced TA scan...
🔍 Scanning market with UPDATED criteria...
Filters: Age 24-240h, Vol $100k+, Liq $25k+, MC $50k-$1M, +10% min
✅ Found 0 candidates matching UPDATED criteria
No candidates - continuing to scan...
[2026-02-11T12:35:49.000Z] Running enhanced TA scan...
🔍 Scanning market with UPDATED criteria...
Filters: Age 24-240h, Vol $100k+, Liq $25k+, MC $50k-$1M, +10% min
✅ Found 0 candidates matching UPDATED criteria
No candidates - continuing to scan...
[2026-02-11T12:45:49.098Z] Running enhanced TA scan...
🔍 Scanning market with UPDATED criteria...
Filters: Age 24-240h, Vol $100k+, Liq $25k+, MC $50k-$1M, +10% min
✅ Found 0 candidates matching UPDATED criteria
No candidates - continuing to scan...
[2026-02-11T12:55:49.193Z] Running enhanced TA scan...
🔍 Scanning market with UPDATED criteria...
Filters: Age 24-240h, Vol $100k+, Liq $25k+, MC $50k-$1M, +10% min
✅ Found 0 candidates matching UPDATED criteria
No candidates - continuing to scan...
[2026-02-11T13:05:49.287Z] Running enhanced TA scan...
🔍 Scanning market with UPDATED criteria...
Filters: Age 24-240h, Vol $100k+, Liq $25k+, MC $50k-$1M, +10% min
✅ Found 0 candidates matching UPDATED criteria
No candidates - continuing to scan...
[2026-02-11T13:15:49.385Z] Running enhanced TA scan...
🔍 Scanning market with UPDATED criteria...
Filters: Age 24-240h, Vol $100k+, Liq $25k+, MC $50k-$1M, +10% min
✅ Found 0 candidates matching UPDATED criteria
No candidates - continuing to scan...
[2026-02-11T13:25:49.455Z] Running enhanced TA scan...
🔍 Scanning market with UPDATED criteria...
Filters: Age 24-240h, Vol $100k+, Liq $25k+, MC $50k-$1M, +10% min
✅ Found 0 candidates matching UPDATED criteria
No candidates - continuing to scan...
[2026-02-11T13:35:49.529Z] Running enhanced TA scan...
🔍 Scanning market with UPDATED criteria...
Filters: Age 24-240h, Vol $100k+, Liq $25k+, MC $50k-$1M, +10% min
✅ Found 0 candidates matching UPDATED criteria
No candidates - continuing to scan...
[2026-02-11T13:45:49.609Z] Running enhanced TA scan...
🔍 Scanning market with UPDATED criteria...
Filters: Age 24-240h, Vol $100k+, Liq $25k+, MC $50k-$1M, +10% min
✅ Found 0 candidates matching UPDATED criteria
No candidates - continuing to scan...
[2026-02-11T13:55:49.705Z] Running enhanced TA scan...
🔍 Scanning market with UPDATED criteria...
Filters: Age 24-240h, Vol $100k+, Liq $25k+, MC $50k-$1M, +10% min
✅ Found 0 candidates matching UPDATED criteria
No candidates - continuing to scan...
[2026-02-11T14:05:49.801Z] Running enhanced TA scan...
🔍 Scanning market with UPDATED criteria...
Filters: Age 24-240h, Vol $100k+, Liq $25k+, MC $50k-$1M, +10% min
✅ Found 0 candidates matching UPDATED criteria
No candidates - continuing to scan...
[2026-02-11T14:15:49.877Z] Running enhanced TA scan...
🔍 Scanning market with UPDATED criteria...
Filters: Age 24-240h, Vol $100k+, Liq $25k+, MC $50k-$1M, +10% min
✅ Found 0 candidates matching UPDATED criteria
No candidates - continuing to scan...
[2026-02-11T14:25:49.977Z] Running enhanced TA scan...
🔍 Scanning market with UPDATED criteria...
Filters: Age 24-240h, Vol $100k+, Liq $25k+, MC $50k-$1M, +10% min
Error analyzing Fyn1gmH8TTdWPhMLCVKWtTKxTwVzAfNis6U6nLVDpump: read ECONNRESET
✅ Found 0 candidates matching UPDATED criteria
No candidates - continuing to scan...
[2026-02-11T14:35:50.039Z] Running enhanced TA scan...
🔍 Scanning market with UPDATED criteria...
Filters: Age 24-240h, Vol $100k+, Liq $25k+, MC $50k-$1M, +10% min
✅ Found 0 candidates matching UPDATED criteria
No candidates - continuing to scan...
[2026-02-11T14:45:50.121Z] Running enhanced TA scan...
🔍 Scanning market with UPDATED criteria...
Filters: Age 24-240h, Vol $100k+, Liq $25k+, MC $50k-$1M, +10% min
✅ Found 0 candidates matching UPDATED criteria
No candidates - continuing to scan...
[2026-02-11T14:55:50.184Z] Running enhanced TA scan...
🔍 Scanning market with UPDATED criteria...
Filters: Age 24-240h, Vol $100k+, Liq $25k+, MC $50k-$1M, +10% min
✅ Found 0 candidates matching UPDATED criteria
No candidates - continuing to scan...
[2026-02-11T15:05:50.281Z] Running enhanced TA scan...
🔍 Scanning market with UPDATED criteria...
Filters: Age 24-240h, Vol $100k+, Liq $25k+, MC $50k-$1M, +10% min
✅ Found 0 candidates matching UPDATED criteria
No candidates - continuing to scan...
[2026-02-11T15:15:50.354Z] Running enhanced TA scan...
🔍 Scanning market with UPDATED criteria...
Filters: Age 24-240h, Vol $100k+, Liq $25k+, MC $50k-$1M, +10% min
✅ Found 0 candidates matching UPDATED criteria
No candidates - continuing to scan...
[2026-02-11T15:25:50.443Z] Running enhanced TA scan...
🔍 Scanning market with UPDATED criteria...
Filters: Age 24-240h, Vol $100k+, Liq $25k+, MC $50k-$1M, +10% min
✅ Found 0 candidates matching UPDATED criteria
No candidates - continuing to scan...
[2026-02-11T15:35:50.505Z] Running enhanced TA scan...
🔍 Scanning market with UPDATED criteria...
Filters: Age 24-240h, Vol $100k+, Liq $25k+, MC $50k-$1M, +10% min
✅ Found 0 candidates matching UPDATED criteria
No candidates - continuing to scan...
[2026-02-11T15:45:50.577Z] Running enhanced TA scan...
🔍 Scanning market with UPDATED criteria...
Filters: Age 24-240h, Vol $100k+, Liq $25k+, MC $50k-$1M, +10% min
✅ Found 0 candidates matching UPDATED criteria
No candidates - continuing to scan...
[2026-02-11T15:55:50.673Z] Running enhanced TA scan...
🔍 Scanning market with UPDATED criteria...
Filters: Age 24-240h, Vol $100k+, Liq $25k+, MC $50k-$1M, +10% min
✅ Found 0 candidates matching UPDATED criteria
No candidates - continuing to scan...
[2026-02-11T16:05:50.755Z] Running enhanced TA scan...
🔍 Scanning market with UPDATED criteria...
Filters: Age 24-240h, Vol $100k+, Liq $25k+, MC $50k-$1M, +10% min
✅ Found 0 candidates matching UPDATED criteria
No candidates - continuing to scan...
[2026-02-11T16:15:50.849Z] Running enhanced TA scan...
🔍 Scanning market with UPDATED criteria...
Filters: Age 24-240h, Vol $100k+, Liq $25k+, MC $50k-$1M, +10% min
✅ Found 0 candidates matching UPDATED criteria
No candidates - continuing to scan...
[2026-02-11T16:25:50.914Z] Running enhanced TA scan...
🔍 Scanning market with UPDATED criteria...
Filters: Age 24-240h, Vol $100k+, Liq $25k+, MC $50k-$1M, +10% min
✅ Found 0 candidates matching UPDATED criteria
No candidates - continuing to scan...
[2026-02-11T16:35:51.013Z] Running enhanced TA scan...
🔍 Scanning market with UPDATED criteria...
Filters: Age 24-240h, Vol $100k+, Liq $25k+, MC $50k-$1M, +10% min
✅ Found 0 candidates matching UPDATED criteria
No candidates - continuing to scan...
[2026-02-11T16:45:51.113Z] Running enhanced TA scan...
🔍 Scanning market with UPDATED criteria...
Filters: Age 24-240h, Vol $100k+, Liq $25k+, MC $50k-$1M, +10% min
✅ Found 0 candidates matching UPDATED criteria
No candidates - continuing to scan...
[2026-02-11T16:55:51.211Z] Running enhanced TA scan...
🔍 Scanning market with UPDATED criteria...
Filters: Age 24-240h, Vol $100k+, Liq $25k+, MC $50k-$1M, +10% min
✅ Found 0 candidates matching UPDATED criteria
No candidates - continuing to scan...
[2026-02-11T17:05:51.273Z] Running enhanced TA scan...
🔍 Scanning market with UPDATED criteria...
Filters: Age 24-240h, Vol $100k+, Liq $25k+, MC $50k-$1M, +10% min
✅ Found 0 candidates matching UPDATED criteria
No candidates - continuing to scan...
[2026-02-11T17:15:51.373Z] Running enhanced TA scan...
🔍 Scanning market with UPDATED criteria...
Filters: Age 24-240h, Vol $100k+, Liq $25k+, MC $50k-$1M, +10% min
✅ Found 0 candidates matching UPDATED criteria
No candidates - continuing to scan...
[2026-02-11T17:25:51.468Z] Running enhanced TA scan...
🔍 Scanning market with UPDATED criteria...
Filters: Age 24-240h, Vol $100k+, Liq $25k+, MC $50k-$1M, +10% min
✅ Found 0 candidates matching UPDATED criteria
No candidates - continuing to scan...
[2026-02-11T17:35:51.513Z] Running enhanced TA scan...
🔍 Scanning market with UPDATED criteria...
Filters: Age 24-240h, Vol $100k+, Liq $25k+, MC $50k-$1M, +10% min
✅ Found 0 candidates matching UPDATED criteria
No candidates - continuing to scan...
[2026-02-11T17:45:51.593Z] Running enhanced TA scan...
🔍 Scanning market with UPDATED criteria...
Filters: Age 24-240h, Vol $100k+, Liq $25k+, MC $50k-$1M, +10% min
✅ Found 0 candidates matching UPDATED criteria
No candidates - continuing to scan...
[2026-02-11T17:55:51.680Z] Running enhanced TA scan...
🔍 Scanning market with UPDATED criteria...
Filters: Age 24-240h, Vol $100k+, Liq $25k+, MC $50k-$1M, +10% min
Scan error: read ECONNRESET
No candidates - continuing to scan...
[2026-02-11T18:05:51.753Z] Running enhanced TA scan...
🔍 Scanning market with UPDATED criteria...
Filters: Age 24-240h, Vol $100k+, Liq $25k+, MC $50k-$1M, +10% min
✅ Found 0 candidates matching UPDATED criteria
No candidates - continuing to scan...
