bigint: Failed to load bindings, pure JS will be used (try npm run rebuild?)

🤖 AUTONOMOUS SCALPER
📍 EKbhgJrxCL93cBkENoS7vPeRQiSWoNgdW1oPv1sGQZrX
💰 0.0994 SOL

⚙️ CONFIG:
- Min Liquidity: $15,000
- Target: +10%
- Stop Loss: -8%
- Position Size: 0.01 SOL
- Scan Interval: 120s

[2026-02-11T01:40:52.620Z] Scanning...
No candidates found
[2026-02-11T01:42:52.720Z] Scanning...
No candidates found
[2026-02-11T01:44:52.805Z] Scanning...
No candidates found
[2026-02-11T01:46:52.905Z] Scanning...
No candidates found
[2026-02-11T01:48:53.001Z] Scanning...
No candidates found
[2026-02-11T01:50:53.097Z] Scanning...
No candidates found
[2026-02-11T01:52:53.182Z] Scanning...
No candidates found
[2026-02-11T01:54:53.275Z] Scanning...
No candidates found
[2026-02-11T01:56:53.367Z] Scanning...
No candidates found
[2026-02-11T01:58:53.461Z] Scanning...
No candidates found
[2026-02-11T02:00:53.556Z] Scanning...
No candidates found
[2026-02-11T02:02:53.655Z] Scanning...
No candidates found
[2026-02-11T02:04:53.743Z] Scanning...
No candidates found
