bigint: Failed to load bindings, pure JS will be used (try npm run rebuild?)

🤖 IMPROVED TRADING BOT
📍 EKbhgJrxCL93cBkENoS7vPeRQiSWoNgdW1oPv1sGQZrX
💰 0.0321 SOL
🎯 Strategy: Early entry | +30% profit | -15% stop

🔍 Scanning (improved filters)...
⏸️  Sleep 5min

🔍 Scanning (improved filters)...
⏸️  Sleep 5min

🔍 Scanning (improved filters)...
⏸️  Sleep 5min

🔍 Scanning (improved filters)...
⏸️  Sleep 5min

🔍 Scanning (improved filters)...
⏸️  Sleep 5min

🔍 Scanning (improved filters)...

🎯 Teigan Score:75
   1h: +25.9% | 24h: +227.0%
   Vol: $444k | Liq: $27k
📱 Alert sent
🟢 EXECUTING BUY...
🔄 Swap: 0.01 SOL
📋 Instructions OK
✅ SUCCESS: 5r5yoK3cA45q4mUVz8jJnDdpTZsMSXnyZuyTzNLH4f1kRvYJi6p8xRDt7QQ7Ewgf28TTgpZ3krcp7C6fx9GV9XqH
✅ BOUGHT: 5r5yoK3cA45q4mUVz8jJ...

📊 Position added: Teigan @ $0.0001175
⏸️  Sleep 5min


📊 Checking 1 positions...
  Teigan: 4.4% ($0.0001227)

📊 Checking 1 positions...
  Teigan: -6.3% ($0.0001101)

📊 Checking 1 positions...
  Teigan: -3.7% ($0.0001131)
🔍 Scanning (improved filters)...
⏸️  Sleep 5min


📊 Checking 1 positions...
  Teigan: 0.8% ($0.0001184)

📊 Checking 1 positions...
  Teigan: -15.1% ($0.00009978)
🛑 STOP LOSS! Selling Teigan -15.1%
🔄 Swap: 0.076 SOL
📋 Instructions OK
✅ SUCCESS: 5vv9uKkz6JaNYF9FUqo9ETKaFkuYPndZCCVmnQ1Noqpd8ir7SAxSgen4XEmuoW9jgUGXrNrwpUGZ9p7zagM7wXvy
✅ SOLD at loss: 5vv9uKkz6JaNYF9FUqo9ETKaFkuYPndZCCVmnQ1Noqpd8ir7SAxSgen4XEmuoW9jgUGXrNrwpUGZ9p7zagM7wXvy
🔍 Scanning (improved filters)...
⏸️  Sleep 5min

🔍 Scanning (improved filters)...
⏸️  Sleep 5min

🔍 Scanning (improved filters)...
⏸️  Sleep 5min

🔍 Scanning (improved filters)...
⏸️  Sleep 5min

🔍 Scanning (improved filters)...
⏸️  Sleep 5min

🔍 Scanning (improved filters)...
⏸️  Sleep 5min

🔍 Scanning (improved filters)...
⏸️  Sleep 5min

🔍 Scanning (improved filters)...
⏸️  Sleep 5min

🔍 Scanning (improved filters)...
⏸️  Sleep 5min

🔍 Scanning (improved filters)...
⏸️  Sleep 5min

🔍 Scanning (improved filters)...
⏸️  Sleep 5min

🔍 Scanning (improved filters)...
⏸️  Sleep 5min

🔍 Scanning (improved filters)...
⏸️  Sleep 5min

🔍 Scanning (improved filters)...
⏸️  Sleep 5min

🔍 Scanning (improved filters)...
⏸️  Sleep 5min

🔍 Scanning (improved filters)...
⏸️  Sleep 5min

🔍 Scanning (improved filters)...
⏸️  Sleep 5min

🔍 Scanning (improved filters)...
⏸️  Sleep 5min

🔍 Scanning (improved filters)...
⏸️  Sleep 5min

🔍 Scanning (improved filters)...
⏸️  Sleep 5min

🔍 Scanning (improved filters)...
⏸️  Sleep 5min

🔍 Scanning (improved filters)...
⏸️  Sleep 5min

🔍 Scanning (improved filters)...
⏸️  Sleep 5min

🔍 Scanning (improved filters)...
⏸️  Sleep 5min

🔍 Scanning (improved filters)...
⏸️  Sleep 5min

🔍 Scanning (improved filters)...
⏸️  Sleep 5min

🔍 Scanning (improved filters)...
⏸️  Sleep 5min

🔍 Scanning (improved filters)...
⏸️  Sleep 5min

🔍 Scanning (improved filters)...
⏸️  Sleep 5min

