
🔍 PRANA v4.0 - DYNAMIC TP/SL SCANNER
==================================================
💰 Balance: 0.0475 SOL
📊 Market cache updated: F&G 8, Vol 10.00%

🔎 Scanning DexScreener trending...
📊 Found 0 candidates

==================================================
✅ Scan complete


🔍 PRANA v4.0 - DYNAMIC TP/SL SCANNER
==================================================
💰 Balance: 0.0475 SOL
📊 Market cache updated: F&G 8, Vol 10.00%

🔎 Scanning DexScreener trending...
📊 Found 0 candidates

==================================================
✅ Scan complete


🔍 PRANA v4.0 - DYNAMIC TP/SL SCANNER
==================================================
💰 Balance: 0.0475 SOL
📊 Market cache updated: F&G 8, Vol 10.00%

🔎 Scanning DexScreener trending...
📊 Found 0 candidates

==================================================
✅ Scan complete


🔍 PRANA v4.0 - DYNAMIC TP/SL SCANNER
==================================================
💰 Balance: 0.0475 SOL
📊 Market cache updated: F&G 8, Vol 10.00%

🔎 Scanning DexScreener trending...
📊 Found 0 candidates

==================================================
✅ Scan complete


🔍 PRANA v4.0 - DYNAMIC TP/SL SCANNER
==================================================
💰 Balance: 0.0475 SOL
📊 Market cache updated: F&G 8, Vol 10.00%

🔎 Scanning DexScreener trending...
📊 Found 0 candidates

==================================================
✅ Scan complete


🔍 PRANA v4.0 - DYNAMIC TP/SL SCANNER
==================================================
💰 Balance: 0.0475 SOL
📊 Market cache updated: F&G 8, Vol 10.00%

🔎 Scanning DexScreener trending...
📊 Found 0 candidates

==================================================
✅ Scan complete


🔍 PRANA v4.0 - DYNAMIC TP/SL SCANNER
==================================================
💰 Balance: 0.0475 SOL
📊 Market cache updated: F&G 8, Vol 10.00%

🔎 Scanning DexScreener trending...
📊 Found 0 candidates

==================================================
✅ Scan complete


🔍 PRANA v4.0 - DYNAMIC TP/SL SCANNER
==================================================
💰 Balance: 0.0475 SOL
📊 Market cache updated: F&G 8, Vol 10.00%

🔎 Scanning DexScreener trending...
📊 Found 0 candidates

==================================================
✅ Scan complete


🔍 PRANA v4.0 - DYNAMIC TP/SL SCANNER
==================================================
💰 Balance: 0.0475 SOL
📊 Market cache updated: F&G 8, Vol 10.00%

🔎 Scanning DexScreener trending...
📊 Found 0 candidates

==================================================
✅ Scan complete


🔍 PRANA v4.0 - DYNAMIC TP/SL SCANNER
==================================================
💰 Balance: 0.0475 SOL
📊 Market cache updated: F&G 8, Vol 10.00%

🔎 Scanning DexScreener trending...
📊 Found 0 candidates

==================================================
✅ Scan complete


🔍 PRANA v4.0 - DYNAMIC TP/SL SCANNER
==================================================
💰 Balance: 0.0475 SOL
📊 Market cache updated: F&G 8, Vol 10.00%

🔎 Scanning DexScreener trending...
📊 Found 0 candidates

==================================================
✅ Scan complete


🔍 PRANA v4.0 - DYNAMIC TP/SL SCANNER
==================================================
💰 Balance: 0.0475 SOL
📊 Market cache updated: F&G 8, Vol 10.00%

🔎 Scanning DexScreener trending...
📊 Found 0 candidates

==================================================
✅ Scan complete


🔍 PRANA v4.0 - DYNAMIC TP/SL SCANNER
==================================================
💰 Balance: 0.0475 SOL
📊 Market cache updated: F&G 8, Vol 10.00%

🔎 Scanning DexScreener trending...
📊 Found 0 candidates

==================================================
✅ Scan complete


🔍 PRANA v4.0 - DYNAMIC TP/SL SCANNER
==================================================
💰 Balance: 0.0475 SOL
📊 Market cache updated: F&G 8, Vol 10.00%

🔎 Scanning DexScreener trending...
📊 Found 0 candidates

==================================================
✅ Scan complete


🔍 PRANA v4.0 - DYNAMIC TP/SL SCANNER
==================================================
💰 Balance: 0.0475 SOL
📊 Market cache updated: F&G 8, Vol 10.00%

🔎 Scanning DexScreener trending...
📊 Found 0 candidates

==================================================
✅ Scan complete


🔍 PRANA v4.0 - DYNAMIC TP/SL SCANNER
==================================================
💰 Balance: 0.0475 SOL
📊 Market cache updated: F&G 8, Vol 10.00%

🔎 Scanning DexScreener trending...
📊 Found 0 candidates

==================================================
✅ Scan complete


🔍 PRANA v4.0 - DYNAMIC TP/SL SCANNER
==================================================
💰 Balance: 0.0475 SOL
📊 Market cache updated: F&G 8, Vol 10.00%

🔎 Scanning DexScreener trending...
📊 Found 0 candidates

==================================================
✅ Scan complete


🔍 PRANA v4.0 - DYNAMIC TP/SL SCANNER
==================================================
💰 Balance: 0.0475 SOL
📊 Market cache updated: F&G 8, Vol 10.00%

🔎 Scanning DexScreener trending...
📊 Found 0 candidates

==================================================
✅ Scan complete


🔍 PRANA v4.0 - DYNAMIC TP/SL SCANNER
==================================================
💰 Balance: 0.0475 SOL
📊 Market cache updated: F&G 8, Vol 10.00%

🔎 Scanning DexScreener trending...
📊 Found 0 candidates

==================================================
✅ Scan complete


🔍 PRANA v4.0 - DYNAMIC TP/SL SCANNER
==================================================
💰 Balance: 0.0475 SOL
📊 Market cache updated: F&G 8, Vol 10.00%

🔎 Scanning DexScreener trending...
📊 Found 0 candidates

==================================================
✅ Scan complete


🔍 PRANA v4.0 - DYNAMIC TP/SL SCANNER
==================================================
💰 Balance: 0.0475 SOL
📊 Market cache updated: F&G 8, Vol 10.00%

🔎 Scanning DexScreener trending...
📊 Found 0 candidates

==================================================
✅ Scan complete


🔍 PRANA v4.0 - DYNAMIC TP/SL SCANNER
==================================================
💰 Balance: 0.0475 SOL
📊 Market cache updated: F&G 8, Vol 10.00%

🔎 Scanning DexScreener trending...
📊 Found 0 candidates

==================================================
✅ Scan complete


🔍 PRANA v4.0 - DYNAMIC TP/SL SCANNER
==================================================
💰 Balance: 0.0475 SOL
📊 Market cache updated: F&G 8, Vol 10.00%

🔎 Scanning DexScreener trending...
📊 Found 0 candidates

==================================================
✅ Scan complete


🔍 PRANA v4.0 - DYNAMIC TP/SL SCANNER
==================================================
💰 Balance: 0.1475 SOL
📊 Market cache updated: F&G 8, Vol 10.00%

🔎 Scanning DexScreener trending...
📊 Found 0 candidates

==================================================
✅ Scan complete


🔍 PRANA v4.0 - DYNAMIC TP/SL SCANNER
==================================================
💰 Balance: 0.1475 SOL
📊 Market cache updated: F&G 8, Vol 10.00%

🔎 Scanning DexScreener trending...
📊 Found 0 candidates

==================================================
✅ Scan complete


🔍 PRANA v4.0 - DYNAMIC TP/SL SCANNER
==================================================
💰 Balance: 0.1475 SOL
📊 Market cache updated: F&G 8, Vol 10.00%

🔎 Scanning DexScreener trending...
📊 Found 0 candidates

==================================================
✅ Scan complete


🔍 PRANA v4.0 - DYNAMIC TP/SL SCANNER
==================================================
💰 Balance: 0.1475 SOL
📊 Market cache updated: F&G 8, Vol 10.00%

🔎 Scanning DexScreener trending...
📊 Found 0 candidates

==================================================
✅ Scan complete


🔍 PRANA v4.0 - DYNAMIC TP/SL SCANNER
==================================================
💰 Balance: 0.1633 SOL
📊 Market cache updated: F&G 8, Vol 10.00%

🔎 Scanning DexScreener trending...
📊 Found 0 candidates

==================================================
✅ Scan complete


🔍 PRANA v4.0 - DYNAMIC TP/SL SCANNER
==================================================
💰 Balance: 0.1633 SOL
📊 Market cache updated: F&G 8, Vol 10.00%

🔎 Scanning DexScreener trending...
📊 Found 0 candidates

==================================================
✅ Scan complete


🔍 PRANA v4.0 - DYNAMIC TP/SL SCANNER
==================================================
💰 Balance: 0.1633 SOL
📊 Market cache updated: F&G 8, Vol 10.00%

🔎 Scanning DexScreener trending...
📊 Found 0 candidates

==================================================
✅ Scan complete


🔍 PRANA v4.0 - DYNAMIC TP/SL SCANNER
==================================================
💰 Balance: 0.1633 SOL
📊 Market cache updated: F&G 8, Vol 10.00%

🔎 Scanning DexScreener trending...
📊 Found 0 candidates

==================================================
✅ Scan complete


🔍 PRANA v4.0 - DYNAMIC TP/SL SCANNER
==================================================
💰 Balance: 0.1633 SOL
📊 Market cache updated: F&G 8, Vol 10.00%

🔎 Scanning DexScreener trending...
📊 Found 0 candidates

==================================================
✅ Scan complete


🔍 PRANA v4.0 - DYNAMIC TP/SL SCANNER
==================================================
💰 Balance: 0.1633 SOL
📊 Market cache updated: F&G 8, Vol 10.00%

🔎 Scanning DexScreener trending...
📊 Found 0 candidates

==================================================
✅ Scan complete


🔍 PRANA v4.0 - DYNAMIC TP/SL SCANNER
==================================================
💰 Balance: 0.1633 SOL
📊 Market cache updated: F&G 8, Vol 10.00%

🔎 Scanning DexScreener trending...
📊 Found 0 candidates

==================================================
✅ Scan complete


🔍 PRANA v4.0 - DYNAMIC TP/SL SCANNER
==================================================
💰 Balance: 0.1633 SOL
📊 Market cache updated: F&G 8, Vol 10.00%

🔎 Scanning DexScreener trending...
📊 Found 0 candidates

==================================================
✅ Scan complete


🔍 PRANA v4.0 - DYNAMIC TP/SL SCANNER
==================================================
💰 Balance: 0.1633 SOL
📊 Market cache updated: F&G 8, Vol 10.00%

🔎 Scanning trending tokens (Paper Trader v3.1 method)...
📊 Found 15 candidates

🔍 Checking: AI
  📊 Score: 10/10 | Age: 200m
  🔒 Honeypot test...
  ⚠️  Jupiter API rate limited (HTML response)
  ⚠️  HONEYPOT DETECTED: API rate limited - skip for safety

🔍 Checking: APE
  📊 Score: 7/10 | Age: 62m
  🔒 Honeypot test...
  ⚠️  Jupiter API rate limited (HTML response)
  ⚠️  HONEYPOT DETECTED: API rate limited - skip for safety

🔍 Checking: Mibae
  📊 Score: 8/10 | Age: 85m
  🔒 Honeypot test...
  ⚠️  Jupiter API rate limited (HTML response)
  ⚠️  HONEYPOT DETECTED: API rate limited - skip for safety

🔍 Checking: Quentin
  📊 Score: 8/10 | Age: 106m
  🔒 Honeypot test...
  ⚠️  Jupiter API rate limited (HTML response)
  ⚠️  HONEYPOT DETECTED: API rate limited - skip for safety

🔍 Checking: THB
  📊 Score: 8/10 | Age: 40m
  🔒 Honeypot test...
  ⚠️  Jupiter API rate limited (HTML response)
  ⚠️  HONEYPOT DETECTED: API rate limited - skip for safety

🔍 Checking: Monkey
  📊 Score: 6/10 | Age: 73m
  🔒 Honeypot test...
  ⚠️  Jupiter API rate limited (HTML response)
  ⚠️  HONEYPOT DETECTED: API rate limited - skip for safety

🔍 Checking: ANN
  📊 Score: 6/10 | Age: 63m
  🔒 Honeypot test...
  ⚠️  Jupiter API rate limited (HTML response)
  ⚠️  HONEYPOT DETECTED: API rate limited - skip for safety

🔍 Checking: Momiage
  📊 Score: 8/10 | Age: 84m
  🔒 Honeypot test...
  ⚠️  Jupiter API rate limited (HTML response)
  ⚠️  HONEYPOT DETECTED: API rate limited - skip for safety

🔍 Checking: munkey
  📊 Score: 6/10 | Age: 49m
  🔒 Honeypot test...
  ⚠️  Jupiter API rate limited (HTML response)
  ⚠️  HONEYPOT DETECTED: API rate limited - skip for safety

🔍 Checking: 鹿野紘佑
  ⏭️  Too young: 5 min (need 30)

🔍 Checking: AGREE
  📊 Score: 8/10 | Age: 187m
  🔒 Honeypot test...
  ⚠️  Jupiter API rate limited (HTML response)
  ⚠️  HONEYPOT DETECTED: API rate limited - skip for safety

🔍 Checking: XingXing
  ⏭️  Too young: 12 min (need 30)

🔍 Checking: Teddy
  📊 Score: 5/10 | Age: 76m
  ⏭️  Score too low (5 < 6)

🔍 Checking: EDEN
  ⏭️  Too young: 12 min (need 30)

🔍 Checking: LARRY
  📊 Score: 7/10 | Age: 81m
  🔒 Honeypot test...
  ⚠️  Jupiter API rate limited (HTML response)
  ⚠️  HONEYPOT DETECTED: API rate limited - skip for safety

==================================================
✅ Scan complete


🔍 PRANA v4.0 - DYNAMIC TP/SL SCANNER
==================================================
💰 Balance: 0.1633 SOL
📊 Min Score Threshold: 6 (adaptive)
📊 Market cache updated: F&G 8, Vol 10.00%

🔎 Scanning trending tokens (Paper Trader v3.1 method)...
📊 Found 0 candidates

==================================================
✅ Scan complete


🔍 PRANA v4.0 - DYNAMIC TP/SL SCANNER
==================================================
💰 Balance: 0.1633 SOL
📊 Min Score Threshold: 6 (adaptive)
📊 Market cache updated: F&G 8, Vol 10.00%

🔎 Scanning trending tokens (Paper Trader v3.1 method)...
📊 Found 0 candidates

==================================================
✅ Scan complete

❌ Failed to load wallet: bad secret key size
🔑 Wallet loaded: EKbhgJrxCL93cBkENoS7...

🔍 PRANA v4.0 - DYNAMIC TP/SL SCANNER
==================================================
💰 Balance: 0.1633 SOL
📊 Min Score Threshold: 6 (adaptive)
📊 Market cache updated: F&G 8, Vol 10.00%

🔎 Scanning trending tokens (Paper Trader v3.1 method)...
📊 Found 0 candidates

==================================================
✅ Scan complete

🔑 Wallet loaded: EKbhgJrxCL93cBkENoS7...

🔍 PRANA v4.0 - DYNAMIC TP/SL SCANNER
==================================================
💰 Balance: 0.1633 SOL
📊 Min Score Threshold: 6 (adaptive)
Fear & Greed fetch error: request to https://api.alternative.me/fng/ failed, reason: read ECONNRESET
📊 Market cache updated: F&G 50, Vol 10.00%

🔎 Scanning trending tokens (Paper Trader v3.1 method)...
📊 Found 0 candidates

==================================================
✅ Scan complete

🔑 Wallet loaded: EKbhgJrxCL93cBkENoS7...

🔍 PRANA v4.0 - DYNAMIC TP/SL SCANNER
==================================================
💰 Balance: 0.1633 SOL
📊 Min Score Threshold: 6 (adaptive)
📊 Market cache updated: F&G 8, Vol 10.00%

🔎 Scanning trending tokens (Paper Trader v3.1 method)...
📊 Found 0 candidates

==================================================
✅ Scan complete

🔑 Wallet loaded: EKbhgJrxCL93cBkENoS7...

🔍 PRANA v4.0 - DYNAMIC TP/SL SCANNER
==================================================
💰 Balance: 0.1633 SOL
📊 Min Score Threshold: 6 (adaptive)
📊 Market cache updated: F&G 8, Vol 10.00%

🔎 Scanning trending tokens (Paper Trader v3.1 method)...
📊 Found 0 candidates

==================================================
✅ Scan complete

🔑 Wallet loaded: EKbhgJrxCL93cBkENoS7...

🔍 PRANA v4.0 - DYNAMIC TP/SL SCANNER
==================================================
💰 Balance: 0.1633 SOL
📊 Min Score Threshold: 6 (adaptive)
📊 Market cache updated: F&G 8, Vol 10.00%

🔎 Scanning trending tokens (Paper Trader v3.1 method)...
📊 Found 0 candidates

==================================================
✅ Scan complete

🔑 Wallet loaded: EKbhgJrxCL93cBkENoS7...

🔍 PRANA v4.0 - DYNAMIC TP/SL SCANNER
==================================================
💰 Balance: 0.1633 SOL
📊 Min Score Threshold: 6 (adaptive)
📊 Market cache updated: F&G 8, Vol 10.00%

🔎 Scanning trending tokens (Paper Trader v3.1 method)...
📊 Found 0 candidates

==================================================
✅ Scan complete

🔑 Wallet loaded: EKbhgJrxCL93cBkENoS7...

🔍 PRANA v4.0 - DYNAMIC TP/SL SCANNER
==================================================
💰 Balance: 0.1633 SOL
📊 Min Score Threshold: 6 (adaptive)
📊 Market cache updated: F&G 8, Vol 10.00%

🔎 Scanning trending tokens (Paper Trader v3.1 method)...
📊 Found 0 candidates

==================================================
✅ Scan complete

🔑 Wallet loaded: EKbhgJrxCL93cBkENoS7...

🔍 PRANA v4.0 - DYNAMIC TP/SL SCANNER
==================================================
💰 Balance: 0.1633 SOL
📊 Min Score Threshold: 6 (adaptive)
📊 Market cache updated: F&G 8, Vol 10.00%

🔎 Scanning trending tokens (Paper Trader v3.1 method)...
📊 Found 0 candidates

==================================================
✅ Scan complete

🔑 Wallet loaded: EKbhgJrxCL93cBkENoS7...

🔍 PRANA v4.0 - DYNAMIC TP/SL SCANNER
==================================================
💰 Balance: 0.1633 SOL
📊 Min Score Threshold: 6 (adaptive)
📊 Market cache updated: F&G 8, Vol 10.00%

🔎 Scanning trending tokens (Paper Trader v3.1 method)...
📊 Found 0 candidates

==================================================
✅ Scan complete

🔑 Wallet loaded: EKbhgJrxCL93cBkENoS7...

🔍 PRANA v4.0 - DYNAMIC TP/SL SCANNER
==================================================
💰 Balance: 0.1633 SOL
📊 Min Score Threshold: 6 (adaptive)
📊 Market cache updated: F&G 8, Vol 10.00%

🔎 Scanning trending tokens (Paper Trader v3.1 method)...
📊 Found 0 candidates

==================================================
✅ Scan complete

🔑 Wallet loaded: EKbhgJrxCL93cBkENoS7...

🔍 PRANA v4.0 - DYNAMIC TP/SL SCANNER
==================================================
💰 Balance: 0.1633 SOL
📊 Min Score Threshold: 6 (adaptive)
📊 Market cache updated: F&G 8, Vol 10.00%

🔎 Scanning trending tokens (Paper Trader v3.1 method)...
📊 Found 0 candidates

==================================================
✅ Scan complete

🔑 Wallet loaded: EKbhgJrxCL93cBkENoS7...

🔍 PRANA v4.0 - DYNAMIC TP/SL SCANNER
==================================================
💰 Balance: 0.1633 SOL
📊 Min Score Threshold: 6 (adaptive)
📊 Market cache updated: F&G 8, Vol 10.00%

🔎 Scanning trending tokens (Paper Trader v3.1 method)...
📊 Found 0 candidates

==================================================
✅ Scan complete

🔑 Wallet loaded: EKbhgJrxCL93cBkENoS7...

🔍 PRANA v4.0 - DYNAMIC TP/SL SCANNER
==================================================
💰 Balance: 0.1633 SOL
📊 Min Score Threshold: 6 (adaptive)
📊 Market cache updated: F&G 8, Vol 10.00%

🔎 Scanning trending tokens (Paper Trader v3.1 method)...
📊 Found 0 candidates

==================================================
✅ Scan complete

/root/trading-bot/prana-live-trader-v4-dynamic.js:26
  MIN_SCORE: ADAPTIVE_CONFIG.adaptiveThresholds.liveTrader.currentThreshold,
                                                           ^

TypeError: Cannot read properties of undefined (reading 'currentThreshold')
    at Object.<anonymous> (/root/trading-bot/prana-live-trader-v4-dynamic.js:26:60)
    at Module._compile (node:internal/modules/cjs/loader:1706:14)
    at Object..js (node:internal/modules/cjs/loader:1839:10)
    at Module.load (node:internal/modules/cjs/loader:1441:32)
    at Function._load (node:internal/modules/cjs/loader:1263:12)
    at TracingChannel.traceSync (node:diagnostics_channel:328:14)
    at wrapModuleLoad (node:internal/modules/cjs/loader:237:24)
    at Function.executeUserEntryPoint [as runMain] (node:internal/modules/run_main:171:5)
    at node:internal/main/run_main_module:36:49

Node.js v22.22.0
/root/trading-bot/prana-live-trader-v4-dynamic.js:26
  MIN_SCORE: ADAPTIVE_CONFIG.adaptiveThresholds.liveTrader.currentThreshold,
                                                           ^

TypeError: Cannot read properties of undefined (reading 'currentThreshold')
    at Object.<anonymous> (/root/trading-bot/prana-live-trader-v4-dynamic.js:26:60)
    at Module._compile (node:internal/modules/cjs/loader:1706:14)
    at Object..js (node:internal/modules/cjs/loader:1839:10)
    at Module.load (node:internal/modules/cjs/loader:1441:32)
    at Function._load (node:internal/modules/cjs/loader:1263:12)
    at TracingChannel.traceSync (node:diagnostics_channel:328:14)
    at wrapModuleLoad (node:internal/modules/cjs/loader:237:24)
    at Function.executeUserEntryPoint [as runMain] (node:internal/modules/run_main:171:5)
    at node:internal/main/run_main_module:36:49

Node.js v22.22.0
/root/trading-bot/prana-live-trader-v4-dynamic.js:26
  MIN_SCORE: ADAPTIVE_CONFIG.adaptiveThresholds.liveTrader.currentThreshold,
                                                           ^

TypeError: Cannot read properties of undefined (reading 'currentThreshold')
    at Object.<anonymous> (/root/trading-bot/prana-live-trader-v4-dynamic.js:26:60)
    at Module._compile (node:internal/modules/cjs/loader:1706:14)
    at Object..js (node:internal/modules/cjs/loader:1839:10)
    at Module.load (node:internal/modules/cjs/loader:1441:32)
    at Function._load (node:internal/modules/cjs/loader:1263:12)
    at TracingChannel.traceSync (node:diagnostics_channel:328:14)
    at wrapModuleLoad (node:internal/modules/cjs/loader:237:24)
    at Function.executeUserEntryPoint [as runMain] (node:internal/modules/run_main:171:5)
    at node:internal/main/run_main_module:36:49

Node.js v22.22.0
/root/trading-bot/prana-live-trader-v4-dynamic.js:26
  MIN_SCORE: ADAPTIVE_CONFIG.adaptiveThresholds.liveTrader.currentThreshold,
                                                           ^

TypeError: Cannot read properties of undefined (reading 'currentThreshold')
    at Object.<anonymous> (/root/trading-bot/prana-live-trader-v4-dynamic.js:26:60)
    at Module._compile (node:internal/modules/cjs/loader:1706:14)
    at Object..js (node:internal/modules/cjs/loader:1839:10)
    at Module.load (node:internal/modules/cjs/loader:1441:32)
    at Function._load (node:internal/modules/cjs/loader:1263:12)
    at TracingChannel.traceSync (node:diagnostics_channel:328:14)
    at wrapModuleLoad (node:internal/modules/cjs/loader:237:24)
    at Function.executeUserEntryPoint [as runMain] (node:internal/modules/run_main:171:5)
    at node:internal/main/run_main_module:36:49

Node.js v22.22.0
/root/trading-bot/prana-live-trader-v4-dynamic.js:26
  MIN_SCORE: ADAPTIVE_CONFIG.adaptiveThresholds.liveTrader.currentThreshold,
                                                           ^

TypeError: Cannot read properties of undefined (reading 'currentThreshold')
    at Object.<anonymous> (/root/trading-bot/prana-live-trader-v4-dynamic.js:26:60)
    at Module._compile (node:internal/modules/cjs/loader:1706:14)
    at Object..js (node:internal/modules/cjs/loader:1839:10)
    at Module.load (node:internal/modules/cjs/loader:1441:32)
    at Function._load (node:internal/modules/cjs/loader:1263:12)
    at TracingChannel.traceSync (node:diagnostics_channel:328:14)
    at wrapModuleLoad (node:internal/modules/cjs/loader:237:24)
    at Function.executeUserEntryPoint [as runMain] (node:internal/modules/run_main:171:5)
    at node:internal/main/run_main_module:36:49

Node.js v22.22.0
/root/trading-bot/prana-live-trader-v4-dynamic.js:26
  MIN_SCORE: ADAPTIVE_CONFIG.adaptiveThresholds.liveTrader.currentThreshold,
                                                           ^

TypeError: Cannot read properties of undefined (reading 'currentThreshold')
    at Object.<anonymous> (/root/trading-bot/prana-live-trader-v4-dynamic.js:26:60)
    at Module._compile (node:internal/modules/cjs/loader:1706:14)
    at Object..js (node:internal/modules/cjs/loader:1839:10)
    at Module.load (node:internal/modules/cjs/loader:1441:32)
    at Function._load (node:internal/modules/cjs/loader:1263:12)
    at TracingChannel.traceSync (node:diagnostics_channel:328:14)
    at wrapModuleLoad (node:internal/modules/cjs/loader:237:24)
    at Function.executeUserEntryPoint [as runMain] (node:internal/modules/run_main:171:5)
    at node:internal/main/run_main_module:36:49

Node.js v22.22.0
/root/trading-bot/prana-live-trader-v4-dynamic.js:26
  MIN_SCORE: ADAPTIVE_CONFIG.adaptiveThresholds.liveTrader.currentThreshold,
                                                           ^

TypeError: Cannot read properties of undefined (reading 'currentThreshold')
    at Object.<anonymous> (/root/trading-bot/prana-live-trader-v4-dynamic.js:26:60)
    at Module._compile (node:internal/modules/cjs/loader:1706:14)
    at Object..js (node:internal/modules/cjs/loader:1839:10)
    at Module.load (node:internal/modules/cjs/loader:1441:32)
    at Function._load (node:internal/modules/cjs/loader:1263:12)
    at TracingChannel.traceSync (node:diagnostics_channel:328:14)
    at wrapModuleLoad (node:internal/modules/cjs/loader:237:24)
    at Function.executeUserEntryPoint [as runMain] (node:internal/modules/run_main:171:5)
    at node:internal/main/run_main_module:36:49

Node.js v22.22.0
/root/trading-bot/prana-live-trader-v4-dynamic.js:26
  MIN_SCORE: ADAPTIVE_CONFIG.adaptiveThresholds.liveTrader.currentThreshold,
                                                           ^

TypeError: Cannot read properties of undefined (reading 'currentThreshold')
    at Object.<anonymous> (/root/trading-bot/prana-live-trader-v4-dynamic.js:26:60)
    at Module._compile (node:internal/modules/cjs/loader:1706:14)
    at Object..js (node:internal/modules/cjs/loader:1839:10)
    at Module.load (node:internal/modules/cjs/loader:1441:32)
    at Function._load (node:internal/modules/cjs/loader:1263:12)
    at TracingChannel.traceSync (node:diagnostics_channel:328:14)
    at wrapModuleLoad (node:internal/modules/cjs/loader:237:24)
    at Function.executeUserEntryPoint [as runMain] (node:internal/modules/run_main:171:5)
    at node:internal/main/run_main_module:36:49

Node.js v22.22.0
/root/trading-bot/prana-live-trader-v4-dynamic.js:26
  MIN_SCORE: ADAPTIVE_CONFIG.adaptiveThresholds.liveTrader.currentThreshold,
                                                           ^

TypeError: Cannot read properties of undefined (reading 'currentThreshold')
    at Object.<anonymous> (/root/trading-bot/prana-live-trader-v4-dynamic.js:26:60)
    at Module._compile (node:internal/modules/cjs/loader:1706:14)
    at Object..js (node:internal/modules/cjs/loader:1839:10)
    at Module.load (node:internal/modules/cjs/loader:1441:32)
    at Function._load (node:internal/modules/cjs/loader:1263:12)
    at TracingChannel.traceSync (node:diagnostics_channel:328:14)
    at wrapModuleLoad (node:internal/modules/cjs/loader:237:24)
    at Function.executeUserEntryPoint [as runMain] (node:internal/modules/run_main:171:5)
    at node:internal/main/run_main_module:36:49

Node.js v22.22.0
/root/trading-bot/prana-live-trader-v4-dynamic.js:26
  MIN_SCORE: ADAPTIVE_CONFIG.adaptiveThresholds.liveTrader.currentThreshold,
                                                           ^

TypeError: Cannot read properties of undefined (reading 'currentThreshold')
    at Object.<anonymous> (/root/trading-bot/prana-live-trader-v4-dynamic.js:26:60)
    at Module._compile (node:internal/modules/cjs/loader:1706:14)
    at Object..js (node:internal/modules/cjs/loader:1839:10)
    at Module.load (node:internal/modules/cjs/loader:1441:32)
    at Function._load (node:internal/modules/cjs/loader:1263:12)
    at TracingChannel.traceSync (node:diagnostics_channel:328:14)
    at wrapModuleLoad (node:internal/modules/cjs/loader:237:24)
    at Function.executeUserEntryPoint [as runMain] (node:internal/modules/run_main:171:5)
    at node:internal/main/run_main_module:36:49

Node.js v22.22.0
/root/trading-bot/prana-live-trader-v4-dynamic.js:26
  MIN_SCORE: ADAPTIVE_CONFIG.adaptiveThresholds.liveTrader.currentThreshold,
                                                           ^

TypeError: Cannot read properties of undefined (reading 'currentThreshold')
    at Object.<anonymous> (/root/trading-bot/prana-live-trader-v4-dynamic.js:26:60)
    at Module._compile (node:internal/modules/cjs/loader:1706:14)
    at Object..js (node:internal/modules/cjs/loader:1839:10)
    at Module.load (node:internal/modules/cjs/loader:1441:32)
    at Function._load (node:internal/modules/cjs/loader:1263:12)
    at TracingChannel.traceSync (node:diagnostics_channel:328:14)
    at wrapModuleLoad (node:internal/modules/cjs/loader:237:24)
    at Function.executeUserEntryPoint [as runMain] (node:internal/modules/run_main:171:5)
    at node:internal/main/run_main_module:36:49

Node.js v22.22.0
/root/trading-bot/prana-live-trader-v4-dynamic.js:26
  MIN_SCORE: ADAPTIVE_CONFIG.adaptiveThresholds.liveTrader.currentThreshold,
                                                           ^

TypeError: Cannot read properties of undefined (reading 'currentThreshold')
    at Object.<anonymous> (/root/trading-bot/prana-live-trader-v4-dynamic.js:26:60)
    at Module._compile (node:internal/modules/cjs/loader:1706:14)
    at Object..js (node:internal/modules/cjs/loader:1839:10)
    at Module.load (node:internal/modules/cjs/loader:1441:32)
    at Function._load (node:internal/modules/cjs/loader:1263:12)
    at TracingChannel.traceSync (node:diagnostics_channel:328:14)
    at wrapModuleLoad (node:internal/modules/cjs/loader:237:24)
    at Function.executeUserEntryPoint [as runMain] (node:internal/modules/run_main:171:5)
    at node:internal/main/run_main_module:36:49

Node.js v22.22.0
/root/trading-bot/prana-live-trader-v4-dynamic.js:26
  MIN_SCORE: ADAPTIVE_CONFIG.adaptiveThresholds.liveTrader.currentThreshold,
                                                           ^

TypeError: Cannot read properties of undefined (reading 'currentThreshold')
    at Object.<anonymous> (/root/trading-bot/prana-live-trader-v4-dynamic.js:26:60)
    at Module._compile (node:internal/modules/cjs/loader:1706:14)
    at Object..js (node:internal/modules/cjs/loader:1839:10)
    at Module.load (node:internal/modules/cjs/loader:1441:32)
    at Function._load (node:internal/modules/cjs/loader:1263:12)
    at TracingChannel.traceSync (node:diagnostics_channel:328:14)
    at wrapModuleLoad (node:internal/modules/cjs/loader:237:24)
    at Function.executeUserEntryPoint [as runMain] (node:internal/modules/run_main:171:5)
    at node:internal/main/run_main_module:36:49

Node.js v22.22.0
/root/trading-bot/prana-live-trader-v4-dynamic.js:26
  MIN_SCORE: ADAPTIVE_CONFIG.adaptiveThresholds.liveTrader.currentThreshold,
                                                           ^

TypeError: Cannot read properties of undefined (reading 'currentThreshold')
    at Object.<anonymous> (/root/trading-bot/prana-live-trader-v4-dynamic.js:26:60)
    at Module._compile (node:internal/modules/cjs/loader:1706:14)
    at Object..js (node:internal/modules/cjs/loader:1839:10)
    at Module.load (node:internal/modules/cjs/loader:1441:32)
    at Function._load (node:internal/modules/cjs/loader:1263:12)
    at TracingChannel.traceSync (node:diagnostics_channel:328:14)
    at wrapModuleLoad (node:internal/modules/cjs/loader:237:24)
    at Function.executeUserEntryPoint [as runMain] (node:internal/modules/run_main:171:5)
    at node:internal/main/run_main_module:36:49

Node.js v22.22.0
/root/trading-bot/prana-live-trader-v4-dynamic.js:26
  MIN_SCORE: ADAPTIVE_CONFIG.adaptiveThresholds.liveTrader.currentThreshold,
                                                           ^

TypeError: Cannot read properties of undefined (reading 'currentThreshold')
    at Object.<anonymous> (/root/trading-bot/prana-live-trader-v4-dynamic.js:26:60)
    at Module._compile (node:internal/modules/cjs/loader:1706:14)
    at Object..js (node:internal/modules/cjs/loader:1839:10)
    at Module.load (node:internal/modules/cjs/loader:1441:32)
    at Function._load (node:internal/modules/cjs/loader:1263:12)
    at TracingChannel.traceSync (node:diagnostics_channel:328:14)
    at wrapModuleLoad (node:internal/modules/cjs/loader:237:24)
    at Function.executeUserEntryPoint [as runMain] (node:internal/modules/run_main:171:5)
    at node:internal/main/run_main_module:36:49

Node.js v22.22.0
/root/trading-bot/prana-live-trader-v4-dynamic.js:26
  MIN_SCORE: ADAPTIVE_CONFIG.adaptiveThresholds.liveTrader.currentThreshold,
                                                           ^

TypeError: Cannot read properties of undefined (reading 'currentThreshold')
    at Object.<anonymous> (/root/trading-bot/prana-live-trader-v4-dynamic.js:26:60)
    at Module._compile (node:internal/modules/cjs/loader:1706:14)
    at Object..js (node:internal/modules/cjs/loader:1839:10)
    at Module.load (node:internal/modules/cjs/loader:1441:32)
    at Function._load (node:internal/modules/cjs/loader:1263:12)
    at TracingChannel.traceSync (node:diagnostics_channel:328:14)
    at wrapModuleLoad (node:internal/modules/cjs/loader:237:24)
    at Function.executeUserEntryPoint [as runMain] (node:internal/modules/run_main:171:5)
    at node:internal/main/run_main_module:36:49

Node.js v22.22.0
/root/trading-bot/prana-live-trader-v4-dynamic.js:26
  MIN_SCORE: ADAPTIVE_CONFIG.adaptiveThresholds.liveTrader.currentThreshold,
                                                           ^

TypeError: Cannot read properties of undefined (reading 'currentThreshold')
    at Object.<anonymous> (/root/trading-bot/prana-live-trader-v4-dynamic.js:26:60)
    at Module._compile (node:internal/modules/cjs/loader:1706:14)
    at Object..js (node:internal/modules/cjs/loader:1839:10)
    at Module.load (node:internal/modules/cjs/loader:1441:32)
    at Function._load (node:internal/modules/cjs/loader:1263:12)
    at TracingChannel.traceSync (node:diagnostics_channel:328:14)
    at wrapModuleLoad (node:internal/modules/cjs/loader:237:24)
    at Function.executeUserEntryPoint [as runMain] (node:internal/modules/run_main:171:5)
    at node:internal/main/run_main_module:36:49

Node.js v22.22.0
/root/trading-bot/prana-live-trader-v4-dynamic.js:26
  MIN_SCORE: ADAPTIVE_CONFIG.adaptiveThresholds.liveTrader.currentThreshold,
                                                           ^

TypeError: Cannot read properties of undefined (reading 'currentThreshold')
    at Object.<anonymous> (/root/trading-bot/prana-live-trader-v4-dynamic.js:26:60)
    at Module._compile (node:internal/modules/cjs/loader:1706:14)
    at Object..js (node:internal/modules/cjs/loader:1839:10)
    at Module.load (node:internal/modules/cjs/loader:1441:32)
    at Function._load (node:internal/modules/cjs/loader:1263:12)
    at TracingChannel.traceSync (node:diagnostics_channel:328:14)
    at wrapModuleLoad (node:internal/modules/cjs/loader:237:24)
    at Function.executeUserEntryPoint [as runMain] (node:internal/modules/run_main:171:5)
    at node:internal/main/run_main_module:36:49

Node.js v22.22.0
/root/trading-bot/prana-live-trader-v4-dynamic.js:26
  MIN_SCORE: ADAPTIVE_CONFIG.adaptiveThresholds.liveTrader.currentThreshold,
                                                           ^

TypeError: Cannot read properties of undefined (reading 'currentThreshold')
    at Object.<anonymous> (/root/trading-bot/prana-live-trader-v4-dynamic.js:26:60)
    at Module._compile (node:internal/modules/cjs/loader:1706:14)
    at Object..js (node:internal/modules/cjs/loader:1839:10)
    at Module.load (node:internal/modules/cjs/loader:1441:32)
    at Function._load (node:internal/modules/cjs/loader:1263:12)
    at TracingChannel.traceSync (node:diagnostics_channel:328:14)
    at wrapModuleLoad (node:internal/modules/cjs/loader:237:24)
    at Function.executeUserEntryPoint [as runMain] (node:internal/modules/run_main:171:5)
    at node:internal/main/run_main_module:36:49

Node.js v22.22.0
🔑 Wallet loaded: EKbhgJrxCL93cBkENoS7...

🔍 PRANA v4.0 - DYNAMIC TP/SL SCANNER
==================================================
💰 Balance: 0.1633 SOL
📊 Min Score Threshold: 7 (adaptive)
📊 Market cache updated: F&G 8, Vol 10.00%

🔎 Scanning trending tokens (Paper Trader v3.1 method)...
📊 Found 0 candidates

==================================================
✅ Scan complete

🔑 Wallet loaded: EKbhgJrxCL93cBkENoS7...

🔍 PRANA v4.0 - DYNAMIC TP/SL SCANNER
==================================================
💰 Balance: 0.1633 SOL
📊 Min Score Threshold: 7 (adaptive)
📊 Market cache updated: F&G 8, Vol 10.00%

🔎 Scanning trending tokens (Paper Trader v3.1 method)...
📊 Found 0 candidates

==================================================
✅ Scan complete

🔑 Wallet loaded: EKbhgJrxCL93cBkENoS7...

🔍 PRANA v4.0 - DYNAMIC TP/SL SCANNER
==================================================
💰 Balance: 0.1633 SOL
📊 Min Score Threshold: 7 (adaptive)
📊 Market cache updated: F&G 8, Vol 10.00%

🔎 Scanning trending tokens (Paper Trader v3.1 method)...
📊 Found 0 candidates

==================================================
✅ Scan complete

🔑 Wallet loaded: EKbhgJrxCL93cBkENoS7...

🔍 PRANA v4.0 - DYNAMIC TP/SL SCANNER
==================================================
💰 Balance: 0.1633 SOL
📊 Min Score Threshold: 7 (adaptive)
📊 Market cache updated: F&G 8, Vol 10.00%

🔎 Scanning trending tokens (Paper Trader v3.1 method)...
📊 Found 0 candidates

==================================================
✅ Scan complete

🔑 Wallet loaded: EKbhgJrxCL93cBkENoS7...

🔍 PRANA v4.0 - DYNAMIC TP/SL SCANNER
==================================================
💰 Balance: 0.1633 SOL
📊 Min Score Threshold: 7 (adaptive)
📊 Market cache updated: F&G 8, Vol 10.00%

🔎 Scanning trending tokens (Paper Trader v3.1 method)...
📊 Found 0 candidates

==================================================
✅ Scan complete

🔑 Wallet loaded: EKbhgJrxCL93cBkENoS7...

🔍 PRANA v4.0 - DYNAMIC TP/SL SCANNER
==================================================
💰 Balance: 0.1633 SOL
📊 Min Score Threshold: 7 (adaptive)
📊 Market cache updated: F&G 8, Vol 10.00%

🔎 Scanning trending tokens (Paper Trader v3.1 method)...
📊 Found 0 candidates

==================================================
✅ Scan complete

🔑 Wallet loaded: EKbhgJrxCL93cBkENoS7...

🔍 PRANA v4.0 - DYNAMIC TP/SL SCANNER
==================================================
💰 Balance: 0.1633 SOL
📊 Min Score Threshold: 7 (adaptive)
📊 Market cache updated: F&G 8, Vol 10.00%

🔎 Scanning trending tokens (Paper Trader v3.1 method)...
📊 Found 0 candidates

==================================================
✅ Scan complete

🔑 Wallet loaded: EKbhgJrxCL93cBkENoS7...

🔍 PRANA v4.0 - DYNAMIC TP/SL SCANNER
==================================================
💰 Balance: 0.1633 SOL
📊 Min Score Threshold: 7 (adaptive)
📊 Market cache updated: F&G 8, Vol 10.00%

🔎 Scanning trending tokens (Paper Trader v3.1 method)...
📊 Found 0 candidates

==================================================
✅ Scan complete

🔑 Wallet loaded: EKbhgJrxCL93cBkENoS7...

🔍 PRANA v4.0 - DYNAMIC TP/SL SCANNER
==================================================
💰 Balance: 0.1411 SOL
📊 Min Score Threshold: 7 (adaptive)
📊 Market cache updated: F&G 8, Vol 10.00%

🔎 Scanning trending tokens (Paper Trader v3.1 method)...
📊 Found 0 candidates

==================================================
✅ Scan complete

🔑 Wallet loaded: EKbhgJrxCL93cBkENoS7...

🔍 PRANA v4.0 - DYNAMIC TP/SL SCANNER
==================================================
💰 Balance: 0.1411 SOL
📊 Min Score Threshold: 7 (adaptive)
📊 Market cache updated: F&G 8, Vol 10.00%

🔎 Scanning trending tokens (Paper Trader v3.1 method)...
📊 Found 0 candidates

==================================================
✅ Scan complete

🔑 Wallet loaded: EKbhgJrxCL93cBkENoS7...

🔍 PRANA v4.0 - DYNAMIC TP/SL SCANNER
==================================================
💰 Balance: 0.1665 SOL
📊 Min Score Threshold: 7 (adaptive)
📊 Market cache updated: F&G 8, Vol 10.00%

🔎 Scanning trending tokens (Paper Trader v3.1 method)...
📊 Found 0 candidates

==================================================
✅ Scan complete

🔑 Wallet loaded: EKbhgJrxCL93cBkENoS7...

🔍 PRANA v4.0 - DYNAMIC TP/SL SCANNER
==================================================
💰 Balance: 0.1725 SOL
📊 Min Score Threshold: 7 (adaptive)
📊 Market cache updated: F&G 8, Vol 10.00%

🔎 Scanning trending tokens (Paper Trader v3.1 method)...
📊 Found 0 candidates

==================================================
✅ Scan complete

🔑 Wallet loaded: EKbhgJrxCL93cBkENoS7...

🔍 PRANA v4.0 - DYNAMIC TP/SL SCANNER
==================================================
💰 Balance: 0.1725 SOL
📊 Min Score Threshold: 7 (adaptive)
📊 Market cache updated: F&G 8, Vol 10.00%

🔎 Scanning trending tokens (Paper Trader v3.1 method)...
📊 Found 0 candidates

==================================================
✅ Scan complete

🔑 Wallet loaded: EKbhgJrxCL93cBkENoS7...

🔍 PRANA v4.0 - DYNAMIC TP/SL SCANNER
==================================================
💰 Balance: 0.1725 SOL
📊 Min Score Threshold: 7 (adaptive)
📊 Market cache updated: F&G 8, Vol 10.00%

🔎 Scanning trending tokens (Paper Trader v3.1 method)...
📊 Found 0 candidates

==================================================
✅ Scan complete

/root/trading-bot/prana-live-trader-v4-dynamic.js:24
  MIN_SCORE: ADAPTIVE_CONFIG.adaptiveThresholds.liveTrader.currentThreshold,
                                                           ^

TypeError: Cannot read properties of undefined (reading 'currentThreshold')
    at Object.<anonymous> (/root/trading-bot/prana-live-trader-v4-dynamic.js:24:60)
    at Module._compile (node:internal/modules/cjs/loader:1706:14)
    at Object..js (node:internal/modules/cjs/loader:1839:10)
    at Module.load (node:internal/modules/cjs/loader:1441:32)
    at Function._load (node:internal/modules/cjs/loader:1263:12)
    at TracingChannel.traceSync (node:diagnostics_channel:328:14)
    at wrapModuleLoad (node:internal/modules/cjs/loader:237:24)
    at Function.executeUserEntryPoint [as runMain] (node:internal/modules/run_main:171:5)
    at node:internal/main/run_main_module:36:49

Node.js v22.22.0
/root/trading-bot/prana-live-trader-v4-dynamic.js:24
  MIN_SCORE: ADAPTIVE_CONFIG.adaptiveThresholds.liveTrader.currentThreshold,
                                                           ^

TypeError: Cannot read properties of undefined (reading 'currentThreshold')
    at Object.<anonymous> (/root/trading-bot/prana-live-trader-v4-dynamic.js:24:60)
    at Module._compile (node:internal/modules/cjs/loader:1706:14)
    at Object..js (node:internal/modules/cjs/loader:1839:10)
    at Module.load (node:internal/modules/cjs/loader:1441:32)
    at Function._load (node:internal/modules/cjs/loader:1263:12)
    at TracingChannel.traceSync (node:diagnostics_channel:328:14)
    at wrapModuleLoad (node:internal/modules/cjs/loader:237:24)
    at Function.executeUserEntryPoint [as runMain] (node:internal/modules/run_main:171:5)
    at node:internal/main/run_main_module:36:49

Node.js v22.22.0
/root/trading-bot/prana-live-trader-v4-dynamic.js:24
  MIN_SCORE: ADAPTIVE_CONFIG.adaptiveThresholds.liveTrader.currentThreshold,
                                                           ^

TypeError: Cannot read properties of undefined (reading 'currentThreshold')
    at Object.<anonymous> (/root/trading-bot/prana-live-trader-v4-dynamic.js:24:60)
    at Module._compile (node:internal/modules/cjs/loader:1706:14)
    at Object..js (node:internal/modules/cjs/loader:1839:10)
    at Module.load (node:internal/modules/cjs/loader:1441:32)
    at Function._load (node:internal/modules/cjs/loader:1263:12)
    at TracingChannel.traceSync (node:diagnostics_channel:328:14)
    at wrapModuleLoad (node:internal/modules/cjs/loader:237:24)
    at Function.executeUserEntryPoint [as runMain] (node:internal/modules/run_main:171:5)
    at node:internal/main/run_main_module:36:49

Node.js v22.22.0
/root/trading-bot/prana-live-trader-v4-dynamic.js:24
  MIN_SCORE: ADAPTIVE_CONFIG.adaptiveThresholds.liveTrader.currentThreshold,
                                                           ^

TypeError: Cannot read properties of undefined (reading 'currentThreshold')
    at Object.<anonymous> (/root/trading-bot/prana-live-trader-v4-dynamic.js:24:60)
    at Module._compile (node:internal/modules/cjs/loader:1706:14)
    at Object..js (node:internal/modules/cjs/loader:1839:10)
    at Module.load (node:internal/modules/cjs/loader:1441:32)
    at Function._load (node:internal/modules/cjs/loader:1263:12)
    at TracingChannel.traceSync (node:diagnostics_channel:328:14)
    at wrapModuleLoad (node:internal/modules/cjs/loader:237:24)
    at Function.executeUserEntryPoint [as runMain] (node:internal/modules/run_main:171:5)
    at node:internal/main/run_main_module:36:49

Node.js v22.22.0
