🔑 Wallet loaded: EKbhgJrxCL93cBkENoS7...
🚀 EXIT MONITOR v5.0 STARTED
📊 Monitoring active positions for TP/SL exits
⏱️  Check interval: 5 seconds

📊 No active positions to monitor
📊 No active positions to monitor
📊 No active positions to monitor
📊 No active positions to monitor
📊 No active positions to monitor
📊 No active positions to monitor
📊 No active positions to monitor
📊 No active positions to monitor
📊 No active positions to monitor
📊 No active positions to monitor
📊 No active positions to monitor
📊 No active positions to monitor
📊 No active positions to monitor
📊 No active positions to monitor
📊 No active positions to monitor
📊 No active positions to monitor
📊 No active positions to monitor
📊 No active positions to monitor
📊 No active positions to monitor
📊 No active positions to monitor
📊 No active positions to monitor
📊 No active positions to monitor
📊 No active positions to monitor
📊 No active positions to monitor
📊 No active positions to monitor
📊 No active positions to monitor
📊 No active positions to monitor
📊 No active positions to monitor
📊 No active positions to monitor
📊 No active positions to monitor
📊 No active positions to monitor
📊 No active positions to monitor
📊 No active positions to monitor
📊 No active positions to monitor
📊 No active positions to monitor
📊 No active positions to monitor
📊 No active positions to monitor
📊 No active positions to monitor
📊 No active positions to monitor
📊 No active positions to monitor
📊 No active positions to monitor
📊 No active positions to monitor
📊 No active positions to monitor
📊 No active positions to monitor
📊 No active positions to monitor
📊 No active positions to monitor
📊 No active positions to monitor
📊 No active positions to monitor
