
============================================================
🛡️  BALANCE GUARDIAN AGENT
============================================================

💰 Current Balance: 0.0000 SOL

📊 ANALYSIS (last 1 min):
   High: 0.0000 SOL
   Current: 0.0000 SOL
   Drop from high: NaN%
   Trend: neutral

✅ Balance healthy - No action needed

============================================================

============================================================
🛡️  BALANCE GUARDIAN AGENT
============================================================

💰 Current Balance: 0.0000 SOL

📊 ANALYSIS (last 6 min):
   High: 0.0000 SOL
   Current: 0.0000 SOL
   Drop from high: NaN%
   Trend: neutral

✅ Balance healthy - No action needed

============================================================

============================================================
🛡️  BALANCE GUARDIAN AGENT
============================================================

============================================================
🛡️  BALANCE GUARDIAN AGENT
============================================================

💰 Current Balance: 0.0000 SOL

📊 ANALYSIS (last 16 min):
   High: 0.0000 SOL
   Current: 0.0000 SOL
   Drop from high: NaN%
   Trend: neutral

✅ Balance healthy - No action needed

============================================================

============================================================
🛡️  BALANCE GUARDIAN AGENT
============================================================

💰 Current Balance: 0.0000 SOL

📊 ANALYSIS (last 21 min):
   High: 0.0000 SOL
   Current: 0.0000 SOL
   Drop from high: NaN%
   Trend: neutral

✅ Balance healthy - No action needed

============================================================

============================================================
🛡️  BALANCE GUARDIAN AGENT
============================================================

============================================================
🛡️  BALANCE GUARDIAN AGENT
============================================================

💰 Current Balance: 0.0000 SOL

📊 ANALYSIS (last 25 min):
   High: 0.0000 SOL
   Current: 0.0000 SOL
   Drop from high: NaN%
   Trend: neutral

✅ Balance healthy - No action needed

============================================================

============================================================
🛡️  BALANCE GUARDIAN AGENT
============================================================

💰 Current Balance: 0.0000 SOL

📊 ANALYSIS (last 20 min):
   High: 0.0000 SOL
   Current: 0.0000 SOL
   Drop from high: NaN%
   Trend: neutral

✅ Balance healthy - No action needed

============================================================

============================================================
🛡️  BALANCE GUARDIAN AGENT
============================================================

============================================================
🛡️  BALANCE GUARDIAN AGENT
============================================================

💰 Current Balance: 0.0000 SOL

📊 ANALYSIS (last 30 min):
   High: 0.0000 SOL
   Current: 0.0000 SOL
   Drop from high: NaN%
   Trend: neutral

✅ Balance healthy - No action needed

============================================================

============================================================
🛡️  BALANCE GUARDIAN AGENT
============================================================

💰 Current Balance: 0.0000 SOL

📊 ANALYSIS (last 30 min):
   High: 0.0000 SOL
   Current: 0.0000 SOL
   Drop from high: NaN%
   Trend: neutral

✅ Balance healthy - No action needed

============================================================

============================================================
🛡️  BALANCE GUARDIAN AGENT
============================================================

============================================================
🛡️  BALANCE GUARDIAN AGENT
============================================================

💰 Current Balance: 0.0000 SOL

📊 ANALYSIS (last 30 min):
   High: 0.0000 SOL
   Current: 0.0000 SOL
   Drop from high: NaN%
   Trend: neutral

✅ Balance healthy - No action needed

============================================================

============================================================
🛡️  BALANCE GUARDIAN AGENT
============================================================

💰 Current Balance: 0.0000 SOL

📊 ANALYSIS (last 30 min):
   High: 0.0000 SOL
   Current: 0.0000 SOL
   Drop from high: NaN%
   Trend: neutral

✅ Balance healthy - No action needed

============================================================

============================================================
🛡️  BALANCE GUARDIAN AGENT
============================================================

💰 Current Balance: 0.0000 SOL

📊 ANALYSIS (last 25 min):
   High: 0.0000 SOL
   Current: 0.0000 SOL
   Drop from high: NaN%
   Trend: neutral

✅ Balance healthy - No action needed

============================================================

============================================================
🛡️  BALANCE GUARDIAN AGENT
============================================================

💰 Current Balance: 0.0000 SOL

📊 ANALYSIS (last 20 min):
   High: 0.0000 SOL
   Current: 0.0000 SOL
   Drop from high: NaN%
   Trend: neutral

✅ Balance healthy - No action needed

============================================================

============================================================
🛡️  BALANCE GUARDIAN AGENT
============================================================

============================================================
🛡️  BALANCE GUARDIAN AGENT
============================================================

💰 Current Balance: 0.0000 SOL

📊 ANALYSIS (last 25 min):
   High: 0.0000 SOL
   Current: 0.0000 SOL
   Drop from high: NaN%
   Trend: neutral

✅ Balance healthy - No action needed

============================================================

============================================================
🛡️  BALANCE GUARDIAN AGENT
============================================================

💰 Current Balance: 0.0000 SOL

📊 ANALYSIS (last 30 min):
   High: 0.0000 SOL
   Current: 0.0000 SOL
   Drop from high: NaN%
   Trend: neutral

✅ Balance healthy - No action needed

============================================================

============================================================
🛡️  BALANCE GUARDIAN AGENT
============================================================

💰 Current Balance: 0.0000 SOL

📊 ANALYSIS (last 25 min):
   High: 0.0000 SOL
   Current: 0.0000 SOL
   Drop from high: NaN%
   Trend: neutral

✅ Balance healthy - No action needed

============================================================

============================================================
🛡️  BALANCE GUARDIAN AGENT
============================================================

💰 Current Balance: 0.0000 SOL

📊 ANALYSIS (last 25 min):
   High: 0.0000 SOL
   Current: 0.0000 SOL
   Drop from high: NaN%
   Trend: neutral

✅ Balance healthy - No action needed

============================================================

============================================================
🛡️  BALANCE GUARDIAN AGENT
============================================================

💰 Current Balance: 0.0000 SOL

📊 ANALYSIS (last 30 min):
   High: 0.0000 SOL
   Current: 0.0000 SOL
   Drop from high: NaN%
   Trend: neutral

✅ Balance healthy - No action needed

============================================================

============================================================
🛡️  BALANCE GUARDIAN AGENT
============================================================

============================================================
🛡️  BALANCE GUARDIAN AGENT
============================================================

💰 Current Balance: 0.0000 SOL

📊 ANALYSIS (last 30 min):
   High: 0.0000 SOL
   Current: 0.0000 SOL
   Drop from high: NaN%
   Trend: neutral

✅ Balance healthy - No action needed

============================================================

============================================================
🛡️  BALANCE GUARDIAN AGENT
============================================================

💰 Current Balance: 0.0000 SOL

📊 ANALYSIS (last 25 min):
   High: 0.0000 SOL
   Current: 0.0000 SOL
   Drop from high: NaN%
   Trend: neutral

✅ Balance healthy - No action needed

============================================================

============================================================
🛡️  BALANCE GUARDIAN AGENT
============================================================
