═══════════════════════════════════════════════════
  PRANA LIVE TRADER - 80% STRATEGY DEPLOYED
═══════════════════════════════════════════════════

Wallet: EKbhgJrxCL93cBkENoS7vPeRQiSWoNgdW1oPv1sGQZrX
Balance: 0.0549 SOL
Daily PnL: 0.0000 SOL
Trades Today: 0
Win Rate: 0%

🎯 SETUP FOUND: torch
   Score: 8/10
   Ready to execute LIVE TRADE

🚀 LIVE TRADE EXECUTION
   Token: torch
   Entry: $0.00015330
   Size: 0.01 SOL
   Stop: -3% | Target: 6%

   ⚠️  ACTUAL EXECUTION REQUIRED
   Use: node tracker-swap.js buy <CA> 0.01

═══════════════════════════════════════════════════
  PRANA LIVE TRADER - 80% STRATEGY DEPLOYED
═══════════════════════════════════════════════════

Wallet: EKbhgJrxCL93cBkENoS7vPeRQiSWoNgdW1oPv1sGQZrX
Balance: 0.0549 SOL
Daily PnL: 0.0000 SOL
Trades Today: 0
Win Rate: 0%

🎯 SETUP FOUND: assfish
   Score: 7/10
   Ready to execute LIVE TRADE

🚀 LIVE TRADE EXECUTION
   Token: assfish
   Entry: $0.00009663
   Size: 0.01 SOL
   Stop: -3% | Target: 6%

   ⚠️  ACTUAL EXECUTION REQUIRED
   Use: node tracker-swap.js buy <CA> 0.01

═══════════════════════════════════════════════════
  PRANA LIVE TRADER - 80% STRATEGY DEPLOYED
═══════════════════════════════════════════════════

Wallet: EKbhgJrxCL93cBkENoS7vPeRQiSWoNgdW1oPv1sGQZrX
Balance: 0.0549 SOL
Daily PnL: 0.0000 SOL
Trades Today: 0
Win Rate: 0%

📭 No high-quality setups. Waiting...
═══════════════════════════════════════════════════
  PRANA LIVE TRADER - 73.3% STRATEGY
═══════════════════════════════════════════════════

Wallet: EKbhgJrxCL93cBkENoS7vPeRQiSWoNgdW1oPv1sGQZrX
Balance: 0.0549 SOL
Trading: 0.0399 SOL
Fee Reserve: 0.015 SOL
Position: 0.015 SOL
Daily PnL: 0.0000 SOL
Win Rate: 0%
Trades Today: 0/10

📭 No setups found (score >= 8)
═══════════════════════════════════════════════════
  PRANA LIVE TRADER - 73.3% STRATEGY
═══════════════════════════════════════════════════

Wallet: EKbhgJrxCL93cBkENoS7vPeRQiSWoNgdW1oPv1sGQZrX
Balance: 0.0549 SOL
Trading: 0.0399 SOL
Fee Reserve: 0.015 SOL
Position: 0.015 SOL
Daily PnL: 0.0000 SOL
Win Rate: 0%
Trades Today: 0/10

📭 No setups found (score >= 8)
═══════════════════════════════════════════════════
  PRANA LIVE TRADER - 73.3% STRATEGY
═══════════════════════════════════════════════════

Wallet: EKbhgJrxCL93cBkENoS7vPeRQiSWoNgdW1oPv1sGQZrX
Balance: 0.0549 SOL
Trading: 0.0399 SOL
Fee Reserve: 0.015 SOL
Position: 0.015 SOL
Daily PnL: 0.0000 SOL
Win Rate: 0%
Trades Today: 0/10

📭 No setups found (score >= 8)
═══════════════════════════════════════════════════
  PRANA LIVE TRADER - 73.3% STRATEGY
═══════════════════════════════════════════════════

Wallet: EKbhgJrxCL93cBkENoS7vPeRQiSWoNgdW1oPv1sGQZrX
Balance: 0.0549 SOL
Trading: 0.0399 SOL
Fee Reserve: 0.015 SOL
Position: 0.015 SOL
Daily PnL: 0.0000 SOL
Win Rate: 0%
Trades Today: 0/10

📭 No setups found (score >= 8)
═══════════════════════════════════════════════════
  PRANA LIVE TRADER - 73.3% STRATEGY
═══════════════════════════════════════════════════

Wallet: EKbhgJrxCL93cBkENoS7vPeRQiSWoNgdW1oPv1sGQZrX
Balance: 0.0549 SOL
Trading: 0.0399 SOL
Fee Reserve: 0.015 SOL
Position: 0.015 SOL
Daily PnL: 0.0000 SOL
Win Rate: 0%
Trades Today: 0/10

📭 No setups found (score >= 8)
═══════════════════════════════════════════════════
  PRANA LIVE TRADER - 73.3% STRATEGY
═══════════════════════════════════════════════════

Wallet: EKbhgJrxCL93cBkENoS7vPeRQiSWoNgdW1oPv1sGQZrX
Balance: 0.0549 SOL
Trading: 0.0399 SOL
Fee Reserve: 0.015 SOL
Position: 0.015 SOL
Daily PnL: 0.0000 SOL
Win Rate: 0%
Trades Today: 0/10

📭 No setups found (score >= 8)
═══════════════════════════════════════════════════
  PRANA LIVE TRADER - 73.3% STRATEGY
═══════════════════════════════════════════════════

Wallet: EKbhgJrxCL93cBkENoS7vPeRQiSWoNgdW1oPv1sGQZrX
Balance: 0.0549 SOL
Trading: 0.0399 SOL
Fee Reserve: 0.015 SOL
Position: 0.015 SOL
Daily PnL: 0.0000 SOL
Win Rate: 0%
Trades Today: 0/10


🚀 LIVE TRADE SETUP
Token: torch
Score: 8/10
Entry: $0.00024420
Stop: $0.00023687 (-3%)
Target: $0.00025885 (+6%)
Size: 0.015 SOL
CA: Rfe9sg18cPCPzpxBj6VzTomANPpDeUDc5w7RdSXpump

⚡ EXECUTING SWAP...
✅ Swap executed!
[2026-02-15T06:10:02.893Z] Solana Tracker Swap
  Buying: Rfe9sg18cPCPzpxBj6VzTomANPpDeUDc5w7RdSXpump
  Amount: 0.015 SOL
  Wallet: EKbhgJrxCL93cBkENoS7vPeRQiSWoNgdW1oPv1sGQZrX
  Balance: 0.054943388 SOL
  Getting swap instructions...
  Executing swap...
  ✅ Success! TX: 2s7Lp2MYnGV5yDHxvNGLpezqMG8MH1q4G8YBXJ7GJNRDR3worfEwXSTqY6RKDc6fB7PhxKjUtTpdLRchiTwMjtKy
  Explorer: https://solscan.io/tx/2s7Lp2MYnGV5yDHxvNGLpezqMG8MH1q4G8YBXJ7GJNRDR3worfEwXSTqY6RKDc6fB7PhxKjUtTpdLRchiTwMjtKy

txid: 2s7Lp2MYnGV5yDHxvNGLpezqMG8MH1q4G8YBXJ7GJNRDR3worfEwXSTqY6RKDc6fB7PhxKjUtTpdLRchiTwMjtKy

⏳ Position active. Monitor manually or set alerts.
═══════════════════════════════════════════════════
  PRANA LIVE TRADER - 73.3% STRATEGY
═══════════════════════════════════════════════════

Wallet: EKbhgJrxCL93cBkENoS7vPeRQiSWoNgdW1oPv1sGQZrX
Balance: 0.0377 SOL
Trading: 0.0227 SOL
Fee Reserve: 0.015 SOL
Position: 0.015 SOL
Daily PnL: 0.0000 SOL
Win Rate: 0%
Trades Today: 0/10

📭 No setups found (score >= 8)
═══════════════════════════════════════════════════
  PRANA LIVE TRADER - 73.3% STRATEGY
═══════════════════════════════════════════════════

Wallet: EKbhgJrxCL93cBkENoS7vPeRQiSWoNgdW1oPv1sGQZrX
Balance: 0.0377 SOL
Trading: 0.0227 SOL
Fee Reserve: 0.015 SOL
Position: 0.015 SOL
Daily PnL: 0.0000 SOL
Win Rate: 0%
Trades Today: 0/10

📭 No setups found (score >= 8)
═══════════════════════════════════════════════════
  PRANA LIVE TRADER - 73.3% STRATEGY
═══════════════════════════════════════════════════

Wallet: EKbhgJrxCL93cBkENoS7vPeRQiSWoNgdW1oPv1sGQZrX
Balance: 0.0377 SOL
Trading: 0.0227 SOL
Fee Reserve: 0.015 SOL
Position: 0.015 SOL
Daily PnL: 0.0000 SOL
Win Rate: 0%
Trades Today: 0/10

📭 No setups found (score >= 8)
Sun Feb 15 13:28:25 WIB 2026: LIVE TRADE - HALF - 0.015 SOL - Entry: bash.00008072 - Stop: -3% - Target: +6% - TX: 4mAZ7sAtiYKrqHykyWKUBdcoQazN1LCJpnrjmYeukmrwLSRUGfvCgajFMqXuVg8cQ3t4GVg2zjmmLue1DYdYz5ZZ
═══════════════════════════════════════════════════
  PRANA LIVE TRADER - 73.3% STRATEGY
═══════════════════════════════════════════════════

Wallet: EKbhgJrxCL93cBkENoS7vPeRQiSWoNgdW1oPv1sGQZrX
Balance: 0.0367 SOL
Trading: 0.0217 SOL
Fee Reserve: 0.015 SOL
Position: 0.015 SOL
Daily PnL: 0.0000 SOL
Win Rate: 0%
Trades Today: 0/10


🚀 LIVE TRADE SETUP
Token: HALF
Score: 6/10
Entry: $0.00009200
Stop: $0.00008924 (-3%)
Target: $0.00009752 (+6%)
Size: 0.015 SOL
CA: AK6r5GzVq155toFcwNj6HqwLTdUBQB9i3Ld3zsnZpump

⚡ EXECUTING SWAP...
✅ Swap executed!
[2026-02-15T06:30:03.275Z] Solana Tracker Swap
  Buying: AK6r5GzVq155toFcwNj6HqwLTdUBQB9i3Ld3zsnZpump
  Amount: 0.015 SOL
  Wallet: EKbhgJrxCL93cBkENoS7vPeRQiSWoNgdW1oPv1sGQZrX
  Balance: 0.03674574 SOL
  Getting swap instructions...
  Executing swap...
  ✅ Success! TX: 3QTRxqYizm4BRvXZ8PMdc9tCrDwWc3zbqK4z5YFDEVV48aEq6NptRNMyRqZQQuj3332i3i1BVUnEum4prxBLGnfD
  Explorer: https://solscan.io/tx/3QTRxqYizm4BRvXZ8PMdc9tCrDwWc3zbqK4z5YFDEVV48aEq6NptRNMyRqZQQuj3332i3i1BVUnEum4prxBLGnfD

txid: 3QTRxqYizm4BRvXZ8PMdc9tCrDwWc3zbqK4z5YFDEVV48aEq6NptRNMyRqZQQuj3332i3i1BVUnEum4prxBLGnfD

⏳ Position active. Monitor manually or set alerts.
═══════════════════════════════════════════════════
  PRANA LIVE TRADER - 73.3% STRATEGY
═══════════════════════════════════════════════════

Wallet: EKbhgJrxCL93cBkENoS7vPeRQiSWoNgdW1oPv1sGQZrX
Balance: 0.0216 SOL
Trading: 0.0066 SOL
Fee Reserve: 0.015 SOL
Position: 0.015 SOL
Daily PnL: 0.0000 SOL
Win Rate: 0%
Trades Today: 0/10

❌ Insufficient balance for trading
═══════════════════════════════════════════════════
  PRANA LIVE TRADER - 73.3% STRATEGY
═══════════════════════════════════════════════════

Wallet: EKbhgJrxCL93cBkENoS7vPeRQiSWoNgdW1oPv1sGQZrX
Balance: 0.0216 SOL
Trading: 0.0066 SOL
Fee Reserve: 0.015 SOL
Position: 0.015 SOL
Daily PnL: 0.0000 SOL
Win Rate: 0%
Trades Today: 0/10

❌ Insufficient balance for trading
═══════════════════════════════════════════════════
  PRANA LIVE TRADER - 73.3% STRATEGY
═══════════════════════════════════════════════════

Wallet: EKbhgJrxCL93cBkENoS7vPeRQiSWoNgdW1oPv1sGQZrX
Balance: 0.0523 SOL
Trading: 0.0373 SOL
Fee Reserve: 0.015 SOL
Position: 0.015 SOL
Daily PnL: 0.0000 SOL
Win Rate: 0%
Trades Today: 0/10


🚀 LIVE TRADE SETUP
Token: MONAJUICE
Score: 6/10
Entry: $0.00008224
Stop: $0.00007977 (-3%)
Target: $0.00008717 (+6%)
Size: 0.015 SOL
CA: 6cj25n9mCL5UNVtDNyVyNkto9aYEmvFPhVtxPKkjpump

⚡ EXECUTING SWAP...
✅ Swap executed!
[2026-02-15T06:45:02.798Z] Solana Tracker Swap
  Buying: 6cj25n9mCL5UNVtDNyVyNkto9aYEmvFPhVtxPKkjpump
  Amount: 0.015 SOL
  Wallet: EKbhgJrxCL93cBkENoS7vPeRQiSWoNgdW1oPv1sGQZrX
  Balance: 0.052283746 SOL
  Getting swap instructions...
  Executing swap...
  ✅ Success! TX: 2j1EFhWywcHELBbds7i7HDYV8qFR3R6GN69UTKmNcFhjk2dRR1fRx6fDT2TfHtWEUpg37Mus9ts5eGBZrs8Wa8Cr
  Explorer: https://solscan.io/tx/2j1EFhWywcHELBbds7i7HDYV8qFR3R6GN69UTKmNcFhjk2dRR1fRx6fDT2TfHtWEUpg37Mus9ts5eGBZrs8Wa8Cr

txid: 2j1EFhWywcHELBbds7i7HDYV8qFR3R6GN69UTKmNcFhjk2dRR1fRx6fDT2TfHtWEUpg37Mus9ts5eGBZrs8Wa8Cr

⏳ Position active. Monitor manually or set alerts.
═══════════════════════════════════════════════════
  PRANA LIVE TRADER - 73.3% STRATEGY
═══════════════════════════════════════════════════

Wallet: EKbhgJrxCL93cBkENoS7vPeRQiSWoNgdW1oPv1sGQZrX
Balance: 0.0331 SOL
Trading: 0.0181 SOL
Fee Reserve: 0.015 SOL
Position: 0.015 SOL
Daily PnL: 0.0000 SOL
Win Rate: 0%
Trades Today: 0/10


🚀 LIVE TRADE SETUP
Token: torch
Score: 6/10
Entry: $0.00030960
Stop: $0.00030031 (-3%)
Target: $0.00032818 (+6%)
Size: 0.015 SOL
CA: Rfe9sg18cPCPzpxBj6VzTomANPpDeUDc5w7RdSXpump

⚡ EXECUTING SWAP...
✅ Swap executed!
[2026-02-15T06:50:03.477Z] Solana Tracker Swap
  Buying: Rfe9sg18cPCPzpxBj6VzTomANPpDeUDc5w7RdSXpump
  Amount: 0.015 SOL
  Wallet: EKbhgJrxCL93cBkENoS7vPeRQiSWoNgdW1oPv1sGQZrX
  Balance: 0.033050386 SOL
  Getting swap instructions...
  Executing swap...
  ✅ Success! TX: 37Nd5wpofny5FpUkNpNGSAHS3uHMJY74Uxpxqz8kcSiiRGME8m7AYtQMRqSaZkNkp71euE3otrWQk8PEFipyz2bg
  Explorer: https://solscan.io/tx/37Nd5wpofny5FpUkNpNGSAHS3uHMJY74Uxpxqz8kcSiiRGME8m7AYtQMRqSaZkNkp71euE3otrWQk8PEFipyz2bg

txid: 37Nd5wpofny5FpUkNpNGSAHS3uHMJY74Uxpxqz8kcSiiRGME8m7AYtQMRqSaZkNkp71euE3otrWQk8PEFipyz2bg

⏳ Position active. Monitor manually or set alerts.
═══════════════════════════════════════════════════
  PRANA LIVE TRADER - 73.3% STRATEGY
═══════════════════════════════════════════════════

Wallet: EKbhgJrxCL93cBkENoS7vPeRQiSWoNgdW1oPv1sGQZrX
Balance: 0.0179 SOL
Trading: 0.0029 SOL
Fee Reserve: 0.015 SOL
Position: 0.015 SOL
Daily PnL: 0.0000 SOL
Win Rate: 0%
Trades Today: 0/10

❌ Insufficient balance for trading
═══════════════════════════════════════════════════
  PRANA LIVE TRADER - 73.3% STRATEGY
═══════════════════════════════════════════════════

Wallet: EKbhgJrxCL93cBkENoS7vPeRQiSWoNgdW1oPv1sGQZrX
Balance: 0.0179 SOL
Trading: 0.0029 SOL
Fee Reserve: 0.015 SOL
Position: 0.015 SOL
Daily PnL: 0.0000 SOL
Win Rate: 0%
Trades Today: 0/10

❌ Insufficient balance for trading
═══════════════════════════════════════════════════
  PRANA LIVE TRADER - 73.3% STRATEGY
═══════════════════════════════════════════════════

Wallet: EKbhgJrxCL93cBkENoS7vPeRQiSWoNgdW1oPv1sGQZrX
Balance: 0.0179 SOL
Trading: 0.0029 SOL
Fee Reserve: 0.015 SOL
Position: 0.015 SOL
Daily PnL: 0.0000 SOL
Win Rate: 0%
Trades Today: 0/10

❌ Insufficient balance for trading
═══════════════════════════════════════════════════
  PRANA LIVE TRADER - 73.3% STRATEGY
═══════════════════════════════════════════════════

Wallet: EKbhgJrxCL93cBkENoS7vPeRQiSWoNgdW1oPv1sGQZrX
Balance: 0.0179 SOL
Trading: 0.0029 SOL
Fee Reserve: 0.015 SOL
Position: 0.015 SOL
Daily PnL: 0.0000 SOL
Win Rate: 0%
Trades Today: 0/10

❌ Insufficient balance for trading
═══════════════════════════════════════════════════
  PRANA LIVE TRADER - 73.3% STRATEGY
═══════════════════════════════════════════════════

Wallet: EKbhgJrxCL93cBkENoS7vPeRQiSWoNgdW1oPv1sGQZrX
Balance: 0.0328 SOL
Trading: 0.0178 SOL
Fee Reserve: 0.015 SOL
Position: 0.015 SOL
Daily PnL: 0.0000 SOL
Win Rate: 0%
Trades Today: 0/10

📭 No setups found (score >= 6)

🔍 PRANA v4.0 - DYNAMIC TP/SL SCANNER
==================================================
💰 Balance: 0.1725 SOL
📊 Market cache updated: F&G 8, Vol 10.00%

🔎 Scanning DexScreener trending...
📊 Found 0 candidates

==================================================
✅ Scan complete


🔍 PRANA v4.0 - DYNAMIC TP/SL SCANNER
==================================================
💰 Balance: 0.1725 SOL
📊 Market cache updated: F&G 8, Vol 10.00%

🔎 Scanning DexScreener trending...
📊 Found 0 candidates

==================================================
✅ Scan complete


🔍 PRANA v4.0 - DYNAMIC TP/SL SCANNER
==================================================
💰 Balance: 0.1725 SOL
📊 Market cache updated: F&G 8, Vol 10.00%

🔎 Scanning DexScreener trending...
📊 Found 0 candidates

==================================================
✅ Scan complete


🔍 PRANA v4.0 - DYNAMIC TP/SL SCANNER
==================================================
💰 Balance: 0.1725 SOL
📊 Market cache updated: F&G 8, Vol 10.00%

🔎 Scanning DexScreener trending...
📊 Found 0 candidates

==================================================
✅ Scan complete


🔍 PRANA v4.0 - DYNAMIC TP/SL SCANNER
==================================================
💰 Balance: 0.1725 SOL
📊 Market cache updated: F&G 8, Vol 10.00%

🔎 Scanning DexScreener trending...
📊 Found 0 candidates

==================================================
✅ Scan complete


🔍 PRANA v4.0 - DYNAMIC TP/SL SCANNER
==================================================
💰 Balance: 0.1725 SOL
📊 Market cache updated: F&G 8, Vol 10.00%

🔎 Scanning DexScreener trending...
📊 Found 0 candidates

==================================================
✅ Scan complete


🔍 PRANA v4.0 - DYNAMIC TP/SL SCANNER
==================================================
💰 Balance: 0.1725 SOL
📊 Market cache updated: F&G 8, Vol 10.00%

🔎 Scanning DexScreener trending...
📊 Found 0 candidates

==================================================
✅ Scan complete


🔍 PRANA v4.0 - DYNAMIC TP/SL SCANNER
==================================================
💰 Balance: 0.1725 SOL
📊 Market cache updated: F&G 8, Vol 10.00%

🔎 Scanning DexScreener trending...
📊 Found 0 candidates

==================================================
✅ Scan complete


🔍 PRANA v4.0 - DYNAMIC TP/SL SCANNER
==================================================
💰 Balance: 0.1725 SOL
📊 Market cache updated: F&G 8, Vol 10.00%

🔎 Scanning DexScreener trending...
📊 Found 0 candidates

==================================================
✅ Scan complete


🔍 PRANA v4.0 - DYNAMIC TP/SL SCANNER
==================================================
💰 Balance: 0.1725 SOL
📊 Market cache updated: F&G 8, Vol 10.00%

🔎 Scanning DexScreener trending...
📊 Found 0 candidates

==================================================
✅ Scan complete


🔍 PRANA v4.0 - DYNAMIC TP/SL SCANNER
==================================================
💰 Balance: 0.1725 SOL
📊 Market cache updated: F&G 8, Vol 10.00%

🔎 Scanning DexScreener trending...
📊 Found 0 candidates

==================================================
✅ Scan complete


🔍 PRANA v4.0 - DYNAMIC TP/SL SCANNER
==================================================
💰 Balance: 0.1725 SOL
📊 Market cache updated: F&G 8, Vol 10.00%

🔎 Scanning DexScreener trending...
📊 Found 0 candidates

==================================================
✅ Scan complete

🔑 Wallet loaded: EKbhgJrxCL93cBkENoS7...

🔍 PRANA v4.0 - DYNAMIC TP/SL SCANNER
==================================================
💰 Balance: 0.0175 SOL
📊 Min Score Threshold: 5 (adaptive)
❌ Insufficient balance
/root/trading-bot/prana-live-trader-v4-dynamic.js:24
  MIN_SCORE: ADAPTIVE_CONFIG.adaptiveThresholds.liveTrader.currentThreshold,
                                                           ^

TypeError: Cannot read properties of undefined (reading 'currentThreshold')
    at Object.<anonymous> (/root/trading-bot/prana-live-trader-v4-dynamic.js:24:60)
    at Module._compile (node:internal/modules/cjs/loader:1706:14)
    at Object..js (node:internal/modules/cjs/loader:1839:10)
    at Module.load (node:internal/modules/cjs/loader:1441:32)
    at Function._load (node:internal/modules/cjs/loader:1263:12)
    at TracingChannel.traceSync (node:diagnostics_channel:328:14)
    at wrapModuleLoad (node:internal/modules/cjs/loader:237:24)
    at Function.executeUserEntryPoint [as runMain] (node:internal/modules/run_main:171:5)
    at node:internal/main/run_main_module:36:49

Node.js v22.22.0
/root/trading-bot/prana-live-trader-v4-dynamic.js:24
  MIN_SCORE: ADAPTIVE_CONFIG.adaptiveThresholds.liveTrader.currentThreshold,
                                                           ^

TypeError: Cannot read properties of undefined (reading 'currentThreshold')
    at Object.<anonymous> (/root/trading-bot/prana-live-trader-v4-dynamic.js:24:60)
    at Module._compile (node:internal/modules/cjs/loader:1706:14)
    at Object..js (node:internal/modules/cjs/loader:1839:10)
    at Module.load (node:internal/modules/cjs/loader:1441:32)
    at Function._load (node:internal/modules/cjs/loader:1263:12)
    at TracingChannel.traceSync (node:diagnostics_channel:328:14)
    at wrapModuleLoad (node:internal/modules/cjs/loader:237:24)
    at Function.executeUserEntryPoint [as runMain] (node:internal/modules/run_main:171:5)
    at node:internal/main/run_main_module:36:49

Node.js v22.22.0
🔑 Wallet loaded: EKbhgJrxCL93cBkENoS7...

🔍 PRANA v4.0 - DYNAMIC TP/SL SCANNER
==================================================
💰 Balance: 0.0587 SOL
📊 Min Score Threshold: 5 (adaptive)

🔄 Syncing with Paper Trader...
📊 SYNC: Strategy updated to fib_0618_1618 (82.5% WR)
📊 Current threshold: Score 5+
📊 Market cache updated: F&G 8, Vol 10.00%

🔎 Scanning trending tokens (Paper Trader v3.1 method)...
📊 Found 2 candidates

🔍 Checking: Mog
  📊 Score: 9/10 | Age: 36m
  🔒 Honeypot test...
  ✅ SAFE - Executing trade

🎯 FIBONACCI TARGETS (from paper testing):
  Strategy: Fixed 0.618
  Entry Fib: 0.618
  SL: $0.00005141 (-3.00%)
  TP1: $0.00005618 (+6.00%)
  TP2: $0.00005815 (+9.71%)
  Partial Exit: 50% at TP1

🚀 EXECUTING BUY: Mog
   Amount: 0.025 SOL
   Platform: Solana Tracker
  🔄 Getting quote from Solana Tracker...
   ✅ SWAP SUCCESS: 3AsDuyskBssmQRSN79az...
   Platform: SolanaTracker
   Expected: 39809.847634 tokens
  ⚠️ Telegram send failed (400), retry 1/3 in 1000ms...
  ⚠️ Telegram send failed (400), retry 2/3 in 2000ms...
✅ Dynamic exit monitor started for Mog

==================================================
✅ Scan complete

🔑 Wallet loaded: EKbhgJrxCL93cBkENoS7...

🔍 PRANA v4.0 - DYNAMIC TP/SL SCANNER
==================================================
💰 Balance: 0.0141 SOL
📊 Min Score Threshold: 8 (adaptive)
❌ Insufficient balance
/root/trading-bot/prana-live-trader-v4-dynamic.js:24
  MIN_SCORE: ADAPTIVE_CONFIG.adaptiveThresholds.liveTrader.currentThreshold,
                                                           ^

TypeError: Cannot read properties of undefined (reading 'currentThreshold')
    at Object.<anonymous> (/root/trading-bot/prana-live-trader-v4-dynamic.js:24:60)
    at Module._compile (node:internal/modules/cjs/loader:1706:14)
    at Object..js (node:internal/modules/cjs/loader:1839:10)
    at Module.load (node:internal/modules/cjs/loader:1441:32)
    at Function._load (node:internal/modules/cjs/loader:1263:12)
    at TracingChannel.traceSync (node:diagnostics_channel:328:14)
    at wrapModuleLoad (node:internal/modules/cjs/loader:237:24)
    at Function.executeUserEntryPoint [as runMain] (node:internal/modules/run_main:171:5)
    at node:internal/main/run_main_module:36:49

Node.js v22.22.0
/root/trading-bot/prana-live-trader-v4-dynamic.js:24
  MIN_SCORE: ADAPTIVE_CONFIG.adaptiveThresholds.liveTrader.currentThreshold,
                                                           ^

TypeError: Cannot read properties of undefined (reading 'currentThreshold')
    at Object.<anonymous> (/root/trading-bot/prana-live-trader-v4-dynamic.js:24:60)
    at Module._compile (node:internal/modules/cjs/loader:1706:14)
    at Object..js (node:internal/modules/cjs/loader:1839:10)
    at Module.load (node:internal/modules/cjs/loader:1441:32)
    at Function._load (node:internal/modules/cjs/loader:1263:12)
    at TracingChannel.traceSync (node:diagnostics_channel:328:14)
    at wrapModuleLoad (node:internal/modules/cjs/loader:237:24)
    at Function.executeUserEntryPoint [as runMain] (node:internal/modules/run_main:171:5)
    at node:internal/main/run_main_module:36:49

Node.js v22.22.0
/root/trading-bot/prana-live-trader-v4-dynamic.js:24
  MIN_SCORE: ADAPTIVE_CONFIG.adaptiveThresholds.liveTrader.currentThreshold,
                                                           ^

TypeError: Cannot read properties of undefined (reading 'currentThreshold')
    at Object.<anonymous> (/root/trading-bot/prana-live-trader-v4-dynamic.js:24:60)
    at Module._compile (node:internal/modules/cjs/loader:1706:14)
    at Object..js (node:internal/modules/cjs/loader:1839:10)
    at Module.load (node:internal/modules/cjs/loader:1441:32)
    at Function._load (node:internal/modules/cjs/loader:1263:12)
    at TracingChannel.traceSync (node:diagnostics_channel:328:14)
    at wrapModuleLoad (node:internal/modules/cjs/loader:237:24)
    at Function.executeUserEntryPoint [as runMain] (node:internal/modules/run_main:171:5)
    at node:internal/main/run_main_module:36:49

Node.js v22.22.0
🔑 Wallet loaded: EKbhgJrxCL93cBkENoS7...

🔍 PRANA v4.0 - DYNAMIC TP/SL SCANNER
==================================================
💰 Balance: 0.1600 SOL
📊 Min Score Threshold: 5 (adaptive)

🔄 Syncing with Paper Trader...
📊 SYNC: Strategy updated to fib_0618_1618 (82.69% WR)
📊 Current threshold: Score 5+
📊 Market cache updated: F&G 8, Vol 10.00%

🔎 Scanning trending tokens (Paper Trader v3.1 method)...
📊 Found 5 candidates

🔍 Checking: ☊⍜⟟⋏
  📊 Score: 7/10 | Age: 40m
  🔒 Honeypot test...
  ✅ SAFE - Executing trade

🎯 FIBONACCI TARGETS (from paper testing):
  Strategy: Fixed 0.618
  Entry Fib: 0.618
  SL: $0.00002312 (-3.00%)
  TP1: $0.00002526 (+6.00%)
  TP2: $0.00002614 (+9.71%)
  Partial Exit: 50% at TP1

🚀 EXECUTING BUY: ☊⍜⟟⋏
   Amount: 0.01 SOL
   Platform: Solana Tracker
  🔄 Getting quote from Solana Tracker...
   ✅ SWAP SUCCESS: 2gEYRdZgeBD1A3h748Lp...
   Platform: SolanaTracker
   Expected: 32547.196937 tokens
  ⚠️ Telegram send failed (400), retry 1/3 in 1000ms...
  ⚠️ Telegram send failed (400), retry 2/3 in 2000ms...
✅ Dynamic exit monitor started for ☊⍜⟟⋏

==================================================
✅ Scan complete

🔑 Wallet loaded: EKbhgJrxCL93cBkENoS7...

🔍 PRANA v4.0 - DYNAMIC TP/SL SCANNER
==================================================
💰 Balance: 0.1257 SOL
📊 Min Score Threshold: 5 (adaptive)

🔄 Syncing with Paper Trader...
📊 SYNC: Strategy updated to fib_0618_1618 (82.69% WR)
📊 Current threshold: Score 5+
📊 Market cache updated: F&G 8, Vol 10.00%

🔎 Scanning trending tokens (Paper Trader v3.1 method)...
📊 Found 4 candidates

🔍 Checking: ☊⍜⟟⋏
  📊 Score: 7/10 | Age: 45m
  🔒 Honeypot test...
  ✅ SAFE - Executing trade

🎯 FIBONACCI TARGETS (from paper testing):
  Strategy: Fixed 0.618
  Entry Fib: 0.618
  SL: $0.00002584 (-3.00%)
  TP1: $0.00002824 (+6.00%)
  TP2: $0.00002923 (+9.71%)
  Partial Exit: 50% at TP1

🚀 EXECUTING BUY: ☊⍜⟟⋏
   Amount: 0.01 SOL
   Platform: Solana Tracker
  🔄 Getting quote from Solana Tracker...
   ✅ SWAP SUCCESS: 2umi3DBa1b4ZFjZKmMA6...
   Platform: SolanaTracker
   Expected: 24300.144395 tokens
  ⚠️ Telegram send failed (400), retry 1/3 in 1000ms...
  ⚠️ Telegram send failed (400), retry 2/3 in 2000ms...
✅ Dynamic exit monitor started for ☊⍜⟟⋏

==================================================
✅ Scan complete

🔑 Wallet loaded: EKbhgJrxCL93cBkENoS7...

🔍 PRANA v4.0 - DYNAMIC TP/SL SCANNER
==================================================
💰 Balance: 0.1156 SOL
📊 Min Score Threshold: 5 (adaptive)

🔄 Syncing with Paper Trader...
📊 SYNC: Strategy updated to fib_0618_1618 (82.69% WR)
📊 Current threshold: Score 5+
📊 Market cache updated: F&G 8, Vol 10.00%

🔎 Scanning trending tokens (Paper Trader v3.1 method)...
📊 Found 2 candidates

🔍 Checking: ☊⍜⟟⋏
  📊 Score: 7/10 | Age: 50m
  🔒 Honeypot test...
  ✅ SAFE - Executing trade

🎯 FIBONACCI TARGETS (from paper testing):
  Strategy: Fixed 0.618
  Entry Fib: 0.618
  SL: $0.00003481 (-3.00%)
  TP1: $0.00003804 (+6.00%)
  TP2: $0.00003937 (+9.71%)
  Partial Exit: 50% at TP1

🚀 EXECUTING BUY: ☊⍜⟟⋏
   Amount: 0.01 SOL
   Platform: Solana Tracker
  🔄 Getting quote from Solana Tracker...
   ✅ SWAP SUCCESS: 5Tp1vEXxAnLThPnLL36a...
   Platform: SolanaTracker
   Expected: 20678.829186 tokens
  ⚠️ Telegram send failed (400), retry 1/3 in 1000ms...
  ⚠️ Telegram send failed (400), retry 2/3 in 2000ms...
✅ Dynamic exit monitor started for ☊⍜⟟⋏

==================================================
✅ Scan complete

🔑 Wallet loaded: EKbhgJrxCL93cBkENoS7...

🔍 PRANA v4.0 - DYNAMIC TP/SL SCANNER
==================================================
💰 Balance: 0.1055 SOL
📊 Min Score Threshold: 5 (adaptive)

🔄 Syncing with Paper Trader...
📊 SYNC: Strategy updated to fib_0618_1618 (82.69% WR)
📊 Current threshold: Score 5+
📊 Market cache updated: F&G 8, Vol 10.00%

🔎 Scanning trending tokens (Paper Trader v3.1 method)...
📊 Found 1 candidates

🔍 Checking: ACM
  📊 Score: 7/10 | Age: 83m
  🔒 Honeypot test...
  ✅ SAFE - Executing trade

🎯 FIBONACCI TARGETS (from paper testing):
  Strategy: Fixed 0.618
  Entry Fib: 0.618
  SL: $0.00002377 (-3.00%)
  TP1: $0.00002598 (+6.00%)
  TP2: $0.00002689 (+9.71%)
  Partial Exit: 50% at TP1

🚀 EXECUTING BUY: ACM
   Amount: 0.01 SOL
   Platform: Solana Tracker
  🔄 Getting quote from Solana Tracker...
   ✅ SWAP SUCCESS: 5xQeNWyErWegJMCpDH82...
   Platform: SolanaTracker
   Expected: 29919.564549 tokens
  ⚠️ Telegram send failed (400), retry 1/3 in 1000ms...
  ⚠️ Telegram send failed (400), retry 2/3 in 2000ms...
✅ Dynamic exit monitor started for ACM

==================================================
✅ Scan complete

/root/trading-bot/prana-live-trader-v4-dynamic.js:24
  MIN_SCORE: ADAPTIVE_CONFIG.adaptiveThresholds.liveTrader.currentThreshold,
                                                           ^

TypeError: Cannot read properties of undefined (reading 'currentThreshold')
    at Object.<anonymous> (/root/trading-bot/prana-live-trader-v4-dynamic.js:24:60)
    at Module._compile (node:internal/modules/cjs/loader:1706:14)
    at Object..js (node:internal/modules/cjs/loader:1839:10)
    at Module.load (node:internal/modules/cjs/loader:1441:32)
    at Function._load (node:internal/modules/cjs/loader:1263:12)
    at TracingChannel.traceSync (node:diagnostics_channel:328:14)
    at wrapModuleLoad (node:internal/modules/cjs/loader:237:24)
    at Function.executeUserEntryPoint [as runMain] (node:internal/modules/run_main:171:5)
    at node:internal/main/run_main_module:36:49

Node.js v22.22.0
🔑 Wallet loaded: EKbhgJrxCL93cBkENoS7...

🔍 PRANA v4.0 - DYNAMIC TP/SL SCANNER
==================================================
💰 Balance: 0.1315 SOL
📊 Min Score Threshold: 5 (adaptive)

🔄 Syncing with Paper Trader...
📊 SYNC: Strategy updated to fib_0618_1618 (82.69% WR)
📊 Current threshold: Score 5+
📊 Market cache updated: F&G 8, Vol 10.00%

🔎 Scanning trending tokens (Paper Trader v3.1 method)...
📊 Found 2 candidates

🔍 Checking: nobrainer
  📊 Score: 9/10 | Age: 27m
  🔒 Honeypot test...
  ✅ SAFE - Executing trade

🎯 FIBONACCI TARGETS (from paper testing):
  Strategy: Fixed 0.618
  Entry Fib: 0.618
  SL: $0.00005775 (-3.00%)
  TP1: $0.00006310 (+6.00%)
  TP2: $0.00006531 (+9.71%)
  Partial Exit: 50% at TP1

🚀 EXECUTING BUY: nobrainer
   Amount: 0.01 SOL
   Platform: Solana Tracker
  🔄 Getting quote from Solana Tracker...
   ✅ SWAP SUCCESS: rLG4RVXWN45nPhP7wEy4...
   Platform: SolanaTracker
   Expected: 14182.64825 tokens
  ⚠️ Telegram send failed (400), retry 1/3 in 1000ms...
  ⚠️ Telegram send failed (400), retry 2/3 in 2000ms...
✅ Dynamic exit monitor started for nobrainer

==================================================
✅ Scan complete

🔑 Wallet loaded: EKbhgJrxCL93cBkENoS7...

🔍 PRANA v4.0 - DYNAMIC TP/SL SCANNER
==================================================
💰 Balance: 0.1491 SOL
📊 Min Score Threshold: 5 (adaptive)

🔄 Syncing with Paper Trader...
📊 SYNC: Strategy updated to fib_0618_1618 (82.69% WR)
📊 Current threshold: Score 5+
📊 Market cache updated: F&G 8, Vol 10.00%

🔎 Scanning trending tokens (Paper Trader v3.1 method)...
📊 Found 2 candidates

🔍 Checking: nobrainer
  📊 Score: 9/10 | Age: 32m
  🔒 Honeypot test...
  ✅ SAFE - Executing trade

🎯 FIBONACCI TARGETS (from paper testing):
  Strategy: Fixed 0.618
  Entry Fib: 0.618
  SL: $0.00008759 (-3.00%)
  TP1: $0.00009572 (+6.00%)
  TP2: $0.00009907 (+9.71%)
  Partial Exit: 50% at TP1

🚀 EXECUTING BUY: nobrainer
   Amount: 0.01 SOL
   Platform: Solana Tracker
  🔄 Getting quote from Solana Tracker...
   ✅ SWAP SUCCESS: huNJWAQcVK9F64RD4qiY...
   Platform: SolanaTracker
   Expected: 9088.962491 tokens
  ⚠️ Telegram send failed (400), retry 1/3 in 1000ms...
  ⚠️ Telegram send failed (400), retry 2/3 in 2000ms...
✅ Dynamic exit monitor started for nobrainer

==================================================
✅ Scan complete

🔑 Wallet loaded: EKbhgJrxCL93cBkENoS7...

🔍 PRANA v4.0 - DYNAMIC TP/SL SCANNER
==================================================
💰 Balance: 0.1269 SOL
📊 Min Score Threshold: 6 (adaptive)

🔄 Syncing with Paper Trader...
📊 SYNC: Strategy updated to fib_0618_1618 (82.69% WR)
📊 Current threshold: Score 6+
📊 Market cache updated: F&G 8, Vol 10.00%

🔎 Scanning trending tokens (Paper Trader v3.1 method)...
📊 Found 3 candidates

🔍 Checking: nobrainer
  📊 Score: 9/10 | Age: 37m
  🔒 Honeypot test...
  ✅ SAFE - Executing trade

🎯 FIBONACCI TARGETS (from paper testing):
  Strategy: Fixed 0.618
  Entry Fib: 0.618
  SL: $0.00007170 (-3.00%)
  TP1: $0.00007835 (+6.00%)
  TP2: $0.00008109 (+9.71%)
  Partial Exit: 50% at TP1

🚀 EXECUTING BUY: nobrainer
   Amount: 0.01 SOL
   Platform: Solana Tracker
  🔄 Getting quote from Solana Tracker...
   ✅ SWAP SUCCESS: 4nsaTjjgAupFo1TxyA78...
   Platform: SolanaTracker
   Expected: 10456.012268 tokens
  ⚠️ Telegram send failed (400), retry 1/3 in 1000ms...
  ⚠️ Telegram send failed (400), retry 2/3 in 2000ms...
✅ Dynamic exit monitor started for nobrainer

==================================================
✅ Scan complete

/root/trading-bot/prana-live-trader-v4-dynamic.js:24
  MIN_SCORE: ADAPTIVE_CONFIG.adaptiveThresholds.liveTrader.currentThreshold,
                                                           ^

TypeError: Cannot read properties of undefined (reading 'currentThreshold')
    at Object.<anonymous> (/root/trading-bot/prana-live-trader-v4-dynamic.js:24:60)
    at Module._compile (node:internal/modules/cjs/loader:1706:14)
    at Object..js (node:internal/modules/cjs/loader:1839:10)
    at Module.load (node:internal/modules/cjs/loader:1441:32)
    at Function._load (node:internal/modules/cjs/loader:1263:12)
    at TracingChannel.traceSync (node:diagnostics_channel:328:14)
    at wrapModuleLoad (node:internal/modules/cjs/loader:237:24)
    at Function.executeUserEntryPoint [as runMain] (node:internal/modules/run_main:171:5)
    at node:internal/main/run_main_module:36:49

Node.js v22.22.0
/root/trading-bot/prana-live-trader-v4-dynamic.js:24
  MIN_SCORE: ADAPTIVE_CONFIG.adaptiveThresholds.liveTrader.currentThreshold,
                                                           ^

TypeError: Cannot read properties of undefined (reading 'currentThreshold')
    at Object.<anonymous> (/root/trading-bot/prana-live-trader-v4-dynamic.js:24:60)
    at Module._compile (node:internal/modules/cjs/loader:1706:14)
    at Object..js (node:internal/modules/cjs/loader:1839:10)
    at Module.load (node:internal/modules/cjs/loader:1441:32)
    at Function._load (node:internal/modules/cjs/loader:1263:12)
    at TracingChannel.traceSync (node:diagnostics_channel:328:14)
    at wrapModuleLoad (node:internal/modules/cjs/loader:237:24)
    at Function.executeUserEntryPoint [as runMain] (node:internal/modules/run_main:171:5)
    at node:internal/main/run_main_module:36:49

Node.js v22.22.0
🔑 Wallet loaded: EKbhgJrxCL93cBkENoS7...

🔍 PRANA v4.0 - DYNAMIC TP/SL SCANNER
==================================================
💰 Balance: 0.1646 SOL
📊 Min Score Threshold: 6 (adaptive)

🔄 Syncing with Paper Trader...
📊 SYNC: Strategy updated to fib_0618_1618 (79.89% WR)
📊 Current threshold: Score 6+
📊 Market cache updated: F&G 8, Vol 10.00%

🔎 Scanning trending tokens (Paper Trader v3.1 method)...
📊 Found 3 candidates

🔍 Checking: Ablation
  📊 Score: 9/10 | Age: 21m
  🔒 Honeypot test...
  ✅ SAFE - Executing trade

🎯 FIBONACCI TARGETS (from paper testing):
  Strategy: Fixed 0.618
  Entry Fib: 0.618
  SL: $0.00005786 (-3.00%)
  TP1: $0.00006323 (+6.00%)
  TP2: $0.00006544 (+9.71%)
  Partial Exit: 50% at TP1

🚀 EXECUTING BUY: Ablation
   Amount: 0.01 SOL
   Platform: Solana Tracker
  🔄 Getting quote from Solana Tracker...
   ✅ SWAP SUCCESS: 3pVX9R32uKfXmKxGJpg3...
   Platform: SolanaTracker
   Expected: 14500.48544 tokens
  ⚠️ Telegram send failed (400), retry 1/3 in 1000ms...
  ⚠️ Telegram send failed (400), retry 2/3 in 2000ms...
✅ Dynamic exit monitor started for Ablation

==================================================
✅ Scan complete

/root/trading-bot/prana-live-trader-v4-dynamic.js:24
  MIN_SCORE: ADAPTIVE_CONFIG.adaptiveThresholds.liveTrader.currentThreshold,
                                                           ^

TypeError: Cannot read properties of undefined (reading 'currentThreshold')
    at Object.<anonymous> (/root/trading-bot/prana-live-trader-v4-dynamic.js:24:60)
    at Module._compile (node:internal/modules/cjs/loader:1706:14)
    at Object..js (node:internal/modules/cjs/loader:1839:10)
    at Module.load (node:internal/modules/cjs/loader:1441:32)
    at Function._load (node:internal/modules/cjs/loader:1263:12)
    at TracingChannel.traceSync (node:diagnostics_channel:328:14)
    at wrapModuleLoad (node:internal/modules/cjs/loader:237:24)
    at Function.executeUserEntryPoint [as runMain] (node:internal/modules/run_main:171:5)
    at node:internal/main/run_main_module:36:49

Node.js v22.22.0
🔑 Wallet loaded: EKbhgJrxCL93cBkENoS7...

🔍 PRANA v4.0 - DYNAMIC TP/SL SCANNER
==================================================
📊 ADAPTIVE SYNC: Threshold updated 6 → 5
   Based on paper trader: 740 trades, 73.6% WR
💰 Balance: 0.1303 SOL
📊 Min Score Threshold: 5 (adaptive)

🔄 Syncing with Paper Trader...
📊 SYNC: Strategy updated to fib_0618_1618 (79.89% WR)
📊 Current threshold: Score 5+
📊 Market cache updated: F&G 8, Vol 10.00%

🔎 Scanning trending tokens (Paper Trader v3.1 method)...
📊 Found 3 candidates

🔍 Checking: Ablation
  📊 Score: 9/10 | Age: 31m
  🔒 Honeypot test...
  ✅ SAFE - Executing trade

🎯 FIBONACCI TARGETS (from paper testing):
  Strategy: Fixed 0.618
  Entry Fib: 0.618
  SL: $0.00005026 (-3.00%)
  TP1: $0.00005493 (+6.00%)
  TP2: $0.00005685 (+9.71%)
  Partial Exit: 50% at TP1

🚀 EXECUTING BUY: Ablation
   Amount: 0.01 SOL
   Platform: Solana Tracker
  🔄 Getting quote from Solana Tracker...
   ✅ SWAP SUCCESS: 4HeL1EfhbmLrpEeTbuyf...
   Platform: SolanaTracker
   Expected: 13861.617375 tokens
  ⚠️ Telegram send failed (400), retry 1/3 in 1000ms...
  ⚠️ Telegram send failed (400), retry 2/3 in 2000ms...
✅ Dynamic exit monitor started for Ablation

==================================================
✅ Scan complete

🔑 Wallet loaded: EKbhgJrxCL93cBkENoS7...

🔍 PRANA v4.0 - DYNAMIC TP/SL SCANNER
==================================================
📊 ADAPTIVE SYNC: Threshold updated 6 → 5
   Based on paper trader: 752 trades, 73.5% WR
💰 Balance: 0.1202 SOL
📊 Min Score Threshold: 5 (adaptive)

🔄 Syncing with Paper Trader...
📊 SYNC: Strategy updated to fib_0618_1618 (79.89% WR)
📊 Current threshold: Score 5+
📊 Market cache updated: F&G 8, Vol 10.00%

🔎 Scanning trending tokens (Paper Trader v3.1 method)...
📊 Found 3 candidates

🔍 Checking: Ablation
  📊 Score: 9/10 | Age: 36m
  🔒 Honeypot test...
  ✅ SAFE - Executing trade

🎯 FIBONACCI TARGETS (from paper testing):
  Strategy: Fixed 0.618
  Entry Fib: 0.618
  SL: $0.00005798 (-3.00%)
  TP1: $0.00006336 (+6.00%)
  TP2: $0.00006558 (+9.71%)
  Partial Exit: 50% at TP1

🚀 EXECUTING BUY: Ablation
   Amount: 0.01 SOL
   Platform: Solana Tracker
  🔄 Getting quote from Solana Tracker...
   ✅ SWAP SUCCESS: 4XUhabf7PemhSxbEnUM7...
   Platform: SolanaTracker
   Expected: 14157.402305 tokens
  ⚠️ Telegram send failed (400), retry 1/3 in 1000ms...
  ⚠️ Telegram send failed (400), retry 2/3 in 2000ms...
✅ Dynamic exit monitor started for Ablation

==================================================
✅ Scan complete

🔑 Wallet loaded: EKbhgJrxCL93cBkENoS7...

🔍 PRANA v4.0 - DYNAMIC TP/SL SCANNER
==================================================
💰 Balance: 0.1101 SOL
📊 Min Score Threshold: 5 (adaptive)

🔄 Syncing with Paper Trader...
📊 SYNC: Strategy updated to fib_0618_1618 (79.89% WR)
📊 Current threshold: Score 5+
📊 Market cache updated: F&G 8, Vol 10.00%

🔎 Scanning trending tokens (Paper Trader v3.1 method)...
📊 Found 3 candidates

🔍 Checking: Ablation
  📊 Score: 9/10 | Age: 40m
  🔒 Honeypot test...
  ✅ SAFE - Executing trade

🎯 FIBONACCI TARGETS (from paper testing):
  Strategy: Fixed 0.618
  Entry Fib: 0.618
  SL: $0.00006150 (-3.00%)
  TP1: $0.00006720 (+6.00%)
  TP2: $0.00006955 (+9.71%)
  Partial Exit: 50% at TP1

🚀 EXECUTING BUY: Ablation
   Amount: 0.01 SOL
   Platform: Solana Tracker
  🔄 Getting quote from Solana Tracker...
   ✅ SWAP SUCCESS: 4ybmygxqZoWcMmoNdrDd...
   Platform: SolanaTracker
   Expected: 14259.037886 tokens
  ⚠️ Telegram send failed (400), retry 1/3 in 1000ms...
  ⚠️ Telegram send failed (400), retry 2/3 in 2000ms...
✅ Dynamic exit monitor started for Ablation

==================================================
✅ Scan complete

🔑 Wallet loaded: EKbhgJrxCL93cBkENoS7...

🔍 PRANA v4.0 - DYNAMIC TP/SL SCANNER
==================================================
💰 Balance: 0.1000 SOL
📊 Min Score Threshold: 5 (adaptive)

🔄 Syncing with Paper Trader...
📊 SYNC: Strategy updated to fib_0618_1618 (79.89% WR)
📊 Current threshold: Score 5+
📊 Market cache updated: F&G 8, Vol 10.00%

🔎 Scanning trending tokens (Paper Trader v3.1 method)...
📊 Found 2 candidates

🔍 Checking: Ablation
  📊 Score: 9/10 | Age: 41m
  🔒 Honeypot test...
  ✅ SAFE - Executing trade

🎯 FIBONACCI TARGETS (from paper testing):
  Strategy: Fixed 0.618
  Entry Fib: 0.618
  SL: $0.00005610 (-3.00%)
  TP1: $0.00006131 (+6.00%)
  TP2: $0.00006345 (+9.71%)
  Partial Exit: 50% at TP1

🚀 EXECUTING BUY: Ablation
   Amount: 0.01 SOL
   Platform: Solana Tracker
  🔄 Getting quote from Solana Tracker...
   ✅ SWAP SUCCESS: 4oYb69XwCmx2LVmZ6Qev...
   Platform: SolanaTracker
   Expected: 14897.17813 tokens
  ⚠️ Telegram send failed (400), retry 1/3 in 1000ms...
  ⚠️ Telegram send failed (400), retry 2/3 in 2000ms...
✅ Dynamic exit monitor started for Ablation

==================================================
✅ Scan complete

🔑 Wallet loaded: EKbhgJrxCL93cBkENoS7...

🔍 PRANA v4.1 - STABLE SCANNER
==================================================
💰 Balance: 0.0900 SOL
⚠️  1 open position(s) detected
   - ☊⍜⟟⋏: 0.0 days old
✅ Sufficient balance, proceeding...
📊 Min Score: 6
🔎 Scanning DexScreener...
📊 Found 30 trending tokens
✅ Scan complete - no entries (market conditions)

✅ Single scan complete. Exiting for cron.
🔑 Wallet loaded: EKbhgJrxCL93cBkENoS7...

🔍 PRANA v4.1 - STABLE SCANNER
==================================================
💰 Balance: 0.0900 SOL
⚠️  1 open position(s) detected
   - ☊⍜⟟⋏: 0.0 days old
✅ Sufficient balance, proceeding...
📊 Min Score: 6
🔎 Scanning DexScreener...
📊 Found 30 trending tokens
✅ Scan complete - no entries (market conditions)

✅ Single scan complete. Exiting for cron.
🔑 Wallet loaded: EKbhgJrxCL93cBkENoS7...

🔍 PRANA v4.1 - STABLE SCANNER
==================================================
💰 Balance: 0.0900 SOL
⚠️  1 open position(s) detected
   - ☊⍜⟟⋏: 0.1 days old
✅ Sufficient balance, proceeding...
📊 Min Score: 6
🔎 Scanning DexScreener...
📊 Found 30 trending tokens
✅ Scan complete - no entries (market conditions)

✅ Single scan complete. Exiting for cron.
🔑 Wallet loaded: EKbhgJrxCL93cBkENoS7...

🔍 PRANA v4.1 - STABLE SCANNER
==================================================
💰 Balance: 0.0900 SOL
⚠️  1 open position(s) detected
   - ☊⍜⟟⋏: 0.1 days old
✅ Sufficient balance, proceeding...
📊 Min Score: 6
🔎 Scanning DexScreener...
📊 Found 30 trending tokens
✅ Scan complete - no entries (market conditions)

✅ Single scan complete. Exiting for cron.
🔑 Wallet loaded: EKbhgJrxCL93cBkENoS7...

🔍 PRANA v4.1 - STABLE SCANNER
==================================================
💰 Balance: 0.0900 SOL
⚠️  1 open position(s) detected
   - ☊⍜⟟⋏: 0.1 days old
✅ Sufficient balance, proceeding...
📊 Min Score: 6
🔎 Scanning DexScreener...
📊 Found 30 trending tokens
✅ Scan complete - no entries (market conditions)

✅ Single scan complete. Exiting for cron.
🔑 Wallet loaded: EKbhgJrxCL93cBkENoS7...

🔍 PRANA v4.1 - STABLE SCANNER
==================================================
💰 Balance: 0.0900 SOL
⚠️  1 open position(s) detected
   - ☊⍜⟟⋏: 0.1 days old
✅ Sufficient balance, proceeding...
📊 Min Score: 6
🔎 Scanning DexScreener...
📊 Found 30 trending tokens
✅ Scan complete - no entries (market conditions)

✅ Single scan complete. Exiting for cron.
