[2026-02-15T20:25:14.540Z] 
========================================
[2026-02-15T20:25:14.543Z] 🚀 PRANA LIVE TRADER v5.0 - REBUILD
[2026-02-15T20:25:14.543Z] ========================================
[2026-02-15T20:25:14.543Z] FATAL: Cannot load wallet: bs58.decode is not a function
[2026-02-15T20:25:39.256Z] 
========================================
[2026-02-15T20:25:39.257Z] 🚀 PRANA LIVE TRADER v5.0 - REBUILD
[2026-02-15T20:25:39.257Z] ========================================
[2026-02-15T20:25:39.321Z] Monitoring 1 position(s) for exits...
[2026-02-15T20:25:39.652Z] ☊⍜⟟⋏: $0.0000131600 | PnL: -52.13%
[2026-02-15T20:25:39.653Z] 🛑 STOP LOSS HIT for ☊⍜⟟⋏: -52.13%
[2026-02-15T20:25:40.522Z] 🚨 Executing STOP_LOSS exit for ☊⍜⟟⋏...
[2026-02-15T20:25:41.321Z] ❌ Exit failed: Simulation failed. 
Message: Transaction simulation failed: Blockhash not found. 
Logs: 
[]. 
Catch the `SendTransactionError` and call `getLogs()` on it for full details.
[2026-02-15T20:25:42.085Z] 💰 Balance: 0.0900 SOL
[2026-02-15T20:25:42.086Z] 🔎 Scanning for entries...
[2026-02-15T20:25:43.373Z] 📊 Found 0 candidates
[2026-02-15T20:25:43.374Z] ✅ No suitable entries
[2026-02-15T20:25:43.374Z] ✅ Cycle complete

[2026-02-15T20:26:01.272Z] 
========================================
[2026-02-15T20:26:01.273Z] 🚀 PRANA LIVE TRADER v5.0 - REBUILD
[2026-02-15T20:26:01.273Z] ========================================
[2026-02-15T20:26:01.338Z] Monitoring 1 position(s) for exits...
[2026-02-15T20:26:01.429Z] ☊⍜⟟⋏: $0.0000131600 | PnL: -52.13%
[2026-02-15T20:26:01.429Z] 🛑 STOP LOSS HIT for ☊⍜⟟⋏: -52.13%
[2026-02-15T20:26:02.133Z] 🚨 Executing STOP_LOSS exit for ☊⍜⟟⋏...
[2026-02-15T20:26:03.185Z] ❌ Exit failed: Simulation failed. 
Message: Transaction simulation failed: Blockhash not found. 
Logs: 
[]. 
Catch the `SendTransactionError` and call `getLogs()` on it for full details.
[2026-02-15T20:26:03.593Z] 💰 Balance: 0.0900 SOL
[2026-02-15T20:26:03.593Z] 🔎 Scanning for entries...
[2026-02-15T20:26:04.611Z] 📊 Found 0 candidates
[2026-02-15T20:26:04.611Z] ✅ No suitable entries
[2026-02-15T20:26:04.611Z] ✅ Cycle complete

[2026-02-15T20:27:53.872Z] 
========================================
[2026-02-15T20:27:53.874Z] 🚀 PRANA LIVE TRADER v5.0 - REBUILD
[2026-02-15T20:27:53.874Z] ========================================
[2026-02-15T20:27:53.942Z] Monitoring 1 position(s) for exits...
[2026-02-15T20:27:54.021Z] ☊⍜⟟⋏: $0.0000126000 | PnL: -54.17%
[2026-02-15T20:27:54.022Z] 🛑 STOP LOSS HIT for ☊⍜⟟⋏: -54.17%
[2026-02-15T20:27:55.129Z] 🚨 Executing STOP_LOSS exit for ☊⍜⟟⋏...
[2026-02-15T20:27:55.896Z] ❌ Exit failed: Simulation failed. 
Message: Transaction simulation failed: Blockhash not found. 
Logs: 
[]. 
Catch the `SendTransactionError` and call `getLogs()` on it for full details.
[2026-02-15T20:27:56.482Z] 💰 Balance: 0.0900 SOL
[2026-02-15T20:27:56.483Z] 🔎 Scanning for entries...
[2026-02-15T20:27:58.617Z] 📊 Found 0 candidates
[2026-02-15T20:27:58.617Z] ✅ No suitable entries
[2026-02-15T20:27:58.617Z] ✅ Cycle complete

[2026-02-15T20:28:01.756Z] 
========================================
[2026-02-15T20:28:01.757Z] 🚀 PRANA LIVE TRADER v5.0 - REBUILD
[2026-02-15T20:28:01.757Z] ========================================
[2026-02-15T20:28:01.834Z] Monitoring 1 position(s) for exits...
[2026-02-15T20:28:01.914Z] ☊⍜⟟⋏: $0.0000126000 | PnL: -54.17%
[2026-02-15T20:28:01.914Z] 🛑 STOP LOSS HIT for ☊⍜⟟⋏: -54.17%
[2026-02-15T20:28:02.617Z] 🚨 Executing STOP_LOSS exit for ☊⍜⟟⋏...
[2026-02-15T20:28:03.536Z] ❌ Exit failed: Simulation failed. 
Message: Transaction simulation failed: Blockhash not found. 
Logs: 
[]. 
Catch the `SendTransactionError` and call `getLogs()` on it for full details.
[2026-02-15T20:28:03.942Z] 💰 Balance: 0.0900 SOL
[2026-02-15T20:28:03.943Z] 🔎 Scanning for entries...
[2026-02-15T20:28:04.219Z] 📊 Found 0 candidates
[2026-02-15T20:28:04.219Z] ✅ No suitable entries
[2026-02-15T20:28:04.219Z] ✅ Cycle complete

[2026-02-15T20:30:01.572Z] 
========================================
[2026-02-15T20:30:01.575Z] 🚀 PRANA LIVE TRADER v5.0 - REBUILD
[2026-02-15T20:30:01.575Z] ========================================
[2026-02-15T20:30:01.654Z] Monitoring 1 position(s) for exits...
[2026-02-15T20:30:01.741Z] ☊⍜⟟⋏: $0.0000127400 | PnL: -53.66%
[2026-02-15T20:30:01.741Z] 🛑 STOP LOSS HIT for ☊⍜⟟⋏: -53.66%
[2026-02-15T20:30:02.812Z] 🚨 Executing STOP_LOSS exit for ☊⍜⟟⋏...
[2026-02-15T20:30:03.689Z] ❌ Exit failed: Simulation failed. 
Message: Transaction simulation failed: Blockhash not found. 
Logs: 
[]. 
Catch the `SendTransactionError` and call `getLogs()` on it for full details.
[2026-02-15T20:30:04.296Z] 💰 Balance: 0.0900 SOL
[2026-02-15T20:30:04.296Z] 🔎 Scanning for entries...
[2026-02-15T20:30:05.047Z] 📊 Found 0 candidates
[2026-02-15T20:30:05.047Z] ✅ No suitable entries
[2026-02-15T20:30:05.047Z] ✅ Cycle complete

[2026-02-15T20:32:01.168Z] 
========================================
[2026-02-15T20:32:01.171Z] 🚀 PRANA LIVE TRADER v5.0 - REBUILD
[2026-02-15T20:32:01.171Z] ========================================
[2026-02-15T20:32:01.244Z] Monitoring 1 position(s) for exits...
[2026-02-15T20:32:01.315Z] ☊⍜⟟⋏: $0.0000116600 | PnL: -57.58%
[2026-02-15T20:32:01.316Z] 🛑 STOP LOSS HIT for ☊⍜⟟⋏: -57.58%
[2026-02-15T20:32:02.045Z] 🚨 Executing STOP_LOSS exit for ☊⍜⟟⋏...
[2026-02-15T20:32:02.819Z] ❌ Exit failed: Simulation failed. 
Message: Transaction simulation failed: Blockhash not found. 
Logs: 
[]. 
Catch the `SendTransactionError` and call `getLogs()` on it for full details.
[2026-02-15T20:32:03.414Z] 💰 Balance: 0.1175 SOL
[2026-02-15T20:32:03.414Z] 🔎 Scanning for entries...
[2026-02-15T20:32:05.259Z] 📊 Found 0 candidates
[2026-02-15T20:32:05.259Z] ✅ No suitable entries
[2026-02-15T20:32:05.259Z] ✅ Cycle complete

[2026-02-15T20:34:01.379Z] 
========================================
[2026-02-15T20:34:01.380Z] 🚀 PRANA LIVE TRADER v5.0 - REBUILD
[2026-02-15T20:34:01.380Z] ========================================
[2026-02-15T20:34:01.451Z] Monitoring 1 position(s) for exits...
[2026-02-15T20:34:01.539Z] ☊⍜⟟⋏: $0.0000103300 | PnL: -62.42%
[2026-02-15T20:34:01.539Z] 🛑 STOP LOSS HIT for ☊⍜⟟⋏: -62.42%
[2026-02-15T20:34:02.418Z] 🚨 Executing STOP_LOSS exit for ☊⍜⟟⋏...
[2026-02-15T20:34:03.012Z] ❌ Exit failed: Simulation failed. 
Message: Transaction simulation failed: Blockhash not found. 
Logs: 
[]. 
Catch the `SendTransactionError` and call `getLogs()` on it for full details.
[2026-02-15T20:34:03.584Z] 💰 Balance: 0.1175 SOL
[2026-02-15T20:34:03.584Z] 🔎 Scanning for entries...
[2026-02-15T20:34:04.662Z] 📊 Found 0 candidates
[2026-02-15T20:34:04.662Z] ✅ No suitable entries
[2026-02-15T20:34:04.663Z] ✅ Cycle complete

[2026-02-15T20:36:02.044Z] 
========================================
[2026-02-15T20:36:02.046Z] 🚀 PRANA LIVE TRADER v5.0 - REBUILD
[2026-02-15T20:36:02.046Z] ========================================
[2026-02-15T20:36:02.124Z] Monitoring 1 position(s) for exits...
[2026-02-15T20:36:02.204Z] ☊⍜⟟⋏: $0.0000100400 | PnL: -63.48%
[2026-02-15T20:36:02.204Z] 🛑 STOP LOSS HIT for ☊⍜⟟⋏: -63.48%
[2026-02-15T20:36:03.085Z] 🚨 Executing STOP_LOSS exit for ☊⍜⟟⋏...
[2026-02-15T20:36:03.724Z] ❌ Exit failed: Simulation failed. 
Message: Transaction simulation failed: Blockhash not found. 
Logs: 
[]. 
Catch the `SendTransactionError` and call `getLogs()` on it for full details.
[2026-02-15T20:36:04.302Z] 💰 Balance: 0.1175 SOL
[2026-02-15T20:36:04.302Z] 🔎 Scanning for entries...
[2026-02-15T20:36:07.355Z] 📊 Found 0 candidates
[2026-02-15T20:36:07.355Z] ✅ No suitable entries
[2026-02-15T20:36:07.355Z] ✅ Cycle complete

