🔑 Wallet loaded: EpG25pVadjQ9M9NHJMXZ...

🔍 LIVE TRADER v4.2 - DYNAMIC TP/SL SCANNER
==================================================
⚠️  Adaptive sync failed: Cannot read properties of undefined (reading 'paperTrader')
📊 Balance: 0.1119 SOL | Peak: 0.1485 SOL | Drawdown: 24.6%
⚠️  WARNING: Drawdown 24.6% - approaching limit
📊 Min Score Threshold: 5 (adaptive)

🔄 Syncing with Paper Trader...
⚠️  Sync: adaptiveThresholds not found, using defaults
📚 Loaded 0 positive strategies from BOK
📊 Current threshold: Score 5+
📊 Market cache updated: F&G 8, Vol 10.00%

🔎 Scanning trending tokens (Paper Trader v3.1 method)...
📊 Found 1 candidates

🔍 Checking: DARKTRUMP
  📊 Score: 10/10 | Age: 189m
  🔒 Honeypot test...
  ✅ SAFE - Honeypot test passed

🎯 STRATEGY UPDATE: Fib 0.786 Deep
   Category: SWING_TRADE
   WR: 60.19% (undefined trades)
   TP/SL: 2% / 4% / 6%
   Max Hold: 15 min

🎯 STRATEGY TARGETS (from Paper Trader):
  Strategy: Fib 0.786 Deep
  Category: SWING_TRADE
  SL: $0.00155036 (-2.00%)
  TP1: $0.00164528 (+4.00%)
  TP2: $0.00167692 (+6.00%)
  Partial Exit: 50% at TP1
  Max Hold: 15 min

🚀 EXECUTING BUY: DARKTRUMP
   Amount: 0.005 SOL (flexible based on WR)
   Platform: Solana Tracker
  🔄 Getting quote from Solana Tracker...
   ✅ SWAP SUCCESS: UrKxgxVFWQ6FD7K7irGa...
   Platform: SolanaTracker
   Expected: 265.056485 tokens
📊 Trade recorded: 1/5 today
   💾 Position saved to positions.json
  ⚠️ Telegram send failed (400), retry 1/3 in 1000ms...
  ⚠️ Telegram send failed (400), retry 2/3 in 2000ms...
✅ Dynamic exit monitor started for DARKTRUMP

==================================================
✅ Scan complete

