[2026-02-15T20:26:01.272Z] 
========================================
[2026-02-15T20:26:01.273Z] 🚀 PRANA LIVE TRADER v5.0 - REBUILD
[2026-02-15T20:26:01.273Z] ========================================
[2026-02-15T20:26:01.338Z] Monitoring 1 position(s) for exits...
[2026-02-15T20:26:01.429Z] ☊⍜⟟⋏: $0.0000131600 | PnL: -52.13%
[2026-02-15T20:26:01.429Z] 🛑 STOP LOSS HIT for ☊⍜⟟⋏: -52.13%
[2026-02-15T20:26:02.133Z] 🚨 Executing STOP_LOSS exit for ☊⍜⟟⋏...
[2026-02-15T20:26:03.185Z] ❌ Exit failed: Simulation failed. 
Message: Transaction simulation failed: Blockhash not found. 
Logs: 
[]. 
Catch the `SendTransactionError` and call `getLogs()` on it for full details.
[2026-02-15T20:26:03.593Z] 💰 Balance: 0.0900 SOL
[2026-02-15T20:26:03.593Z] 🔎 Scanning for entries...
[2026-02-15T20:26:04.611Z] 📊 Found 0 candidates
[2026-02-15T20:26:04.611Z] ✅ No suitable entries
[2026-02-15T20:26:04.611Z] ✅ Cycle complete

[2026-02-15T20:28:01.756Z] 
========================================
[2026-02-15T20:28:01.757Z] 🚀 PRANA LIVE TRADER v5.0 - REBUILD
[2026-02-15T20:28:01.757Z] ========================================
[2026-02-15T20:28:01.834Z] Monitoring 1 position(s) for exits...
[2026-02-15T20:28:01.914Z] ☊⍜⟟⋏: $0.0000126000 | PnL: -54.17%
[2026-02-15T20:28:01.914Z] 🛑 STOP LOSS HIT for ☊⍜⟟⋏: -54.17%
[2026-02-15T20:28:02.617Z] 🚨 Executing STOP_LOSS exit for ☊⍜⟟⋏...
[2026-02-15T20:28:03.536Z] ❌ Exit failed: Simulation failed. 
Message: Transaction simulation failed: Blockhash not found. 
Logs: 
[]. 
Catch the `SendTransactionError` and call `getLogs()` on it for full details.
[2026-02-15T20:28:03.942Z] 💰 Balance: 0.0900 SOL
[2026-02-15T20:28:03.943Z] 🔎 Scanning for entries...
[2026-02-15T20:28:04.219Z] 📊 Found 0 candidates
[2026-02-15T20:28:04.219Z] ✅ No suitable entries
[2026-02-15T20:28:04.219Z] ✅ Cycle complete

[2026-02-15T20:30:01.572Z] 
========================================
[2026-02-15T20:30:01.575Z] 🚀 PRANA LIVE TRADER v5.0 - REBUILD
[2026-02-15T20:30:01.575Z] ========================================
[2026-02-15T20:30:01.654Z] Monitoring 1 position(s) for exits...
[2026-02-15T20:30:01.741Z] ☊⍜⟟⋏: $0.0000127400 | PnL: -53.66%
[2026-02-15T20:30:01.741Z] 🛑 STOP LOSS HIT for ☊⍜⟟⋏: -53.66%
[2026-02-15T20:30:02.812Z] 🚨 Executing STOP_LOSS exit for ☊⍜⟟⋏...
[2026-02-15T20:30:03.689Z] ❌ Exit failed: Simulation failed. 
Message: Transaction simulation failed: Blockhash not found. 
Logs: 
[]. 
Catch the `SendTransactionError` and call `getLogs()` on it for full details.
[2026-02-15T20:30:04.296Z] 💰 Balance: 0.0900 SOL
[2026-02-15T20:30:04.296Z] 🔎 Scanning for entries...
[2026-02-15T20:30:05.047Z] 📊 Found 0 candidates
[2026-02-15T20:30:05.047Z] ✅ No suitable entries
[2026-02-15T20:30:05.047Z] ✅ Cycle complete

[2026-02-15T20:32:01.168Z] 
========================================
[2026-02-15T20:32:01.171Z] 🚀 PRANA LIVE TRADER v5.0 - REBUILD
[2026-02-15T20:32:01.171Z] ========================================
[2026-02-15T20:32:01.244Z] Monitoring 1 position(s) for exits...
[2026-02-15T20:32:01.315Z] ☊⍜⟟⋏: $0.0000116600 | PnL: -57.58%
[2026-02-15T20:32:01.316Z] 🛑 STOP LOSS HIT for ☊⍜⟟⋏: -57.58%
[2026-02-15T20:32:02.045Z] 🚨 Executing STOP_LOSS exit for ☊⍜⟟⋏...
[2026-02-15T20:32:02.819Z] ❌ Exit failed: Simulation failed. 
Message: Transaction simulation failed: Blockhash not found. 
Logs: 
[]. 
Catch the `SendTransactionError` and call `getLogs()` on it for full details.
[2026-02-15T20:32:03.414Z] 💰 Balance: 0.1175 SOL
[2026-02-15T20:32:03.414Z] 🔎 Scanning for entries...
[2026-02-15T20:32:05.259Z] 📊 Found 0 candidates
[2026-02-15T20:32:05.259Z] ✅ No suitable entries
[2026-02-15T20:32:05.259Z] ✅ Cycle complete

[2026-02-15T20:34:01.379Z] 
========================================
[2026-02-15T20:34:01.380Z] 🚀 PRANA LIVE TRADER v5.0 - REBUILD
[2026-02-15T20:34:01.380Z] ========================================
[2026-02-15T20:34:01.451Z] Monitoring 1 position(s) for exits...
[2026-02-15T20:34:01.539Z] ☊⍜⟟⋏: $0.0000103300 | PnL: -62.42%
[2026-02-15T20:34:01.539Z] 🛑 STOP LOSS HIT for ☊⍜⟟⋏: -62.42%
[2026-02-15T20:34:02.418Z] 🚨 Executing STOP_LOSS exit for ☊⍜⟟⋏...
[2026-02-15T20:34:03.012Z] ❌ Exit failed: Simulation failed. 
Message: Transaction simulation failed: Blockhash not found. 
Logs: 
[]. 
Catch the `SendTransactionError` and call `getLogs()` on it for full details.
[2026-02-15T20:34:03.584Z] 💰 Balance: 0.1175 SOL
[2026-02-15T20:34:03.584Z] 🔎 Scanning for entries...
[2026-02-15T20:34:04.662Z] 📊 Found 0 candidates
[2026-02-15T20:34:04.662Z] ✅ No suitable entries
[2026-02-15T20:34:04.663Z] ✅ Cycle complete

[2026-02-15T20:36:02.044Z] 
========================================
[2026-02-15T20:36:02.046Z] 🚀 PRANA LIVE TRADER v5.0 - REBUILD
[2026-02-15T20:36:02.046Z] ========================================
[2026-02-15T20:36:02.124Z] Monitoring 1 position(s) for exits...
[2026-02-15T20:36:02.204Z] ☊⍜⟟⋏: $0.0000100400 | PnL: -63.48%
[2026-02-15T20:36:02.204Z] 🛑 STOP LOSS HIT for ☊⍜⟟⋏: -63.48%
[2026-02-15T20:36:03.085Z] 🚨 Executing STOP_LOSS exit for ☊⍜⟟⋏...
[2026-02-15T20:36:03.724Z] ❌ Exit failed: Simulation failed. 
Message: Transaction simulation failed: Blockhash not found. 
Logs: 
[]. 
Catch the `SendTransactionError` and call `getLogs()` on it for full details.
[2026-02-15T20:36:04.302Z] 💰 Balance: 0.1175 SOL
[2026-02-15T20:36:04.302Z] 🔎 Scanning for entries...
[2026-02-15T20:36:07.355Z] 📊 Found 0 candidates
[2026-02-15T20:36:07.355Z] ✅ No suitable entries
[2026-02-15T20:36:07.355Z] ✅ Cycle complete

🔑 Wallet loaded: EKbhgJrxCL93cBkENoS7...

🔍 PRANA v4.0 - DYNAMIC TP/SL SCANNER
==================================================
📊 ADAPTIVE SYNC: Threshold updated 6 → 5
   Based on paper trader: 868 trades, 72.6% WR
💰 Balance: 0.1175 SOL
📊 Min Score Threshold: 5 (adaptive)

🔄 Syncing with Paper Trader...
📊 SYNC: Strategy updated to fib_0618_1618 (79.89% WR)
📊 Current threshold: Score 5+
📊 Market cache updated: F&G 8, Vol 10.00%

🔎 Scanning trending tokens (Paper Trader v3.1 method)...
📊 Found 4 candidates

🔍 Checking: Ablation
  📊 Score: 7/10 | Age: 69m
  🔒 Honeypot test...
  ✅ SAFE - Executing trade

🎯 FIBONACCI TARGETS (from paper testing):
  Strategy: Fixed 0.618
  Entry Fib: 0.618
  SL: $0.00001579 (-3.00%)
  TP1: $0.00001726 (+6.00%)
  TP2: $0.00001786 (+9.71%)
  Partial Exit: 50% at TP1

🚀 EXECUTING BUY: Ablation
   Amount: 0.01 SOL
   Platform: Solana Tracker
  🔄 Getting quote from Solana Tracker...
   ✅ SWAP SUCCESS: 3GiGfPyLjVe5rhNobsni...
   Platform: SolanaTracker
   Expected: 47859.70028 tokens
  ⚠️ Telegram send failed (400), retry 1/3 in 1000ms...
  ⚠️ Telegram send failed (400), retry 2/3 in 2000ms...
✅ Dynamic exit monitor started for Ablation

==================================================
✅ Scan complete

[2026-02-15T20:40:01.850Z] 
========================================
[2026-02-15T20:40:01.858Z] 🚀 PRANA LIVE TRADER v5.1 - STABLE
[2026-02-15T20:40:01.858Z] ========================================
[2026-02-15T20:40:02.031Z] Monitoring 1 position(s)...
[2026-02-15T20:40:02.162Z] ☊⍜⟟⋏: $0.0000099290 | PnL: -63.88%
[2026-02-15T20:40:02.163Z] 🛑 STOP LOSS: ☊⍜⟟⋏ at -63.88%
[2026-02-15T20:40:05.513Z] ✅ Exit success: 2CrmKnENEDzrVdQNEyS6...
[2026-02-15T20:40:05.565Z] Balance: 0.1166 SOL
[2026-02-15T20:40:05.565Z] Scanning DexScreener...
[2026-02-15T20:40:05.972Z] No entries found
[2026-02-15T20:40:05.972Z] ✅ Cycle complete

[2026-02-15T20:42:01.205Z] 
========================================
[2026-02-15T20:42:01.207Z] 🚀 PRANA LIVE TRADER v5.1 - STABLE
[2026-02-15T20:42:01.207Z] ========================================
[2026-02-15T20:42:01.274Z] No positions to monitor
[2026-02-15T20:42:01.414Z] Balance: 0.1166 SOL
[2026-02-15T20:42:01.414Z] Scanning DexScreener...
[2026-02-15T20:42:02.558Z] No entries found
[2026-02-15T20:42:02.558Z] ✅ Cycle complete

[2026-02-15T20:44:01.678Z] 
========================================
[2026-02-15T20:44:01.680Z] 🚀 PRANA LIVE TRADER v5.1 - STABLE
[2026-02-15T20:44:01.680Z] ========================================
[2026-02-15T20:44:01.757Z] No positions to monitor
[2026-02-15T20:44:01.900Z] Balance: 0.0138 SOL
[2026-02-15T20:44:01.901Z] Insufficient balance for entry
[2026-02-15T20:44:01.901Z] ✅ Cycle complete

[2026-02-15T20:46:02.010Z] 
========================================
[2026-02-15T20:46:02.011Z] 🚀 PRANA LIVE TRADER v5.1 - STABLE
[2026-02-15T20:46:02.011Z] ========================================
[2026-02-15T20:46:02.092Z] No positions to monitor
[2026-02-15T20:46:02.240Z] Balance: 0.0138 SOL
[2026-02-15T20:46:02.240Z] Insufficient balance for entry
[2026-02-15T20:46:02.240Z] ✅ Cycle complete

[2026-02-15T20:48:01.418Z] 
========================================
[2026-02-15T20:48:01.419Z] 🚀 PRANA LIVE TRADER v5.1 - STABLE
[2026-02-15T20:48:01.419Z] ========================================
[2026-02-15T20:48:01.492Z] No positions to monitor
[2026-02-15T20:48:01.619Z] Balance: 0.0138 SOL
[2026-02-15T20:48:01.619Z] Insufficient balance for entry
[2026-02-15T20:48:01.619Z] ✅ Cycle complete

[2026-02-15T20:50:01.918Z] 
========================================
[2026-02-15T20:50:01.922Z] 🚀 PRANA LIVE TRADER v5.1 - STABLE
[2026-02-15T20:50:01.922Z] ========================================
[2026-02-15T20:50:02.005Z] No positions to monitor
[2026-02-15T20:50:02.150Z] Balance: 0.0138 SOL
[2026-02-15T20:50:02.151Z] Insufficient balance for entry
[2026-02-15T20:50:02.151Z] ✅ Cycle complete

[2026-02-15T20:52:01.322Z] 
========================================
[2026-02-15T20:52:01.323Z] 🚀 PRANA LIVE TRADER v5.1 - STABLE
[2026-02-15T20:52:01.323Z] ========================================
[2026-02-15T20:52:01.396Z] No positions to monitor
[2026-02-15T20:52:01.544Z] Balance: 0.0138 SOL
[2026-02-15T20:52:01.545Z] Insufficient balance for entry
[2026-02-15T20:52:01.545Z] ✅ Cycle complete

[2026-02-15T20:54:01.726Z] 
========================================
[2026-02-15T20:54:01.728Z] 🚀 PRANA LIVE TRADER v5.1 - STABLE
[2026-02-15T20:54:01.728Z] ========================================
[2026-02-15T20:54:01.804Z] No positions to monitor
[2026-02-15T20:54:01.967Z] Balance: 0.0138 SOL
[2026-02-15T20:54:01.967Z] Insufficient balance for entry
[2026-02-15T20:54:01.967Z] ✅ Cycle complete

[2026-02-15T20:56:01.622Z] 
========================================
[2026-02-15T20:56:01.623Z] 🚀 PRANA LIVE TRADER v5.1 - STABLE
[2026-02-15T20:56:01.623Z] ========================================
[2026-02-15T20:56:01.706Z] No positions to monitor
[2026-02-15T20:56:01.831Z] Balance: 0.0703 SOL
[2026-02-15T20:56:01.831Z] Scanning DexScreener...
[2026-02-15T20:56:03.752Z] No entries found
[2026-02-15T20:56:03.752Z] ✅ Cycle complete

[2026-02-15T20:58:01.868Z] 
========================================
[2026-02-15T20:58:01.869Z] 🚀 PRANA LIVE TRADER v5.1 - STABLE
[2026-02-15T20:58:01.869Z] ========================================
[2026-02-15T20:58:01.941Z] No positions to monitor
[2026-02-15T20:58:02.080Z] Balance: 0.0703 SOL
[2026-02-15T20:58:02.080Z] Scanning DexScreener...
[2026-02-15T20:58:02.786Z] No entries found
[2026-02-15T20:58:02.787Z] ✅ Cycle complete

[2026-02-15T21:00:02.058Z] 
========================================
[2026-02-15T21:00:02.059Z] 🚀 PRANA LIVE TRADER v5.1 - STABLE
[2026-02-15T21:00:02.059Z] ========================================
[2026-02-15T21:00:02.137Z] No positions to monitor
[2026-02-15T21:00:02.492Z] Balance: 0.0703 SOL
[2026-02-15T21:00:02.492Z] Scanning DexScreener...
[2026-02-15T21:00:04.024Z] No entries found
[2026-02-15T21:00:04.024Z] ✅ Cycle complete

