
============================================================
📊 PAPER TRADER v5.0 - DYNAMIC STRATEGY ENGINE
============================================================

📈 Simulation: 45/50
💰 Wallet: 0.1 SOL
🎯 Daily Target: 0.2 SOL

🔗 Loading Strategy Intelligence signals...
📊 Loaded 0 signals from Intelligence Network

============================================================
📊 PAPER TRADER v5.0 - DYNAMIC STRATEGY ENGINE
============================================================

📈 Simulation: 45/50
💰 Wallet: 0.1 SOL
🎯 Daily Target: 0.2 SOL

🔗 Loading Strategy Intelligence signals...
📊 Loaded 0 signals from Intelligence Network

📊 Found 20 tokens from market scan

🔍 Testing: 龙马
   ❌ FOMO ALERT: Pumped 29.9% in 5min - Wait for pullback
🔍 Testing: Bloodnut
   ❌ FOMO ALERT: Pumped 137.0% in 5min - Wait for pullback
🔍 Testing: BUDDY
   ❌ FOMO ALERT: Pumped 11.7% in 5min - Wait for pullback
🔍 Testing: 144pHorse
   ❌ DUMP ALERT: Down 19.5% in 5min - Wait for stabilization
🔍 Testing: NANI
   ❌ FOMO ALERT: Pumped 68.0% in 5min - Wait for pullback
🔍 Testing: антон
   ❌ DUMP ALERT: Down 66.8% in 5min - Wait for stabilization
🔍 Testing: HRS
   ❌ FOMO ALERT: Pumped 20.0% in 5min - Wait for pullback
🔍 Testing: CODY
   ❌ DUMP ALERT: Down 22.6% in 5min - Wait for stabilization
🔍 Testing: MDST
   ✅ Candle: CONSOLIDATION: Stable price with good volume - ready for breakout (Score: 7)
   📊 Order Book: weak (0.97:1)
🔍 Testing: G1
   ❌ FOMO ALERT: Pumped 10.5% in 5min - Wait for pullback

🧹 Cleaning up expired strategies from Cycle 0...
✅ BOK updated: Only Cycle 1 strategies are active

📊 DAILY PROFIT ESTIMATION:
   Balance: 0.1 SOL
   Target: 0.2 SOL
   Estimated: 0.0000 SOL
   Gap: 0.2000 SOL

📊 STRATEGY RESULTS:

Fib 0.382 Entry:
   WR: 66.7% (2W/1L)
   PnL: 0.0018 SOL
   Category: SCALPING

Fib 0.500 Entry:
   WR: 66.7% (4W/2L)
   PnL: 0.0036 SOL
   Category: SCALPING

Fib 0.786 Deep:
   WR: 66.7% (2W/1L)
   PnL: 0.0017 SOL
   Category: SWING_TRADE

Fib + Volume:
   WR: 66.7% (2W/1L)
   PnL: 0.0019 SOL
   Category: FAST_TRADE

Orderbook + Funding:
   WR: 66.7% (4W/2L)
   PnL: 0.0039 SOL
   Category: SWING_TRADE

RSI Divergence:
   WR: 66.7% (2W/1L)
   PnL: 0.0015 SOL
   Category: SWING_TRADE

Whale + Volume:
   WR: 50.0% (3W/3L)
   PnL: 0.0025 SOL
   Category: SNIPER

Fib + RSI:
   WR: 33.3% (1W/2L)
   PnL: 0.0007 SOL
   Category: SCALPING

Smart Money + Fib:
   WR: 33.3% (1W/2L)
   PnL: 0.0006 SOL
   Category: SNIPER

S/R Breakout:
   WR: 33.3% (1W/2L)
   PnL: 0.0004 SOL
   Category: FAST_TRADE

✅ Telegram notification sent

============================================================
✅ Paper Trader v5 Complete


============================================================
📊 PAPER TRADER v5.0 - DYNAMIC STRATEGY ENGINE
============================================================

📈 Simulation: 45/50
💰 Wallet: 0.1 SOL
🎯 Daily Target: 0.2 SOL

🔗 Loading Strategy Intelligence signals...
📊 Loaded 0 signals from Intelligence Network

📊 Found 19 tokens from market scan

🔍 Testing: AI
   ❌ DUMP ALERT: Down 21.7% in 5min - Wait for stabilization
🔍 Testing: naniXBT
   ❌ DUMP ALERT: Down 29.1% in 5min - Wait for stabilization
🔍 Testing: WW3
   ❌ DUMP ALERT: Down 57.6% in 5min - Wait for stabilization
🔍 Testing: 龙马
   ❌ DUMP ALERT: Down 30.8% in 5min - Wait for stabilization
🔍 Testing: Bloodnut
   ✅ Candle: ACCEPTABLE: -2.4% movement (Score: 6)
   📊 Order Book: moderate (1.27:1)
🔍 Testing: BUDDY
   ✅ Candle: ACCEPTABLE: 5.1% movement (Score: 6)
   📊 Order Book: strong (1.92:1)
🔍 Testing: 144pHorse
   ✅ Candle: ACCEPTABLE: 7.0% movement (Score: 6)
   📊 Order Book: strong (1.80:1)
🔍 Testing: NANI
   ❌ DUMP ALERT: Down 6.0% in 5min - Wait for stabilization
🔍 Testing: антон
   ✅ Candle: ACCEPTABLE: -3.5% movement (Score: 6)
   📊 Order Book: moderate (1.30:1)
🔍 Testing: HRS
   ❌ FOMO ALERT: Pumped 12.8% in 5min - Wait for pullback

🧹 Cleaning up expired strategies from Cycle 0...
✅ BOK updated: Only Cycle 1 strategies are active

📊 DAILY PROFIT ESTIMATION:
   Balance: 0.1 SOL
   Target: 0.2 SOL
   Estimated: 0.0000 SOL
   Gap: 0.2000 SOL

📊 STRATEGY RESULTS:

Fib 0.382 Entry:
   WR: 66.7% (2W/1L)
   PnL: 0.0018 SOL
   Category: SCALPING

Fib 0.500 Entry:
   WR: 66.7% (4W/2L)
   PnL: 0.0036 SOL
   Category: SCALPING

Fib 0.786 Deep:
   WR: 66.7% (2W/1L)
   PnL: 0.0017 SOL
   Category: SWING_TRADE

Fib + Volume:
   WR: 66.7% (2W/1L)
   PnL: 0.0019 SOL
   Category: FAST_TRADE

Orderbook + Funding:
   WR: 66.7% (4W/2L)
   PnL: 0.0039 SOL
   Category: SWING_TRADE

RSI Divergence:
   WR: 66.7% (2W/1L)
   PnL: 0.0015 SOL
   Category: SWING_TRADE

Whale + Volume:
   WR: 50.0% (3W/3L)
   PnL: 0.0025 SOL
   Category: SNIPER

Fib + RSI:
   WR: 33.3% (1W/2L)
   PnL: 0.0007 SOL
   Category: SCALPING

Smart Money + Fib:
   WR: 33.3% (1W/2L)
   PnL: 0.0006 SOL
   Category: SNIPER

S/R Breakout:
   WR: 33.3% (1W/2L)
   PnL: 0.0004 SOL
   Category: FAST_TRADE

✅ Telegram notification sent

============================================================
✅ Paper Trader v5 Complete


============================================================
📊 PAPER TRADER v5.0 - DYNAMIC STRATEGY ENGINE
============================================================

📈 Simulation: 45/50
💰 Wallet: 0.1 SOL
🎯 Daily Target: 0.2 SOL

🔗 Loading Strategy Intelligence signals...
📊 Loaded 0 signals from Intelligence Network

📊 Found 19 tokens from market scan

🔍 Testing: U25
   ❌ FOMO ALERT: Pumped 49.4% in 5min - Wait for pullback
🔍 Testing: Lightbourn
   ❌ DUMP ALERT: Down 9.7% in 5min - Wait for stabilization
🔍 Testing: APocket
   ❌ FOMO ALERT: Pumped 289.0% in 5min - Wait for pullback
🔍 Testing: Trans
   ❌ DUMP ALERT: Down 14.4% in 5min - Wait for stabilization
🔍 Testing: AI
   ❌ DUMP ALERT: Down 14.3% in 5min - Wait for stabilization
🔍 Testing: naniXBT
   ❌ DUMP ALERT: Down 33.0% in 5min - Wait for stabilization
🔍 Testing: WW3
   ✅ Candle: PULLBACK ENTRY: Up 16.2% in 1h, cooling off -1.6% in 5m (Score: 9)
   📊 Order Book: moderate (1.23:1)
🔍 Testing: 龙马
   ✅ Candle: ACCEPTABLE: 3.9% movement (Score: 6)
   📊 Order Book: moderate (1.37:1)
🔍 Testing: Bloodnut
   ❌ FOMO ALERT: Pumped 31.3% in 5min - Wait for pullback
🔍 Testing: BUDDY
   ❌ DUMP ALERT: Down 8.3% in 5min - Wait for stabilization

🧹 Cleaning up expired strategies from Cycle 0...
✅ BOK updated: Only Cycle 1 strategies are active

📊 DAILY PROFIT ESTIMATION:
   Balance: 0.1 SOL
   Target: 0.2 SOL
   Estimated: 0.0000 SOL
   Gap: 0.2000 SOL

📊 STRATEGY RESULTS:

Fib 0.382 Entry:
   WR: 66.7% (2W/1L)
   PnL: 0.0018 SOL
   Category: SCALPING

Fib 0.500 Entry:
   WR: 66.7% (4W/2L)
   PnL: 0.0036 SOL
   Category: SCALPING

Fib 0.786 Deep:
   WR: 66.7% (2W/1L)
   PnL: 0.0017 SOL
   Category: SWING_TRADE

Fib + Volume:
   WR: 66.7% (2W/1L)
   PnL: 0.0019 SOL
   Category: FAST_TRADE

Orderbook + Funding:
   WR: 66.7% (4W/2L)
   PnL: 0.0039 SOL
   Category: SWING_TRADE

RSI Divergence:
   WR: 66.7% (2W/1L)
   PnL: 0.0015 SOL
   Category: SWING_TRADE

Whale + Volume:
   WR: 50.0% (3W/3L)
   PnL: 0.0025 SOL
   Category: SNIPER

Fib + RSI:
   WR: 33.3% (1W/2L)
   PnL: 0.0007 SOL
   Category: SCALPING

Smart Money + Fib:
   WR: 33.3% (1W/2L)
   PnL: 0.0006 SOL
   Category: SNIPER

S/R Breakout:
   WR: 33.3% (1W/2L)
   PnL: 0.0004 SOL
   Category: FAST_TRADE


============================================================
✅ Paper Trader v5 Complete


============================================================
📊 PAPER TRADER v5.0 - DYNAMIC STRATEGY ENGINE
============================================================

📈 Simulation: 45/50
💰 Wallet: 0.1 SOL
🎯 Daily Target: 0.2 SOL

🔗 Loading Strategy Intelligence signals...
📊 Loaded 0 signals from Intelligence Network

📊 Found 19 tokens from market scan

🔍 Testing: 马布布
   ❌ FOMO ALERT: Pumped 10.6% in 5min - Wait for pullback
🔍 Testing: 马王
   ✅ Candle: CONSOLIDATION: Stable price with good volume - ready for breakout (Score: 7)
   📊 Order Book: moderate (1.02:1)
🔍 Testing: SCF
   ❌ FOMO ALERT: Pumped 190.0% in 5min - Wait for pullback
🔍 Testing: Agents
   ❌ DUMP ALERT: Down 14.6% in 5min - Wait for stabilization
🔍 Testing: U25
   ❌ DUMP ALERT: Down 6.3% in 5min - Wait for stabilization
🔍 Testing: Lightbourn
   ✅ Candle: ACCEPTABLE: 5.3% movement (Score: 6)
   📊 Order Book: moderate (1.35:1)
🔍 Testing: APocket
   ❌ FOMO ALERT: Pumped 28.3% in 5min - Wait for pullback
🔍 Testing: Trans
   ❌ DUMP ALERT: Down 15.8% in 5min - Wait for stabilization
🔍 Testing: AI
   ❌ DUMP ALERT: Down 9.6% in 5min - Wait for stabilization
🔍 Testing: naniXBT
   ❌ FOMO ALERT: Pumped 65.1% in 5min - Wait for pullback

🧹 Cleaning up expired strategies from Cycle 0...
✅ BOK updated: Only Cycle 1 strategies are active

📊 DAILY PROFIT ESTIMATION:
   Balance: 0.1 SOL
   Target: 0.2 SOL
   Estimated: 0.0000 SOL
   Gap: 0.2000 SOL

📊 STRATEGY RESULTS:

Fib 0.382 Entry:
   WR: 66.7% (2W/1L)
   PnL: 0.0018 SOL
   Category: SCALPING

Fib 0.500 Entry:
   WR: 66.7% (4W/2L)
   PnL: 0.0036 SOL
   Category: SCALPING

Fib 0.786 Deep:
   WR: 66.7% (2W/1L)
   PnL: 0.0017 SOL
   Category: SWING_TRADE

Fib + Volume:
   WR: 66.7% (2W/1L)
   PnL: 0.0019 SOL
   Category: FAST_TRADE

Orderbook + Funding:
   WR: 66.7% (4W/2L)
   PnL: 0.0039 SOL
   Category: SWING_TRADE

RSI Divergence:
   WR: 66.7% (2W/1L)
   PnL: 0.0015 SOL
   Category: SWING_TRADE

Whale + Volume:
   WR: 50.0% (3W/3L)
   PnL: 0.0025 SOL
   Category: SNIPER

Fib + RSI:
   WR: 33.3% (1W/2L)
   PnL: 0.0007 SOL
   Category: SCALPING

Smart Money + Fib:
   WR: 33.3% (1W/2L)
   PnL: 0.0006 SOL
   Category: SNIPER

S/R Breakout:
   WR: 33.3% (1W/2L)
   PnL: 0.0004 SOL
   Category: FAST_TRADE


============================================================
✅ Paper Trader v5 Complete


============================================================
📊 PAPER TRADER v5.0 - DYNAMIC STRATEGY ENGINE
============================================================

📈 Simulation: 45/50
💰 Wallet: 0.1 SOL
🎯 Daily Target: 0.2 SOL

🔗 Loading Strategy Intelligence signals...
📊 Loaded 0 signals from Intelligence Network

============================================================
📊 PAPER TRADER v5.0 - DYNAMIC STRATEGY ENGINE
============================================================

📈 Simulation: 45/50
💰 Wallet: 0.1 SOL
🎯 Daily Target: 0.2 SOL

🔗 Loading Strategy Intelligence signals...
📊 Loaded 0 signals from Intelligence Network

📊 Found 19 tokens from market scan

🔍 Testing: Drippin
   ❌ FOMO ALERT: Pumped 13.5% in 5min - Wait for pullback
🔍 Testing: 马布布
   ❌ FOMO ALERT: Pumped 15.5% in 5min - Wait for pullback
🔍 Testing: 马王
   ✅ Candle: CONSOLIDATION: Stable price with good volume - ready for breakout (Score: 7)
   📊 Order Book: moderate (1.01:1)
🔍 Testing: SCF
   ❌ DUMP ALERT: Down 6.7% in 5min - Wait for stabilization
🔍 Testing: Agents
   ❌ DUMP ALERT: Down 12.6% in 5min - Wait for stabilization
🔍 Testing: U25
   ❌ DUMP ALERT: Down 12.4% in 5min - Wait for stabilization
🔍 Testing: Lightbourn
   ❌ DUMP ALERT: Down 6.9% in 5min - Wait for stabilization
🔍 Testing: APocket
   ❌ DUMP ALERT: Down 13.8% in 5min - Wait for stabilization
🔍 Testing: Trans
   ✅ Candle: ACCEPTABLE: 2.4% movement (Score: 6)
   📊 Order Book: moderate (1.36:1)
🔍 Testing: AI
   ❌ DUMP ALERT: Down 17.1% in 5min - Wait for stabilization

🧹 Cleaning up expired strategies from Cycle 0...
✅ BOK updated: Only Cycle 1 strategies are active

📊 DAILY PROFIT ESTIMATION:
   Balance: 0.1 SOL
   Target: 0.2 SOL
   Estimated: 0.0000 SOL
   Gap: 0.2000 SOL

📊 STRATEGY RESULTS:

Fib 0.382 Entry:
   WR: 66.7% (2W/1L)
   PnL: 0.0018 SOL
   Category: SCALPING

Fib 0.500 Entry:
   WR: 66.7% (4W/2L)
   PnL: 0.0036 SOL
   Category: SCALPING

Fib 0.786 Deep:
   WR: 66.7% (2W/1L)
   PnL: 0.0017 SOL
   Category: SWING_TRADE

Fib + Volume:
   WR: 66.7% (2W/1L)
   PnL: 0.0019 SOL
   Category: FAST_TRADE

Orderbook + Funding:
   WR: 66.7% (4W/2L)
   PnL: 0.0039 SOL
   Category: SWING_TRADE

RSI Divergence:
   WR: 66.7% (2W/1L)
   PnL: 0.0015 SOL
   Category: SWING_TRADE

Whale + Volume:
   WR: 50.0% (3W/3L)
   PnL: 0.0025 SOL
   Category: SNIPER

Fib + RSI:
   WR: 33.3% (1W/2L)
   PnL: 0.0007 SOL
   Category: SCALPING

Smart Money + Fib:
   WR: 33.3% (1W/2L)
   PnL: 0.0006 SOL
   Category: SNIPER

S/R Breakout:
   WR: 33.3% (1W/2L)
   PnL: 0.0004 SOL
   Category: FAST_TRADE


============================================================
✅ Paper Trader v5 Complete


============================================================
📊 PAPER TRADER v5.0 - DYNAMIC STRATEGY ENGINE
============================================================

📈 Simulation: 45/50
💰 Wallet: 0.1 SOL
🎯 Daily Target: 0.2 SOL

🔗 Loading Strategy Intelligence signals...
📊 Loaded 0 signals from Intelligence Network

📊 Found 19 tokens from market scan

🔍 Testing: HORZ
   ❌ FOMO ALERT: Pumped 40.4% in 5min - Wait for pullback
🔍 Testing: Benjamin
   ❌ DUMP ALERT: Down 12.7% in 5min - Wait for stabilization
🔍 Testing: Drippin
   ✅ Candle: PULLBACK ENTRY: Up 273.0% in 1h, cooling off -2.3% in 5m (Score: 9)
   📊 Order Book: strong (1.55:1)
🔍 Testing: 马布布
   ❌ FOMO ALERT: Pumped 19.9% in 5min - Wait for pullback
🔍 Testing: 马王
   ✅ Candle: CONSOLIDATION: Stable price with good volume - ready for breakout (Score: 7)
   📊 Order Book: moderate (1.00:1)
🔍 Testing: SCF
   ❌ DUMP ALERT: Down 15.9% in 5min - Wait for stabilization
🔍 Testing: Agents
   ❌ FOMO ALERT: Pumped 18.3% in 5min - Wait for pullback
🔍 Testing: U25
   ❌ DUMP ALERT: Down 23.1% in 5min - Wait for stabilization
🔍 Testing: Lightbourn
   ❌ FOMO ALERT: Pumped 19.6% in 5min - Wait for pullback
🔍 Testing: APocket
   ✅ Candle: CONSOLIDATION: Stable price with good volume - ready for breakout (Score: 7)
   📊 Order Book: strong (3.06:1)

🧹 Cleaning up expired strategies from Cycle 0...
✅ BOK updated: Only Cycle 1 strategies are active

📊 DAILY PROFIT ESTIMATION:
   Balance: 0.1 SOL
   Target: 0.2 SOL
   Estimated: 0.0000 SOL
   Gap: 0.2000 SOL

📊 STRATEGY RESULTS:

Fib 0.382 Entry:
   WR: 66.7% (2W/1L)
   PnL: 0.0018 SOL
   Category: SCALPING

Fib 0.500 Entry:
   WR: 66.7% (4W/2L)
   PnL: 0.0036 SOL
   Category: SCALPING

Fib 0.786 Deep:
   WR: 66.7% (2W/1L)
   PnL: 0.0017 SOL
   Category: SWING_TRADE

Fib + Volume:
   WR: 66.7% (2W/1L)
   PnL: 0.0019 SOL
   Category: FAST_TRADE

Orderbook + Funding:
   WR: 66.7% (4W/2L)
   PnL: 0.0039 SOL
   Category: SWING_TRADE

RSI Divergence:
   WR: 66.7% (2W/1L)
   PnL: 0.0015 SOL
   Category: SWING_TRADE

Whale + Volume:
   WR: 50.0% (3W/3L)
   PnL: 0.0025 SOL
   Category: SNIPER

Fib + RSI:
   WR: 33.3% (1W/2L)
   PnL: 0.0007 SOL
   Category: SCALPING

Smart Money + Fib:
   WR: 33.3% (1W/2L)
   PnL: 0.0006 SOL
   Category: SNIPER

S/R Breakout:
   WR: 33.3% (1W/2L)
   PnL: 0.0004 SOL
   Category: FAST_TRADE


============================================================
✅ Paper Trader v5 Complete


============================================================
📊 PAPER TRADER v5.0 - DYNAMIC STRATEGY ENGINE
============================================================

📈 Simulation: 45/50
💰 Wallet: 0.1 SOL
🎯 Daily Target: 0.2 SOL

🔗 Loading Strategy Intelligence signals...
📊 Loaded 0 signals from Intelligence Network

📊 Found 19 tokens from market scan

🔍 Testing: CLAWPEPE
   ❌ FOMO ALERT: Pumped 40.1% in 5min - Wait for pullback
🔍 Testing: HORZ
   ✅ Candle: ACCEPTABLE: 3.0% movement (Score: 6)
   📊 Order Book: moderate (1.13:1)
🔍 Testing: Benjamin
   ❌ FOMO ALERT: Pumped 29.6% in 5min - Wait for pullback
🔍 Testing: Drippin
   ✅ Candle: ACCEPTABLE: -3.6% movement (Score: 6)
   📊 Order Book: strong (1.51:1)
🔍 Testing: 马布布
   ✅ Candle: ACCEPTABLE: 2.1% movement (Score: 6)
   📊 Order Book: moderate (1.08:1)
🔍 Testing: 马王
   ✅ Candle: CONSOLIDATION: Stable price with good volume - ready for breakout (Score: 7)
   📊 Order Book: weak (0.99:1)
🔍 Testing: SCF
   ❌ DUMP ALERT: Down 43.2% in 5min - Wait for stabilization
🔍 Testing: Agents
   ❌ DUMP ALERT: Down 9.3% in 5min - Wait for stabilization
🔍 Testing: U25
   ❌ DUMP ALERT: Down 20.9% in 5min - Wait for stabilization
🔍 Testing: Lightbourn
   ✅ Candle: PULLBACK ENTRY: Up 30.2% in 1h, cooling off -2.4% in 5m (Score: 9)
   📊 Order Book: moderate (1.32:1)

🧹 Cleaning up expired strategies from Cycle 0...
✅ BOK updated: Only Cycle 1 strategies are active

📊 DAILY PROFIT ESTIMATION:
   Balance: 0.1 SOL
   Target: 0.2 SOL
   Estimated: 0.0000 SOL
   Gap: 0.2000 SOL

📊 STRATEGY RESULTS:

Fib 0.382 Entry:
   WR: 66.7% (2W/1L)
   PnL: 0.0018 SOL
   Category: SCALPING

Fib 0.500 Entry:
   WR: 66.7% (4W/2L)
   PnL: 0.0036 SOL
   Category: SCALPING

Fib 0.786 Deep:
   WR: 66.7% (2W/1L)
   PnL: 0.0017 SOL
   Category: SWING_TRADE

Fib + Volume:
   WR: 66.7% (2W/1L)
   PnL: 0.0019 SOL
   Category: FAST_TRADE

Orderbook + Funding:
   WR: 66.7% (4W/2L)
   PnL: 0.0039 SOL
   Category: SWING_TRADE

RSI Divergence:
   WR: 66.7% (2W/1L)
   PnL: 0.0015 SOL
   Category: SWING_TRADE

Whale + Volume:
   WR: 50.0% (3W/3L)
   PnL: 0.0025 SOL
   Category: SNIPER

Fib + RSI:
   WR: 33.3% (1W/2L)
   PnL: 0.0007 SOL
   Category: SCALPING

Smart Money + Fib:
   WR: 33.3% (1W/2L)
   PnL: 0.0006 SOL
   Category: SNIPER

S/R Breakout:
   WR: 33.3% (1W/2L)
   PnL: 0.0004 SOL
   Category: FAST_TRADE


============================================================
✅ Paper Trader v5 Complete


============================================================
📊 PAPER TRADER v5.0 - DYNAMIC STRATEGY ENGINE
============================================================

📈 Simulation: 45/50
💰 Wallet: 0.1 SOL
🎯 Daily Target: 0.2 SOL

🔗 Loading Strategy Intelligence signals...
📊 Loaded 0 signals from Intelligence Network

📊 Found 19 tokens from market scan

🔍 Testing: Lucas
   ❌ DUMP ALERT: Down 19.8% in 5min - Wait for stabilization
🔍 Testing: JURYCAT
   ❌ FOMO ALERT: Pumped 15.9% in 5min - Wait for pullback
🔍 Testing: CLAWPEPE
   ❌ FOMO ALERT: Pumped 12.8% in 5min - Wait for pullback
🔍 Testing: HORZ
   ❌ DUMP ALERT: Down 15.3% in 5min - Wait for stabilization
🔍 Testing: Benjamin
   ✅ Candle: ACCEPTABLE: -4.1% movement (Score: 6)
   📊 Order Book: moderate (1.14:1)
🔍 Testing: Drippin
   ❌ DUMP ALERT: Down 32.3% in 5min - Wait for stabilization
🔍 Testing: 马布布
   ✅ Candle: ACCEPTABLE: 3.7% movement (Score: 6)
   📊 Order Book: moderate (1.09:1)
🔍 Testing: 马王
   ✅ Candle: CONSOLIDATION: Stable price with good volume - ready for breakout (Score: 7)
   📊 Order Book: weak (0.99:1)
🔍 Testing: SCF
   ✅ Candle: ACCEPTABLE: 7.5% movement (Score: 6)
   📊 Order Book: moderate (1.13:1)
🔍 Testing: Agents
   ❌ FOMO ALERT: Pumped 18.8% in 5min - Wait for pullback

🧹 Cleaning up expired strategies from Cycle 0...
✅ BOK updated: Only Cycle 1 strategies are active

📊 DAILY PROFIT ESTIMATION:
   Balance: 0.1 SOL
   Target: 0.2 SOL
   Estimated: 0.0000 SOL
   Gap: 0.2000 SOL

📊 STRATEGY RESULTS:

Fib 0.382 Entry:
   WR: 66.7% (2W/1L)
   PnL: 0.0018 SOL
   Category: SCALPING

Fib 0.500 Entry:
   WR: 66.7% (4W/2L)
   PnL: 0.0036 SOL
   Category: SCALPING

Fib 0.786 Deep:
   WR: 66.7% (2W/1L)
   PnL: 0.0017 SOL
   Category: SWING_TRADE

Fib + Volume:
   WR: 66.7% (2W/1L)
   PnL: 0.0019 SOL
   Category: FAST_TRADE

Orderbook + Funding:
   WR: 66.7% (4W/2L)
   PnL: 0.0039 SOL
   Category: SWING_TRADE

RSI Divergence:
   WR: 66.7% (2W/1L)
   PnL: 0.0015 SOL
   Category: SWING_TRADE

Whale + Volume:
   WR: 50.0% (3W/3L)
   PnL: 0.0025 SOL
   Category: SNIPER

Fib + RSI:
   WR: 33.3% (1W/2L)
   PnL: 0.0007 SOL
   Category: SCALPING

Smart Money + Fib:
   WR: 33.3% (1W/2L)
   PnL: 0.0006 SOL
   Category: SNIPER

S/R Breakout:
   WR: 33.3% (1W/2L)
   PnL: 0.0004 SOL
   Category: FAST_TRADE


============================================================
✅ Paper Trader v5 Complete


============================================================
📊 PAPER TRADER v5.0 - DYNAMIC STRATEGY ENGINE
============================================================

📈 Simulation: 45/50
💰 Wallet: 0.1 SOL
🎯 Daily Target: 0.2 SOL

🔗 Loading Strategy Intelligence signals...
📊 Loaded 0 signals from Intelligence Network

📊 Found 20 tokens from market scan

🔍 Testing: MAX
   ✅ Candle: ACCEPTABLE: 3.2% movement (Score: 6)
   📊 Order Book: moderate (1.50:1)
🔍 Testing: DAEMON
   ❌ FOMO ALERT: Pumped 288.0% in 5min - Wait for pullback
🔍 Testing: Lucas
   ❌ FOMO ALERT: Pumped 23.2% in 5min - Wait for pullback
🔍 Testing: JURYCAT
   ✅ Candle: ACCEPTABLE: 5.4% movement (Score: 6)
   📊 Order Book: moderate (1.41:1)
🔍 Testing: CLAWPEPE
   ✅ Candle: CONSOLIDATION: Stable price with good volume - ready for breakout (Score: 7)
   📊 Order Book: strong (1.67:1)
🔍 Testing: HORZ
   ❌ FOMO ALERT: Pumped 10.6% in 5min - Wait for pullback
🔍 Testing: Benjamin
   ❌ FOMO ALERT: Pumped 83.1% in 5min - Wait for pullback
🔍 Testing: Drippin
   ❌ FOMO ALERT: Pumped 17.0% in 5min - Wait for pullback
🔍 Testing: 马布布
   ❌ DUMP ALERT: Down 12.3% in 5min - Wait for stabilization
🔍 Testing: 马王
   ✅ Candle: ACCEPTABLE: -3.9% movement (Score: 6)
   📊 Order Book: weak (0.98:1)

🧹 Cleaning up expired strategies from Cycle 0...
✅ BOK updated: Only Cycle 1 strategies are active

📊 DAILY PROFIT ESTIMATION:
   Balance: 0.1 SOL
   Target: 0.2 SOL
   Estimated: 0.0000 SOL
   Gap: 0.2000 SOL

📊 STRATEGY RESULTS:

Fib 0.382 Entry:
   WR: 66.7% (2W/1L)
   PnL: 0.0018 SOL
   Category: SCALPING

Fib 0.500 Entry:
   WR: 66.7% (4W/2L)
   PnL: 0.0036 SOL
   Category: SCALPING

Fib 0.786 Deep:
   WR: 66.7% (2W/1L)
   PnL: 0.0017 SOL
   Category: SWING_TRADE

Fib + Volume:
   WR: 66.7% (2W/1L)
   PnL: 0.0019 SOL
   Category: FAST_TRADE

Orderbook + Funding:
   WR: 66.7% (4W/2L)
   PnL: 0.0039 SOL
   Category: SWING_TRADE

RSI Divergence:
   WR: 66.7% (2W/1L)
   PnL: 0.0015 SOL
   Category: SWING_TRADE

Whale + Volume:
   WR: 50.0% (3W/3L)
   PnL: 0.0025 SOL
   Category: SNIPER

Fib + RSI:
   WR: 33.3% (1W/2L)
   PnL: 0.0007 SOL
   Category: SCALPING

Smart Money + Fib:
   WR: 33.3% (1W/2L)
   PnL: 0.0006 SOL
   Category: SNIPER

S/R Breakout:
   WR: 33.3% (1W/2L)
   PnL: 0.0004 SOL
   Category: FAST_TRADE


============================================================
✅ Paper Trader v5 Complete


============================================================
📊 PAPER TRADER v5.0 - DYNAMIC STRATEGY ENGINE
============================================================

📈 Simulation: 45/50
💰 Wallet: 0.1 SOL
🎯 Daily Target: 0.2 SOL

🔗 Loading Strategy Intelligence signals...
📊 Loaded 0 signals from Intelligence Network

============================================================
📊 PAPER TRADER v5.0 - DYNAMIC STRATEGY ENGINE
============================================================

📈 Simulation: 45/50
💰 Wallet: 0.1 SOL
🎯 Daily Target: 0.2 SOL

🔗 Loading Strategy Intelligence signals...
📊 Loaded 0 signals from Intelligence Network

📊 Found 20 tokens from market scan

🔍 Testing: 鸡气人
   ✅ Candle: ACCEPTABLE: -2.3% movement (Score: 6)
   📊 Order Book: moderate (1.16:1)
🔍 Testing: GA
   ❌ FOMO ALERT: Pumped 21.0% in 5min - Wait for pullback
🔍 Testing: Gaa
   ✅ Candle: PULLBACK ENTRY: Up 3724.0% in 1h, cooling off -2.2% in 5m (Score: 9)
   📊 Order Book: strong (2.41:1)
🔍 Testing: Harper
   ❌ DUMP ALERT: Down 50.2% in 5min - Wait for stabilization
🔍 Testing: MAX
   ✅ Candle: ACCEPTABLE: 2.3% movement (Score: 6)
   📊 Order Book: strong (1.53:1)
🔍 Testing: DAEMON
   ✅ Candle: ACCEPTABLE: -3.7% movement (Score: 6)
   📊 Order Book: moderate (1.32:1)
🔍 Testing: Lucas
   ❌ FOMO ALERT: Pumped 73.6% in 5min - Wait for pullback
🔍 Testing: JURYCAT
   ❌ DUMP ALERT: Down 5.7% in 5min - Wait for stabilization
🔍 Testing: CLAWPEPE
   ❌ DUMP ALERT: Down 5.3% in 5min - Wait for stabilization
🔍 Testing: HORZ
   ✅ Candle: ACCEPTABLE: 6.6% movement (Score: 6)
   📊 Order Book: moderate (1.09:1)

🧹 Cleaning up expired strategies from Cycle 0...
✅ BOK updated: Only Cycle 1 strategies are active

📊 DAILY PROFIT ESTIMATION:
   Balance: 0.1 SOL
   Target: 0.2 SOL
   Estimated: 0.0000 SOL
   Gap: 0.2000 SOL

📊 STRATEGY RESULTS:

Fib 0.382 Entry:
   WR: 66.7% (2W/1L)
   PnL: 0.0018 SOL
   Category: SCALPING

Fib 0.500 Entry:
   WR: 66.7% (4W/2L)
   PnL: 0.0036 SOL
   Category: SCALPING

Fib 0.786 Deep:
   WR: 66.7% (2W/1L)
   PnL: 0.0017 SOL
   Category: SWING_TRADE

Fib + Volume:
   WR: 66.7% (2W/1L)
   PnL: 0.0019 SOL
   Category: FAST_TRADE

Orderbook + Funding:
   WR: 66.7% (4W/2L)
   PnL: 0.0039 SOL
   Category: SWING_TRADE

RSI Divergence:
   WR: 66.7% (2W/1L)
   PnL: 0.0015 SOL
   Category: SWING_TRADE

Whale + Volume:
   WR: 50.0% (3W/3L)
   PnL: 0.0025 SOL
   Category: SNIPER

Fib + RSI:
   WR: 33.3% (1W/2L)
   PnL: 0.0007 SOL
   Category: SCALPING

Smart Money + Fib:
   WR: 33.3% (1W/2L)
   PnL: 0.0006 SOL
   Category: SNIPER

S/R Breakout:
   WR: 33.3% (1W/2L)
   PnL: 0.0004 SOL
   Category: FAST_TRADE

✅ Telegram notification sent

============================================================
✅ Paper Trader v5 Complete


============================================================
📊 PAPER TRADER v5.0 - DYNAMIC STRATEGY ENGINE
============================================================

📈 Simulation: 45/50
💰 Wallet: 0.1 SOL
🎯 Daily Target: 0.2 SOL

🔗 Loading Strategy Intelligence signals...
📊 Loaded 0 signals from Intelligence Network

📊 Found 20 tokens from market scan

🔍 Testing: Harper
   ❌ FOMO ALERT: Pumped 32.1% in 5min - Wait for pullback
🔍 Testing: GROK
   ❌ FOMO ALERT: Pumped 11.2% in 5min - Wait for pullback
🔍 Testing: Grok
   ❌ FOMO ALERT: Pumped 46.3% in 5min - Wait for pullback
🔍 Testing: GROK
   ❌ DUMP ALERT: Down 32.7% in 5min - Wait for stabilization
🔍 Testing: 鸡气人
   ✅ Candle: CONSOLIDATION: Stable price with good volume - ready for breakout (Score: 7)
   📊 Order Book: moderate (1.16:1)
🔍 Testing: GA
   ❌ FOMO ALERT: Pumped 32.8% in 5min - Wait for pullback
🔍 Testing: Gaa
   ❌ DUMP ALERT: Down 11.3% in 5min - Wait for stabilization
🔍 Testing: Harper
   ❌ DUMP ALERT: Down 22.0% in 5min - Wait for stabilization
🔍 Testing: MAX
   ❌ FOMO ALERT: Pumped 12.6% in 5min - Wait for pullback
🔍 Testing: DAEMON
   ✅ Candle: ACCEPTABLE: 2.3% movement (Score: 6)
   📊 Order Book: moderate (1.31:1)

🧹 Cleaning up expired strategies from Cycle 0...
✅ BOK updated: Only Cycle 1 strategies are active

📊 DAILY PROFIT ESTIMATION:
   Balance: 0.1 SOL
   Target: 0.2 SOL
   Estimated: 0.0000 SOL
   Gap: 0.2000 SOL

📊 STRATEGY RESULTS:

Fib 0.382 Entry:
   WR: 66.7% (2W/1L)
   PnL: 0.0018 SOL
   Category: SCALPING

Fib 0.500 Entry:
   WR: 66.7% (4W/2L)
   PnL: 0.0036 SOL
   Category: SCALPING

Fib 0.786 Deep:
   WR: 66.7% (2W/1L)
   PnL: 0.0017 SOL
   Category: SWING_TRADE

Fib + Volume:
   WR: 66.7% (2W/1L)
   PnL: 0.0019 SOL
   Category: FAST_TRADE

Orderbook + Funding:
   WR: 66.7% (4W/2L)
   PnL: 0.0039 SOL
   Category: SWING_TRADE

RSI Divergence:
   WR: 66.7% (2W/1L)
   PnL: 0.0015 SOL
   Category: SWING_TRADE

Whale + Volume:
   WR: 50.0% (3W/3L)
   PnL: 0.0025 SOL
   Category: SNIPER

Fib + RSI:
   WR: 33.3% (1W/2L)
   PnL: 0.0007 SOL
   Category: SCALPING

Smart Money + Fib:
   WR: 33.3% (1W/2L)
   PnL: 0.0006 SOL
   Category: SNIPER

S/R Breakout:
   WR: 33.3% (1W/2L)
   PnL: 0.0004 SOL
   Category: FAST_TRADE

✅ Telegram notification sent

============================================================
✅ Paper Trader v5 Complete


============================================================
📊 PAPER TRADER v5.0 - DYNAMIC STRATEGY ENGINE
============================================================

📈 Simulation: 48/50
💰 Wallet: 0.1 SOL
🎯 Daily Target: 0.2 SOL

🔗 Loading Strategy Intelligence signals...
📊 Loaded 0 signals from Intelligence Network

📊 Found 20 tokens from market scan

🔍 Testing: Willy
   ❌ DUMP ALERT: Down 34.7% in 5min - Wait for stabilization
🔍 Testing: Horsefly
   ❌ DUMP ALERT: Down 22.4% in 5min - Wait for stabilization
🔍 Testing: PENNY
   ❌ FOMO ALERT: Pumped 11.0% in 5min - Wait for pullback
🔍 Testing: Harper
   ✅ Candle: ACCEPTABLE: 0.1% movement (Score: 6)
   📊 Order Book: moderate (1.33:1)
🔍 Testing: GROK
   ❌ FOMO ALERT: Pumped 22.3% in 5min - Wait for pullback
🔍 Testing: Grok
   ❌ FOMO ALERT: Pumped 12.3% in 5min - Wait for pullback
🔍 Testing: GROK
   ❌ DUMP ALERT: Down 19.4% in 5min - Wait for stabilization
🔍 Testing: 鸡气人
   ✅ Candle: ACCEPTABLE: -2.6% movement (Score: 6)
   📊 Order Book: moderate (1.17:1)
🔍 Testing: GA
   ✅ Candle: ACCEPTABLE: 3.3% movement (Score: 6)
   📊 Order Book: moderate (1.47:1)
🔍 Testing: Gaa
   ❌ DUMP ALERT: Down 5.4% in 5min - Wait for stabilization

🧹 Cleaning up expired strategies from Cycle 1...
✅ BOK updated: Only Cycle 2 strategies are active

📊 DAILY PROFIT ESTIMATION:
   Balance: 0.1 SOL
   Target: 0.2 SOL
   Estimated: 0.0232 SOL
   Gap: 0.1768 SOL

📊 STRATEGY RESULTS:

Fib 0.382 Entry:
   WR: 85.7% (6W/1L)
   PnL: 0.0080 SOL
   Category: SCALPING

Whale + Volume:
   WR: 85.7% (6W/1L)
   PnL: 0.0069 SOL
   Category: SNIPER

S/R Breakout:
   WR: 85.7% (6W/1L)
   PnL: 0.0075 SOL
   Category: FAST_TRADE

Smart Money + Fib:
   WR: 71.4% (5W/2L)
   PnL: 0.0049 SOL
   Category: SNIPER

RSI Divergence:
   WR: 71.4% (5W/2L)
   PnL: 0.0052 SOL
   Category: SWING_TRADE

Fib + Volume:
   WR: 57.1% (4W/3L)
   PnL: 0.0040 SOL
   Category: FAST_TRADE

Orderbook + Funding:
   WR: 57.1% (4W/3L)
   PnL: 0.0031 SOL
   Category: SWING_TRADE

Momentum Squeeze:
   WR: 57.1% (4W/3L)
   PnL: 0.0038 SOL
   Category: SCALPING

Fib 0.500 Entry:
   WR: 42.9% (3W/4L)
   PnL: 0.0022 SOL
   Category: SCALPING

Fib 0.618 Golden:
   WR: 28.6% (2W/5L)
   PnL: 0.0012 SOL
   Category: SNIPER


============================================================
✅ Paper Trader v5 Complete


============================================================
📊 PAPER TRADER v5.0 - DYNAMIC STRATEGY ENGINE
============================================================

🔄 REACHED 50 SIMULATIONS - RESETTING...

✅ Reset complete. Starting fresh simulation cycle.

📈 Simulation: 0/50
💰 Wallet: 0.1 SOL
🎯 Daily Target: 0.2 SOL

🔗 Loading Strategy Intelligence signals...
📊 Loaded 0 signals from Intelligence Network

📊 Found 20 tokens from market scan

🔍 Testing: Cashew
   ❌ FOMO ALERT: Pumped 67.3% in 5min - Wait for pullback
🔍 Testing: grace
   ✅ Candle: ACCEPTABLE: 2.6% movement (Score: 6)
   📊 Order Book: moderate (1.38:1)
🔍 Testing: Willy
   ❌ DUMP ALERT: Down 66.2% in 5min - Wait for stabilization
🔍 Testing: Horsefly
   ❌ FOMO ALERT: Pumped 21.1% in 5min - Wait for pullback
🔍 Testing: PENNY
   ❌ DUMP ALERT: Down 10.5% in 5min - Wait for stabilization
🔍 Testing: GROK
   ✅ Candle: ACCEPTABLE: -2.5% movement (Score: 6)
   📊 Order Book: moderate (1.30:1)
🔍 Testing: Grok
   ✅ Candle: PULLBACK ENTRY: Up 9.7% in 1h, cooling off -1.2% in 5m (Score: 9)
   📊 Order Book: moderate (1.20:1)
🔍 Testing: GROK
   ❌ DUMP ALERT: Down 14.4% in 5min - Wait for stabilization
🔍 Testing: 鸡气人
   ❌ DUMP ALERT: Down 12.1% in 5min - Wait for stabilization
🔍 Testing: GA
   ✅ Candle: PULLBACK ENTRY: Up 91.3% in 1h, cooling off -1.3% in 5m (Score: 9)
   📊 Order Book: moderate (1.50:1)

🧹 Cleaning up expired strategies from Cycle 0...
✅ BOK updated: Only Cycle 1 strategies are active

📊 DAILY PROFIT ESTIMATION:
   Balance: 0.1 SOL
   Target: 0.2 SOL
   Estimated: 0.0000 SOL
   Gap: 0.2000 SOL

📊 STRATEGY RESULTS:

Fib 0.382 Entry:
   WR: 75.0% (3W/1L)
   PnL: 0.0035 SOL
   Category: SCALPING

Fib 0.618 Golden:
   WR: 75.0% (3W/1L)
   PnL: 0.0033 SOL
   Category: SNIPER

Fib + Volume:
   WR: 75.0% (3W/1L)
   PnL: 0.0034 SOL
   Category: FAST_TRADE

Smart Money + Fib:
   WR: 75.0% (3W/1L)
   PnL: 0.0039 SOL
   Category: SNIPER

Orderbook + Funding:
   WR: 75.0% (3W/1L)
   PnL: 0.0029 SOL
   Category: SWING_TRADE

Whale + Volume:
   WR: 75.0% (3W/1L)
   PnL: 0.0040 SOL
   Category: SNIPER

RSI Divergence:
   WR: 75.0% (3W/1L)
   PnL: 0.0033 SOL
   Category: SWING_TRADE

Fib + RSI:
   WR: 50.0% (2W/2L)
   PnL: 0.0014 SOL
   Category: SCALPING

S/R Breakout:
   WR: 50.0% (2W/2L)
   PnL: 0.0016 SOL
   Category: FAST_TRADE

Fib 0.500 Entry:
   WR: 25.0% (1W/3L)
   PnL: 0.0009 SOL
   Category: SCALPING

✅ Telegram notification sent

============================================================
✅ Paper Trader v5 Complete

