═══════════════════════════════════════════════════
  SOUL CORE PAPER TRADER v2.0
  Target: 80% win rate
  Current: 100.0% (1/1)
═══════════════════════════════════════════════════

🔇 SILENCE: GIA scored 4/10 - skipping
🔇 SILENCE: PIKACHU scored 4/10 - skipping
🔇 SILENCE: 1% scored 4/10 - skipping
🔇 SILENCE: MOGGED scored 2/10 - skipping
👻 Ghost bet: 0.001 SOL on WIN for assfish
🪞 MIRROR: Executing trade (wallet type hidden)

🚀 PAPER ENTRY: assfish
   Score: 7/10 (MEDIUM)
   Reasons: High volume, Deep liquidity, Strong trend, Good age
   Entry: $0.00006995
   Stop: $0.00006785 (-3%)
   Target: $0.00007415 (+6%)
   Position: 0.01 SOL (virtual)
   Learning credits left: 3

👃 SCENT: 🚀 BREAKOUT detected!
👃 SCENT: 🎉 VICTORY! +6% achieved
🎯 EXIT: WIN
   Price: $0.00007415
   PnL: 6% ($-0.0004 SOL)
   Hold time: 19 min

═══════════════════════════════════════════════════
  PAPER TRADING STATUS
═══════════════════════════════════════════════════
Trades: 2 | Wins: 2 | Losses: 0
Win Rate: 100.0% (Target: 80%)
Total PnL: -0.0008 SOL
Daily PnL: -0.0004 SOL
Learning Credits: 3
Current Variant: BREAKOUT
Ghost Bets: 2/2 correct
═══════════════════════════════════════════════════

═══════════════════════════════════════════════════
  SOUL CORE PAPER TRADER v2.0
  Target: 80% win rate
  Current: 100.0% (2/2)
═══════════════════════════════════════════════════

🔇 SILENCE: IGM scored 3/10 - skipping
🔇 SILENCE: GIA scored 3/10 - skipping
🔇 SILENCE: PIKACHU scored 5/10 - skipping
🔇 SILENCE: 1% scored 4/10 - skipping
🔇 SILENCE: MOGGED scored 3/10 - skipping
👻 Ghost bet: 0.001 SOL on WIN for assfish
🪞 MIRROR: Executing trade (wallet type hidden)

🚀 PAPER ENTRY: assfish
   Score: 7/10 (MEDIUM)
   Reasons: High volume, Deep liquidity, Strong trend, Good age
   Entry: $0.00010220
   Stop: $0.00009913 (-3%)
   Target: $0.00010833 (+6%)
   Position: 0.01 SOL (virtual)
   Learning credits left: 2

👃 SCENT: 🚀 BREAKOUT detected!
👃 SCENT: 💀 DEFEAT -3% stop hit
🎯 EXIT: LOSS
   Price: $0.00009913
   PnL: -3% ($-0.0013 SOL)
   Hold time: 7 min
🔬 AUTOPSY: Wait for score 8+

═══════════════════════════════════════════════════
  PAPER TRADING STATUS
═══════════════════════════════════════════════════
Trades: 3 | Wins: 2 | Losses: 1
Win Rate: 66.7% (Target: 80%)
Total PnL: -0.0021 SOL
Daily PnL: -0.0013 SOL
Learning Credits: 2
Current Variant: BREAKOUT
Ghost Bets: 2/3 correct
═══════════════════════════════════════════════════

═══════════════════════════════════════════════════
  SOUL CORE PAPER TRADER v2.0
  Target: 80% win rate
  Current: 66.7% (2/3)
═══════════════════════════════════════════════════

🔇 SILENCE: 鳥羽 scored 3/10 - skipping
🔇 SILENCE: IGM scored 2/10 - skipping
🔇 SILENCE: GIA scored 2/10 - skipping
👻 Ghost bet: 0.001 SOL on WIN for PIKACHU
🪞 MIRROR: Executing trade (wallet type hidden)

🚀 PAPER ENTRY: PIKACHU
   Score: 7/10 (MEDIUM)
   Reasons: High volume, Adequate liquidity, Moderate trend, Optimal breakout, Good age
   Entry: $0.00004889
   Stop: $0.00004742 (-3%)
   Target: $0.00005182 (+6%)
   Position: 0.01 SOL (virtual)
   Learning credits left: 1

👃 SCENT: 🚀 BREAKOUT detected!
👃 SCENT: 🎉 VICTORY! +6% achieved
🎯 EXIT: WIN
   Price: $0.00005182
   PnL: 6% ($-0.0004 SOL)
   Hold time: 13 min

═══════════════════════════════════════════════════
  PAPER TRADING STATUS
═══════════════════════════════════════════════════
Trades: 4 | Wins: 3 | Losses: 1
Win Rate: 75.0% (Target: 80%)
Total PnL: -0.0025 SOL
Daily PnL: -0.0004 SOL
Learning Credits: 1
Current Variant: BREAKOUT
Ghost Bets: 3/4 correct
═══════════════════════════════════════════════════

═══════════════════════════════════════════════════
  SOUL CORE PAPER TRADER v2.0
  Target: 80% win rate
  Current: 75.0% (3/4)
═══════════════════════════════════════════════════

🔇 SILENCE: 鳥羽 scored 3/10 - skipping
🔇 SILENCE: IGM scored 1/10 - skipping
🔇 SILENCE: GIA scored 2/10 - skipping
👻 Ghost bet: 0.001 SOL on WIN for PIKACHU
🪞 MIRROR: Executing trade (wallet type hidden)

🚀 PAPER ENTRY: PIKACHU
   Score: 7/10 (MEDIUM)
   Reasons: High volume, Adequate liquidity, Moderate trend, Optimal breakout, Good age
   Entry: $0.00005299
   Stop: $0.00005140 (-3%)
   Target: $0.00005617 (+6%)
   Position: 0.01 SOL (virtual)
   Learning credits left: 0

👃 SCENT: 🚀 BREAKOUT detected!
👃 SCENT: 🎉 VICTORY! +6% achieved
🎯 EXIT: WIN
   Price: $0.00005617
   PnL: 6% ($-0.0004 SOL)
   Hold time: 16 min

═══════════════════════════════════════════════════
  PAPER TRADING STATUS
═══════════════════════════════════════════════════
Trades: 5 | Wins: 4 | Losses: 1
Win Rate: 80.0% (Target: 80%)
Total PnL: -0.0029 SOL
Daily PnL: -0.0004 SOL
Learning Credits: 0
Current Variant: BREAKOUT
Ghost Bets: 4/5 correct
═══════════════════════════════════════════════════

═══════════════════════════════════════════════════
  SOUL CORE PAPER TRADER v2.0
  Target: 80% win rate
  Current: 80.0% (4/5)
═══════════════════════════════════════════════════

🔇 SILENCE: 鳥羽 scored 3/10 - skipping
🔇 SILENCE: IGM scored 1/10 - skipping
🔇 SILENCE: GIA scored 2/10 - skipping
🔇 SILENCE: PIKACHU scored 5/10 - skipping
🔇 SILENCE: 1% scored 4/10 - skipping
🔇 SILENCE: MOGGED scored 2/10 - skipping
👻 Ghost bet: 0.001 SOL on WIN for assfish
🪞 MIRROR: Executing trade (wallet type hidden)

🚀 PAPER ENTRY: assfish
   Score: 7/10 (MEDIUM)
   Reasons: High volume, Deep liquidity, Strong trend, Good age
   Entry: $0.00008078
   Stop: $0.00007836 (-3%)
   Target: $0.00008563 (+6%)
   Position: 0.01 SOL (virtual)
   Learning credits left: 4

👃 SCENT: 🚀 BREAKOUT detected!
👃 SCENT: 🎉 VICTORY! +6% achieved
🎯 EXIT: WIN
   Price: $0.00008563
   PnL: 6% ($-0.0004 SOL)
   Hold time: 12 min

═══════════════════════════════════════════════════
  PAPER TRADING STATUS
═══════════════════════════════════════════════════
Trades: 6 | Wins: 5 | Losses: 1
Win Rate: 83.3% (Target: 80%)
Total PnL: -0.0033 SOL
Daily PnL: -0.0004 SOL
Learning Credits: 4
Current Variant: BREAKOUT
Ghost Bets: 5/6 correct
═══════════════════════════════════════════════════

