📊 New paper test session started
════════════════════════════════════════════════════
   🧪 PAPER TRADER - STRICT MODE v6.0
════════════════════════════════════════════════════
Testing new strict strategy before live deployment
Target: 50 trades with 70% WR


════════════════════════════════════════════════════
       📊 PAPER TRADER - STRICT MODE STATS
════════════════════════════════════════════════════
Total Trades: 0/50
Wins: 0 | Losses: 0
Win Rate: 0% (Target: 70%)
Avg Win: +0.00% | Avg Loss: 0.00%
Open Positions: 0/2
Daily Trades: 0/3
Blacklisted: 0 tokens
════════════════════════════════════════════════════


🔍 Scanning for opportunities with STRICT filters...
Min Score: 9/10
Min Liquidity: $50,000
Min Volume: $100,000
Max Positions: 2
Max Daily Trades: 3


════════════════════════════════════════════════════
       📊 PAPER TRADER - STRICT MODE STATS
════════════════════════════════════════════════════
Total Trades: 0/50
Wins: 0 | Losses: 0
Win Rate: 0% (Target: 70%)
Avg Win: +0.00% | Avg Loss: 0.00%
Open Positions: 0/2
Daily Trades: 0/3
Blacklisted: 0 tokens
════════════════════════════════════════════════════

════════════════════════════════════════════════════
   🧪 PAPER TRADER - STRICT MODE v6.0
════════════════════════════════════════════════════
Testing new strict strategy before live deployment
Target: 50 trades with 70% WR


════════════════════════════════════════════════════
       📊 PAPER TRADER - STRICT MODE STATS
════════════════════════════════════════════════════
Total Trades: 0/50
Wins: 0 | Losses: 0
Win Rate: 0% (Target: 70%)
Avg Win: +0.00% | Avg Loss: 0.00%
Open Positions: 0/2
Daily Trades: 0/3
Blacklisted: 0 tokens
════════════════════════════════════════════════════


🔍 Scanning for opportunities with STRICT filters...
Min Score: 9/10
Min Liquidity: $50,000
Min Volume: $100,000
Max Positions: 2
Max Daily Trades: 3


════════════════════════════════════════════════════
       📊 PAPER TRADER - STRICT MODE STATS
════════════════════════════════════════════════════
Total Trades: 0/50
Wins: 0 | Losses: 0
Win Rate: 0% (Target: 70%)
Avg Win: +0.00% | Avg Loss: 0.00%
Open Positions: 0/2
Daily Trades: 0/3
Blacklisted: 0 tokens
════════════════════════════════════════════════════

