bs58 loaded, decode type: function
Wallet data loaded, address: EKbhgJrxCL93cBkENoS7vPeRQiSWoNgdW1oPv1sGQZrX
Private key exists: true
Secret key decoded, length: 64
Wallet created
Wallet loaded: EKbhgJrxCL93cBkENoS7...
📊 Monitoring Peptides (DYNAMIC TP/SL)...
  SL: $0.00025202
  TP1: $0.00027540 (50% exit)
  TP2: $0.00028504 (final exit)
  Max retries: 5
10:52:33 AM | Peptides: $0.00007510 | PnL: -71.99%
🛑 STOP LOSS HIT - Executing sell (attempt 1/5)...
  🔄 Executing sell (95%)...
❌ STOP LOSS sell failed: Failed to swap
10:52:42 AM | Peptides: $0.00007537 | PnL: -71.89%
🛑 STOP LOSS HIT - Executing sell (attempt 2/5)...
  🔄 Executing sell (95%)...
❌ STOP LOSS sell failed: request to https://swap-v2.solanatracker.io/swap?from=DCzCshB6Uu5uA2jMaTscghQx4ojD5bXFgeJDzZVJpump&to=So11111111111111111111111111111111111111112&fromAmount=95%25&slippage=30&payer=EKbhgJrxCL93cBkENoS7vPeRQiSWoNgdW1oPv1sGQZrX&priorityFee=auto&priorityFeeLevel=high&txVersion=v0 failed, reason: read ECONNRESET
10:52:49 AM | Peptides: $0.00007537 | PnL: -71.89%
🛑 STOP LOSS HIT - Executing sell (attempt 3/5)...
  🔄 Executing sell (95%)...
❌ STOP LOSS sell failed: Failed to swap
10:52:55 AM | Peptides: $0.00007537 | PnL: -71.89%
🛑 STOP LOSS HIT - Executing sell (attempt 4/5)...
  🔄 Executing sell (95%)...
❌ STOP LOSS sell failed: Failed to swap
10:53:01 AM | Peptides: $0.00007537 | PnL: -71.89%
🛑 STOP LOSS HIT - Executing sell (attempt 5/5)...
  🔄 Executing sell (95%)...
❌ STOP LOSS sell failed: Failed to swap
