bigint: Failed to load bindings, pure JS will be used (try npm run rebuild?)

🎯 SCALPING MODE - TA Driven
📍 EKbhgJrxCL93cBkENoS7vPeRQiSWoNgdW1oPv1sGQZrX
(node:118854) Warning: Setting the NODE_TLS_REJECT_UNAUTHORIZED environment variable to '0' makes TLS connections and HTTPS requests insecure by disabling certificate verification.
(Use `node --trace-warnings ...` to show where the warning was created)
💰 0.0994 SOL

✅ Scalper ready
📱 Send CA via Telegram

Error: read ECONNRESET
Error: read ECONNRESET
Error: read ECONNRESET
[2026-02-14 19:33:01] ═══════════════════════════════════════════════════════
[2026-02-14 19:33:01]   HIGH-FREQUENCY SCALPER - 10% PROFIT TARGET
[2026-02-14 19:33:01] ═══════════════════════════════════════════════════════
[2026-02-14 19:33:01] 💰 Wallet: 0.0792 SOL
[2026-02-14 19:33:01] 🎯 Target: 10% profit per trade
[2026-02-14 19:33:01] ⏱️  Scan: Every 60s
[2026-02-14 19:33:01] 🔍 Scanning for scalping opportunities...
[2026-02-14 19:33:01] ✅ Found 0 opportunities
[2026-02-14 19:33:01] 📭 No good scalping opportunities found
[2026-02-14 19:33:01] 
✅ Cycle complete

[2026-02-14 19:34:01] ═══════════════════════════════════════════════════════
[2026-02-14 19:34:01]   HIGH-FREQUENCY SCALPER - 10% PROFIT TARGET
[2026-02-14 19:34:01] ═══════════════════════════════════════════════════════
[2026-02-14 19:34:02] 💰 Wallet: 0.0792 SOL
[2026-02-14 19:34:02] 🎯 Target: 10% profit per trade
[2026-02-14 19:34:02] ⏱️  Scan: Every 30s
[2026-02-14 19:34:02] 🔍 Scanning for scalping opportunities...
[2026-02-14 19:34:02] ✅ Found 0 opportunities
[2026-02-14 19:34:02] 📭 No good scalping opportunities found
[2026-02-14 19:34:02] 
✅ Cycle complete

[2026-02-14 19:35:01] ═══════════════════════════════════════════════════════
[2026-02-14 19:35:01]   HIGH-FREQUENCY SCALPER - 10% PROFIT TARGET
[2026-02-14 19:35:01] ═══════════════════════════════════════════════════════
[2026-02-14 19:35:01] 💰 Wallet: 0.0792 SOL
[2026-02-14 19:35:01] 🎯 Target: 10% profit per trade
[2026-02-14 19:35:01] ⏱️  Scan: Every 30s
[2026-02-14 19:35:01] 🔍 Scanning for scalping opportunities...
[2026-02-14 19:35:01] ✅ Found 0 opportunities
[2026-02-14 19:35:01] 📭 No good scalping opportunities found
[2026-02-14 19:35:01] 
✅ Cycle complete

[2026-02-14 19:36:01] ═══════════════════════════════════════════════════════
[2026-02-14 19:36:01]   HIGH-FREQUENCY SCALPER v2 - 10% TARGET
[2026-02-14 19:36:01] ═══════════════════════════════════════════════════════
[2026-02-14 19:36:02] 💰 Wallet: 0.0792 SOL
[2026-02-14 19:36:02] 📊 Open positions: 0/2
[2026-02-14 19:36:02] 🎯 Target: 10% profit
[2026-02-14 19:36:02] 🔍 Scanning for scalping opportunities...
[2026-02-14 19:36:02] 📊 Total pairs: 30
[2026-02-14 19:36:02] ✅ Found 0 opportunities
[2026-02-14 19:36:02] ✅ Cycle complete

[2026-02-14 19:37:01] ═══════════════════════════════════════════════════════
[2026-02-14 19:37:01]   HIGH-FREQ SCALPER v3 - 10% PROFIT TARGET
[2026-02-14 19:37:01] ═══════════════════════════════════════════════════════
[2026-02-14 19:37:01] 💰 Balance: 0.0792 SOL
[2026-02-14 19:37:01] 📊 Positions: 1/2
[2026-02-14 19:37:01] 🎯 Target: 10% per trade
[2026-02-14 19:37:01] 🔍 Scanning trending tokens...
[2026-02-14 19:37:01] 📊 Checking 1 positions...
[2026-02-14 19:37:01] 📊 Token profiles: 30
[2026-02-14 19:37:01]    AI: +1.88%
[2026-02-14 19:37:02] ✅ Found 2 opportunities
[2026-02-14 19:37:02]    1. AI: $0.000186 (+46.66% 5m)
[2026-02-14 19:37:02]    2. OTOME: $0.000031 (+19.51% 5m)
[2026-02-14 19:37:02] 🚀 BUY: AI at $0.000186
[2026-02-14 19:37:02]    CA: C7V47ci5u2Ak3VYb62a1obLTY74BLFxLB7d2NLKRpump
[2026-02-14 19:37:02]    5m: +46.66% | 1h: 297%
[2026-02-14 19:37:04] ✅ BOUGHT: AI - TX: 5da5myCkrAFf3dccgwKN...
[2026-02-14 19:37:04] ✅ Cycle complete

[2026-02-14 19:38:01] ═══════════════════════════════════════════════════════
[2026-02-14 19:38:01]   HIGH-FREQ SCALPER v3 - 10% PROFIT TARGET
[2026-02-14 19:38:01] ═══════════════════════════════════════════════════════
[2026-02-14 19:38:02] 💰 Balance: 0.0549 SOL
[2026-02-14 19:38:02] 📊 Positions: 2/2
[2026-02-14 19:38:02] 🎯 Target: 10% per trade
[2026-02-14 19:38:02] 🔍 Scanning trending tokens...
[2026-02-14 19:38:02] 📊 Checking 2 positions...
[2026-02-14 19:38:02] 📊 Token profiles: 30
[2026-02-14 19:38:02]    AI: +0.75%
[2026-02-14 19:38:02]    AI: +0.75%
[2026-02-14 19:38:02] ✅ Found 2 opportunities
[2026-02-14 19:38:02]    1. AI: $0.000187 (+38.95% 5m)
[2026-02-14 19:38:02]    2. OTOME: $0.000026 (+9.73% 5m)
[2026-02-14 19:38:02] ⏳ Max positions - monitoring for exits
[2026-02-14 19:38:02] ✅ Cycle complete

[2026-02-14 19:39:01] ═══════════════════════════════════════════════════════
[2026-02-14 19:39:01]   HIGH-FREQ SCALPER v3 - 10% PROFIT TARGET
[2026-02-14 19:39:01] ═══════════════════════════════════════════════════════
[2026-02-14 19:39:01] 💰 Balance: 0.0549 SOL
[2026-02-14 19:39:01] 📊 Positions: 2/2
[2026-02-14 19:39:01] 🎯 Target: 10% per trade
[2026-02-14 19:39:01] 🔍 Scanning trending tokens...
[2026-02-14 19:39:01] 📊 Checking 2 positions...
[2026-02-14 19:39:01] 📊 Token profiles: 30
[2026-02-14 19:39:01]    AI: -4.03%
[2026-02-14 19:39:01]    AI: -4.03%
[2026-02-14 19:39:02] ✅ Found 1 opportunities
[2026-02-14 19:39:02]    1. AI: $0.000179 (+36.35% 5m)
[2026-02-14 19:39:02] ⏳ Max positions - monitoring for exits
[2026-02-14 19:39:02] ✅ Cycle complete

[2026-02-14 19:40:01] ═══════════════════════════════════════════════════════
[2026-02-14 19:40:01]   HIGH-FREQ SCALPER v3 - 10% PROFIT TARGET
[2026-02-14 19:40:01] ═══════════════════════════════════════════════════════
[2026-02-14 19:40:01] 💰 Balance: 0.0549 SOL
[2026-02-14 19:40:01] 📊 Positions: 2/2
[2026-02-14 19:40:01] 🎯 Target: 10% per trade
[2026-02-14 19:40:01] 🔍 Scanning trending tokens...
[2026-02-14 19:40:01] 📊 Checking 2 positions...
[2026-02-14 19:40:01] 📊 Token profiles: 30
[2026-02-14 19:40:01]    AI: -4.89%
[2026-02-14 19:40:01]    AI: -4.89%
[2026-02-14 19:40:02] ✅ Found 1 opportunities
[2026-02-14 19:40:02]    1. AI: $0.000177 (+44.39% 5m)
[2026-02-14 19:40:02] ⏳ Max positions - monitoring for exits
[2026-02-14 19:40:02] ✅ Cycle complete

[2026-02-14 19:41:01] ═══════════════════════════════════════════════════════
[2026-02-14 19:41:01]   HIGH-FREQ SCALPER v3 - 10% PROFIT TARGET
[2026-02-14 19:41:01] ═══════════════════════════════════════════════════════
[2026-02-14 19:41:02] 💰 Balance: 0.0549 SOL
[2026-02-14 19:41:02] 📊 Positions: 2/2
[2026-02-14 19:41:02] 🎯 Target: 10% per trade
[2026-02-14 19:41:02] 🔍 Scanning trending tokens...
[2026-02-14 19:41:02] 📊 Checking 2 positions...
[2026-02-14 19:41:02]    AI: -4.89%
[2026-02-14 19:41:02]    AI: -4.89%
[2026-02-14 19:41:02] 📊 Token profiles: 30
[2026-02-14 19:41:02] ✅ Found 0 opportunities
[2026-02-14 19:41:02] ⏳ Max positions - monitoring for exits
[2026-02-14 19:41:02] ✅ Cycle complete

[2026-02-14 19:42:01] ═══════════════════════════════════════════════════════
[2026-02-14 19:42:01]   HIGH-FREQ SCALPER v3 - 10% PROFIT TARGET
[2026-02-14 19:42:01] ═══════════════════════════════════════════════════════
[2026-02-14 19:42:02] 💰 Balance: 0.0549 SOL
[2026-02-14 19:42:02] 📊 Positions: 2/2
[2026-02-14 19:42:02] 🎯 Target: 10% per trade
[2026-02-14 19:42:02] 🔍 Scanning trending tokens...
[2026-02-14 19:42:02] 📊 Checking 2 positions...
[2026-02-14 19:42:02] 📊 Token profiles: 30
[2026-02-14 19:42:02]    AI: -10.32%
[2026-02-14 19:42:02] 🎯 SL: Selling AI
[2026-02-14 19:42:02] ❌ Sell failed: Command failed: cd /root/trading-bot && node tracker-swap.js sell C7V47ci5u2Ak3VYb62a1obLTY74BLFxLB7d2NLKRpump 100
bigint: Failed to load bindings, pure JS will be used (try npm run rebuild?)
Usage: node tracker-swap.js buy <TOKEN> <amount_SOL>
Example: node tracker-swap.js buy SOL 0.01

[2026-02-14 19:42:02]    AI: -10.32%
[2026-02-14 19:42:02] 🎯 SL: Selling AI
[2026-02-14 19:42:03] ✅ Found 0 opportunities
[2026-02-14 19:42:03] ⏳ Max positions - monitoring for exits
[2026-02-14 19:42:03] ✅ Cycle complete

[2026-02-14 19:42:03] ❌ Sell failed: Command failed: cd /root/trading-bot && node tracker-swap.js sell C7V47ci5u2Ak3VYb62a1obLTY74BLFxLB7d2NLKRpump 100
bigint: Failed to load bindings, pure JS will be used (try npm run rebuild?)
Usage: node tracker-swap.js buy <TOKEN> <amount_SOL>
Example: node tracker-swap.js buy SOL 0.01

[2026-02-14 19:43:01] ═══════════════════════════════════════════════════════
[2026-02-14 19:43:01]   HIGH-FREQ SCALPER v3 - 10% PROFIT TARGET
[2026-02-14 19:43:01] ═══════════════════════════════════════════════════════
[2026-02-14 19:43:01] 💰 Balance: 0.0549 SOL
[2026-02-14 19:43:01] 📊 Positions: 2/2
[2026-02-14 19:43:01] 🎯 Target: 10% per trade
[2026-02-14 19:43:01] 🔍 Scanning trending tokens...
[2026-02-14 19:43:01] 📊 Checking 2 positions...
[2026-02-14 19:43:01] 📊 Token profiles: 30
[2026-02-14 19:43:01]    AI: -11.88%
[2026-02-14 19:43:01] 🎯 SL: Selling AI
[2026-02-14 19:43:01] ❌ Sell failed: Command failed: cd /root/trading-bot && node tracker-swap.js sell C7V47ci5u2Ak3VYb62a1obLTY74BLFxLB7d2NLKRpump 100
bigint: Failed to load bindings, pure JS will be used (try npm run rebuild?)
Usage: node tracker-swap.js buy <TOKEN> <amount_SOL>
Example: node tracker-swap.js buy SOL 0.01

[2026-02-14 19:43:01]    AI: -11.88%
[2026-02-14 19:43:01] 🎯 SL: Selling AI
[2026-02-14 19:43:02] ✅ Found 0 opportunities
[2026-02-14 19:43:02] ⏳ Max positions - monitoring for exits
[2026-02-14 19:43:02] ✅ Cycle complete

[2026-02-14 19:43:02] ❌ Sell failed: Command failed: cd /root/trading-bot && node tracker-swap.js sell C7V47ci5u2Ak3VYb62a1obLTY74BLFxLB7d2NLKRpump 100
bigint: Failed to load bindings, pure JS will be used (try npm run rebuild?)
Usage: node tracker-swap.js buy <TOKEN> <amount_SOL>
Example: node tracker-swap.js buy SOL 0.01

[2026-02-14 19:44:01] ═══════════════════════════════════════════════════════
[2026-02-14 19:44:01]   HIGH-FREQ SCALPER v3 - 10% PROFIT TARGET
[2026-02-14 19:44:01] ═══════════════════════════════════════════════════════
[2026-02-14 19:44:01] 💰 Balance: 0.0000 SOL
[2026-02-14 19:44:01] 📊 Positions: 2/2
[2026-02-14 19:44:01] 🎯 Target: 10% per trade
[2026-02-14 19:44:01] 🔍 Scanning trending tokens...
[2026-02-14 19:44:01] 📊 Checking 2 positions...
[2026-02-14 19:44:01]    AI: -11.99%
[2026-02-14 19:44:01] 🎯 SL: Selling AI
[2026-02-14 19:44:01] 📊 Token profiles: 30
[2026-02-14 19:44:02] ❌ Sell failed: Command failed: cd /root/trading-bot && node tracker-swap.js sell C7V47ci5u2Ak3VYb62a1obLTY74BLFxLB7d2NLKRpump 100
bigint: Failed to load bindings, pure JS will be used (try npm run rebuild?)
Usage: node tracker-swap.js buy <TOKEN> <amount_SOL>
Example: node tracker-swap.js buy SOL 0.01

[2026-02-14 19:44:02]    AI: -11.99%
[2026-02-14 19:44:02] 🎯 SL: Selling AI
[2026-02-14 19:44:02] ❌ Sell failed: Command failed: cd /root/trading-bot && node tracker-swap.js sell C7V47ci5u2Ak3VYb62a1obLTY74BLFxLB7d2NLKRpump 100
bigint: Failed to load bindings, pure JS will be used (try npm run rebuild?)
Usage: node tracker-swap.js buy <TOKEN> <amount_SOL>
Example: node tracker-swap.js buy SOL 0.01

[2026-02-14 19:44:03] ✅ Found 1 opportunities
[2026-02-14 19:44:03]    1. IBWT: $0.000051 (+38.83% 5m)
[2026-02-14 19:44:03] ⏳ Max positions - monitoring for exits
[2026-02-14 19:44:03] ✅ Cycle complete

[2026-02-14 19:45:01] ═══════════════════════════════════════════════════════
[2026-02-14 19:45:01]   HIGH-FREQ SCALPER v3 - 10% PROFIT TARGET
[2026-02-14 19:45:01] ═══════════════════════════════════════════════════════
[2026-02-14 19:45:01] 💰 Balance: 0.0549 SOL
[2026-02-14 19:45:01] 📊 Positions: 2/2
[2026-02-14 19:45:01] 🎯 Target: 10% per trade
[2026-02-14 19:45:01] 🔍 Scanning trending tokens...
[2026-02-14 19:45:01] 📊 Checking 2 positions...
[2026-02-14 19:45:01] 📊 Token profiles: 30
[2026-02-14 19:45:01]    AI: -10.32%
[2026-02-14 19:45:01] 🎯 SL: Selling AI
[2026-02-14 19:45:02] ❌ Sell failed: Command failed: cd /root/trading-bot && node tracker-swap.js sell C7V47ci5u2Ak3VYb62a1obLTY74BLFxLB7d2NLKRpump 100
bigint: Failed to load bindings, pure JS will be used (try npm run rebuild?)
Usage: node tracker-swap.js buy <TOKEN> <amount_SOL>
Example: node tracker-swap.js buy SOL 0.01

[2026-02-14 19:45:02]    AI: -10.32%
[2026-02-14 19:45:02] 🎯 SL: Selling AI
[2026-02-14 19:45:02] ✅ Found 1 opportunities
[2026-02-14 19:45:02]    1. IBWT: $0.000055 (+48.96% 5m)
[2026-02-14 19:45:02] ⏳ Max positions - monitoring for exits
[2026-02-14 19:45:02] ✅ Cycle complete

[2026-02-14 19:45:02] ❌ Sell failed: Command failed: cd /root/trading-bot && node tracker-swap.js sell C7V47ci5u2Ak3VYb62a1obLTY74BLFxLB7d2NLKRpump 100
bigint: Failed to load bindings, pure JS will be used (try npm run rebuild?)
Usage: node tracker-swap.js buy <TOKEN> <amount_SOL>
Example: node tracker-swap.js buy SOL 0.01

[2026-02-14 19:46:01] ═══════════════════════════════════════════════════════
[2026-02-14 19:46:01]   HIGH-FREQ SCALPER v3 - 10% PROFIT TARGET
[2026-02-14 19:46:01] ═══════════════════════════════════════════════════════
[2026-02-14 19:46:01] 💰 Balance: 0.0549 SOL
[2026-02-14 19:46:01] 📊 Positions: 2/2
[2026-02-14 19:46:01] 🎯 Target: 10% per trade
[2026-02-14 19:46:01] 🔍 Scanning trending tokens...
[2026-02-14 19:46:01] 📊 Checking 2 positions...
[2026-02-14 19:46:01]    AI: -22.74%
[2026-02-14 19:46:01] 🎯 SL: Selling AI
[2026-02-14 19:46:01] 📊 Token profiles: 30
[2026-02-14 19:46:02] ❌ Sell failed: Command failed: cd /root/trading-bot && node tracker-swap.js sell C7V47ci5u2Ak3VYb62a1obLTY74BLFxLB7d2NLKRpump 100
bigint: Failed to load bindings, pure JS will be used (try npm run rebuild?)
Usage: node tracker-swap.js buy <TOKEN> <amount_SOL>
Example: node tracker-swap.js buy SOL 0.01

[2026-02-14 19:46:02]    AI: -22.74%
[2026-02-14 19:46:02] 🎯 SL: Selling AI
[2026-02-14 19:46:02] ❌ Sell failed: Command failed: cd /root/trading-bot && node tracker-swap.js sell C7V47ci5u2Ak3VYb62a1obLTY74BLFxLB7d2NLKRpump 100
bigint: Failed to load bindings, pure JS will be used (try npm run rebuild?)
Usage: node tracker-swap.js buy <TOKEN> <amount_SOL>
Example: node tracker-swap.js buy SOL 0.01

[2026-02-14 19:46:02] ✅ Found 2 opportunities
[2026-02-14 19:46:02]    1. PIPPINTINE: $0.000119 (+34.19% 5m)
[2026-02-14 19:46:02]    2. IBWT: $0.000044 (+17.61% 5m)
[2026-02-14 19:46:02] ⏳ Max positions - monitoring for exits
[2026-02-14 19:46:02] ✅ Cycle complete

[2026-02-14 19:47:02] ═══════════════════════════════════════════════════════
[2026-02-14 19:47:02]   HIGH-FREQ SCALPER v3 - 10% PROFIT TARGET
[2026-02-14 19:47:02] ═══════════════════════════════════════════════════════
[2026-02-14 19:47:02] 💰 Balance: 0.0549 SOL
[2026-02-14 19:47:02] 📊 Positions: 2/2
[2026-02-14 19:47:02] 🎯 Target: 10% per trade
[2026-02-14 19:47:02] 🔍 Scanning trending tokens...
[2026-02-14 19:47:02] 📊 Checking 2 positions...
[2026-02-14 19:47:02]    AI: -31.88%
[2026-02-14 19:47:02] 🎯 SL: Selling AI
[2026-02-14 19:47:02] 📊 Token profiles: 30
[2026-02-14 19:47:02] ✅ Found 2 opportunities
[2026-02-14 19:47:02]    1. IBWT: $0.000048 (+35.03% 5m)
[2026-02-14 19:47:02]    2. PIPPINTINE: $0.000131 (+27.79% 5m)
[2026-02-14 19:47:02] ⏳ Max positions - monitoring for exits
[2026-02-14 19:47:02] ✅ Cycle complete

[2026-02-14 19:47:02] ❌ Sell failed: Command failed: cd /root/trading-bot && node tracker-swap.js sell C7V47ci5u2Ak3VYb62a1obLTY74BLFxLB7d2NLKRpump 100
bigint: Failed to load bindings, pure JS will be used (try npm run rebuild?)
Usage: node tracker-swap.js buy <TOKEN> <amount_SOL>
Example: node tracker-swap.js buy SOL 0.01

[2026-02-14 19:47:02]    AI: -31.88%
[2026-02-14 19:47:02] 🎯 SL: Selling AI
[2026-02-14 19:47:02] ❌ Sell failed: Command failed: cd /root/trading-bot && node tracker-swap.js sell C7V47ci5u2Ak3VYb62a1obLTY74BLFxLB7d2NLKRpump 100
bigint: Failed to load bindings, pure JS will be used (try npm run rebuild?)
Usage: node tracker-swap.js buy <TOKEN> <amount_SOL>
Example: node tracker-swap.js buy SOL 0.01

[2026-02-14 19:48:02] ═══════════════════════════════════════════════════════
[2026-02-14 19:48:02]   HIGH-FREQ SCALPER v3 - 10% PROFIT TARGET
[2026-02-14 19:48:02] ═══════════════════════════════════════════════════════
[2026-02-14 19:48:02] 💰 Balance: 0.0549 SOL
[2026-02-14 19:48:02] 📊 Positions: 2/2
[2026-02-14 19:48:02] 🎯 Target: 10% per trade
[2026-02-14 19:48:02] 🔍 Scanning trending tokens...
[2026-02-14 19:48:02] 📊 Checking 2 positions...
[2026-02-14 19:48:02]    AI: -38.49%
[2026-02-14 19:48:02] 🎯 SL: Selling AI
[2026-02-14 19:48:02] 📊 Token profiles: 30
[2026-02-14 19:48:02] ❌ Sell failed: Command failed: cd /root/trading-bot && node tracker-swap.js sell C7V47ci5u2Ak3VYb62a1obLTY74BLFxLB7d2NLKRpump 100
bigint: Failed to load bindings, pure JS will be used (try npm run rebuild?)
Usage: node tracker-swap.js buy <TOKEN> <amount_SOL>
Example: node tracker-swap.js buy SOL 0.01

[2026-02-14 19:48:02]    AI: -38.49%
[2026-02-14 19:48:02] 🎯 SL: Selling AI
[2026-02-14 19:48:02] ✅ Found 1 opportunities
[2026-02-14 19:48:02]    1. PIPPINTINE: $0.000143 (+16.62% 5m)
[2026-02-14 19:48:02] ⏳ Max positions - monitoring for exits
[2026-02-14 19:48:02] ✅ Cycle complete

[2026-02-14 19:48:02] ❌ Sell failed: Command failed: cd /root/trading-bot && node tracker-swap.js sell C7V47ci5u2Ak3VYb62a1obLTY74BLFxLB7d2NLKRpump 100
bigint: Failed to load bindings, pure JS will be used (try npm run rebuild?)
Usage: node tracker-swap.js buy <TOKEN> <amount_SOL>
Example: node tracker-swap.js buy SOL 0.01

[2026-02-14 19:49:02] ═══════════════════════════════════════════════════════
[2026-02-14 19:49:02]   HIGH-FREQ SCALPER v3 - 10% PROFIT TARGET
[2026-02-14 19:49:02] ═══════════════════════════════════════════════════════
[2026-02-14 19:49:02] 💰 Balance: 0.0549 SOL
[2026-02-14 19:49:02] 📊 Positions: 2/2
[2026-02-14 19:49:02] 🎯 Target: 10% per trade
[2026-02-14 19:49:02] 🔍 Scanning trending tokens...
[2026-02-14 19:49:02] 📊 Checking 2 positions...
[2026-02-14 19:49:02] 📊 Token profiles: 30
[2026-02-14 19:49:02]    AI: -41.13%
[2026-02-14 19:49:02] 🎯 SL: Selling AI
[2026-02-14 19:49:02] ✅ Found 1 opportunities
[2026-02-14 19:49:02]    1. PIPPINTINE: $0.000137 (+10.96% 5m)
[2026-02-14 19:49:02] ⏳ Max positions - monitoring for exits
[2026-02-14 19:49:02] ✅ Cycle complete

[2026-02-14 19:49:02] ❌ Sell failed: Command failed: cd /root/trading-bot && node tracker-swap.js sell C7V47ci5u2Ak3VYb62a1obLTY74BLFxLB7d2NLKRpump 100
bigint: Failed to load bindings, pure JS will be used (try npm run rebuild?)
Usage: node tracker-swap.js buy <TOKEN> <amount_SOL>
Example: node tracker-swap.js buy SOL 0.01

[2026-02-14 19:49:02]    AI: -41.13%
[2026-02-14 19:49:02] 🎯 SL: Selling AI
[2026-02-14 19:49:02] ❌ Sell failed: Command failed: cd /root/trading-bot && node tracker-swap.js sell C7V47ci5u2Ak3VYb62a1obLTY74BLFxLB7d2NLKRpump 100
bigint: Failed to load bindings, pure JS will be used (try npm run rebuild?)
Usage: node tracker-swap.js buy <TOKEN> <amount_SOL>
Example: node tracker-swap.js buy SOL 0.01

[2026-02-14 19:50:02] ═══════════════════════════════════════════════════════
[2026-02-14 19:50:02]   HIGH-FREQ SCALPER v3 - 10% PROFIT TARGET
[2026-02-14 19:50:02] ═══════════════════════════════════════════════════════
[2026-02-14 19:50:02] 💰 Balance: 0.0549 SOL
[2026-02-14 19:50:02] 📊 Positions: 2/2
[2026-02-14 19:50:02] 🎯 Target: 10% per trade
[2026-02-14 19:50:02] 🔍 Scanning trending tokens...
[2026-02-14 19:50:02] 📊 Checking 2 positions...
[2026-02-14 19:50:02] 📊 Token profiles: 30
[2026-02-14 19:50:02]    AI: -41.18%
[2026-02-14 19:50:02] 🎯 SL: Selling AI
[2026-02-14 19:50:02] ❌ Sell failed: Command failed: cd /root/trading-bot && node tracker-swap.js sell C7V47ci5u2Ak3VYb62a1obLTY74BLFxLB7d2NLKRpump 100
bigint: Failed to load bindings, pure JS will be used (try npm run rebuild?)
Usage: node tracker-swap.js buy <TOKEN> <amount_SOL>
Example: node tracker-swap.js buy SOL 0.01

[2026-02-14 19:50:02]    AI: -41.18%
[2026-02-14 19:50:02] 🎯 SL: Selling AI
[2026-02-14 19:50:02] ✅ Found 0 opportunities
[2026-02-14 19:50:02] ⏳ Max positions - monitoring for exits
[2026-02-14 19:50:02] ✅ Cycle complete

[2026-02-14 19:50:02] ❌ Sell failed: Command failed: cd /root/trading-bot && node tracker-swap.js sell C7V47ci5u2Ak3VYb62a1obLTY74BLFxLB7d2NLKRpump 100
bigint: Failed to load bindings, pure JS will be used (try npm run rebuild?)
Usage: node tracker-swap.js buy <TOKEN> <amount_SOL>
Example: node tracker-swap.js buy SOL 0.01

[2026-02-14 19:51:02] ═══════════════════════════════════════════════════════
[2026-02-14 19:51:02]   HIGH-FREQ SCALPER v3 - 10% PROFIT TARGET
[2026-02-14 19:51:02] ═══════════════════════════════════════════════════════
[2026-02-14 19:51:02] 💰 Balance: 0.0549 SOL
[2026-02-14 19:51:02] 📊 Positions: 2/2
[2026-02-14 19:51:02] 🎯 Target: 10% per trade
[2026-02-14 19:51:02] 🔍 Scanning trending tokens...
[2026-02-14 19:51:02] 📊 Checking 2 positions...
[2026-02-14 19:51:02]    AI: -36.45%
[2026-02-14 19:51:02] 🎯 SL: Selling AI
[2026-02-14 19:51:02] 📊 Token profiles: 30
[2026-02-14 19:51:02] ✅ Found 0 opportunities
[2026-02-14 19:51:02] ⏳ Max positions - monitoring for exits
[2026-02-14 19:51:02] ✅ Cycle complete

[2026-02-14 19:51:02] ❌ Sell failed: Command failed: cd /root/trading-bot && node tracker-swap.js sell C7V47ci5u2Ak3VYb62a1obLTY74BLFxLB7d2NLKRpump 100
bigint: Failed to load bindings, pure JS will be used (try npm run rebuild?)
Usage: node tracker-swap.js buy <TOKEN> <amount_SOL>
Example: node tracker-swap.js buy SOL 0.01

[2026-02-14 19:51:02]    AI: -36.45%
[2026-02-14 19:51:02] 🎯 SL: Selling AI
[2026-02-14 19:51:03] ❌ Sell failed: Command failed: cd /root/trading-bot && node tracker-swap.js sell C7V47ci5u2Ak3VYb62a1obLTY74BLFxLB7d2NLKRpump 100
bigint: Failed to load bindings, pure JS will be used (try npm run rebuild?)
Usage: node tracker-swap.js buy <TOKEN> <amount_SOL>
Example: node tracker-swap.js buy SOL 0.01

[2026-02-14 19:52:01] ═══════════════════════════════════════════════════════
[2026-02-14 19:52:01]   HIGH-FREQ SCALPER v3 - 10% PROFIT TARGET
[2026-02-14 19:52:01] ═══════════════════════════════════════════════════════
[2026-02-14 19:52:01] 💰 Balance: 0.0549 SOL
[2026-02-14 19:52:01] 📊 Positions: 2/2
[2026-02-14 19:52:01] 🎯 Target: 10% per trade
[2026-02-14 19:52:01] 🔍 Scanning trending tokens...
[2026-02-14 19:52:01] 📊 Checking 2 positions...
[2026-02-14 19:52:01] 📊 Token profiles: 30
[2026-02-14 19:52:01]    AI: -35.05%
[2026-02-14 19:52:01] 🎯 SL: Selling AI
[2026-02-14 19:52:01] ❌ Sell failed: Command failed: cd /root/trading-bot && node tracker-swap.js sell C7V47ci5u2Ak3VYb62a1obLTY74BLFxLB7d2NLKRpump 100
bigint: Failed to load bindings, pure JS will be used (try npm run rebuild?)
Usage: node tracker-swap.js buy <TOKEN> <amount_SOL>
Example: node tracker-swap.js buy SOL 0.01

[2026-02-14 19:52:01]    AI: -35.05%
[2026-02-14 19:52:01] 🎯 SL: Selling AI
[2026-02-14 19:52:01] ✅ Found 2 opportunities
[2026-02-14 19:52:01]    1. OTOME: $0.000011 (+13.11% 5m)
[2026-02-14 19:52:01]    2. AI: $0.000121 (+2.91% 5m)
[2026-02-14 19:52:01] ⏳ Max positions - monitoring for exits
[2026-02-14 19:52:01] ✅ Cycle complete

[2026-02-14 19:52:02] ❌ Sell failed: Command failed: cd /root/trading-bot && node tracker-swap.js sell C7V47ci5u2Ak3VYb62a1obLTY74BLFxLB7d2NLKRpump 100
bigint: Failed to load bindings, pure JS will be used (try npm run rebuild?)
Usage: node tracker-swap.js buy <TOKEN> <amount_SOL>
Example: node tracker-swap.js buy SOL 0.01

[2026-02-14 19:53:01] ═══════════════════════════════════════════════════════
[2026-02-14 19:53:01]   HIGH-FREQ SCALPER v3 - 10% PROFIT TARGET
[2026-02-14 19:53:01] ═══════════════════════════════════════════════════════
[2026-02-14 19:53:01] 💰 Balance: 0.0549 SOL
[2026-02-14 19:53:01] 📊 Positions: 2/2
[2026-02-14 19:53:01] 🎯 Target: 10% per trade
[2026-02-14 19:53:01] 🔍 Scanning trending tokens...
[2026-02-14 19:53:01] 📊 Checking 2 positions...
[2026-02-14 19:53:01]    AI: -35.59%
[2026-02-14 19:53:01] 🎯 SL: Selling AI
[2026-02-14 19:53:01] 📊 Token profiles: 30
[2026-02-14 19:53:01] ❌ Sell failed: Command failed: cd /root/trading-bot && node tracker-swap.js sell C7V47ci5u2Ak3VYb62a1obLTY74BLFxLB7d2NLKRpump 100
bigint: Failed to load bindings, pure JS will be used (try npm run rebuild?)
Usage: node tracker-swap.js buy <TOKEN> <amount_SOL>
Example: node tracker-swap.js buy SOL 0.01

[2026-02-14 19:53:01]    AI: -35.59%
[2026-02-14 19:53:01] 🎯 SL: Selling AI
[2026-02-14 19:53:02] ❌ Sell failed: Command failed: cd /root/trading-bot && node tracker-swap.js sell C7V47ci5u2Ak3VYb62a1obLTY74BLFxLB7d2NLKRpump 100
bigint: Failed to load bindings, pure JS will be used (try npm run rebuild?)
Usage: node tracker-swap.js buy <TOKEN> <amount_SOL>
Example: node tracker-swap.js buy SOL 0.01

[2026-02-14 19:53:02] ✅ Found 2 opportunities
[2026-02-14 19:53:02]    1. PIPPINTINE: $0.000158 (+18.12% 5m)
[2026-02-14 19:53:02]    2. AI: $0.000120 (+8.02% 5m)
[2026-02-14 19:53:02] ⏳ Max positions - monitoring for exits
[2026-02-14 19:53:02] ✅ Cycle complete

[2026-02-14 19:54:01] ═══════════════════════════════════════════════════════
[2026-02-14 19:54:01]   HIGH-FREQ SCALPER v3 - 10% PROFIT TARGET
[2026-02-14 19:54:01] ═══════════════════════════════════════════════════════
[2026-02-14 19:54:01] 💰 Balance: 0.0549 SOL
[2026-02-14 19:54:01] 📊 Positions: 2/2
[2026-02-14 19:54:01] 🎯 Target: 10% per trade
[2026-02-14 19:54:01] 🔍 Scanning trending tokens...
[2026-02-14 19:54:01] 📊 Checking 2 positions...
[2026-02-14 19:54:01]    AI: -35.86%
[2026-02-14 19:54:01] 🎯 SL: Selling AI
[2026-02-14 19:54:01] 📊 Token profiles: 30
[2026-02-14 19:54:01] ❌ Sell failed: Command failed: cd /root/trading-bot && node tracker-swap.js sell C7V47ci5u2Ak3VYb62a1obLTY74BLFxLB7d2NLKRpump 100
bigint: Failed to load bindings, pure JS will be used (try npm run rebuild?)
Usage: node tracker-swap.js buy <TOKEN> <amount_SOL>
Example: node tracker-swap.js buy SOL 0.01

[2026-02-14 19:54:01]    AI: -35.86%
[2026-02-14 19:54:01] 🎯 SL: Selling AI
[2026-02-14 19:54:02] ❌ Sell failed: Command failed: cd /root/trading-bot && node tracker-swap.js sell C7V47ci5u2Ak3VYb62a1obLTY74BLFxLB7d2NLKRpump 100
bigint: Failed to load bindings, pure JS will be used (try npm run rebuild?)
Usage: node tracker-swap.js buy <TOKEN> <amount_SOL>
Example: node tracker-swap.js buy SOL 0.01

[2026-02-14 19:54:02] ✅ Found 2 opportunities
[2026-02-14 19:54:02]    1. PIPPINTINE: $0.000161 (+30.12% 5m)
[2026-02-14 19:54:02]    2. AI: $0.000118 (+7.66% 5m)
[2026-02-14 19:54:02] ⏳ Max positions - monitoring for exits
[2026-02-14 19:54:02] ✅ Cycle complete

[2026-02-14 19:55:01] ═══════════════════════════════════════════════════════
[2026-02-14 19:55:01]   HIGH-FREQ SCALPER v3 - 10% PROFIT TARGET
[2026-02-14 19:55:01] ═══════════════════════════════════════════════════════
[2026-02-14 19:55:01] 💰 Balance: 0.0549 SOL
[2026-02-14 19:55:01] 📊 Positions: 2/2
[2026-02-14 19:55:01] 🎯 Target: 15% per trade
[2026-02-14 19:55:01] 🔍 Scanning trending tokens...
[2026-02-14 19:55:01] 📊 Checking 2 positions...
[2026-02-14 19:55:01]    AI: -33.17%
[2026-02-14 19:55:01] 🎯 SL: Selling AI
[2026-02-14 19:55:01] 📊 Token profiles: 30
[2026-02-14 19:55:01] ✅ Found 2 opportunities
[2026-02-14 19:55:01]    1. PIPPINTINE: $0.000157 (+50.22% 5m)
[2026-02-14 19:55:01]    2. AI: $0.000124 (+5.12% 5m)
[2026-02-14 19:55:01] ⏳ Max positions - monitoring for exits
[2026-02-14 19:55:01] ✅ Cycle complete

[2026-02-14 19:55:01] ❌ Sell failed: Command failed: cd /root/trading-bot && node tracker-swap.js sell C7V47ci5u2Ak3VYb62a1obLTY74BLFxLB7d2NLKRpump 100
bigint: Failed to load bindings, pure JS will be used (try npm run rebuild?)
Usage: node tracker-swap.js buy <TOKEN> <amount_SOL>
Example: node tracker-swap.js buy SOL 0.01

[2026-02-14 19:55:01]    AI: -33.17%
[2026-02-14 19:55:01] 🎯 SL: Selling AI
[2026-02-14 19:55:02] ❌ Sell failed: Command failed: cd /root/trading-bot && node tracker-swap.js sell C7V47ci5u2Ak3VYb62a1obLTY74BLFxLB7d2NLKRpump 100
bigint: Failed to load bindings, pure JS will be used (try npm run rebuild?)
Usage: node tracker-swap.js buy <TOKEN> <amount_SOL>
Example: node tracker-swap.js buy SOL 0.01

[2026-02-14 19:56:01] ═══════════════════════════════════════════════════════
[2026-02-14 19:56:01]   HIGH-FREQ SCALPER v3 - 10% PROFIT TARGET
[2026-02-14 19:56:01] ═══════════════════════════════════════════════════════
[2026-02-14 19:56:01] 💰 Balance: 0.0549 SOL
[2026-02-14 19:56:01] 📊 Positions: 2/2
[2026-02-14 19:56:01] 🎯 Target: 15% per trade
[2026-02-14 19:56:01] 🔍 Scanning trending tokens...
[2026-02-14 19:56:01] 📊 Checking 2 positions...
[2026-02-14 19:56:01]    AI: -34.62%
[2026-02-14 19:56:01] 🎯 SL: Selling AI
[2026-02-14 19:56:01] 📊 Token profiles: 30
[2026-02-14 19:56:01] ✅ Found 1 opportunities
[2026-02-14 19:56:01]    1. PIPPINTINE: $0.000176 (+47.28% 5m)
[2026-02-14 19:56:01] ⏳ Max positions - monitoring for exits
[2026-02-14 19:56:01] ✅ Cycle complete

[2026-02-14 19:56:01] ❌ Sell failed: Command failed: cd /root/trading-bot && node tracker-swap.js sell C7V47ci5u2Ak3VYb62a1obLTY74BLFxLB7d2NLKRpump 100
bigint: Failed to load bindings, pure JS will be used (try npm run rebuild?)
Usage: node tracker-swap.js buy <TOKEN> <amount_SOL>
Example: node tracker-swap.js buy SOL 0.01

[2026-02-14 19:56:01]    AI: -34.62%
[2026-02-14 19:56:01] 🎯 SL: Selling AI
[2026-02-14 19:56:02] ❌ Sell failed: Command failed: cd /root/trading-bot && node tracker-swap.js sell C7V47ci5u2Ak3VYb62a1obLTY74BLFxLB7d2NLKRpump 100
bigint: Failed to load bindings, pure JS will be used (try npm run rebuild?)
Usage: node tracker-swap.js buy <TOKEN> <amount_SOL>
Example: node tracker-swap.js buy SOL 0.01

[2026-02-14 19:57:01] ═══════════════════════════════════════════════════════
[2026-02-14 19:57:01]   HIGH-FREQ SCALPER v3 - 10% PROFIT TARGET
[2026-02-14 19:57:01] ═══════════════════════════════════════════════════════
[2026-02-14 19:57:01] 💰 Balance: 0.0549 SOL
[2026-02-14 19:57:01] 📊 Positions: 2/2
[2026-02-14 19:57:01] 🎯 Target: 15% per trade
[2026-02-14 19:57:01] 🔍 Scanning trending tokens...
[2026-02-14 19:57:01] 📊 Checking 2 positions...
[2026-02-14 19:57:01] 📊 Token profiles: 30
[2026-02-14 19:57:01]    AI: -33.39%
[2026-02-14 19:57:01] 🎯 SL: Selling AI
[2026-02-14 19:57:01] ❌ Sell failed: Command failed: cd /root/trading-bot && node tracker-swap.js sell C7V47ci5u2Ak3VYb62a1obLTY74BLFxLB7d2NLKRpump 100
bigint: Failed to load bindings, pure JS will be used (try npm run rebuild?)
Usage: node tracker-swap.js buy <TOKEN> <amount_SOL>
Example: node tracker-swap.js buy SOL 0.01

[2026-02-14 19:57:01]    AI: -33.39%
[2026-02-14 19:57:01] 🎯 SL: Selling AI
[2026-02-14 19:57:01] ✅ Found 4 opportunities
[2026-02-14 19:57:01]    1. SUE: $0.000058 (+72.55% 5m)
[2026-02-14 19:57:01]    2. PIPPINTINE: $0.000186 (+30.29% 5m)
[2026-02-14 19:57:01]    3. MEMELESS: $0.000023 (+8.31% 5m)
[2026-02-14 19:57:01]    4. AI: $0.000124 (+3.09% 5m)
[2026-02-14 19:57:01] ⏳ Max positions - monitoring for exits
[2026-02-14 19:57:01] ✅ Cycle complete

[2026-02-14 19:57:02] ❌ Sell failed: Command failed: cd /root/trading-bot && node tracker-swap.js sell C7V47ci5u2Ak3VYb62a1obLTY74BLFxLB7d2NLKRpump 100
bigint: Failed to load bindings, pure JS will be used (try npm run rebuild?)
Usage: node tracker-swap.js buy <TOKEN> <amount_SOL>
Example: node tracker-swap.js buy SOL 0.01

[2026-02-14 19:58:01] ═══════════════════════════════════════════════════════
[2026-02-14 19:58:01]   HIGH-FREQ SCALPER v3 - 10% PROFIT TARGET
[2026-02-14 19:58:01] ═══════════════════════════════════════════════════════
[2026-02-14 19:58:01] 💰 Balance: 0.0549 SOL
[2026-02-14 19:58:01] 📊 Positions: 2/2
[2026-02-14 19:58:01] 🎯 Target: 15% per trade
[2026-02-14 19:58:01] 🔍 Scanning trending tokens...
[2026-02-14 19:58:01] 📊 Checking 2 positions...
[2026-02-14 19:58:01] 📊 Token profiles: 30
[2026-02-14 19:58:01]    AI: -37.20%
[2026-02-14 19:58:01] 🎯 SL: Selling AI
[2026-02-14 19:58:02] ❌ Sell failed: Command failed: cd /root/trading-bot && node tracker-swap.js sell C7V47ci5u2Ak3VYb62a1obLTY74BLFxLB7d2NLKRpump 100
bigint: Failed to load bindings, pure JS will be used (try npm run rebuild?)
Usage: node tracker-swap.js buy <TOKEN> <amount_SOL>
Example: node tracker-swap.js buy SOL 0.01

[2026-02-14 19:58:02]    AI: -37.20%
[2026-02-14 19:58:02] 🎯 SL: Selling AI
[2026-02-14 19:58:02] ✅ Found 3 opportunities
[2026-02-14 19:58:02]    1. SUE: $0.000079 (+105% 5m)
[2026-02-14 19:58:02]    2. MEMELESS: $0.000021 (+42.44% 5m)
[2026-02-14 19:58:02]    3. PIPPINTINE: $0.000194 (+29.73% 5m)
[2026-02-14 19:58:02] ⏳ Max positions - monitoring for exits
[2026-02-14 19:58:02] ✅ Cycle complete

[2026-02-14 19:58:02] ❌ Sell failed: Command failed: cd /root/trading-bot && node tracker-swap.js sell C7V47ci5u2Ak3VYb62a1obLTY74BLFxLB7d2NLKRpump 100
bigint: Failed to load bindings, pure JS will be used (try npm run rebuild?)
Usage: node tracker-swap.js buy <TOKEN> <amount_SOL>
Example: node tracker-swap.js buy SOL 0.01

[2026-02-14 19:59:01] ═══════════════════════════════════════════════════════
[2026-02-14 19:59:01]   HIGH-FREQ SCALPER v3 - 10% PROFIT TARGET
[2026-02-14 19:59:01] ═══════════════════════════════════════════════════════
[2026-02-14 19:59:01] 💰 Balance: 0.0549 SOL
[2026-02-14 19:59:01] 📊 Positions: 2/2
[2026-02-14 19:59:01] 🎯 Target: 15% per trade
[2026-02-14 19:59:01] 🔍 Scanning trending tokens...
[2026-02-14 19:59:01] 📊 Checking 2 positions...
[2026-02-14 19:59:01]    AI: -37.20%
[2026-02-14 19:59:01] 🎯 SL: Selling AI
[2026-02-14 19:59:01] 📊 Token profiles: 30
[2026-02-14 19:59:02] ❌ Sell failed: Command failed: cd /root/trading-bot && node tracker-swap.js sell C7V47ci5u2Ak3VYb62a1obLTY74BLFxLB7d2NLKRpump 100
bigint: Failed to load bindings, pure JS will be used (try npm run rebuild?)
Usage: node tracker-swap.js buy <TOKEN> <amount_SOL>
Example: node tracker-swap.js buy SOL 0.01

[2026-02-14 19:59:02]    AI: -37.20%
[2026-02-14 19:59:02] 🎯 SL: Selling AI
[2026-02-14 19:59:02] ❌ Sell failed: Command failed: cd /root/trading-bot && node tracker-swap.js sell C7V47ci5u2Ak3VYb62a1obLTY74BLFxLB7d2NLKRpump 100
bigint: Failed to load bindings, pure JS will be used (try npm run rebuild?)
Usage: node tracker-swap.js buy <TOKEN> <amount_SOL>
Example: node tracker-swap.js buy SOL 0.01

[2026-02-14 19:59:02] ✅ Found 3 opportunities
[2026-02-14 19:59:02]    1. SUE: $0.000071 (+94.57% 5m)
[2026-02-14 19:59:02]    2. PIPPINTINE: $0.000198 (+38.17% 5m)
[2026-02-14 19:59:02]    3. MEMELESS: $0.000021 (+37.17% 5m)
[2026-02-14 19:59:02] ⏳ Max positions - monitoring for exits
[2026-02-14 19:59:02] ✅ Cycle complete

[2026-02-14 20:00:01] ═══════════════════════════════════════════════════════
[2026-02-14 20:00:01]   HIGH-FREQ SCALPER v3 - 10% PROFIT TARGET
[2026-02-14 20:00:01] ═══════════════════════════════════════════════════════
[2026-02-14 20:00:01] 💰 Balance: 0.0549 SOL
[2026-02-14 20:00:01] 📊 Positions: 2/2
[2026-02-14 20:00:01] 🎯 Target: 15% per trade
[2026-02-14 20:00:01] 🔍 Scanning trending tokens...
[2026-02-14 20:00:01] 📊 Checking 2 positions...
[2026-02-14 20:00:01] 📊 Token profiles: 30
[2026-02-14 20:00:01]    AI: -41.29%
[2026-02-14 20:00:01] 🎯 SL: Selling AI
[2026-02-14 20:00:01] ✅ Found 2 opportunities
[2026-02-14 20:00:01]    1. SUE: $0.000061 (+72.29% 5m)
[2026-02-14 20:00:01]    2. PIPPINTINE: $0.000156 (+8.95% 5m)
[2026-02-14 20:00:01] ⏳ Max positions - monitoring for exits
[2026-02-14 20:00:01] ✅ Cycle complete

[2026-02-14 20:00:02] ❌ Sell failed: Command failed: cd /root/trading-bot && node tracker-swap.js sell C7V47ci5u2Ak3VYb62a1obLTY74BLFxLB7d2NLKRpump 100
bigint: Failed to load bindings, pure JS will be used (try npm run rebuild?)
Usage: node tracker-swap.js buy <TOKEN> <amount_SOL>
Example: node tracker-swap.js buy SOL 0.01

[2026-02-14 20:00:02]    AI: -41.29%
[2026-02-14 20:00:02] 🎯 SL: Selling AI
[2026-02-14 20:00:02] ❌ Sell failed: Command failed: cd /root/trading-bot && node tracker-swap.js sell C7V47ci5u2Ak3VYb62a1obLTY74BLFxLB7d2NLKRpump 100
bigint: Failed to load bindings, pure JS will be used (try npm run rebuild?)
Usage: node tracker-swap.js buy <TOKEN> <amount_SOL>
Example: node tracker-swap.js buy SOL 0.01

[2026-02-14 20:01:01] ═══════════════════════════════════════════════════════
[2026-02-14 20:01:01]   HIGH-FREQ SCALPER v3 - 10% PROFIT TARGET
[2026-02-14 20:01:01] ═══════════════════════════════════════════════════════
[2026-02-14 20:01:01] 💰 Balance: 0.0549 SOL
[2026-02-14 20:01:01] 📊 Positions: 2/2
[2026-02-14 20:01:01] 🎯 Target: 15% per trade
[2026-02-14 20:01:01] 🔍 Scanning trending tokens...
[2026-02-14 20:01:01] 📊 Checking 2 positions...
[2026-02-14 20:01:01] 📊 Token profiles: 30
[2026-02-14 20:01:01] ✅ Found 2 opportunities
[2026-02-14 20:01:01]    1. SUE: $0.000060 (+67.02% 5m)
[2026-02-14 20:01:01]    2. OTOME: $0.000010 (+28.15% 5m)
[2026-02-14 20:01:01] ⏳ Max positions - monitoring for exits
[2026-02-14 20:01:01] ✅ Cycle complete

[2026-02-14 20:01:01]    AI: -41.29%
[2026-02-14 20:01:01] 🎯 SL: Selling AI
[2026-02-14 20:01:01] ❌ Sell failed: Command failed: cd /root/trading-bot && node tracker-swap.js sell C7V47ci5u2Ak3VYb62a1obLTY74BLFxLB7d2NLKRpump 100
bigint: Failed to load bindings, pure JS will be used (try npm run rebuild?)
Usage: node tracker-swap.js buy <TOKEN> <amount_SOL>
Example: node tracker-swap.js buy SOL 0.01

[2026-02-14 20:01:02]    AI: -41.29%
[2026-02-14 20:01:02] 🎯 SL: Selling AI
[2026-02-14 20:01:02] ❌ Sell failed: Command failed: cd /root/trading-bot && node tracker-swap.js sell C7V47ci5u2Ak3VYb62a1obLTY74BLFxLB7d2NLKRpump 100
bigint: Failed to load bindings, pure JS will be used (try npm run rebuild?)
Usage: node tracker-swap.js buy <TOKEN> <amount_SOL>
Example: node tracker-swap.js buy SOL 0.01

[2026-02-14 20:02:01] ═══════════════════════════════════════════════════════
[2026-02-14 20:02:01]   HIGH-FREQ SCALPER v3 - 10% PROFIT TARGET
[2026-02-14 20:02:01] ═══════════════════════════════════════════════════════
[2026-02-14 20:02:01] 💰 Balance: 0.0549 SOL
[2026-02-14 20:02:01] 📊 Positions: 2/2
[2026-02-14 20:02:01] 🎯 Target: 15% per trade
[2026-02-14 20:02:01] 🔍 Scanning trending tokens...
[2026-02-14 20:02:01] 📊 Checking 2 positions...
[2026-02-14 20:02:01]    AI: -41.13%
[2026-02-14 20:02:01] 🎯 SL: Selling AI
[2026-02-14 20:02:01] 📊 Token profiles: 30
[2026-02-14 20:02:01] ✅ Found 3 opportunities
[2026-02-14 20:02:01]    1. SUE: $0.000073 (+12.04% 5m)
[2026-02-14 20:02:01]    2. MEMELESS: $0.000026 (+10% 5m)
[2026-02-14 20:02:01]    3. OTOME: $0.000008 (+2.19% 5m)
[2026-02-14 20:02:01] ⏳ Max positions - monitoring for exits
[2026-02-14 20:02:01] ✅ Cycle complete

[2026-02-14 20:02:01] ❌ Sell failed: Command failed: cd /root/trading-bot && node tracker-swap.js sell C7V47ci5u2Ak3VYb62a1obLTY74BLFxLB7d2NLKRpump 100
bigint: Failed to load bindings, pure JS will be used (try npm run rebuild?)
Usage: node tracker-swap.js buy <TOKEN> <amount_SOL>
Example: node tracker-swap.js buy SOL 0.01

[2026-02-14 20:02:01]    AI: -41.13%
[2026-02-14 20:02:01] 🎯 SL: Selling AI
[2026-02-14 20:02:02] ❌ Sell failed: Command failed: cd /root/trading-bot && node tracker-swap.js sell C7V47ci5u2Ak3VYb62a1obLTY74BLFxLB7d2NLKRpump 100
bigint: Failed to load bindings, pure JS will be used (try npm run rebuild?)
Usage: node tracker-swap.js buy <TOKEN> <amount_SOL>
Example: node tracker-swap.js buy SOL 0.01

[2026-02-14 20:03:01] ═══════════════════════════════════════════════════════
[2026-02-14 20:03:01]   HIGH-FREQ SCALPER v3 - 10% PROFIT TARGET
[2026-02-14 20:03:01] ═══════════════════════════════════════════════════════
[2026-02-14 20:03:01] 💰 Balance: 0.0549 SOL
[2026-02-14 20:03:01] 📊 Positions: 2/2
[2026-02-14 20:03:01] 🎯 Target: 15% per trade
[2026-02-14 20:03:01] 🔍 Scanning trending tokens...
[2026-02-14 20:03:01] 📊 Checking 2 positions...
[2026-02-14 20:03:01] 📊 Token profiles: 30
[2026-02-14 20:03:01]    AI: -41.13%
[2026-02-14 20:03:01] 🎯 SL: Selling AI
[2026-02-14 20:03:01] ❌ Sell failed: Command failed: cd /root/trading-bot && node tracker-swap.js sell C7V47ci5u2Ak3VYb62a1obLTY74BLFxLB7d2NLKRpump 100
bigint: Failed to load bindings, pure JS will be used (try npm run rebuild?)
Usage: node tracker-swap.js buy <TOKEN> <amount_SOL>
Example: node tracker-swap.js buy SOL 0.01

[2026-02-14 20:03:01]    AI: -41.13%
[2026-02-14 20:03:01] 🎯 SL: Selling AI
[2026-02-14 20:03:02] ❌ Sell failed: Command failed: cd /root/trading-bot && node tracker-swap.js sell C7V47ci5u2Ak3VYb62a1obLTY74BLFxLB7d2NLKRpump 100
bigint: Failed to load bindings, pure JS will be used (try npm run rebuild?)
Usage: node tracker-swap.js buy <TOKEN> <amount_SOL>
Example: node tracker-swap.js buy SOL 0.01

[2026-02-14 20:03:02] ✅ Found 1 opportunities
[2026-02-14 20:03:02]    1. MEMELESS: $0.000048 (+156% 5m)
[2026-02-14 20:03:02] ⏳ Max positions - monitoring for exits
[2026-02-14 20:03:02] ✅ Cycle complete

[2026-02-14 20:04:02] ═══════════════════════════════════════════════════════
[2026-02-14 20:04:02]   HIGH-FREQ SCALPER v3 - 10% PROFIT TARGET
[2026-02-14 20:04:02] ═══════════════════════════════════════════════════════
[2026-02-14 20:04:02] 💰 Balance: 0.0549 SOL
[2026-02-14 20:04:02] 📊 Positions: 2/2
[2026-02-14 20:04:02] 🎯 Target: 15% per trade
[2026-02-14 20:04:02] 🔍 Scanning trending tokens...
[2026-02-14 20:04:02] 📊 Checking 2 positions...
[2026-02-14 20:04:02]    AI: -40.48%
[2026-02-14 20:04:02] 🎯 SL: Selling AI
[2026-02-14 20:04:02] 📊 Token profiles: 30
[2026-02-14 20:04:02] ✅ Found 2 opportunities
[2026-02-14 20:04:02]    1. MEMELESS: $0.000042 (+97.45% 5m)
[2026-02-14 20:04:02]    2. SUE: $0.000111 (+66.19% 5m)
[2026-02-14 20:04:02] ⏳ Max positions - monitoring for exits
[2026-02-14 20:04:02] ✅ Cycle complete

[2026-02-14 20:04:02] ❌ Sell failed: Command failed: cd /root/trading-bot && node tracker-swap.js sell C7V47ci5u2Ak3VYb62a1obLTY74BLFxLB7d2NLKRpump 100
bigint: Failed to load bindings, pure JS will be used (try npm run rebuild?)
Usage: node tracker-swap.js buy <TOKEN> <amount_SOL>
Example: node tracker-swap.js buy SOL 0.01

[2026-02-14 20:04:02]    AI: -40.48%
[2026-02-14 20:04:02] 🎯 SL: Selling AI
[2026-02-14 20:04:02] ❌ Sell failed: Command failed: cd /root/trading-bot && node tracker-swap.js sell C7V47ci5u2Ak3VYb62a1obLTY74BLFxLB7d2NLKRpump 100
bigint: Failed to load bindings, pure JS will be used (try npm run rebuild?)
Usage: node tracker-swap.js buy <TOKEN> <amount_SOL>
Example: node tracker-swap.js buy SOL 0.01

[2026-02-14 20:05:01] ═══════════════════════════════════════════════════════
[2026-02-14 20:05:01]   HIGH-FREQ SCALPER v3 - 10% PROFIT TARGET
[2026-02-14 20:05:01] ═══════════════════════════════════════════════════════
[2026-02-14 20:05:02] 💰 Balance: 0.0549 SOL
[2026-02-14 20:05:02] 📊 Positions: 2/2
[2026-02-14 20:05:02] 🎯 Target: 15% per trade
[2026-02-14 20:05:02] 🔍 Scanning trending tokens...
[2026-02-14 20:05:02] 📊 Checking 2 positions...
[2026-02-14 20:05:02]    AI: -40.48%
[2026-02-14 20:05:02] 🎯 SL: Selling AI
[2026-02-14 20:05:02] 📊 Token profiles: 30
[2026-02-14 20:05:02] ❌ Sell failed: Command failed: cd /root/trading-bot && node tracker-swap.js sell C7V47ci5u2Ak3VYb62a1obLTY74BLFxLB7d2NLKRpump 100
bigint: Failed to load bindings, pure JS will be used (try npm run rebuild?)
Usage: node tracker-swap.js buy <TOKEN> <amount_SOL>
Example: node tracker-swap.js buy SOL 0.01

[2026-02-14 20:05:02] ✅ Found 2 opportunities
[2026-02-14 20:05:02]    1. SUE: $0.000106 (+82.73% 5m)
[2026-02-14 20:05:02]    2. MEMELESS: $0.000039 (+65.39% 5m)
[2026-02-14 20:05:02] ⏳ Max positions - monitoring for exits
[2026-02-14 20:05:02] ✅ Cycle complete

[2026-02-14 20:05:02]    AI: -40.48%
[2026-02-14 20:05:02] 🎯 SL: Selling AI
[2026-02-14 20:05:03] ❌ Sell failed: Command failed: cd /root/trading-bot && node tracker-swap.js sell C7V47ci5u2Ak3VYb62a1obLTY74BLFxLB7d2NLKRpump 100
bigint: Failed to load bindings, pure JS will be used (try npm run rebuild?)
Usage: node tracker-swap.js buy <TOKEN> <amount_SOL>
Example: node tracker-swap.js buy SOL 0.01

[2026-02-14 20:06:01] ═══════════════════════════════════════════════════════
[2026-02-14 20:06:01]   HIGH-FREQ SCALPER v3 - 10% PROFIT TARGET
[2026-02-14 20:06:01] ═══════════════════════════════════════════════════════
[2026-02-14 20:06:01] 💰 Balance: 0.0549 SOL
[2026-02-14 20:06:01] 📊 Positions: 2/2
[2026-02-14 20:06:01] 🎯 Target: 15% per trade
[2026-02-14 20:06:01] 🔍 Scanning trending tokens...
[2026-02-14 20:06:01] 📊 Checking 2 positions...
[2026-02-14 20:06:01] 📊 Token profiles: 30
[2026-02-14 20:06:01]    AI: -40.48%
[2026-02-14 20:06:01] 🎯 SL: Selling AI
[2026-02-14 20:06:01] ❌ Sell failed: Command failed: cd /root/trading-bot && node tracker-swap.js sell C7V47ci5u2Ak3VYb62a1obLTY74BLFxLB7d2NLKRpump 100
bigint: Failed to load bindings, pure JS will be used (try npm run rebuild?)
Usage: node tracker-swap.js buy <TOKEN> <amount_SOL>
Example: node tracker-swap.js buy SOL 0.01

[2026-02-14 20:06:01] ✅ Found 3 opportunities
[2026-02-14 20:06:01]    1. MEMELESS: $0.000050 (+114% 5m)
[2026-02-14 20:06:01]    2. SUE: $0.000099 (+64.06% 5m)
[2026-02-14 20:06:01]    3. PLY: $0.001111 (+2.05% 5m)
[2026-02-14 20:06:01] ⏳ Max positions - monitoring for exits
[2026-02-14 20:06:01] ✅ Cycle complete

[2026-02-14 20:06:01]    AI: -40.48%
[2026-02-14 20:06:01] 🎯 SL: Selling AI
[2026-02-14 20:06:02] ❌ Sell failed: Command failed: cd /root/trading-bot && node tracker-swap.js sell C7V47ci5u2Ak3VYb62a1obLTY74BLFxLB7d2NLKRpump 100
bigint: Failed to load bindings, pure JS will be used (try npm run rebuild?)
Usage: node tracker-swap.js buy <TOKEN> <amount_SOL>
Example: node tracker-swap.js buy SOL 0.01

[2026-02-14 20:07:01] ═══════════════════════════════════════════════════════
[2026-02-14 20:07:01]   HIGH-FREQ SCALPER v3 - 10% PROFIT TARGET
[2026-02-14 20:07:01] ═══════════════════════════════════════════════════════
[2026-02-14 20:07:01] 💰 Balance: 0.0549 SOL
[2026-02-14 20:07:01] 📊 Positions: 2/2
[2026-02-14 20:07:01] 🎯 Target: 15% per trade
[2026-02-14 20:07:01] 🔍 Scanning trending tokens...
[2026-02-14 20:07:01] 📊 Checking 2 positions...
[2026-02-14 20:07:01] 📊 Token profiles: 30
[2026-02-14 20:07:01]    AI: -37.04%
[2026-02-14 20:07:01] 🎯 SL: Selling AI
[2026-02-14 20:07:01] ❌ Sell failed: Command failed: cd /root/trading-bot && node tracker-swap.js sell C7V47ci5u2Ak3VYb62a1obLTY74BLFxLB7d2NLKRpump 100
bigint: Failed to load bindings, pure JS will be used (try npm run rebuild?)
Usage: node tracker-swap.js buy <TOKEN> <amount_SOL>
Example: node tracker-swap.js buy SOL 0.01

[2026-02-14 20:07:01]    AI: -37.04%
[2026-02-14 20:07:01] 🎯 SL: Selling AI
[2026-02-14 20:07:02] ✅ Found 2 opportunities
[2026-02-14 20:07:02]    1. SUE: $0.000091 (+22.89% 5m)
[2026-02-14 20:07:02]    2. MEMELESS: $0.000046 (+17.88% 5m)
[2026-02-14 20:07:02] ⏳ Max positions - monitoring for exits
[2026-02-14 20:07:02] ✅ Cycle complete

[2026-02-14 20:07:02] ❌ Sell failed: Command failed: cd /root/trading-bot && node tracker-swap.js sell C7V47ci5u2Ak3VYb62a1obLTY74BLFxLB7d2NLKRpump 100
bigint: Failed to load bindings, pure JS will be used (try npm run rebuild?)
Usage: node tracker-swap.js buy <TOKEN> <amount_SOL>
Example: node tracker-swap.js buy SOL 0.01

[2026-02-14 20:08:01] ═══════════════════════════════════════════════════════
[2026-02-14 20:08:01]   HIGH-FREQ SCALPER v3 - 10% PROFIT TARGET
[2026-02-14 20:08:01] ═══════════════════════════════════════════════════════
[2026-02-14 20:08:01] 💰 Balance: 0.0549 SOL
[2026-02-14 20:08:01] 📊 Positions: 2/2
[2026-02-14 20:08:01] 🎯 Target: 15% per trade
[2026-02-14 20:08:01] 🔍 Scanning trending tokens...
[2026-02-14 20:08:01] 📊 Checking 2 positions...
[2026-02-14 20:08:01] 📊 Token profiles: 30
[2026-02-14 20:08:01]    AI: -37.04%
[2026-02-14 20:08:01] 🎯 SL: Selling AI
[2026-02-14 20:08:01] ❌ Sell failed: Command failed: cd /root/trading-bot && node tracker-swap.js sell C7V47ci5u2Ak3VYb62a1obLTY74BLFxLB7d2NLKRpump 100
bigint: Failed to load bindings, pure JS will be used (try npm run rebuild?)
Usage: node tracker-swap.js buy <TOKEN> <amount_SOL>
Example: node tracker-swap.js buy SOL 0.01

[2026-02-14 20:08:02]    AI: -37.04%
[2026-02-14 20:08:02] 🎯 SL: Selling AI
[2026-02-14 20:08:02] ✅ Found 1 opportunities
[2026-02-14 20:08:02]    1. MEMELESS: $0.000046 (+2.88% 5m)
[2026-02-14 20:08:02] ⏳ Max positions - monitoring for exits
[2026-02-14 20:08:02] ✅ Cycle complete

[2026-02-14 20:08:02] ❌ Sell failed: Command failed: cd /root/trading-bot && node tracker-swap.js sell C7V47ci5u2Ak3VYb62a1obLTY74BLFxLB7d2NLKRpump 100
bigint: Failed to load bindings, pure JS will be used (try npm run rebuild?)
Usage: node tracker-swap.js buy <TOKEN> <amount_SOL>
Example: node tracker-swap.js buy SOL 0.01

[2026-02-14 20:09:01] ═══════════════════════════════════════════════════════
[2026-02-14 20:09:01]   HIGH-FREQ SCALPER v3 - 10% PROFIT TARGET
[2026-02-14 20:09:01] ═══════════════════════════════════════════════════════
[2026-02-14 20:09:01] 💰 Balance: 0.0549 SOL
[2026-02-14 20:09:01] 📊 Positions: 2/2
[2026-02-14 20:09:01] 🎯 Target: 15% per trade
[2026-02-14 20:09:01] 🔍 Scanning trending tokens...
[2026-02-14 20:09:01] 📊 Checking 2 positions...
[2026-02-14 20:09:01] 📊 Token profiles: 30
[2026-02-14 20:09:01]    AI: -37.15%
[2026-02-14 20:09:01] 🎯 SL: Selling AI
[2026-02-14 20:09:01] ✅ Found 1 opportunities
[2026-02-14 20:09:01]    1. MEMELESS: $0.000043 (+10.25% 5m)
[2026-02-14 20:09:01] ⏳ Max positions - monitoring for exits
[2026-02-14 20:09:01] ✅ Cycle complete

[2026-02-14 20:09:02] ❌ Sell failed: Command failed: cd /root/trading-bot && node tracker-swap.js sell C7V47ci5u2Ak3VYb62a1obLTY74BLFxLB7d2NLKRpump 100
bigint: Failed to load bindings, pure JS will be used (try npm run rebuild?)
Usage: node tracker-swap.js buy <TOKEN> <amount_SOL>
Example: node tracker-swap.js buy SOL 0.01

[2026-02-14 20:09:02]    AI: -37.15%
[2026-02-14 20:09:02] 🎯 SL: Selling AI
[2026-02-14 20:09:02] ❌ Sell failed: Command failed: cd /root/trading-bot && node tracker-swap.js sell C7V47ci5u2Ak3VYb62a1obLTY74BLFxLB7d2NLKRpump 100
bigint: Failed to load bindings, pure JS will be used (try npm run rebuild?)
Usage: node tracker-swap.js buy <TOKEN> <amount_SOL>
Example: node tracker-swap.js buy SOL 0.01

[2026-02-14 20:10:01] ═══════════════════════════════════════════════════════
[2026-02-14 20:10:01]   HIGH-FREQ SCALPER v3 - 10% PROFIT TARGET
[2026-02-14 20:10:01] ═══════════════════════════════════════════════════════
[2026-02-14 20:10:01] 💰 Balance: 0.0549 SOL
[2026-02-14 20:10:01] 📊 Positions: 2/2
[2026-02-14 20:10:01] 🎯 Target: 15% per trade
[2026-02-14 20:10:01] 🔍 Scanning trending tokens...
[2026-02-14 20:10:01] 📊 Checking 2 positions...
[2026-02-14 20:10:01] 📊 Token profiles: 30
[2026-02-14 20:10:01]    AI: -37.85%
[2026-02-14 20:10:01] 🎯 SL: Selling AI
[2026-02-14 20:10:01] ✅ Found 1 opportunities
[2026-02-14 20:10:01]    1. SUE: $0.000121 (+21.94% 5m)
[2026-02-14 20:10:01] ⏳ Max positions - monitoring for exits
[2026-02-14 20:10:01] ✅ Cycle complete

[2026-02-14 20:10:02] ❌ Sell failed: Command failed: cd /root/trading-bot && node tracker-swap.js sell C7V47ci5u2Ak3VYb62a1obLTY74BLFxLB7d2NLKRpump 100
bigint: Failed to load bindings, pure JS will be used (try npm run rebuild?)
Usage: node tracker-swap.js buy <TOKEN> <amount_SOL>
Example: node tracker-swap.js buy SOL 0.01

[2026-02-14 20:10:02]    AI: -37.85%
[2026-02-14 20:10:02] 🎯 SL: Selling AI
[2026-02-14 20:10:02] ❌ Sell failed: Command failed: cd /root/trading-bot && node tracker-swap.js sell C7V47ci5u2Ak3VYb62a1obLTY74BLFxLB7d2NLKRpump 100
bigint: Failed to load bindings, pure JS will be used (try npm run rebuild?)
Usage: node tracker-swap.js buy <TOKEN> <amount_SOL>
Example: node tracker-swap.js buy SOL 0.01

[2026-02-14 20:11:01] ═══════════════════════════════════════════════════════
[2026-02-14 20:11:01]   HIGH-FREQ SCALPER v3 - 10% PROFIT TARGET
[2026-02-14 20:11:01] ═══════════════════════════════════════════════════════
[2026-02-14 20:11:01] 💰 Balance: 0.0549 SOL
[2026-02-14 20:11:01] 📊 Positions: 2/2
[2026-02-14 20:11:01] 🎯 Target: 15% per trade
[2026-02-14 20:11:01] 🔍 Scanning trending tokens...
[2026-02-14 20:11:01] 📊 Checking 2 positions...
[2026-02-14 20:11:01] 📊 Token profiles: 30
[2026-02-14 20:11:01]    AI: -37.85%
[2026-02-14 20:11:01] 🎯 SL: Selling AI
[2026-02-14 20:11:01] ✅ Found 2 opportunities
[2026-02-14 20:11:01]    1. SUE: $0.000134 (+33.7% 5m)
[2026-02-14 20:11:01]    2. 3301: $0.000069 (+5.89% 5m)
[2026-02-14 20:11:01] ⏳ Max positions - monitoring for exits
[2026-02-14 20:11:01] ✅ Cycle complete

[2026-02-14 20:11:02] ❌ Sell failed: Command failed: cd /root/trading-bot && node tracker-swap.js sell C7V47ci5u2Ak3VYb62a1obLTY74BLFxLB7d2NLKRpump 100
bigint: Failed to load bindings, pure JS will be used (try npm run rebuild?)
Usage: node tracker-swap.js buy <TOKEN> <amount_SOL>
Example: node tracker-swap.js buy SOL 0.01

[2026-02-14 20:11:02]    AI: -37.85%
[2026-02-14 20:11:02] 🎯 SL: Selling AI
[2026-02-14 20:11:02] ❌ Sell failed: Command failed: cd /root/trading-bot && node tracker-swap.js sell C7V47ci5u2Ak3VYb62a1obLTY74BLFxLB7d2NLKRpump 100
bigint: Failed to load bindings, pure JS will be used (try npm run rebuild?)
Usage: node tracker-swap.js buy <TOKEN> <amount_SOL>
Example: node tracker-swap.js buy SOL 0.01

[2026-02-14 20:12:01] ═══════════════════════════════════════════════════════
[2026-02-14 20:12:01]   HIGH-FREQ SCALPER v3 - 10% PROFIT TARGET
[2026-02-14 20:12:01] ═══════════════════════════════════════════════════════
[2026-02-14 20:12:01] 💰 Balance: 0.0549 SOL
[2026-02-14 20:12:01] 📊 Positions: 2/2
[2026-02-14 20:12:01] 🎯 Target: 15% per trade
[2026-02-14 20:12:01] 🔍 Scanning trending tokens...
[2026-02-14 20:12:01] 📊 Checking 2 positions...
[2026-02-14 20:12:01]    AI: -38.49%
[2026-02-14 20:12:01] 🎯 SL: Selling AI
[2026-02-14 20:12:01] 📊 Token profiles: 30
[2026-02-14 20:12:02] ✅ Found 3 opportunities
[2026-02-14 20:12:02]    1. MEMELESS: $0.000055 (+38.48% 5m)
[2026-02-14 20:12:02]    2. 3301: $0.000080 (+23.05% 5m)
[2026-02-14 20:12:02]    3. SUE: $0.000121 (+17.69% 5m)
[2026-02-14 20:12:02] ⏳ Max positions - monitoring for exits
[2026-02-14 20:12:02] ✅ Cycle complete

[2026-02-14 20:12:02] ❌ Sell failed: Command failed: cd /root/trading-bot && node tracker-swap.js sell C7V47ci5u2Ak3VYb62a1obLTY74BLFxLB7d2NLKRpump 100
bigint: Failed to load bindings, pure JS will be used (try npm run rebuild?)
Usage: node tracker-swap.js buy <TOKEN> <amount_SOL>
Example: node tracker-swap.js buy SOL 0.01

[2026-02-14 20:12:02]    AI: -38.49%
[2026-02-14 20:12:02] 🎯 SL: Selling AI
[2026-02-14 20:12:02] ❌ Sell failed: Command failed: cd /root/trading-bot && node tracker-swap.js sell C7V47ci5u2Ak3VYb62a1obLTY74BLFxLB7d2NLKRpump 100
bigint: Failed to load bindings, pure JS will be used (try npm run rebuild?)
Usage: node tracker-swap.js buy <TOKEN> <amount_SOL>
Example: node tracker-swap.js buy SOL 0.01

[2026-02-14 20:13:02] ═══════════════════════════════════════════════════════
[2026-02-14 20:13:02]   HIGH-FREQ SCALPER v3 - 10% PROFIT TARGET
[2026-02-14 20:13:02] ═══════════════════════════════════════════════════════
[2026-02-14 20:13:02] 💰 Balance: 0.0549 SOL
[2026-02-14 20:13:02] 📊 Positions: 2/2
[2026-02-14 20:13:02] 🎯 Target: 15% per trade
[2026-02-14 20:13:02] 🔍 Scanning trending tokens...
[2026-02-14 20:13:02] 📊 Checking 2 positions...
[2026-02-14 20:13:02]    AI: -38.49%
[2026-02-14 20:13:02] 🎯 SL: Selling AI
[2026-02-14 20:13:02] 📊 Token profiles: 30
[2026-02-14 20:13:02] ✅ Found 3 opportunities
[2026-02-14 20:13:02]    1. 3301: $0.000081 (+29.3% 5m)
[2026-02-14 20:13:02]    2. MEMELESS: $0.000050 (+15.65% 5m)
[2026-02-14 20:13:02]    3. SUE: $0.000116 (+10.16% 5m)
[2026-02-14 20:13:02] ⏳ Max positions - monitoring for exits
[2026-02-14 20:13:02] ✅ Cycle complete

[2026-02-14 20:13:02] ❌ Sell failed: Command failed: cd /root/trading-bot && node tracker-swap.js sell C7V47ci5u2Ak3VYb62a1obLTY74BLFxLB7d2NLKRpump 100
bigint: Failed to load bindings, pure JS will be used (try npm run rebuild?)
Usage: node tracker-swap.js buy <TOKEN> <amount_SOL>
Example: node tracker-swap.js buy SOL 0.01

[2026-02-14 20:13:02]    AI: -38.49%
[2026-02-14 20:13:02] 🎯 SL: Selling AI
[2026-02-14 20:13:02] ❌ Sell failed: Command failed: cd /root/trading-bot && node tracker-swap.js sell C7V47ci5u2Ak3VYb62a1obLTY74BLFxLB7d2NLKRpump 100
bigint: Failed to load bindings, pure JS will be used (try npm run rebuild?)
Usage: node tracker-swap.js buy <TOKEN> <amount_SOL>
Example: node tracker-swap.js buy SOL 0.01

[2026-02-14 20:14:02] ═══════════════════════════════════════════════════════
[2026-02-14 20:14:02]   HIGH-FREQ SCALPER v3 - 10% PROFIT TARGET
[2026-02-14 20:14:02] ═══════════════════════════════════════════════════════
[2026-02-14 20:14:02] 💰 Balance: 0.0549 SOL
[2026-02-14 20:14:02] 📊 Positions: 2/2
[2026-02-14 20:14:02] 🎯 Target: 15% per trade
[2026-02-14 20:14:02] 🔍 Scanning trending tokens...
[2026-02-14 20:14:02] 📊 Checking 2 positions...
[2026-02-14 20:14:02] 📊 Token profiles: 30
[2026-02-14 20:14:02]    AI: -38.49%
[2026-02-14 20:14:02] 🎯 SL: Selling AI
[2026-02-14 20:14:02] ✅ Found 2 opportunities
[2026-02-14 20:14:02]    1. 3301: $0.000083 (+33.47% 5m)
[2026-02-14 20:14:02]    2. MEMELESS: $0.000047 (+17.3% 5m)
[2026-02-14 20:14:02] ⏳ Max positions - monitoring for exits
[2026-02-14 20:14:02] ✅ Cycle complete

[2026-02-14 20:14:02] ❌ Sell failed: Command failed: cd /root/trading-bot && node tracker-swap.js sell C7V47ci5u2Ak3VYb62a1obLTY74BLFxLB7d2NLKRpump 100
bigint: Failed to load bindings, pure JS will be used (try npm run rebuild?)
Usage: node tracker-swap.js buy <TOKEN> <amount_SOL>
Example: node tracker-swap.js buy SOL 0.01

[2026-02-14 20:14:02]    AI: -38.49%
[2026-02-14 20:14:02] 🎯 SL: Selling AI
[2026-02-14 20:14:03] ❌ Sell failed: Command failed: cd /root/trading-bot && node tracker-swap.js sell C7V47ci5u2Ak3VYb62a1obLTY74BLFxLB7d2NLKRpump 100
bigint: Failed to load bindings, pure JS will be used (try npm run rebuild?)
Usage: node tracker-swap.js buy <TOKEN> <amount_SOL>
Example: node tracker-swap.js buy SOL 0.01

[2026-02-14 20:15:01] ═══════════════════════════════════════════════════════
[2026-02-14 20:15:01]   HIGH-FREQ SCALPER v3 - 10% PROFIT TARGET
[2026-02-14 20:15:01] ═══════════════════════════════════════════════════════
[2026-02-14 20:15:01] 💰 Balance: 0.0549 SOL
[2026-02-14 20:15:01] 📊 Positions: 2/2
[2026-02-14 20:15:01] 🎯 Target: 15% per trade
[2026-02-14 20:15:01] 🔍 Scanning trending tokens...
[2026-02-14 20:15:01] 📊 Checking 2 positions...
[2026-02-14 20:15:01]    AI: -38.49%
[2026-02-14 20:15:01] 🎯 SL: Selling AI
[2026-02-14 20:15:01] 📊 Token profiles: 30
[2026-02-14 20:15:01] ❌ Sell failed: Command failed: cd /root/trading-bot && node tracker-swap.js sell C7V47ci5u2Ak3VYb62a1obLTY74BLFxLB7d2NLKRpump 100
bigint: Failed to load bindings, pure JS will be used (try npm run rebuild?)
Usage: node tracker-swap.js buy <TOKEN> <amount_SOL>
Example: node tracker-swap.js buy SOL 0.01

[2026-02-14 20:15:01]    AI: -38.49%
[2026-02-14 20:15:01] 🎯 SL: Selling AI
[2026-02-14 20:15:02] ❌ Sell failed: Command failed: cd /root/trading-bot && node tracker-swap.js sell C7V47ci5u2Ak3VYb62a1obLTY74BLFxLB7d2NLKRpump 100
bigint: Failed to load bindings, pure JS will be used (try npm run rebuild?)
Usage: node tracker-swap.js buy <TOKEN> <amount_SOL>
Example: node tracker-swap.js buy SOL 0.01

[2026-02-14 20:15:02] ✅ Found 2 opportunities
[2026-02-14 20:15:02]    1. MEMELESS: $0.000054 (+37.6% 5m)
[2026-02-14 20:15:02]    2. 3301: $0.000081 (+20.99% 5m)
[2026-02-14 20:15:02] ⏳ Max positions - monitoring for exits
[2026-02-14 20:15:02] ✅ Cycle complete

[2026-02-14 20:16:01] ═══════════════════════════════════════════════════════
[2026-02-14 20:16:01]   HIGH-FREQ SCALPER v3 - 10% PROFIT TARGET
[2026-02-14 20:16:01] ═══════════════════════════════════════════════════════
[2026-02-14 20:16:01] 💰 Balance: 0.0549 SOL
[2026-02-14 20:16:01] 📊 Positions: 2/2
[2026-02-14 20:16:01] 🎯 Target: 15% per trade
[2026-02-14 20:16:01] 🔍 Scanning trending tokens...
[2026-02-14 20:16:01] 📊 Checking 2 positions...
[2026-02-14 20:16:01] 📊 Token profiles: 30
[2026-02-14 20:16:01]    AI: -37.96%
[2026-02-14 20:16:01] 🎯 SL: Selling AI
[2026-02-14 20:16:01] ✅ Found 2 opportunities
[2026-02-14 20:16:01]    1. MEMELESS: $0.000064 (+24.06% 5m)
[2026-02-14 20:16:01]    2. SUE: $0.000133 (+2.35% 5m)
[2026-02-14 20:16:01] ⏳ Max positions - monitoring for exits
[2026-02-14 20:16:01] ✅ Cycle complete

[2026-02-14 20:16:01] ❌ Sell failed: Command failed: cd /root/trading-bot && node tracker-swap.js sell C7V47ci5u2Ak3VYb62a1obLTY74BLFxLB7d2NLKRpump 100
bigint: Failed to load bindings, pure JS will be used (try npm run rebuild?)
Usage: node tracker-swap.js buy <TOKEN> <amount_SOL>
Example: node tracker-swap.js buy SOL 0.01

[2026-02-14 20:16:02]    AI: -37.96%
[2026-02-14 20:16:02] 🎯 SL: Selling AI
[2026-02-14 20:16:02] ❌ Sell failed: Command failed: cd /root/trading-bot && node tracker-swap.js sell C7V47ci5u2Ak3VYb62a1obLTY74BLFxLB7d2NLKRpump 100
bigint: Failed to load bindings, pure JS will be used (try npm run rebuild?)
Usage: node tracker-swap.js buy <TOKEN> <amount_SOL>
Example: node tracker-swap.js buy SOL 0.01

[2026-02-14 20:17:01] ═══════════════════════════════════════════════════════
[2026-02-14 20:17:01]   HIGH-FREQ SCALPER v3 - 10% PROFIT TARGET
[2026-02-14 20:17:01] ═══════════════════════════════════════════════════════
[2026-02-14 20:17:01] 💰 Balance: 0.0549 SOL
[2026-02-14 20:17:01] 📊 Positions: 2/2
[2026-02-14 20:17:01] 🎯 Target: 15% per trade
[2026-02-14 20:17:01] 🔍 Scanning trending tokens...
[2026-02-14 20:17:01] 📊 Checking 2 positions...
[2026-02-14 20:17:01]    AI: -37.63%
[2026-02-14 20:17:01] 🎯 SL: Selling AI
[2026-02-14 20:17:01] 📊 Token profiles: 30
[2026-02-14 20:17:02] ❌ Sell failed: Command failed: cd /root/trading-bot && node tracker-swap.js sell C7V47ci5u2Ak3VYb62a1obLTY74BLFxLB7d2NLKRpump 100
bigint: Failed to load bindings, pure JS will be used (try npm run rebuild?)
Usage: node tracker-swap.js buy <TOKEN> <amount_SOL>
Example: node tracker-swap.js buy SOL 0.01

[2026-02-14 20:17:02]    AI: -37.63%
[2026-02-14 20:17:02] 🎯 SL: Selling AI
[2026-02-14 20:17:02] ❌ Sell failed: Command failed: cd /root/trading-bot && node tracker-swap.js sell C7V47ci5u2Ak3VYb62a1obLTY74BLFxLB7d2NLKRpump 100
bigint: Failed to load bindings, pure JS will be used (try npm run rebuild?)
Usage: node tracker-swap.js buy <TOKEN> <amount_SOL>
Example: node tracker-swap.js buy SOL 0.01

[2026-02-14 20:17:02] ✅ Found 3 opportunities
[2026-02-14 20:17:02]    1. MEMELESS: $0.000081 (+41.57% 5m)
[2026-02-14 20:17:02]    2. SUE: $0.000130 (+24.07% 5m)
[2026-02-14 20:17:02]    3. 3301: $0.000096 (+18.44% 5m)
[2026-02-14 20:17:02] ⏳ Max positions - monitoring for exits
[2026-02-14 20:17:02] ✅ Cycle complete

[2026-02-14 20:18:01] ═══════════════════════════════════════════════════════
[2026-02-14 20:18:01]   HIGH-FREQ SCALPER v3 - 10% PROFIT TARGET
[2026-02-14 20:18:01] ═══════════════════════════════════════════════════════
[2026-02-14 20:18:01] 💰 Balance: 0.0549 SOL
[2026-02-14 20:18:01] 📊 Positions: 2/2
[2026-02-14 20:18:01] 🎯 Target: 15% per trade
[2026-02-14 20:18:01] 🔍 Scanning trending tokens...
[2026-02-14 20:18:01] 📊 Checking 2 positions...
[2026-02-14 20:18:01]    AI: -37.42%
[2026-02-14 20:18:01] 🎯 SL: Selling AI
[2026-02-14 20:18:01] 📊 Token profiles: 30
[2026-02-14 20:18:01] ✅ Found 3 opportunities
[2026-02-14 20:18:01]    1. MEMELESS: $0.000092 (+61.03% 5m)
[2026-02-14 20:18:01]    2. SUE: $0.000129 (+13.03% 5m)
[2026-02-14 20:18:01]    3. 3301: $0.000090 (+7.81% 5m)
[2026-02-14 20:18:01] ⏳ Max positions - monitoring for exits
[2026-02-14 20:18:01] ✅ Cycle complete

[2026-02-14 20:18:02] ❌ Sell failed: Command failed: cd /root/trading-bot && node tracker-swap.js sell C7V47ci5u2Ak3VYb62a1obLTY74BLFxLB7d2NLKRpump 100
bigint: Failed to load bindings, pure JS will be used (try npm run rebuild?)
Usage: node tracker-swap.js buy <TOKEN> <amount_SOL>
Example: node tracker-swap.js buy SOL 0.01

[2026-02-14 20:18:02]    AI: -37.42%
[2026-02-14 20:18:02] 🎯 SL: Selling AI
[2026-02-14 20:18:02] ❌ Sell failed: Command failed: cd /root/trading-bot && node tracker-swap.js sell C7V47ci5u2Ak3VYb62a1obLTY74BLFxLB7d2NLKRpump 100
bigint: Failed to load bindings, pure JS will be used (try npm run rebuild?)
Usage: node tracker-swap.js buy <TOKEN> <amount_SOL>
Example: node tracker-swap.js buy SOL 0.01

[2026-02-14 20:19:01] ═══════════════════════════════════════════════════════
[2026-02-14 20:19:01]   HIGH-FREQ SCALPER v3 - 10% PROFIT TARGET
[2026-02-14 20:19:01] ═══════════════════════════════════════════════════════
[2026-02-14 20:19:01] 💰 Balance: 0.0549 SOL
[2026-02-14 20:19:01] 📊 Positions: 2/2
[2026-02-14 20:19:01] 🎯 Target: 15% per trade
[2026-02-14 20:19:01] 🔍 Scanning trending tokens...
[2026-02-14 20:19:01] 📊 Checking 2 positions...
[2026-02-14 20:19:01] 📊 Token profiles: 30
[2026-02-14 20:19:01]    AI: -37.42%
[2026-02-14 20:19:01] 🎯 SL: Selling AI
[2026-02-14 20:19:01] ✅ Found 3 opportunities
[2026-02-14 20:19:01]    1. MEMELESS: $0.000090 (+73.42% 5m)
[2026-02-14 20:19:01]    2. 3301: $0.000092 (+13.54% 5m)
[2026-02-14 20:19:01]    3. SUE: $0.000123 (+7.9% 5m)
[2026-02-14 20:19:01] ⏳ Max positions - monitoring for exits
[2026-02-14 20:19:01] ✅ Cycle complete

[2026-02-14 20:19:02] ❌ Sell failed: Command failed: cd /root/trading-bot && node tracker-swap.js sell C7V47ci5u2Ak3VYb62a1obLTY74BLFxLB7d2NLKRpump 100
bigint: Failed to load bindings, pure JS will be used (try npm run rebuild?)
Usage: node tracker-swap.js buy <TOKEN> <amount_SOL>
Example: node tracker-swap.js buy SOL 0.01

[2026-02-14 20:19:02]    AI: -37.42%
[2026-02-14 20:19:02] 🎯 SL: Selling AI
[2026-02-14 20:19:02] ❌ Sell failed: Command failed: cd /root/trading-bot && node tracker-swap.js sell C7V47ci5u2Ak3VYb62a1obLTY74BLFxLB7d2NLKRpump 100
bigint: Failed to load bindings, pure JS will be used (try npm run rebuild?)
Usage: node tracker-swap.js buy <TOKEN> <amount_SOL>
Example: node tracker-swap.js buy SOL 0.01

[2026-02-14 20:20:01] ═══════════════════════════════════════════════════════
[2026-02-14 20:20:01]   HIGH-FREQ SCALPER v3 - 10% PROFIT TARGET
[2026-02-14 20:20:01] ═══════════════════════════════════════════════════════
[2026-02-14 20:20:01] 💰 Balance: 0.0549 SOL
[2026-02-14 20:20:01] 📊 Positions: 2/2
[2026-02-14 20:20:01] 🎯 Target: 15% per trade
[2026-02-14 20:20:01] 🔍 Scanning trending tokens...
[2026-02-14 20:20:01] 📊 Checking 2 positions...
[2026-02-14 20:20:01]    AI: -37.42%
[2026-02-14 20:20:01] 🎯 SL: Selling AI
[2026-02-14 20:20:01] 📊 Token profiles: 30
[2026-02-14 20:20:01] ✅ Found 3 opportunities
[2026-02-14 20:20:01]    1. MEMELESS: $0.000085 (+32.44% 5m)
[2026-02-14 20:20:01]    2. 3301: $0.000089 (+12% 5m)
[2026-02-14 20:20:01]    3. WSC: $0.000008 (+6.49% 5m)
[2026-02-14 20:20:01] ⏳ Max positions - monitoring for exits
[2026-02-14 20:20:01] ✅ Cycle complete

[2026-02-14 20:20:02] ❌ Sell failed: Command failed: cd /root/trading-bot && node tracker-swap.js sell C7V47ci5u2Ak3VYb62a1obLTY74BLFxLB7d2NLKRpump 100
bigint: Failed to load bindings, pure JS will be used (try npm run rebuild?)
Usage: node tracker-swap.js buy <TOKEN> <amount_SOL>
Example: node tracker-swap.js buy SOL 0.01

[2026-02-14 20:20:02]    AI: -37.42%
[2026-02-14 20:20:02] 🎯 SL: Selling AI
[2026-02-14 20:20:02] ❌ Sell failed: Command failed: cd /root/trading-bot && node tracker-swap.js sell C7V47ci5u2Ak3VYb62a1obLTY74BLFxLB7d2NLKRpump 100
bigint: Failed to load bindings, pure JS will be used (try npm run rebuild?)
Usage: node tracker-swap.js buy <TOKEN> <amount_SOL>
Example: node tracker-swap.js buy SOL 0.01

[2026-02-14 20:21:01] ═══════════════════════════════════════════════════════
[2026-02-14 20:21:01]   HIGH-FREQ SCALPER v3 - 10% PROFIT TARGET
[2026-02-14 20:21:01] ═══════════════════════════════════════════════════════
[2026-02-14 20:21:01] 💰 Balance: 0.0549 SOL
[2026-02-14 20:21:01] 📊 Positions: 2/2
[2026-02-14 20:21:01] 🎯 Target: 15% per trade
[2026-02-14 20:21:01] 🔍 Scanning trending tokens...
[2026-02-14 20:21:01] 📊 Checking 2 positions...
[2026-02-14 20:21:01] 📊 Token profiles: 30
[2026-02-14 20:21:01]    AI: -37.42%
[2026-02-14 20:21:01] 🎯 SL: Selling AI
[2026-02-14 20:21:02] ✅ Found 2 opportunities
[2026-02-14 20:21:02]    1. MEMELESS: $0.000078 (+20.2% 5m)
[2026-02-14 20:21:02]    2. SUE: $0.000140 (+12.54% 5m)
[2026-02-14 20:21:02] ⏳ Max positions - monitoring for exits
[2026-02-14 20:21:02] ✅ Cycle complete

[2026-02-14 20:21:02] ❌ Sell failed: Command failed: cd /root/trading-bot && node tracker-swap.js sell C7V47ci5u2Ak3VYb62a1obLTY74BLFxLB7d2NLKRpump 100
bigint: Failed to load bindings, pure JS will be used (try npm run rebuild?)
Usage: node tracker-swap.js buy <TOKEN> <amount_SOL>
Example: node tracker-swap.js buy SOL 0.01

[2026-02-14 20:21:02]    AI: -37.42%
[2026-02-14 20:21:02] 🎯 SL: Selling AI
[2026-02-14 20:21:02] ❌ Sell failed: Command failed: cd /root/trading-bot && node tracker-swap.js sell C7V47ci5u2Ak3VYb62a1obLTY74BLFxLB7d2NLKRpump 100
bigint: Failed to load bindings, pure JS will be used (try npm run rebuild?)
Usage: node tracker-swap.js buy <TOKEN> <amount_SOL>
Example: node tracker-swap.js buy SOL 0.01

[2026-02-14 20:22:01] ═══════════════════════════════════════════════════════
[2026-02-14 20:22:01]   HIGH-FREQ SCALPER v3 - 10% PROFIT TARGET
[2026-02-14 20:22:01] ═══════════════════════════════════════════════════════
[2026-02-14 20:22:01] 💰 Balance: 0.0549 SOL
[2026-02-14 20:22:01] 📊 Positions: 2/2
[2026-02-14 20:22:01] 🎯 Target: 15% per trade
[2026-02-14 20:22:01] 🔍 Scanning trending tokens...
[2026-02-14 20:22:01] 📊 Checking 2 positions...
[2026-02-14 20:22:01] 📊 Token profiles: 30
[2026-02-14 20:22:01]    AI: -37.42%
[2026-02-14 20:22:01] 🎯 SL: Selling AI
[2026-02-14 20:22:02] ❌ Sell failed: Command failed: cd /root/trading-bot && node tracker-swap.js sell C7V47ci5u2Ak3VYb62a1obLTY74BLFxLB7d2NLKRpump 100
bigint: Failed to load bindings, pure JS will be used (try npm run rebuild?)
Usage: node tracker-swap.js buy <TOKEN> <amount_SOL>
Example: node tracker-swap.js buy SOL 0.01

[2026-02-14 20:22:02]    AI: -37.42%
[2026-02-14 20:22:02] 🎯 SL: Selling AI
[2026-02-14 20:22:02] ❌ Sell failed: Command failed: cd /root/trading-bot && node tracker-swap.js sell C7V47ci5u2Ak3VYb62a1obLTY74BLFxLB7d2NLKRpump 100
bigint: Failed to load bindings, pure JS will be used (try npm run rebuild?)
Usage: node tracker-swap.js buy <TOKEN> <amount_SOL>
Example: node tracker-swap.js buy SOL 0.01

[2026-02-14 20:22:02] ✅ Found 1 opportunities
[2026-02-14 20:22:02]    1. MELON: $0.000021 (+4.9% 5m)
[2026-02-14 20:22:02] ⏳ Max positions - monitoring for exits
[2026-02-14 20:22:02] ✅ Cycle complete

[2026-02-14 20:23:01] ═══════════════════════════════════════════════════════
[2026-02-14 20:23:01]   HIGH-FREQ SCALPER v3 - 10% PROFIT TARGET
[2026-02-14 20:23:01] ═══════════════════════════════════════════════════════
[2026-02-14 20:23:02] 💰 Balance: 0.0549 SOL
[2026-02-14 20:23:02] 📊 Positions: 2/2
[2026-02-14 20:23:02] 🎯 Target: 15% per trade
[2026-02-14 20:23:02] 🔍 Scanning trending tokens...
[2026-02-14 20:23:02] 📊 Checking 2 positions...
[2026-02-14 20:23:02]    AI: -37.42%
[2026-02-14 20:23:02] 🎯 SL: Selling AI
[2026-02-14 20:23:02] 📊 Token profiles: 30
[2026-02-14 20:23:02] ❌ Sell failed: Command failed: cd /root/trading-bot && node tracker-swap.js sell C7V47ci5u2Ak3VYb62a1obLTY74BLFxLB7d2NLKRpump 100
bigint: Failed to load bindings, pure JS will be used (try npm run rebuild?)
Usage: node tracker-swap.js buy <TOKEN> <amount_SOL>
Example: node tracker-swap.js buy SOL 0.01

[2026-02-14 20:23:02]    AI: -37.42%
[2026-02-14 20:23:02] 🎯 SL: Selling AI
[2026-02-14 20:23:02] ✅ Found 1 opportunities
[2026-02-14 20:23:02]    1. MELON: $0.000022 (+23.53% 5m)
[2026-02-14 20:23:02] ⏳ Max positions - monitoring for exits
[2026-02-14 20:23:02] ✅ Cycle complete

[2026-02-14 20:23:02] ❌ Sell failed: Command failed: cd /root/trading-bot && node tracker-swap.js sell C7V47ci5u2Ak3VYb62a1obLTY74BLFxLB7d2NLKRpump 100
bigint: Failed to load bindings, pure JS will be used (try npm run rebuild?)
Usage: node tracker-swap.js buy <TOKEN> <amount_SOL>
Example: node tracker-swap.js buy SOL 0.01

[2026-02-14 20:24:01] ═══════════════════════════════════════════════════════
[2026-02-14 20:24:01]   HIGH-FREQ SCALPER v3 - 10% PROFIT TARGET
[2026-02-14 20:24:01] ═══════════════════════════════════════════════════════
[2026-02-14 20:24:02] 💰 Balance: 0.0549 SOL
[2026-02-14 20:24:02] 📊 Positions: 2/2
[2026-02-14 20:24:02] 🎯 Target: 15% per trade
[2026-02-14 20:24:02] 🔍 Scanning trending tokens...
[2026-02-14 20:24:02] 📊 Checking 2 positions...
[2026-02-14 20:24:02] 📊 Token profiles: 30
[2026-02-14 20:24:02]    AI: -38.60%
[2026-02-14 20:24:02] 🎯 SL: Selling AI
[2026-02-14 20:24:02] ❌ Sell failed: Command failed: cd /root/trading-bot && node tracker-swap.js sell C7V47ci5u2Ak3VYb62a1obLTY74BLFxLB7d2NLKRpump 100
bigint: Failed to load bindings, pure JS will be used (try npm run rebuild?)
Usage: node tracker-swap.js buy <TOKEN> <amount_SOL>
Example: node tracker-swap.js buy SOL 0.01

[2026-02-14 20:24:02]    AI: -38.60%
[2026-02-14 20:24:02] 🎯 SL: Selling AI
[2026-02-14 20:24:02] ✅ Found 1 opportunities
[2026-02-14 20:24:02]    1. MELON: $0.000022 (+23.17% 5m)
[2026-02-14 20:24:02] ⏳ Max positions - monitoring for exits
[2026-02-14 20:24:02] ✅ Cycle complete

[2026-02-14 20:24:02] ❌ Sell failed: Command failed: cd /root/trading-bot && node tracker-swap.js sell C7V47ci5u2Ak3VYb62a1obLTY74BLFxLB7d2NLKRpump 100
bigint: Failed to load bindings, pure JS will be used (try npm run rebuild?)
Usage: node tracker-swap.js buy <TOKEN> <amount_SOL>
Example: node tracker-swap.js buy SOL 0.01

[2026-02-14 20:25:01] ═══════════════════════════════════════════════════════
[2026-02-14 20:25:01]   HIGH-FREQ SCALPER v3 - 10% PROFIT TARGET
[2026-02-14 20:25:01] ═══════════════════════════════════════════════════════
[2026-02-14 20:25:02] 💰 Balance: 0.0549 SOL
[2026-02-14 20:25:02] 📊 Positions: 2/2
[2026-02-14 20:25:02] 🎯 Target: 15% per trade
[2026-02-14 20:25:02] 🔍 Scanning trending tokens...
[2026-02-14 20:25:02] 📊 Checking 2 positions...
[2026-02-14 20:25:02] 📊 Token profiles: 30
[2026-02-14 20:25:02]    AI: -38.60%
[2026-02-14 20:25:02] 🎯 SL: Selling AI
[2026-02-14 20:25:02] ✅ Found 2 opportunities
[2026-02-14 20:25:02]    1. MENACE: $0.000035 (+23.19% 5m)
[2026-02-14 20:25:02]    2. MELON: $0.000026 (+18.76% 5m)
[2026-02-14 20:25:02] ⏳ Max positions - monitoring for exits
[2026-02-14 20:25:02] ✅ Cycle complete

[2026-02-14 20:25:02] ❌ Sell failed: Command failed: cd /root/trading-bot && node tracker-swap.js sell C7V47ci5u2Ak3VYb62a1obLTY74BLFxLB7d2NLKRpump 100
bigint: Failed to load bindings, pure JS will be used (try npm run rebuild?)
Usage: node tracker-swap.js buy <TOKEN> <amount_SOL>
Example: node tracker-swap.js buy SOL 0.01

[2026-02-14 20:25:02]    AI: -38.60%
[2026-02-14 20:25:02] 🎯 SL: Selling AI
[2026-02-14 20:25:02] ❌ Sell failed: Command failed: cd /root/trading-bot && node tracker-swap.js sell C7V47ci5u2Ak3VYb62a1obLTY74BLFxLB7d2NLKRpump 100
bigint: Failed to load bindings, pure JS will be used (try npm run rebuild?)
Usage: node tracker-swap.js buy <TOKEN> <amount_SOL>
Example: node tracker-swap.js buy SOL 0.01

[2026-02-14 20:26:01] ═══════════════════════════════════════════════════════
[2026-02-14 20:26:01]   HIGH-FREQ SCALPER v3 - 10% PROFIT TARGET
[2026-02-14 20:26:01] ═══════════════════════════════════════════════════════
[2026-02-14 20:26:02] 💰 Balance: 0.0549 SOL
[2026-02-14 20:26:02] 📊 Positions: 2/2
[2026-02-14 20:26:02] 🎯 Target: 15% per trade
[2026-02-14 20:26:02] 🔍 Scanning trending tokens...
[2026-02-14 20:26:02] 📊 Checking 2 positions...
[2026-02-14 20:26:02] 📊 Token profiles: 30
[2026-02-14 20:26:02]    AI: -38.60%
[2026-02-14 20:26:02] 🎯 SL: Selling AI
[2026-02-14 20:26:02] ✅ Found 2 opportunities
[2026-02-14 20:26:02]    1. MELON: $0.000028 (+35.44% 5m)
[2026-02-14 20:26:02]    2. MENACE: $0.000033 (+18.72% 5m)
[2026-02-14 20:26:02] ⏳ Max positions - monitoring for exits
[2026-02-14 20:26:02] ✅ Cycle complete

[2026-02-14 20:26:02] ❌ Sell failed: Command failed: cd /root/trading-bot && node tracker-swap.js sell C7V47ci5u2Ak3VYb62a1obLTY74BLFxLB7d2NLKRpump 100
bigint: Failed to load bindings, pure JS will be used (try npm run rebuild?)
Usage: node tracker-swap.js buy <TOKEN> <amount_SOL>
Example: node tracker-swap.js buy SOL 0.01

[2026-02-14 20:26:02]    AI: -38.60%
[2026-02-14 20:26:02] 🎯 SL: Selling AI
[2026-02-14 20:26:02] ❌ Sell failed: Command failed: cd /root/trading-bot && node tracker-swap.js sell C7V47ci5u2Ak3VYb62a1obLTY74BLFxLB7d2NLKRpump 100
bigint: Failed to load bindings, pure JS will be used (try npm run rebuild?)
Usage: node tracker-swap.js buy <TOKEN> <amount_SOL>
Example: node tracker-swap.js buy SOL 0.01

[2026-02-14 20:27:01] ═══════════════════════════════════════════════════════
[2026-02-14 20:27:01]   HIGH-FREQ SCALPER v3 - 10% PROFIT TARGET
[2026-02-14 20:27:01] ═══════════════════════════════════════════════════════
[2026-02-14 20:27:02] 💰 Balance: 0.0549 SOL
[2026-02-14 20:27:02] 📊 Positions: 2/2
[2026-02-14 20:27:02] 🎯 Target: 15% per trade
[2026-02-14 20:27:02] 🔍 Scanning trending tokens...
[2026-02-14 20:27:02] 📊 Checking 2 positions...
[2026-02-14 20:27:02] 📊 Token profiles: 30
[2026-02-14 20:27:02]    AI: -38.55%
[2026-02-14 20:27:02] 🎯 SL: Selling AI
[2026-02-14 20:27:02] ✅ Found 1 opportunities
[2026-02-14 20:27:02]    1. MELON: $0.000035 (+54.15% 5m)
[2026-02-14 20:27:02] ⏳ Max positions - monitoring for exits
[2026-02-14 20:27:02] ✅ Cycle complete

[2026-02-14 20:27:02] ❌ Sell failed: Command failed: cd /root/trading-bot && node tracker-swap.js sell C7V47ci5u2Ak3VYb62a1obLTY74BLFxLB7d2NLKRpump 100
bigint: Failed to load bindings, pure JS will be used (try npm run rebuild?)
Usage: node tracker-swap.js buy <TOKEN> <amount_SOL>
Example: node tracker-swap.js buy SOL 0.01

[2026-02-14 20:27:02]    AI: -38.55%
[2026-02-14 20:27:02] 🎯 SL: Selling AI
[2026-02-14 20:27:02] ❌ Sell failed: Command failed: cd /root/trading-bot && node tracker-swap.js sell C7V47ci5u2Ak3VYb62a1obLTY74BLFxLB7d2NLKRpump 100
bigint: Failed to load bindings, pure JS will be used (try npm run rebuild?)
Usage: node tracker-swap.js buy <TOKEN> <amount_SOL>
Example: node tracker-swap.js buy SOL 0.01

[2026-02-14 20:28:01] ═══════════════════════════════════════════════════════
[2026-02-14 20:28:01]   HIGH-FREQ SCALPER v3 - 10% PROFIT TARGET
[2026-02-14 20:28:01] ═══════════════════════════════════════════════════════
[2026-02-14 20:28:02] 💰 Balance: 0.0549 SOL
[2026-02-14 20:28:02] 📊 Positions: 2/2
[2026-02-14 20:28:02] 🎯 Target: 15% per trade
[2026-02-14 20:28:02] 🔍 Scanning trending tokens...
[2026-02-14 20:28:02] 📊 Checking 2 positions...
[2026-02-14 20:28:02] 📊 Token profiles: 30
[2026-02-14 20:28:02]    AI: -38.55%
[2026-02-14 20:28:02] 🎯 SL: Selling AI
[2026-02-14 20:28:02] ✅ Found 1 opportunities
[2026-02-14 20:28:02]    1. MELON: $0.000037 (+51.3% 5m)
[2026-02-14 20:28:02] ⏳ Max positions - monitoring for exits
[2026-02-14 20:28:02] ✅ Cycle complete

[2026-02-14 20:28:02] ❌ Sell failed: Command failed: cd /root/trading-bot && node tracker-swap.js sell C7V47ci5u2Ak3VYb62a1obLTY74BLFxLB7d2NLKRpump 100
bigint: Failed to load bindings, pure JS will be used (try npm run rebuild?)
Usage: node tracker-swap.js buy <TOKEN> <amount_SOL>
Example: node tracker-swap.js buy SOL 0.01

[2026-02-14 20:28:02]    AI: -38.55%
[2026-02-14 20:28:02] 🎯 SL: Selling AI
[2026-02-14 20:28:02] ❌ Sell failed: Command failed: cd /root/trading-bot && node tracker-swap.js sell C7V47ci5u2Ak3VYb62a1obLTY74BLFxLB7d2NLKRpump 100
bigint: Failed to load bindings, pure JS will be used (try npm run rebuild?)
Usage: node tracker-swap.js buy <TOKEN> <amount_SOL>
Example: node tracker-swap.js buy SOL 0.01

[2026-02-14 20:29:01] ═══════════════════════════════════════════════════════
[2026-02-14 20:29:01]   HIGH-FREQ SCALPER v3 - 10% PROFIT TARGET
[2026-02-14 20:29:01] ═══════════════════════════════════════════════════════
[2026-02-14 20:29:02] 💰 Balance: 0.0549 SOL
[2026-02-14 20:29:02] 📊 Positions: 2/2
[2026-02-14 20:29:02] 🎯 Target: 15% per trade
[2026-02-14 20:29:02] 🔍 Scanning trending tokens...
[2026-02-14 20:29:02] 📊 Checking 2 positions...
[2026-02-14 20:29:02] 📊 Token profiles: 30
[2026-02-14 20:29:02]    AI: -37.80%
[2026-02-14 20:29:02] 🎯 SL: Selling AI
[2026-02-14 20:29:02] ❌ Sell failed: Command failed: cd /root/trading-bot && node tracker-swap.js sell C7V47ci5u2Ak3VYb62a1obLTY74BLFxLB7d2NLKRpump 100
bigint: Failed to load bindings, pure JS will be used (try npm run rebuild?)
Usage: node tracker-swap.js buy <TOKEN> <amount_SOL>
Example: node tracker-swap.js buy SOL 0.01

[2026-02-14 20:29:02]    AI: -37.80%
[2026-02-14 20:29:02] 🎯 SL: Selling AI
[2026-02-14 20:29:02] ❌ Sell failed: Command failed: cd /root/trading-bot && node tracker-swap.js sell C7V47ci5u2Ak3VYb62a1obLTY74BLFxLB7d2NLKRpump 100
bigint: Failed to load bindings, pure JS will be used (try npm run rebuild?)
Usage: node tracker-swap.js buy <TOKEN> <amount_SOL>
Example: node tracker-swap.js buy SOL 0.01

[2026-02-14 20:29:03] ✅ Found 1 opportunities
[2026-02-14 20:29:03]    1. MELON: $0.000040 (+59.19% 5m)
[2026-02-14 20:29:03] ⏳ Max positions - monitoring for exits
[2026-02-14 20:29:03] ✅ Cycle complete

[2026-02-14 20:30:01] ═══════════════════════════════════════════════════════
[2026-02-14 20:30:01]   HIGH-FREQ SCALPER v3 - 10% PROFIT TARGET
[2026-02-14 20:30:01] ═══════════════════════════════════════════════════════
[2026-02-14 20:30:01] 💰 Balance: 0.0549 SOL
[2026-02-14 20:30:01] 📊 Positions: 2/2
[2026-02-14 20:30:01] 🎯 Target: 15% per trade
[2026-02-14 20:30:01] 🔍 Scanning trending tokens...
[2026-02-14 20:30:01] 📊 Checking 2 positions...
[2026-02-14 20:30:01] 📊 Token profiles: 30
[2026-02-14 20:30:01]    AI: -37.37%
[2026-02-14 20:30:01] 🎯 SL: Selling AI
[2026-02-14 20:30:01] ✅ Found 2 opportunities
[2026-02-14 20:30:01]    1. MELON: $0.000043 (+58.05% 5m)
[2026-02-14 20:30:01]    2. 3301: $0.000084 (+2.55% 5m)
[2026-02-14 20:30:01] ⏳ Max positions - monitoring for exits
[2026-02-14 20:30:01] ✅ Cycle complete

[2026-02-14 20:30:02] ❌ Sell failed: Command failed: cd /root/trading-bot && node tracker-swap.js sell C7V47ci5u2Ak3VYb62a1obLTY74BLFxLB7d2NLKRpump 100
bigint: Failed to load bindings, pure JS will be used (try npm run rebuild?)
Usage: node tracker-swap.js buy <TOKEN> <amount_SOL>
Example: node tracker-swap.js buy SOL 0.01

[2026-02-14 20:30:02]    AI: -37.37%
[2026-02-14 20:30:02] 🎯 SL: Selling AI
[2026-02-14 20:30:02] ❌ Sell failed: Command failed: cd /root/trading-bot && node tracker-swap.js sell C7V47ci5u2Ak3VYb62a1obLTY74BLFxLB7d2NLKRpump 100
bigint: Failed to load bindings, pure JS will be used (try npm run rebuild?)
Usage: node tracker-swap.js buy <TOKEN> <amount_SOL>
Example: node tracker-swap.js buy SOL 0.01

[2026-02-14 20:31:01] ═══════════════════════════════════════════════════════
[2026-02-14 20:31:01]   HIGH-FREQ SCALPER v3 - 10% PROFIT TARGET
[2026-02-14 20:31:01] ═══════════════════════════════════════════════════════
[2026-02-14 20:31:01] 💰 Balance: 0.0549 SOL
[2026-02-14 20:31:01] 📊 Positions: 2/2
[2026-02-14 20:31:01] 🎯 Target: 15% per trade
[2026-02-14 20:31:01] 🔍 Scanning trending tokens...
[2026-02-14 20:31:01] 📊 Checking 2 positions...
[2026-02-14 20:31:01] 📊 Token profiles: 30
[2026-02-14 20:31:01]    AI: -37.37%
[2026-02-14 20:31:01] 🎯 SL: Selling AI
[2026-02-14 20:31:02] ❌ Sell failed: Command failed: cd /root/trading-bot && node tracker-swap.js sell C7V47ci5u2Ak3VYb62a1obLTY74BLFxLB7d2NLKRpump 100
bigint: Failed to load bindings, pure JS will be used (try npm run rebuild?)
Usage: node tracker-swap.js buy <TOKEN> <amount_SOL>
Example: node tracker-swap.js buy SOL 0.01

[2026-02-14 20:31:02]    AI: -37.37%
[2026-02-14 20:31:02] 🎯 SL: Selling AI
[2026-02-14 20:31:02] ❌ Sell failed: Command failed: cd /root/trading-bot && node tracker-swap.js sell C7V47ci5u2Ak3VYb62a1obLTY74BLFxLB7d2NLKRpump 100
bigint: Failed to load bindings, pure JS will be used (try npm run rebuild?)
Usage: node tracker-swap.js buy <TOKEN> <amount_SOL>
Example: node tracker-swap.js buy SOL 0.01

[2026-02-14 20:31:02] ✅ Found 2 opportunities
[2026-02-14 20:31:02]    1. MELON: $0.000057 (+67.91% 5m)
[2026-02-14 20:31:02]    2. PEPEBISMOL: $0.003458 (+2.23% 5m)
[2026-02-14 20:31:02] ⏳ Max positions - monitoring for exits
[2026-02-14 20:31:02] ✅ Cycle complete

[2026-02-14 20:32:01] ═══════════════════════════════════════════════════════
[2026-02-14 20:32:01]   HIGH-FREQ SCALPER v3 - 10% PROFIT TARGET
[2026-02-14 20:32:01] ═══════════════════════════════════════════════════════
[2026-02-14 20:32:02] 💰 Balance: 0.0549 SOL
[2026-02-14 20:32:02] 📊 Positions: 2/2
[2026-02-14 20:32:02] 🎯 Target: 15% per trade
[2026-02-14 20:32:02] 🔍 Scanning trending tokens...
[2026-02-14 20:32:02] 📊 Checking 2 positions...
[2026-02-14 20:32:02] 📊 Token profiles: 30
[2026-02-14 20:32:02]    AI: -37.20%
[2026-02-14 20:32:02] 🎯 SL: Selling AI
[2026-02-14 20:32:02] ❌ Sell failed: Command failed: cd /root/trading-bot && node tracker-swap.js sell C7V47ci5u2Ak3VYb62a1obLTY74BLFxLB7d2NLKRpump 100
bigint: Failed to load bindings, pure JS will be used (try npm run rebuild?)
Usage: node tracker-swap.js buy <TOKEN> <amount_SOL>
Example: node tracker-swap.js buy SOL 0.01

[2026-02-14 20:32:02]    AI: -37.20%
[2026-02-14 20:32:02] 🎯 SL: Selling AI
[2026-02-14 20:32:02] ❌ Sell failed: Command failed: cd /root/trading-bot && node tracker-swap.js sell C7V47ci5u2Ak3VYb62a1obLTY74BLFxLB7d2NLKRpump 100
bigint: Failed to load bindings, pure JS will be used (try npm run rebuild?)
Usage: node tracker-swap.js buy <TOKEN> <amount_SOL>
Example: node tracker-swap.js buy SOL 0.01

[2026-02-14 20:32:03] ✅ Found 1 opportunities
[2026-02-14 20:32:03]    1. MELON: $0.000067 (+84.07% 5m)
[2026-02-14 20:32:03] ⏳ Max positions - monitoring for exits
[2026-02-14 20:32:03] ✅ Cycle complete

[2026-02-14 20:33:01] ═══════════════════════════════════════════════════════
[2026-02-14 20:33:01]   HIGH-FREQ SCALPER v3 - 10% PROFIT TARGET
[2026-02-14 20:33:01] ═══════════════════════════════════════════════════════
[2026-02-14 20:33:01] 💰 Balance: 0.0549 SOL
[2026-02-14 20:33:01] 📊 Positions: 2/2
[2026-02-14 20:33:01] 🎯 Target: 15% per trade
[2026-02-14 20:33:01] 🔍 Scanning trending tokens...
[2026-02-14 20:33:01] 📊 Checking 2 positions...
[2026-02-14 20:33:01]    AI: -37.20%
[2026-02-14 20:33:01] 🎯 SL: Selling AI
[2026-02-14 20:33:01] 📊 Token profiles: 30
[2026-02-14 20:33:01] ❌ Sell failed: Command failed: cd /root/trading-bot && node tracker-swap.js sell C7V47ci5u2Ak3VYb62a1obLTY74BLFxLB7d2NLKRpump 100
bigint: Failed to load bindings, pure JS will be used (try npm run rebuild?)
Usage: node tracker-swap.js buy <TOKEN> <amount_SOL>
Example: node tracker-swap.js buy SOL 0.01

[2026-02-14 20:33:01]    AI: -37.20%
[2026-02-14 20:33:01] 🎯 SL: Selling AI
[2026-02-14 20:33:02] ❌ Sell failed: Command failed: cd /root/trading-bot && node tracker-swap.js sell C7V47ci5u2Ak3VYb62a1obLTY74BLFxLB7d2NLKRpump 100
bigint: Failed to load bindings, pure JS will be used (try npm run rebuild?)
Usage: node tracker-swap.js buy <TOKEN> <amount_SOL>
Example: node tracker-swap.js buy SOL 0.01

[2026-02-14 20:33:02] ✅ Found 3 opportunities
[2026-02-14 20:33:02]    1. MELON: $0.000063 (+56.85% 5m)
[2026-02-14 20:33:02]    2. MENACE: $0.000035 (+30.94% 5m)
[2026-02-14 20:33:02]    3. PEPEBISMOL: $0.003496 (+2.52% 5m)
[2026-02-14 20:33:02] ⏳ Max positions - monitoring for exits
[2026-02-14 20:33:02] ✅ Cycle complete

[2026-02-14 20:34:01] ═══════════════════════════════════════════════════════
[2026-02-14 20:34:01]   HIGH-FREQ SCALPER v3 - 10% PROFIT TARGET
[2026-02-14 20:34:01] ═══════════════════════════════════════════════════════
[2026-02-14 20:34:01] 💰 Balance: 0.0549 SOL
[2026-02-14 20:34:01] 📊 Positions: 2/2
[2026-02-14 20:34:01] 🎯 Target: 15% per trade
[2026-02-14 20:34:01] 🔍 Scanning trending tokens...
[2026-02-14 20:34:01] 📊 Checking 2 positions...
[2026-02-14 20:34:01] 📊 Token profiles: 30
[2026-02-14 20:34:01]    AI: -37.20%
[2026-02-14 20:34:01] 🎯 SL: Selling AI
[2026-02-14 20:34:02] ❌ Sell failed: Command failed: cd /root/trading-bot && node tracker-swap.js sell C7V47ci5u2Ak3VYb62a1obLTY74BLFxLB7d2NLKRpump 100
bigint: Failed to load bindings, pure JS will be used (try npm run rebuild?)
Usage: node tracker-swap.js buy <TOKEN> <amount_SOL>
Example: node tracker-swap.js buy SOL 0.01

[2026-02-14 20:34:02]    AI: -37.20%
[2026-02-14 20:34:02] 🎯 SL: Selling AI
[2026-02-14 20:34:02] ✅ Found 3 opportunities
[2026-02-14 20:34:02]    1. MELON: $0.000060 (+40.31% 5m)
[2026-02-14 20:34:02]    2. MENACE: $0.000030 (+11.31% 5m)
[2026-02-14 20:34:02]    3. 3301: $0.000088 (+4.62% 5m)
[2026-02-14 20:34:02] ⏳ Max positions - monitoring for exits
[2026-02-14 20:34:02] ✅ Cycle complete

[2026-02-14 20:34:02] ❌ Sell failed: Command failed: cd /root/trading-bot && node tracker-swap.js sell C7V47ci5u2Ak3VYb62a1obLTY74BLFxLB7d2NLKRpump 100
bigint: Failed to load bindings, pure JS will be used (try npm run rebuild?)
Usage: node tracker-swap.js buy <TOKEN> <amount_SOL>
Example: node tracker-swap.js buy SOL 0.01

[2026-02-14 20:35:01] ═══════════════════════════════════════════════════════
[2026-02-14 20:35:01]   HIGH-FREQ SCALPER v3 - 10% PROFIT TARGET
[2026-02-14 20:35:01] ═══════════════════════════════════════════════════════
[2026-02-14 20:35:01] 💰 Balance: 0.0549 SOL
[2026-02-14 20:35:01] 📊 Positions: 2/2
[2026-02-14 20:35:01] 🎯 Target: 15% per trade
[2026-02-14 20:35:01] 🔍 Scanning trending tokens...
[2026-02-14 20:35:01] 📊 Checking 2 positions...
[2026-02-14 20:35:01] 📊 Token profiles: 30
[2026-02-14 20:35:01]    AI: -36.51%
[2026-02-14 20:35:01] 🎯 SL: Selling AI
[2026-02-14 20:35:02] ❌ Sell failed: Command failed: cd /root/trading-bot && node tracker-swap.js sell C7V47ci5u2Ak3VYb62a1obLTY74BLFxLB7d2NLKRpump 100
bigint: Failed to load bindings, pure JS will be used (try npm run rebuild?)
Usage: node tracker-swap.js buy <TOKEN> <amount_SOL>
Example: node tracker-swap.js buy SOL 0.01

[2026-02-14 20:35:02]    AI: -36.51%
[2026-02-14 20:35:02] 🎯 SL: Selling AI
[2026-02-14 20:35:02] ❌ Sell failed: Command failed: cd /root/trading-bot && node tracker-swap.js sell C7V47ci5u2Ak3VYb62a1obLTY74BLFxLB7d2NLKRpump 100
bigint: Failed to load bindings, pure JS will be used (try npm run rebuild?)
Usage: node tracker-swap.js buy <TOKEN> <amount_SOL>
Example: node tracker-swap.js buy SOL 0.01

[2026-02-14 20:35:02] ✅ Found 2 opportunities
[2026-02-14 20:35:02]    1. 3301: $0.000096 (+17.04% 5m)
[2026-02-14 20:35:02]    2. MENACE: $0.000025 (+6.48% 5m)
[2026-02-14 20:35:02] ⏳ Max positions - monitoring for exits
[2026-02-14 20:35:02] ✅ Cycle complete

[2026-02-14 20:36:02] ═══════════════════════════════════════════════════════
[2026-02-14 20:36:02]   HIGH-FREQ SCALPER v3 - 10% PROFIT TARGET
[2026-02-14 20:36:02] ═══════════════════════════════════════════════════════
[2026-02-14 20:36:02] 💰 Balance: 0.0549 SOL
[2026-02-14 20:36:02] 📊 Positions: 2/2
[2026-02-14 20:36:02] 🎯 Target: 15% per trade
[2026-02-14 20:36:02] 🔍 Scanning trending tokens...
[2026-02-14 20:36:02] 📊 Checking 2 positions...
[2026-02-14 20:36:02] 📊 Token profiles: 30
[2026-02-14 20:36:02] ✅ Found 1 opportunities
[2026-02-14 20:36:02]    1. MENACE: $0.000026 (+3.44% 5m)
[2026-02-14 20:36:02] ⏳ Max positions - monitoring for exits
[2026-02-14 20:36:02] ✅ Cycle complete

[2026-02-14 20:36:02]    ⚠️ request to https://api.dexscreener.com/latest/dex/tokens/C7V47ci5u2Ak3VYb62a1obLTY74BLFxLB7d2NLKRpump failed, reason: read ECONNRESET
[2026-02-14 20:36:02]    AI: -36.51%
[2026-02-14 20:36:02] 🎯 SL: Selling AI
[2026-02-14 20:36:03] ❌ Sell failed: Command failed: cd /root/trading-bot && node tracker-swap.js sell C7V47ci5u2Ak3VYb62a1obLTY74BLFxLB7d2NLKRpump 100
bigint: Failed to load bindings, pure JS will be used (try npm run rebuild?)
Usage: node tracker-swap.js buy <TOKEN> <amount_SOL>
Example: node tracker-swap.js buy SOL 0.01

[2026-02-14 20:37:01] ═══════════════════════════════════════════════════════
[2026-02-14 20:37:01]   HIGH-FREQ SCALPER v3 - 10% PROFIT TARGET
[2026-02-14 20:37:01] ═══════════════════════════════════════════════════════
[2026-02-14 20:37:01] 💰 Balance: 0.0549 SOL
[2026-02-14 20:37:01] 📊 Positions: 2/2
[2026-02-14 20:37:01] 🎯 Target: 15% per trade
[2026-02-14 20:37:01] 🔍 Scanning trending tokens...
[2026-02-14 20:37:01] 📊 Checking 2 positions...
[2026-02-14 20:37:01]    AI: -35.91%
[2026-02-14 20:37:01] 🎯 SL: Selling AI
[2026-02-14 20:37:01] 📊 Token profiles: 30
[2026-02-14 20:37:01] ✅ Found 1 opportunities
[2026-02-14 20:37:01]    1. MRSUE: $0.000034 (+22.7% 5m)
[2026-02-14 20:37:01] ⏳ Max positions - monitoring for exits
[2026-02-14 20:37:01] ✅ Cycle complete

[2026-02-14 20:37:01] ❌ Sell failed: Command failed: cd /root/trading-bot && node tracker-swap.js sell C7V47ci5u2Ak3VYb62a1obLTY74BLFxLB7d2NLKRpump 100
bigint: Failed to load bindings, pure JS will be used (try npm run rebuild?)
Usage: node tracker-swap.js buy <TOKEN> <amount_SOL>
Example: node tracker-swap.js buy SOL 0.01

[2026-02-14 20:37:01]    AI: -35.91%
[2026-02-14 20:37:01] 🎯 SL: Selling AI
[2026-02-14 20:37:02] ❌ Sell failed: Command failed: cd /root/trading-bot && node tracker-swap.js sell C7V47ci5u2Ak3VYb62a1obLTY74BLFxLB7d2NLKRpump 100
bigint: Failed to load bindings, pure JS will be used (try npm run rebuild?)
Usage: node tracker-swap.js buy <TOKEN> <amount_SOL>
Example: node tracker-swap.js buy SOL 0.01

[2026-02-14 20:38:01] ═══════════════════════════════════════════════════════
[2026-02-14 20:38:01]   HIGH-FREQ SCALPER v3 - 10% PROFIT TARGET
[2026-02-14 20:38:01] ═══════════════════════════════════════════════════════
[2026-02-14 20:38:01] 💰 Balance: 0.0549 SOL
[2026-02-14 20:38:01] 📊 Positions: 2/2
[2026-02-14 20:38:01] 🎯 Target: 15% per trade
[2026-02-14 20:38:01] 🔍 Scanning trending tokens...
[2026-02-14 20:38:01] 📊 Checking 2 positions...
[2026-02-14 20:38:01] 📊 Token profiles: 30
[2026-02-14 20:38:01]    AI: -36.94%
[2026-02-14 20:38:01] 🎯 SL: Selling AI
[2026-02-14 20:38:01] ❌ Sell failed: Command failed: cd /root/trading-bot && node tracker-swap.js sell C7V47ci5u2Ak3VYb62a1obLTY74BLFxLB7d2NLKRpump 100
bigint: Failed to load bindings, pure JS will be used (try npm run rebuild?)
Usage: node tracker-swap.js buy <TOKEN> <amount_SOL>
Example: node tracker-swap.js buy SOL 0.01

[2026-02-14 20:38:01]    AI: -36.94%
[2026-02-14 20:38:01] 🎯 SL: Selling AI
[2026-02-14 20:38:02] ❌ Sell failed: Command failed: cd /root/trading-bot && node tracker-swap.js sell C7V47ci5u2Ak3VYb62a1obLTY74BLFxLB7d2NLKRpump 100
bigint: Failed to load bindings, pure JS will be used (try npm run rebuild?)
Usage: node tracker-swap.js buy <TOKEN> <amount_SOL>
Example: node tracker-swap.js buy SOL 0.01

[2026-02-14 20:38:02] ✅ Found 2 opportunities
[2026-02-14 20:38:02]    1. MRSUE: $0.000052 (+73.04% 5m)
[2026-02-14 20:38:02]    2. MELON: $0.000069 (+17.03% 5m)
[2026-02-14 20:38:02] ⏳ Max positions - monitoring for exits
[2026-02-14 20:38:02] ✅ Cycle complete

[2026-02-14 20:39:01] ═══════════════════════════════════════════════════════
[2026-02-14 20:39:01]   HIGH-FREQ SCALPER v3 - 10% PROFIT TARGET
[2026-02-14 20:39:01] ═══════════════════════════════════════════════════════
[2026-02-14 20:39:02] 💰 Balance: 0.0549 SOL
[2026-02-14 20:39:02] 📊 Positions: 2/2
[2026-02-14 20:39:02] 🎯 Target: 15% per trade
[2026-02-14 20:39:02] 🔍 Scanning trending tokens...
[2026-02-14 20:39:02] 📊 Checking 2 positions...
[2026-02-14 20:39:02]    AI: -36.94%
[2026-02-14 20:39:02] 🎯 SL: Selling AI
[2026-02-14 20:39:02] 📊 Token profiles: 30
[2026-02-14 20:39:02] ✅ Found 2 opportunities
[2026-02-14 20:39:02]    1. MRSUE: $0.000055 (+79.77% 5m)
[2026-02-14 20:39:02]    2. MELON: $0.000059 (+11.76% 5m)
[2026-02-14 20:39:02] ⏳ Max positions - monitoring for exits
[2026-02-14 20:39:02] ✅ Cycle complete

[2026-02-14 20:39:02] ❌ Sell failed: Command failed: cd /root/trading-bot && node tracker-swap.js sell C7V47ci5u2Ak3VYb62a1obLTY74BLFxLB7d2NLKRpump 100
bigint: Failed to load bindings, pure JS will be used (try npm run rebuild?)
Usage: node tracker-swap.js buy <TOKEN> <amount_SOL>
Example: node tracker-swap.js buy SOL 0.01

[2026-02-14 20:39:02]    AI: -36.94%
[2026-02-14 20:39:02] 🎯 SL: Selling AI
[2026-02-14 20:39:02] ❌ Sell failed: Command failed: cd /root/trading-bot && node tracker-swap.js sell C7V47ci5u2Ak3VYb62a1obLTY74BLFxLB7d2NLKRpump 100
bigint: Failed to load bindings, pure JS will be used (try npm run rebuild?)
Usage: node tracker-swap.js buy <TOKEN> <amount_SOL>
Example: node tracker-swap.js buy SOL 0.01

[2026-02-14 20:40:01] ═══════════════════════════════════════════════════════
[2026-02-14 20:40:01]   HIGH-FREQ SCALPER v3 - 10% PROFIT TARGET
[2026-02-14 20:40:01] ═══════════════════════════════════════════════════════
[2026-02-14 20:40:02] 💰 Balance: 0.0549 SOL
[2026-02-14 20:40:02] 📊 Positions: 2/2
[2026-02-14 20:40:02] 🎯 Target: 15% per trade
[2026-02-14 20:40:02] 🔍 Scanning trending tokens...
[2026-02-14 20:40:02] 📊 Checking 2 positions...
[2026-02-14 20:40:02] 📊 Token profiles: 30
[2026-02-14 20:40:02]    AI: -36.94%
[2026-02-14 20:40:02] 🎯 SL: Selling AI
[2026-02-14 20:40:02] ❌ Sell failed: Command failed: cd /root/trading-bot && node tracker-swap.js sell C7V47ci5u2Ak3VYb62a1obLTY74BLFxLB7d2NLKRpump 100
bigint: Failed to load bindings, pure JS will be used (try npm run rebuild?)
Usage: node tracker-swap.js buy <TOKEN> <amount_SOL>
Example: node tracker-swap.js buy SOL 0.01

[2026-02-14 20:40:02]    AI: -36.94%
[2026-02-14 20:40:02] 🎯 SL: Selling AI
[2026-02-14 20:40:02] ❌ Sell failed: Command failed: cd /root/trading-bot && node tracker-swap.js sell C7V47ci5u2Ak3VYb62a1obLTY74BLFxLB7d2NLKRpump 100
bigint: Failed to load bindings, pure JS will be used (try npm run rebuild?)
Usage: node tracker-swap.js buy <TOKEN> <amount_SOL>
Example: node tracker-swap.js buy SOL 0.01

[2026-02-14 20:40:03] ✅ Found 3 opportunities
[2026-02-14 20:40:03]    1. MELON: $0.000081 (+43.24% 5m)
[2026-02-14 20:40:03]    2. MRSUE: $0.000051 (+30.33% 5m)
[2026-02-14 20:40:03]    3. PEPEBISMOL: $0.003521 (+2.22% 5m)
[2026-02-14 20:40:03] ⏳ Max positions - monitoring for exits
[2026-02-14 20:40:03] ✅ Cycle complete

[2026-02-14 20:41:01] ═══════════════════════════════════════════════════════
[2026-02-14 20:41:01]   HIGH-FREQ SCALPER v3 - 10% PROFIT TARGET
[2026-02-14 20:41:01] ═══════════════════════════════════════════════════════
[2026-02-14 20:41:01] 💰 Balance: 0.0549 SOL
[2026-02-14 20:41:01] 📊 Positions: 2/2
[2026-02-14 20:41:01] 🎯 Target: 15% per trade
[2026-02-14 20:41:01] 🔍 Scanning trending tokens...
[2026-02-14 20:41:01] 📊 Checking 2 positions...
[2026-02-14 20:41:01]    AI: -36.99%
[2026-02-14 20:41:01] 🎯 SL: Selling AI
[2026-02-14 20:41:01] 📊 Token profiles: 30
[2026-02-14 20:41:02] ❌ Sell failed: Command failed: cd /root/trading-bot && node tracker-swap.js sell C7V47ci5u2Ak3VYb62a1obLTY74BLFxLB7d2NLKRpump 100
bigint: Failed to load bindings, pure JS will be used (try npm run rebuild?)
Usage: node tracker-swap.js buy <TOKEN> <amount_SOL>
Example: node tracker-swap.js buy SOL 0.01

[2026-02-14 20:41:02]    AI: -36.99%
[2026-02-14 20:41:02] 🎯 SL: Selling AI
[2026-02-14 20:41:02] ❌ Sell failed: Command failed: cd /root/trading-bot && node tracker-swap.js sell C7V47ci5u2Ak3VYb62a1obLTY74BLFxLB7d2NLKRpump 100
bigint: Failed to load bindings, pure JS will be used (try npm run rebuild?)
Usage: node tracker-swap.js buy <TOKEN> <amount_SOL>
Example: node tracker-swap.js buy SOL 0.01

[2026-02-14 20:41:03] ✅ Found 2 opportunities
[2026-02-14 20:41:03]    1. MRSUE: $0.000050 (+38.09% 5m)
[2026-02-14 20:41:03]    2. MELON: $0.000079 (+34.75% 5m)
[2026-02-14 20:41:03] ⏳ Max positions - monitoring for exits
[2026-02-14 20:41:03] ✅ Cycle complete

