═════════════════════════════════════════
  SCANNER V4 - SENTIMENT ENHANCED
  Fear & Greed Integration Active
═════════════════════════════════════════


[2026-02-12 15:15:33] 🔍 SCANNER V4 - SENTIMENT ENHANCED

📊 MARKET SENTIMENT:
   F&G: 5 (Extreme Fear) | Position: 150% | Score: -0.5
   Extreme Fear - Buy opportunity

🎯 Adjusted Settings:
   Min Score: 5.5/10 (base 6)
   Position Size: 0.0150 SOL (base 0.01)

Found 26 Solana SPL tokens

✅ Found 3 setups ≥5.5/10!

📤 Alerting: ME (7/10)
📤 Alerting: USEFUL (6/10)
📤 Alerting: arc (5.5/10)

⏰ Scheduled: Every 3 minutes


[2026-02-12 15:18:43] 🔍 SCANNER V4 - SENTIMENT ENHANCED

📊 MARKET SENTIMENT:
   F&G: 5 (Extreme Fear) | Position: 150% | Score: -0.5
   Extreme Fear - Buy opportunity

🎯 Adjusted Settings:
   Min Score: 5.5/10 (base 6)
   Position Size: 0.0150 SOL (base 0.01)

Found 26 Solana SPL tokens

✅ Found 2 setups ≥5.5/10!

📤 Alerting: USEFUL (6/10)
📤 Alerting: PUMP (5.5/10)

[2026-02-12 15:21:43] 🔍 SCANNER V4 - SENTIMENT ENHANCED

📊 MARKET SENTIMENT:
   F&G: 5 (Extreme Fear) | Position: 150% | Score: -0.5
   Extreme Fear - Buy opportunity

🎯 Adjusted Settings:
   Min Score: 5.5/10 (base 6)
   Position Size: 0.0150 SOL (base 0.01)

Found 25 Solana SPL tokens

⏳ No setups ≥5.5/10

Best scores found:
  1. USEFUL: 5.0/10
  2. arc: 5.0/10
  3. WAR: 4.5/10

[2026-02-12 15:24:43] 🔍 SCANNER V4 - SENTIMENT ENHANCED

📊 MARKET SENTIMENT:
   F&G: 5 (Extreme Fear) | Position: 150% | Score: -0.5
   Extreme Fear - Buy opportunity

🎯 Adjusted Settings:
   Min Score: 5.5/10 (base 6)
   Position Size: 0.0150 SOL (base 0.01)

Found 25 Solana SPL tokens

✅ Found 1 setups ≥5.5/10!

📤 Alerting: arc (7/10)

[2026-02-12 15:27:43] 🔍 SCANNER V4 - SENTIMENT ENHANCED

📊 MARKET SENTIMENT:
   F&G: 5 (Extreme Fear) | Position: 150% | Score: -0.5
   Extreme Fear - Buy opportunity

🎯 Adjusted Settings:
   Min Score: 5.5/10 (base 6)
   Position Size: 0.0150 SOL (base 0.01)

Found 25 Solana SPL tokens

⏳ No setups ≥5.5/10

Best scores found:
  1. SURGE: 5.0/10
  2. PUMP: 5.0/10
  3. BUFFETT: 4.0/10

[2026-02-12 15:30:43] 🔍 SCANNER V4 - SENTIMENT ENHANCED

📊 MARKET SENTIMENT:
   F&G: 5 (Extreme Fear) | Position: 150% | Score: -0.5
   Extreme Fear - Buy opportunity

🎯 Adjusted Settings:
   Min Score: 5.5/10 (base 6)
   Position Size: 0.0150 SOL (base 0.01)

Found 25 Solana SPL tokens

✅ Found 1 setups ≥5.5/10!

📤 Alerting: USEFUL (6/10)

[2026-02-12 15:33:43] 🔍 SCANNER V4 - SENTIMENT ENHANCED

📊 MARKET SENTIMENT:
   F&G: 5 (Extreme Fear) | Position: 150% | Score: -0.5
   Extreme Fear - Buy opportunity

🎯 Adjusted Settings:
   Min Score: 5.5/10 (base 6)
   Position Size: 0.0150 SOL (base 0.01)

Found 25 Solana SPL tokens

✅ Found 2 setups ≥5.5/10!

📤 Alerting: USEFUL (7/10)
📤 Alerting: WAR (5.5/10)

[2026-02-12 15:36:43] 🔍 SCANNER V4 - SENTIMENT ENHANCED

📊 MARKET SENTIMENT:
   F&G: 5 (Extreme Fear) | Position: 150% | Score: -0.5
   Extreme Fear - Buy opportunity

🎯 Adjusted Settings:
   Min Score: 5.5/10 (base 6)
   Position Size: 0.0150 SOL (base 0.01)

Found 25 Solana SPL tokens

✅ Found 1 setups ≥5.5/10!

📤 Alerting: USEFUL (6/10)

[2026-02-12 15:39:43] 🔍 SCANNER V4 - SENTIMENT ENHANCED

📊 MARKET SENTIMENT:
   F&G: 5 (Extreme Fear) | Position: 150% | Score: -0.5
   Extreme Fear - Buy opportunity

🎯 Adjusted Settings:
   Min Score: 5.5/10 (base 6)
   Position Size: 0.0150 SOL (base 0.01)

Found 26 Solana SPL tokens

⏳ No setups ≥5.5/10

Best scores found:
  1. Goku: 5.0/10
  2. ME: 4.0/10
  3. SPSC: 4.0/10

[2026-02-12 15:42:44] 🔍 SCANNER V4 - SENTIMENT ENHANCED

📊 MARKET SENTIMENT:
   F&G: 5 (Extreme Fear) | Position: 150% | Score: -0.5
   Extreme Fear - Buy opportunity

🎯 Adjusted Settings:
   Min Score: 5.5/10 (base 6)
   Position Size: 0.0150 SOL (base 0.01)

Found 26 Solana SPL tokens

⏳ No setups ≥5.5/10

Best scores found:
  1. ME: 5.0/10
  2. WAR: 4.0/10
  3. USEFUL: 4.0/10

[2026-02-12 15:45:44] 🔍 SCANNER V4 - SENTIMENT ENHANCED

📊 MARKET SENTIMENT:
   F&G: 5 (Extreme Fear) | Position: 150% | Score: -0.5
   Extreme Fear - Buy opportunity

🎯 Adjusted Settings:
   Min Score: 5.5/10 (base 6)
   Position Size: 0.0150 SOL (base 0.01)

Found 26 Solana SPL tokens

⏳ No setups ≥5.5/10

Best scores found:
  1. ME: 4.0/10
  2. USEFUL: 4.0/10
  3. PUMP: 4.0/10

[2026-02-12 15:48:44] 🔍 SCANNER V4 - SENTIMENT ENHANCED

📊 MARKET SENTIMENT:
   F&G: 5 (Extreme Fear) | Position: 150% | Score: -0.5
   Extreme Fear - Buy opportunity

🎯 Adjusted Settings:
   Min Score: 5.5/10 (base 6)
   Position Size: 0.0150 SOL (base 0.01)

Found 26 Solana SPL tokens

✅ Found 1 setups ≥5.5/10!

📤 Alerting: Goku (6/10)

[2026-02-12 15:51:44] 🔍 SCANNER V4 - SENTIMENT ENHANCED

📊 MARKET SENTIMENT:
   F&G: 5 (Extreme Fear) | Position: 150% | Score: -0.5
   Extreme Fear - Buy opportunity

🎯 Adjusted Settings:
   Min Score: 5.5/10 (base 6)
   Position Size: 0.0150 SOL (base 0.01)

Found 26 Solana SPL tokens

✅ Found 1 setups ≥5.5/10!

📤 Alerting: Goku (6/10)

[2026-02-12 15:54:44] 🔍 SCANNER V4 - SENTIMENT ENHANCED

📊 MARKET SENTIMENT:
   F&G: 5 (Extreme Fear) | Position: 150% | Score: -0.5
   Extreme Fear - Buy opportunity

🎯 Adjusted Settings:
   Min Score: 5.5/10 (base 6)
   Position Size: 0.0150 SOL (base 0.01)

Found 26 Solana SPL tokens

✅ Found 2 setups ≥5.5/10!

📤 Alerting: ME (7/10)
📤 Alerting: OIL (6/10)

[2026-02-12 15:57:44] 🔍 SCANNER V4 - SENTIMENT ENHANCED

📊 MARKET SENTIMENT:
   F&G: 5 (Extreme Fear) | Position: 150% | Score: -0.5
   Extreme Fear - Buy opportunity

🎯 Adjusted Settings:
   Min Score: 5.5/10 (base 6)
   Position Size: 0.0150 SOL (base 0.01)

Found 26 Solana SPL tokens

✅ Found 2 setups ≥5.5/10!

📤 Alerting: Goku (7/10)
📤 Alerting: ME (6/10)

[2026-02-12 16:00:44] 🔍 SCANNER V4 - SENTIMENT ENHANCED

📊 MARKET SENTIMENT:
   F&G: 5 (Extreme Fear) | Position: 150% | Score: -0.5
   Extreme Fear - Buy opportunity

🎯 Adjusted Settings:
   Min Score: 5.5/10 (base 6)
   Position Size: 0.0150 SOL (base 0.01)

Found 26 Solana SPL tokens

✅ Found 1 setups ≥5.5/10!

📤 Alerting: USEFUL (5.5/10)

[2026-02-12 16:03:44] 🔍 SCANNER V4 - SENTIMENT ENHANCED

📊 MARKET SENTIMENT:
   F&G: 5 (Extreme Fear) | Position: 150% | Score: -0.5
   Extreme Fear - Buy opportunity

🎯 Adjusted Settings:
   Min Score: 5.5/10 (base 6)
   Position Size: 0.0150 SOL (base 0.01)

Found 26 Solana SPL tokens

✅ Found 1 setups ≥5.5/10!

📤 Alerting: USEFUL (7.5/10)

[2026-02-12 16:06:44] 🔍 SCANNER V4 - SENTIMENT ENHANCED

📊 MARKET SENTIMENT:
   F&G: 5 (Extreme Fear) | Position: 150% | Score: -0.5
   Extreme Fear - Buy opportunity

🎯 Adjusted Settings:
   Min Score: 5.5/10 (base 6)
   Position Size: 0.0150 SOL (base 0.01)

Found 26 Solana SPL tokens

✅ Found 1 setups ≥5.5/10!

📤 Alerting: USEFUL (7.5/10)
