═════════════════════════════════════════
  SCANNER V4 - ENHANCED TA
  Fear/Greed + RSI/MACD/Volume
═════════════════════════════════════════


[2026-02-12 16:10:24] 🔍 SCANNER V4 - ENHANCED TA

📊 MARKET SENTIMENT:
   F&G: 5 (Extreme Fear) | Position: 150% | Score: -0.5
   Extreme Fear - Buy opportunity

🎯 Adjusted Settings:
   Min Score: 5.5/10 (base 6)
   Position Size: 0.0150 SOL (base 0.01)

Found 26 Solana SPL tokens

⏳ No setups ≥5.5/10

Best scores found:
  1. pippin: 3.3/10
  2. ME: 3.0/10
  3. USEFUL: 2.7/10

⏰ Scheduled: Every 3 minutes


[2026-02-12 16:13:25] 🔍 SCANNER V4 - ENHANCED TA

📊 MARKET SENTIMENT:
   F&G: 5 (Extreme Fear) | Position: 150% | Score: -0.5
   Extreme Fear - Buy opportunity

🎯 Adjusted Settings:
   Min Score: 5.5/10 (base 6)
   Position Size: 0.0150 SOL (base 0.01)

Found 26 Solana SPL tokens

⏳ No setups ≥5.5/10

Best scores found:
  1. USEFUL: 3.9/10
  2. WAR: 2.9/10
  3. RAY: 2.3/10

[2026-02-12 16:16:25] 🔍 SCANNER V4 - ENHANCED TA

📊 MARKET SENTIMENT:
   F&G: 5 (Extreme Fear) | Position: 150% | Score: -0.5
   Extreme Fear - Buy opportunity

🎯 Adjusted Settings:
   Min Score: 5.5/10 (base 6)
   Position Size: 0.0150 SOL (base 0.01)

Found 26 Solana SPL tokens

⏳ No setups ≥5.5/10

Best scores found:
  1. USEFUL: 4.2/10
  2. Goku: 2.6/10
  3. RAY: 2.3/10

[2026-02-12 16:19:25] 🔍 SCANNER V4 - ENHANCED TA

📊 MARKET SENTIMENT:
   F&G: 5 (Extreme Fear) | Position: 150% | Score: -0.5
   Extreme Fear - Buy opportunity

🎯 Adjusted Settings:
   Min Score: 5.5/10 (base 6)
   Position Size: 0.0150 SOL (base 0.01)

Found 26 Solana SPL tokens

⏳ No setups ≥5.5/10

Best scores found:
  1. USEFUL: 4.2/10
  2. RAY: 2.3/10
  3. WAR: 2.3/10

[2026-02-12 16:22:26] 🔍 SCANNER V4 - ENHANCED TA

📊 MARKET SENTIMENT:
   F&G: 5 (Extreme Fear) | Position: 150% | Score: -0.5
   Extreme Fear - Buy opportunity

🎯 Adjusted Settings:
   Min Score: 5.5/10 (base 6)
   Position Size: 0.0150 SOL (base 0.01)

Found 26 Solana SPL tokens

⏳ No setups ≥5.5/10

Best scores found:
  1. Goku: 2.6/10
  2. USEFUL: 2.4/10
  3. RAY: 2.3/10

[2026-02-12 16:25:26] 🔍 SCANNER V4 - ENHANCED TA

📊 MARKET SENTIMENT:
   F&G: 5 (Extreme Fear) | Position: 150% | Score: -0.5
   Extreme Fear - Buy opportunity

🎯 Adjusted Settings:
   Min Score: 5.5/10 (base 6)
   Position Size: 0.0150 SOL (base 0.01)

Found 26 Solana SPL tokens

⏳ No setups ≥5.5/10

Best scores found:
  1. USEFUL: 4.2/10
  2. pippin: 3.3/10
  3. Goku: 2.6/10

[2026-02-12 16:28:26] 🔍 SCANNER V4 - ENHANCED TA

📊 MARKET SENTIMENT:
   F&G: 5 (Extreme Fear) | Position: 150% | Score: -0.5
   Extreme Fear - Buy opportunity

🎯 Adjusted Settings:
   Min Score: 5.5/10 (base 6)
   Position Size: 0.0150 SOL (base 0.01)

Found 26 Solana SPL tokens

⏳ No setups ≥5.5/10

Best scores found:
  1. pippin: 2.7/10
  2. SPSC: 2.7/10
  3. USEFUL: 2.4/10

[2026-02-12 16:31:26] 🔍 SCANNER V4 - ENHANCED TA

📊 MARKET SENTIMENT:
   F&G: 5 (Extreme Fear) | Position: 150% | Score: -0.5
   Extreme Fear - Buy opportunity

🎯 Adjusted Settings:
   Min Score: 5.5/10 (base 6)
   Position Size: 0.0150 SOL (base 0.01)

Found 26 Solana SPL tokens

⏳ No setups ≥5.5/10

Best scores found:
  1. SPSC: 3.0/10
  2. USEFUL: 2.8/10
  3. pippin: 2.7/10

[2026-02-12 16:34:26] 🔍 SCANNER V4 - ENHANCED TA

📊 MARKET SENTIMENT:
   F&G: 5 (Extreme Fear) | Position: 150% | Score: -0.5
   Extreme Fear - Buy opportunity

🎯 Adjusted Settings:
   Min Score: 5.5/10 (base 6)
   Position Size: 0.0150 SOL (base 0.01)

Found 26 Solana SPL tokens

⏳ No setups ≥5.5/10

Best scores found:
  1. SPSC: 3.6/10
  2. USEFUL: 3.6/10
  3. arc: 3.3/10

[2026-02-12 16:37:26] 🔍 SCANNER V4 - ENHANCED TA

📊 MARKET SENTIMENT:
   F&G: 5 (Extreme Fear) | Position: 150% | Score: -0.5
   Extreme Fear - Buy opportunity

🎯 Adjusted Settings:
   Min Score: 5.5/10 (base 6)
   Position Size: 0.0150 SOL (base 0.01)

Found 26 Solana SPL tokens

⏳ No setups ≥5.5/10

Best scores found:
  1. SPSC: 3.9/10
  2. RAY: 2.7/10
  3. arc: 2.7/10

[2026-02-12 16:40:26] 🔍 SCANNER V4 - ENHANCED TA

📊 MARKET SENTIMENT:
   F&G: 5 (Extreme Fear) | Position: 150% | Score: -0.5
   Extreme Fear - Buy opportunity

🎯 Adjusted Settings:
   Min Score: 5.5/10 (base 6)
   Position Size: 0.0150 SOL (base 0.01)

Found 26 Solana SPL tokens

⏳ No setups ≥5.5/10

Best scores found:
  1. USEFUL: 4.2/10
  2. SPSC: 3.9/10
  3. RAY: 3.3/10

[2026-02-12 16:43:26] 🔍 SCANNER V4 - ENHANCED TA

📊 MARKET SENTIMENT:
   F&G: 5 (Extreme Fear) | Position: 150% | Score: -0.5
   Extreme Fear - Buy opportunity

🎯 Adjusted Settings:
   Min Score: 5.5/10 (base 6)
   Position Size: 0.0150 SOL (base 0.01)

Found 26 Solana SPL tokens

⏳ No setups ≥5.5/10

Best scores found:
  1. RAY: 2.7/10
  2. arc: 2.7/10
  3. SPSC: 2.7/10

[2026-02-12 16:46:26] 🔍 SCANNER V4 - ENHANCED TA

📊 MARKET SENTIMENT:
   F&G: 5 (Extreme Fear) | Position: 150% | Score: -0.5
   Extreme Fear - Buy opportunity

🎯 Adjusted Settings:
   Min Score: 5.5/10 (base 6)
   Position Size: 0.0150 SOL (base 0.01)

Found 26 Solana SPL tokens

⏳ No setups ≥5.5/10

Best scores found:
  1. RAY: 3.3/10
  2. SPSC: 2.7/10
  3. USELESS: 2.7/10

[2026-02-12 16:49:26] 🔍 SCANNER V4 - ENHANCED TA

📊 MARKET SENTIMENT:
   F&G: 5 (Extreme Fear) | Position: 150% | Score: -0.5
   Extreme Fear - Buy opportunity

🎯 Adjusted Settings:
   Min Score: 5.5/10 (base 6)
   Position Size: 0.0150 SOL (base 0.01)

Found 26 Solana SPL tokens

⏳ No setups ≥5.5/10

Best scores found:
  1. USEFUL: 3.6/10
  2. RAY: 3.3/10
  3. pippin: 2.7/10

[2026-02-12 16:52:26] 🔍 SCANNER V4 - ENHANCED TA

📊 MARKET SENTIMENT:
   F&G: 5 (Extreme Fear) | Position: 150% | Score: -0.5
   Extreme Fear - Buy opportunity

🎯 Adjusted Settings:
   Min Score: 5.5/10 (base 6)
   Position Size: 0.0150 SOL (base 0.01)

Found 26 Solana SPL tokens

⏳ No setups ≥5.5/10

Best scores found:
  1. RAY: 3.3/10
  2. BCOQ: 2.9/10
  3. arc: 2.4/10

[2026-02-12 16:55:27] 🔍 SCANNER V4 - ENHANCED TA

📊 MARKET SENTIMENT:
   F&G: 5 (Extreme Fear) | Position: 150% | Score: -0.5
   Extreme Fear - Buy opportunity

🎯 Adjusted Settings:
   Min Score: 5.5/10 (base 6)
   Position Size: 0.0150 SOL (base 0.01)

Found 26 Solana SPL tokens

⏳ No setups ≥5.5/10

Best scores found:
  1. RAY: 3.3/10
  2. arc: 3.3/10
  3. WAR: 2.3/10

[2026-02-12 16:58:27] 🔍 SCANNER V4 - ENHANCED TA

📊 MARKET SENTIMENT:
   F&G: 5 (Extreme Fear) | Position: 150% | Score: -0.5
   Extreme Fear - Buy opportunity

🎯 Adjusted Settings:
   Min Score: 5.5/10 (base 6)
   Position Size: 0.0150 SOL (base 0.01)

Found 26 Solana SPL tokens

⏳ No setups ≥5.5/10

Best scores found:
  1. RAY: 3.3/10
  2. pippin: 2.7/10
  3. WAR: 2.7/10

[2026-02-12 17:01:27] 🔍 SCANNER V4 - ENHANCED TA

📊 MARKET SENTIMENT:
   F&G: 5 (Extreme Fear) | Position: 150% | Score: -0.5
   Extreme Fear - Buy opportunity

🎯 Adjusted Settings:
   Min Score: 5.5/10 (base 6)
   Position Size: 0.0150 SOL (base 0.01)

Found 26 Solana SPL tokens

⏳ No setups ≥5.5/10

Best scores found:
  1. pippin: 3.3/10
  2. RAY: 3.3/10
  3. WAR: 3.0/10

[2026-02-12 17:04:27] 🔍 SCANNER V4 - ENHANCED TA

📊 MARKET SENTIMENT:
   F&G: 5 (Extreme Fear) | Position: 150% | Score: -0.5
   Extreme Fear - Buy opportunity

🎯 Adjusted Settings:
   Min Score: 5.5/10 (base 6)
   Position Size: 0.0150 SOL (base 0.01)

Found 26 Solana SPL tokens

⏳ No setups ≥5.5/10

Best scores found:
  1. RAY: 3.9/10
  2. SPSC: 2.7/10
  3. arc: 2.4/10

[2026-02-12 17:07:27] 🔍 SCANNER V4 - ENHANCED TA

📊 MARKET SENTIMENT:
   F&G: 5 (Extreme Fear) | Position: 150% | Score: -0.5
   Extreme Fear - Buy opportunity

🎯 Adjusted Settings:
   Min Score: 5.5/10 (base 6)
   Position Size: 0.0150 SOL (base 0.01)

Found 26 Solana SPL tokens

⏳ No setups ≥5.5/10

Best scores found:
  1. USEFUL: 3.6/10
  2. RAY: 3.3/10
  3. SPSC: 3.3/10

[2026-02-12 17:10:27] 🔍 SCANNER V4 - ENHANCED TA

📊 MARKET SENTIMENT:
   F&G: 5 (Extreme Fear) | Position: 150% | Score: -0.5
   Extreme Fear - Buy opportunity

🎯 Adjusted Settings:
   Min Score: 5.5/10 (base 6)
   Position Size: 0.0150 SOL (base 0.01)

Found 26 Solana SPL tokens

⏳ No setups ≥5.5/10

Best scores found:
  1. BCOQ: 3.8/10
  2. RAY: 3.3/10
  3. SPSC: 3.3/10

[2026-02-12 17:13:27] 🔍 SCANNER V4 - ENHANCED TA

📊 MARKET SENTIMENT:
   F&G: 5 (Extreme Fear) | Position: 150% | Score: -0.5
   Extreme Fear - Buy opportunity

🎯 Adjusted Settings:
   Min Score: 5.5/10 (base 6)
   Position Size: 0.0150 SOL (base 0.01)

Found 26 Solana SPL tokens

⏳ No setups ≥5.5/10

Best scores found:
  1. USEFUL: 3.6/10
  2. BCOQ: 3.2/10
  3. RAY: 3.0/10
