Sat Feb 14 11:00:02 WIB 2026: Fear & Greed = 20
cp: cannot stat '/root/trading-bot/configs/strategy-extreme-fear.json': No such file or directory
Use --update-env to update environment variables
[PM2] Applying action restartProcessId on app [scanner-v5-trial](ids: [ 0 ])
[PM2] [scanner-v5-trial](0) ✓
┌────┬────────────────────────────────┬─────────────┬─────────┬─────────┬──────────┬────────┬──────┬───────────┬──────────┬──────────┬──────────┬──────────┐
│ id │ name                           │ namespace   │ version │ mode    │ pid      │ uptime │ ↺    │ status    │ cpu      │ mem      │ user     │ watching │
├────┼────────────────────────────────┼─────────────┼─────────┼─────────┼──────────┼────────┼──────┼───────────┼──────────┼──────────┼──────────┼──────────┤
│ 1  │ auto-executor-v5               │ default     │ N/A     │ fork    │ 235048   │ 2h     │ 18   │ online    │ 0%       │ 70.4mb   │ root     │ disabled │
│ 6  │ exit-manager                   │ default     │ N/A     │ fork    │ 247169   │ 89m    │ 3    │ online    │ 0%       │ 73.8mb   │ root     │ disabled │
│ 2  │ scanner-intelligence-bridge    │ default     │ N/A     │ fork    │ 234591   │ 2h     │ 2    │ online    │ 0%       │ 70.6mb   │ root     │ disabled │
│ 0  │ scanner-v5-trial               │ default     │ N/A     │ fork    │ 250720   │ 0s     │ 35   │ online    │ 0%       │ 4.0kb    │ root     │ disabled │
│ 3  │ telegram-reporter-bot          │ default     │ N/A     │ fork    │ 226566   │ 2h     │ 0    │ online    │ 0%       │ 69.7mb   │ root     │ disabled │
│ 4  │ trading-monitor                │ default     │ N/A     │ fork    │ 233100   │ 2h     │ 0    │ online    │ 7.1%     │ 74.9mb   │ root     │ disabled │
└────┴────────────────────────────────┴─────────────┴─────────┴─────────┴──────────┴────────┴──────┴───────────┴──────────┴──────────┴──────────┴──────────┘
{"ok":true,"result":{"message_id":1780,"from":{"id":8440050300,"is_bot":true,"first_name":"TuanBot","username":"YPMacAirBot"},"chat":{"id":-1003212463774,"title":"Natha's Corp","username":"nathascorporation","is_forum":true,"type":"supergroup"},"date":1771041603,"message_thread_id":26,"reply_to_message":{"message_id":26,"from":{"id":428798235,"is_bot":false,"first_name":"Y","last_name":"Prnt","username":"y_prnt","language_code":"id"},"chat":{"id":-1003212463774,"title":"Natha's Corp","username":"nathascorporation","is_forum":true,"type":"supergroup"},"date":1770651248,"message_thread_id":26,"forum_topic_created":{"name":"\ud83d\udcc8 Performance Tracking (stats)","icon_color":16749490},"is_topic_message":true},"text":"\ud83d\udd04 Strategy Auto-Updated\n\nFear","is_topic_message":true}}Sat Feb 14 11:00:04 WIB 2026: Updated to Extreme Fear - RSI bounce focus
Sat Feb 14 15:00:02 WIB 2026: Fear & Greed = 20
cp: cannot stat '/root/trading-bot/configs/strategy-extreme-fear.json': No such file or directory
Use --update-env to update environment variables
[PM2] Applying action restartProcessId on app [scanner-v5-trial](ids: [ 0 ])
[PM2] [scanner-v5-trial](0) ✓
┌────┬────────────────────────────────┬─────────────┬─────────┬─────────┬──────────┬────────┬──────┬───────────┬──────────┬──────────┬──────────┬──────────┐
│ id │ name                           │ namespace   │ version │ mode    │ pid      │ uptime │ ↺    │ status    │ cpu      │ mem      │ user     │ watching │
├────┼────────────────────────────────┼─────────────┼─────────┼─────────┼──────────┼────────┼──────┼───────────┼──────────┼──────────┼──────────┼──────────┤
│ 1  │ auto-executor-v5               │ default     │ N/A     │ fork    │ 235048   │ 6h     │ 18   │ online    │ 0%       │ 72.2mb   │ root     │ disabled │
│ 6  │ exit-manager                   │ default     │ N/A     │ fork    │ 247169   │ 5h     │ 3    │ online    │ 0%       │ 78.5mb   │ root     │ disabled │
│ 2  │ scanner-intelligence-bridge    │ default     │ N/A     │ fork    │ 234591   │ 6h     │ 2    │ online    │ 0%       │ 74.3mb   │ root     │ disabled │
│ 0  │ scanner-v5-trial               │ default     │ N/A     │ fork    │ 256924   │ 0s     │ 36   │ online    │ 0%       │ 4.0kb    │ root     │ disabled │
│ 3  │ telegram-reporter-bot          │ default     │ N/A     │ fork    │ 226566   │ 6h     │ 0    │ online    │ 0%       │ 73.8mb   │ root     │ disabled │
│ 4  │ trading-monitor                │ default     │ N/A     │ fork    │ 233100   │ 6h     │ 0    │ online    │ 0%       │ 80.8mb   │ root     │ disabled │
└────┴────────────────────────────────┴─────────────┴─────────┴─────────┴──────────┴────────┴──────┴───────────┴──────────┴──────────┴──────────┴──────────┘
{"ok":true,"result":{"message_id":1784,"from":{"id":8440050300,"is_bot":true,"first_name":"TuanBot","username":"YPMacAirBot"},"chat":{"id":-1003212463774,"title":"Natha's Corp","username":"nathascorporation","is_forum":true,"type":"supergroup"},"date":1771056004,"message_thread_id":26,"reply_to_message":{"message_id":26,"from":{"id":428798235,"is_bot":false,"first_name":"Y","last_name":"Prnt","username":"y_prnt","language_code":"id"},"chat":{"id":-1003212463774,"title":"Natha's Corp","username":"nathascorporation","is_forum":true,"type":"supergroup"},"date":1770651248,"message_thread_id":26,"forum_topic_created":{"name":"\ud83d\udcc8 Performance Tracking (stats)","icon_color":16749490},"is_topic_message":true},"text":"\ud83d\udd04 Strategy Auto-Updated\n\nFear","is_topic_message":true}}Sat Feb 14 15:00:04 WIB 2026: Updated to Extreme Fear - RSI bounce focus
Sat Feb 14 19:00:02 WIB 2026: Fear & Greed = 20
cp: cannot stat '/root/trading-bot/configs/strategy-extreme-fear.json': No such file or directory
Use --update-env to update environment variables
[PM2] Applying action restartProcessId on app [scanner-v5-trial](ids: [ 0 ])
[PM2] [scanner-v5-trial](0) ✓
┌────┬────────────────────────────────┬─────────────┬─────────┬─────────┬──────────┬────────┬──────┬───────────┬──────────┬──────────┬──────────┬──────────┐
│ id │ name                           │ namespace   │ version │ mode    │ pid      │ uptime │ ↺    │ status    │ cpu      │ mem      │ user     │ watching │
├────┼────────────────────────────────┼─────────────┼─────────┼─────────┼──────────┼────────┼──────┼───────────┼──────────┼──────────┼──────────┼──────────┤
│ 1  │ auto-executor-v5               │ default     │ N/A     │ fork    │ 235048   │ 10h    │ 18   │ online    │ 0%       │ 65.9mb   │ root     │ disabled │
│ 6  │ exit-manager                   │ default     │ N/A     │ fork    │ 247169   │ 9h     │ 3    │ online    │ 0%       │ 72.9mb   │ root     │ disabled │
│ 2  │ scanner-intelligence-bridge    │ default     │ N/A     │ fork    │ 234591   │ 10h    │ 2    │ online    │ 0%       │ 68.5mb   │ root     │ disabled │
│ 0  │ scanner-v5-trial               │ default     │ N/A     │ fork    │ 268910   │ 0s     │ 37   │ online    │ 0%       │ 9.2mb    │ root     │ disabled │
│ 3  │ telegram-reporter-bot          │ default     │ N/A     │ fork    │ 226566   │ 10h    │ 0    │ online    │ 0%       │ 68.7mb   │ root     │ disabled │
│ 4  │ trading-monitor                │ default     │ N/A     │ fork    │ 233100   │ 10h    │ 0    │ online    │ 0%       │ 73.0mb   │ root     │ disabled │
└────┴────────────────────────────────┴─────────────┴─────────┴─────────┴──────────┴────────┴──────┴───────────┴──────────┴──────────┴──────────┴──────────┘
{"ok":true,"result":{"message_id":1792,"from":{"id":8440050300,"is_bot":true,"first_name":"TuanBot","username":"YPMacAirBot"},"chat":{"id":-1003212463774,"title":"Natha's Corp","username":"nathascorporation","is_forum":true,"type":"supergroup"},"date":1771070404,"message_thread_id":26,"reply_to_message":{"message_id":26,"from":{"id":428798235,"is_bot":false,"first_name":"Y","last_name":"Prnt","username":"y_prnt","language_code":"id"},"chat":{"id":-1003212463774,"title":"Natha's Corp","username":"nathascorporation","is_forum":true,"type":"supergroup"},"date":1770651248,"message_thread_id":26,"forum_topic_created":{"name":"\ud83d\udcc8 Performance Tracking (stats)","icon_color":16749490},"is_topic_message":true},"text":"\ud83d\udd04 Strategy Auto-Updated\n\nFear","is_topic_message":true}}Sat Feb 14 19:00:04 WIB 2026: Updated to Extreme Fear - RSI bounce focus
Sat Feb 14 23:00:02 WIB 2026: Fear & Greed = 20
cp: cannot stat '/root/trading-bot/configs/strategy-extreme-fear.json': No such file or directory
Use --update-env to update environment variables
[PM2] Applying action restartProcessId on app [scanner-v5-trial](ids: [ 0 ])
[PM2] [scanner-v5-trial](0) ✓
┌────┬────────────────────────────────┬─────────────┬─────────┬─────────┬──────────┬────────┬──────┬───────────┬──────────┬──────────┬──────────┬──────────┐
│ id │ name                           │ namespace   │ version │ mode    │ pid      │ uptime │ ↺    │ status    │ cpu      │ mem      │ user     │ watching │
├────┼────────────────────────────────┼─────────────┼─────────┼─────────┼──────────┼────────┼──────┼───────────┼──────────┼──────────┼──────────┼──────────┤
│ 1  │ auto-executor-v5               │ default     │ N/A     │ fork    │ 235048   │ 14h    │ 18   │ online    │ 0%       │ 59.3mb   │ root     │ disabled │
│ 6  │ exit-manager                   │ default     │ N/A     │ fork    │ 247169   │ 13h    │ 3    │ online    │ 0%       │ 63.3mb   │ root     │ disabled │
│ 2  │ scanner-intelligence-bridge    │ default     │ N/A     │ fork    │ 234591   │ 14h    │ 2    │ online    │ 0%       │ 55.1mb   │ root     │ disabled │
│ 0  │ scanner-v5-trial               │ default     │ N/A     │ fork    │ 282248   │ 0s     │ 38   │ online    │ 0%       │ 4.0kb    │ root     │ disabled │
│ 3  │ telegram-reporter-bot          │ default     │ N/A     │ fork    │ 226566   │ 14h    │ 0    │ online    │ 0%       │ 57.8mb   │ root     │ disabled │
│ 4  │ trading-monitor                │ default     │ N/A     │ fork    │ 233100   │ 14h    │ 0    │ online    │ 0%       │ 63.8mb   │ root     │ disabled │
└────┴────────────────────────────────┴─────────────┴─────────┴─────────┴──────────┴────────┴──────┴───────────┴──────────┴──────────┴──────────┴──────────┘
{"ok":true,"result":{"message_id":1798,"from":{"id":8440050300,"is_bot":true,"first_name":"TuanBot","username":"YPMacAirBot"},"chat":{"id":-1003212463774,"title":"Natha's Corp","username":"nathascorporation","is_forum":true,"type":"supergroup"},"date":1771084803,"message_thread_id":26,"reply_to_message":{"message_id":26,"from":{"id":428798235,"is_bot":false,"first_name":"Y","last_name":"Prnt","username":"y_prnt","language_code":"id"},"chat":{"id":-1003212463774,"title":"Natha's Corp","username":"nathascorporation","is_forum":true,"type":"supergroup"},"date":1770651248,"message_thread_id":26,"forum_topic_created":{"name":"\ud83d\udcc8 Performance Tracking (stats)","icon_color":16749490},"is_topic_message":true},"text":"\ud83d\udd04 Strategy Auto-Updated\n\nFear","is_topic_message":true}}Sat Feb 14 23:00:04 WIB 2026: Updated to Extreme Fear - RSI bounce focus
Sun Feb 15 03:00:02 WIB 2026: Fear & Greed = 20
cp: cannot stat '/root/trading-bot/configs/strategy-extreme-fear.json': No such file or directory
Use --update-env to update environment variables
[PM2] Applying action restartProcessId on app [scanner-v5-trial](ids: [ 0 ])
[PM2] [scanner-v5-trial](0) ✓
┌────┬────────────────────────────────┬─────────────┬─────────┬─────────┬──────────┬────────┬──────┬───────────┬──────────┬──────────┬──────────┬──────────┐
│ id │ name                           │ namespace   │ version │ mode    │ pid      │ uptime │ ↺    │ status    │ cpu      │ mem      │ user     │ watching │
├────┼────────────────────────────────┼─────────────┼─────────┼─────────┼──────────┼────────┼──────┼───────────┼──────────┼──────────┼──────────┼──────────┤
│ 6  │ exit-manager                   │ default     │ N/A     │ fork    │ 247169   │ 17h    │ 3    │ online    │ 0%       │ 64.1mb   │ root     │ disabled │
│ 2  │ scanner-intelligence-bridge    │ default     │ N/A     │ fork    │ 234591   │ 18h    │ 2    │ online    │ 0%       │ 59.7mb   │ root     │ disabled │
│ 0  │ scanner-v5-trial               │ default     │ N/A     │ fork    │ 291579   │ 0s     │ 39   │ online    │ 0%       │ 4.0kb    │ root     │ disabled │
│ 3  │ telegram-reporter-bot          │ default     │ N/A     │ fork    │ 226566   │ 18h    │ 0    │ online    │ 0%       │ 59.1mb   │ root     │ disabled │
│ 4  │ trading-monitor                │ default     │ N/A     │ fork    │ 233100   │ 18h    │ 0    │ online    │ 0%       │ 63.8mb   │ root     │ disabled │
└────┴────────────────────────────────┴─────────────┴─────────┴─────────┴──────────┴────────┴──────┴───────────┴──────────┴──────────┴──────────┴──────────┘
{"ok":true,"result":{"message_id":1810,"from":{"id":8440050300,"is_bot":true,"first_name":"TuanBot","username":"YPMacAirBot"},"chat":{"id":-1003212463774,"title":"Natha's Corp","username":"nathascorporation","is_forum":true,"type":"supergroup"},"date":1771099203,"message_thread_id":26,"reply_to_message":{"message_id":26,"from":{"id":428798235,"is_bot":false,"first_name":"Y","last_name":"Prnt","username":"y_prnt","language_code":"id"},"chat":{"id":-1003212463774,"title":"Natha's Corp","username":"nathascorporation","is_forum":true,"type":"supergroup"},"date":1770651248,"message_thread_id":26,"forum_topic_created":{"name":"\ud83d\udcc8 Performance Tracking (stats)","icon_color":16749490},"is_topic_message":true},"text":"\ud83d\udd04 Strategy Auto-Updated\n\nFear","is_topic_message":true}}Sun Feb 15 03:00:04 WIB 2026: Updated to Extreme Fear - RSI bounce focus
