=== DLMM Positions Status ===
{
  "totalPositions": 0,
  "activePositions": 0,
  "totalEarned": 0,
  "positions": []
}

Recommendation: {
  action: 'NO_ACTIVE_POSITIONS',
  message: 'Add a position using: node dllm-scanner.js add <name> <poolAddress> <tokenA> <tokenB> <amountA> <amountB>'
}
=== DLMM Positions Status ===
{
  "totalPositions": 0,
  "activePositions": 0,
  "totalEarned": 0,
  "positions": []
}

Recommendation: {
  action: 'NO_ACTIVE_POSITIONS',
  message: 'Add a position using: node dllm-scanner.js add <name> <poolAddress> <tokenA> <tokenB> <amountA> <amountB>'
}
=== DLMM Positions Status ===
{
  "totalPositions": 0,
  "activePositions": 0,
  "totalEarned": 0,
  "positions": []
}

Recommendation: {
  action: 'NO_ACTIVE_POSITIONS',
  message: 'Add a position using: node dllm-scanner.js add <name> <poolAddress> <tokenA> <tokenB> <amountA> <amountB>'
}
=== DLMM Positions Status ===
{
  "totalPositions": 0,
  "activePositions": 0,
  "totalEarned": 0,
  "positions": []
}

Recommendation: {
  action: 'NO_ACTIVE_POSITIONS',
  message: 'Add a position using: node dllm-scanner.js add <name> <poolAddress> <tokenA> <tokenB> <amountA> <amountB>'
}
=== DLMM Positions Status ===
{
  "totalPositions": 0,
  "activePositions": 0,
  "totalEarned": 0,
  "positions": []
}

Recommendation: {
  action: 'NO_ACTIVE_POSITIONS',
  message: 'Add a position using: node dllm-scanner.js add <name> <poolAddress> <tokenA> <tokenB> <amountA> <amountB>'
}
=== DLMM Positions Status ===
{
  "totalPositions": 0,
  "activePositions": 0,
  "totalEarned": 0,
  "positions": []
}

Recommendation: {
  action: 'NO_ACTIVE_POSITIONS',
  message: 'Add a position using: node dllm-scanner.js add <name> <poolAddress> <tokenA> <tokenB> <amountA> <amountB>'
}
=== DLMM Positions Status ===
{
  "totalPositions": 0,
  "activePositions": 0,
  "totalEarned": 0,
  "positions": []
}

Recommendation: {
  action: 'NO_ACTIVE_POSITIONS',
  message: 'Add a position using: node dllm-scanner.js add <name> <poolAddress> <tokenA> <tokenB> <amountA> <amountB>'
}
=== DLMM Positions Status ===
{
  "totalPositions": 0,
  "activePositions": 0,
  "totalEarned": 0,
  "positions": []
}

Recommendation: {
  action: 'NO_ACTIVE_POSITIONS',
  message: 'Add a position using: node dllm-scanner.js add <name> <poolAddress> <tokenA> <tokenB> <amountA> <amountB>'
}
=== DLMM Positions Status ===
{
  "totalPositions": 0,
  "activePositions": 0,
  "totalEarned": 0,
  "positions": []
}

Recommendation: {
  action: 'NO_ACTIVE_POSITIONS',
  message: 'Add a position using: node dllm-scanner.js add <name> <poolAddress> <tokenA> <tokenB> <amountA> <amountB>'
}
=== DLMM Positions Status ===
{
  "totalPositions": 0,
  "activePositions": 0,
  "totalEarned": 0,
  "positions": []
}

Recommendation: {
  action: 'NO_ACTIVE_POSITIONS',
  message: 'Add a position using: node dllm-scanner.js add <name> <poolAddress> <tokenA> <tokenB> <amountA> <amountB>'
}
=== DLMM Positions Status ===
{
  "totalPositions": 0,
  "activePositions": 0,
  "totalEarned": 0,
  "positions": []
}

Recommendation: {
  action: 'NO_ACTIVE_POSITIONS',
  message: 'Add a position using: node dllm-scanner.js add <name> <poolAddress> <tokenA> <tokenB> <amountA> <amountB>'
}
=== DLMM Positions Status ===
{
  "totalPositions": 0,
  "activePositions": 0,
  "totalEarned": 0,
  "positions": []
}

Recommendation: {
  action: 'NO_ACTIVE_POSITIONS',
  message: 'Add a position using: node dllm-scanner.js add <name> <poolAddress> <tokenA> <tokenB> <amountA> <amountB>'
}
=== DLMM Positions Status ===
{
  "totalPositions": 0,
  "activePositions": 0,
  "totalEarned": 0,
  "positions": []
}

Recommendation: {
  action: 'NO_ACTIVE_POSITIONS',
  message: 'Add a position using: node dllm-scanner.js add <name> <poolAddress> <tokenA> <tokenB> <amountA> <amountB>'
}
=== DLMM Positions Status ===
{
  "totalPositions": 0,
  "activePositions": 0,
  "totalEarned": 0,
  "positions": []
}

Recommendation: {
  action: 'NO_ACTIVE_POSITIONS',
  message: 'Add a position using: node dllm-scanner.js add <name> <poolAddress> <tokenA> <tokenB> <amountA> <amountB>'
}
=== DLMM Positions Status ===
{
  "totalPositions": 0,
  "activePositions": 0,
  "totalEarned": 0,
  "positions": []
}

Recommendation: {
  action: 'NO_ACTIVE_POSITIONS',
  message: 'Add a position using: node dllm-scanner.js add <name> <poolAddress> <tokenA> <tokenB> <amountA> <amountB>'
}
=== DLMM Positions Status ===
{
  "totalPositions": 0,
  "activePositions": 0,
  "totalEarned": 0,
  "positions": []
}

Recommendation: {
  action: 'NO_ACTIVE_POSITIONS',
  message: 'Add a position using: node dllm-scanner.js add <name> <poolAddress> <tokenA> <tokenB> <amountA> <amountB>'
}
=== DLMM Positions Status ===
{
  "totalPositions": 0,
  "activePositions": 0,
  "totalEarned": 0,
  "positions": []
}

Recommendation: {
  action: 'NO_ACTIVE_POSITIONS',
  message: 'Add a position using: node dllm-scanner.js add <name> <poolAddress> <tokenA> <tokenB> <amountA> <amountB>'
}
=== DLMM Positions Status ===
{
  "totalPositions": 0,
  "activePositions": 0,
  "totalEarned": 0,
  "positions": []
}

Recommendation: {
  action: 'NO_ACTIVE_POSITIONS',
  message: 'Add a position using: node dllm-scanner.js add <name> <poolAddress> <tokenA> <tokenB> <amountA> <amountB>'
}
=== DLMM Positions Status ===
{
  "totalPositions": 0,
  "activePositions": 0,
  "totalEarned": 0,
  "positions": []
}

Recommendation: {
  action: 'NO_ACTIVE_POSITIONS',
  message: 'Add a position using: node dllm-scanner.js add <name> <poolAddress> <tokenA> <tokenB> <amountA> <amountB>'
}
=== DLMM Positions Status ===
{
  "totalPositions": 0,
  "activePositions": 0,
  "totalEarned": 0,
  "positions": []
}

Recommendation: {
  action: 'NO_ACTIVE_POSITIONS',
  message: 'Add a position using: node dllm-scanner.js add <name> <poolAddress> <tokenA> <tokenB> <amountA> <amountB>'
}
=== DLMM Positions Status ===
{
  "totalPositions": 0,
  "activePositions": 0,
  "totalEarned": 0,
  "positions": []
}

Recommendation: {
  action: 'NO_ACTIVE_POSITIONS',
  message: 'Add a position using: node dllm-scanner.js add <name> <poolAddress> <tokenA> <tokenB> <amountA> <amountB>'
}
=== DLMM Positions Status ===
{
  "totalPositions": 0,
  "activePositions": 0,
  "totalEarned": 0,
  "positions": []
}

Recommendation: {
  action: 'NO_ACTIVE_POSITIONS',
  message: 'Add a position using: node dllm-scanner.js add <name> <poolAddress> <tokenA> <tokenB> <amountA> <amountB>'
}
=== DLMM Positions Status ===
{
  "totalPositions": 0,
  "activePositions": 0,
  "totalEarned": 0,
  "positions": []
}

Recommendation: {
  action: 'NO_ACTIVE_POSITIONS',
  message: 'Add a position using: node dllm-scanner.js add <name> <poolAddress> <tokenA> <tokenB> <amountA> <amountB>'
}
=== DLMM Positions Status ===
{
  "totalPositions": 0,
  "activePositions": 0,
  "totalEarned": 0,
  "positions": []
}

Recommendation: {
  action: 'NO_ACTIVE_POSITIONS',
  message: 'Add a position using: node dllm-scanner.js add <name> <poolAddress> <tokenA> <tokenB> <amountA> <amountB>'
}
=== DLMM Positions Status ===
{
  "totalPositions": 0,
  "activePositions": 0,
  "totalEarned": 0,
  "positions": []
}

Recommendation: {
  action: 'NO_ACTIVE_POSITIONS',
  message: 'Add a position using: node dllm-scanner.js add <name> <poolAddress> <tokenA> <tokenB> <amountA> <amountB>'
}
=== DLMM Positions Status ===
{
  "totalPositions": 0,
  "activePositions": 0,
  "totalEarned": 0,
  "positions": []
}

Recommendation: {
  action: 'NO_ACTIVE_POSITIONS',
  message: 'Add a position using: node dllm-scanner.js add <name> <poolAddress> <tokenA> <tokenB> <amountA> <amountB>'
}
=== DLMM Positions Status ===
{
  "totalPositions": 0,
  "activePositions": 0,
  "totalEarned": 0,
  "positions": []
}

Recommendation: {
  action: 'NO_ACTIVE_POSITIONS',
  message: 'Add a position using: node dllm-scanner.js add <name> <poolAddress> <tokenA> <tokenB> <amountA> <amountB>'
}
