[DLMM] Scanning pools...

  👁️ Lobstar-SOL: 57.94% APY (watching)
  👁️ cbBTC-USDC: 48.44% APY (watching)
  👁️ SOL-USDC: 15% APY (watching)

🔥 HIGH YIELD ALERTS:
  ⚡ High yield opportunity: Lobstar-SOL @ 57.94% APY
  ⚡ High yield opportunity: cbBTC-USDC @ 48.44% APY
[DLMM] Scanning pools...

  👁️ Lobstar-SOL: 57.94% APY (watching)
  👁️ cbBTC-USDC: 48.44% APY (watching)
  👁️ SOL-USDC: 15% APY (watching)

🔥 HIGH YIELD ALERTS:
  ⚡ High yield opportunity: Lobstar-SOL @ 57.94% APY
  ⚡ High yield opportunity: cbBTC-USDC @ 48.44% APY
[DLMM] Scanning pools...

  👁️ Lobstar-SOL: 57.94% APY (watching)
  👁️ cbBTC-USDC: 48.44% APY (watching)
  👁️ SOL-USDC: 15% APY (watching)

🔥 HIGH YIELD ALERTS:
  ⚡ High yield opportunity: Lobstar-SOL @ 57.94% APY
  ⚡ High yield opportunity: cbBTC-USDC @ 48.44% APY
[DLMM] Scanning pools...

  👁️ Lobstar-SOL: 57.94% APY (watching)
  👁️ cbBTC-USDC: 48.44% APY (watching)
  👁️ SOL-USDC: 15% APY (watching)

🔥 HIGH YIELD ALERTS:
  ⚡ High yield opportunity: Lobstar-SOL @ 57.94% APY
  ⚡ High yield opportunity: cbBTC-USDC @ 48.44% APY
[DLMM] Scanning pools...

  👁️ Lobstar-SOL: 57.94% APY (watching)
  👁️ cbBTC-USDC: 48.44% APY (watching)
  👁️ SOL-USDC: 15% APY (watching)

🔥 HIGH YIELD ALERTS:
  ⚡ High yield opportunity: Lobstar-SOL @ 57.94% APY
  ⚡ High yield opportunity: cbBTC-USDC @ 48.44% APY
[DLMM] Scanning pools...

  👁️ Lobstar-SOL: 57.94% APY (watching)
  👁️ cbBTC-USDC: 48.44% APY (watching)
  👁️ SOL-USDC: 15% APY (watching)

🔥 HIGH YIELD ALERTS:
  ⚡ High yield opportunity: Lobstar-SOL @ 57.94% APY
  ⚡ High yield opportunity: cbBTC-USDC @ 48.44% APY
