[2026-02-25T11:27:59.433Z] 🚀 YOLO AUTO STARTED
[2026-02-25T11:27:59.437Z] ==================================================
[2026-02-25T11:27:59.437Z] 📖 PHASE 1: Understanding...
[2026-02-25T11:27:59.450Z]    Balance: 0.361848141 SOL
[2026-02-25T11:27:59.450Z]    Recent trades: 0
[2026-02-25T11:27:59.451Z]    Issues: 0
[2026-02-25T11:27:59.451Z] 🎯 PHASE 2: Finding opportunities...
[2026-02-25T11:27:59.451Z]    Found 3 opportunities
[2026-02-25T11:27:59.451Z] ⚡ PHASE 3: Selecting best opportunity...
[2026-02-25T11:27:59.451Z]    Selected: Low trade frequency - adjust threshold (medium priority)
[2026-02-25T11:27:59.452Z] 🔨 PHASE 4: Implementing...
[2026-02-25T11:27:59.452Z]    Adjusting trading threshold...
[2026-02-25T11:27:59.453Z]    ✅ Threshold lowered: 5 → 4
[2026-02-25T11:27:59.453Z] 📊 PHASE 5: Summary
[2026-02-25T11:27:59.453Z]    Implemented: optimize
[2026-02-25T11:27:59.453Z]    Branch: yolo-optimize-1772018879452
[2026-02-25T11:27:59.453Z] ✅ YOLO Auto Complete!
[2026-02-25T11:27:59.453Z] ==================================================
[2026-02-25T11:27:59.453Z] 🎯 YOLO AUTO DONE

[2026-02-25T13:00:01.388Z] 🚀 YOLO AUTO STARTED
[2026-02-25T13:00:01.388Z] 🚀 YOLO AUTO STARTED
[2026-02-25T13:00:01.440Z] ==================================================
[2026-02-25T13:00:01.440Z] ==================================================
[2026-02-25T13:00:01.440Z] 📖 PHASE 1: Understanding...
[2026-02-25T13:00:01.440Z] 📖 PHASE 1: Understanding...
[2026-02-25T13:00:01.617Z]    Balance: 0 SOL
[2026-02-25T13:00:01.617Z]    Balance: 0 SOL
[2026-02-25T13:00:01.648Z]    Recent trades: 0
[2026-02-25T13:00:01.648Z]    Recent trades: 0
[2026-02-25T13:00:01.649Z]    Issues: 0
[2026-02-25T13:00:01.649Z]    Issues: 0
[2026-02-25T13:00:01.649Z] 🎯 PHASE 2: Finding opportunities...
[2026-02-25T13:00:01.649Z] 🎯 PHASE 2: Finding opportunities...
[2026-02-25T13:00:01.655Z]    Found 3 opportunities
[2026-02-25T13:00:01.655Z]    Found 3 opportunities
[2026-02-25T13:00:01.663Z] ⚡ PHASE 3: Selecting best opportunity...
[2026-02-25T13:00:01.663Z] ⚡ PHASE 3: Selecting best opportunity...
[2026-02-25T13:00:01.664Z]    Selected: Low trade frequency - adjust threshold (medium priority)
[2026-02-25T13:00:01.664Z]    Selected: Low trade frequency - adjust threshold (medium priority)
[2026-02-25T13:00:01.664Z] 🔨 PHASE 4: Implementing...
[2026-02-25T13:00:01.664Z] 🔨 PHASE 4: Implementing...
[2026-02-25T13:00:01.664Z]    Adjusting trading threshold...
[2026-02-25T13:00:01.664Z]    Adjusting trading threshold...
[2026-02-25T13:00:01.681Z]    ✅ Threshold lowered: 4 → 3
[2026-02-25T13:00:01.681Z]    ✅ Threshold lowered: 4 → 3
[2026-02-25T13:00:01.681Z] 📊 PHASE 5: Summary
[2026-02-25T13:00:01.681Z] 📊 PHASE 5: Summary
[2026-02-25T13:00:01.682Z]    Implemented: optimize
[2026-02-25T13:00:01.682Z]    Implemented: optimize
[2026-02-25T13:00:01.682Z]    Branch: yolo-optimize-1772024401664
[2026-02-25T13:00:01.682Z]    Branch: yolo-optimize-1772024401664
[2026-02-25T13:00:01.682Z] ✅ YOLO Auto Complete!
[2026-02-25T13:00:01.682Z] ✅ YOLO Auto Complete!
[2026-02-25T13:00:01.682Z] ==================================================
[2026-02-25T13:00:01.682Z] ==================================================
[2026-02-25T13:00:01.682Z] 🎯 YOLO AUTO DONE

[2026-02-25T13:00:01.682Z] 🎯 YOLO AUTO DONE

[2026-02-25T17:00:01.433Z] 🚀 YOLO AUTO STARTED
[2026-02-25T17:00:01.433Z] 🚀 YOLO AUTO STARTED
[2026-02-25T17:00:01.460Z] ==================================================
[2026-02-25T17:00:01.460Z] ==================================================
[2026-02-25T17:00:01.460Z] 📖 PHASE 1: Understanding...
[2026-02-25T17:00:01.460Z] 📖 PHASE 1: Understanding...
[2026-02-25T17:00:01.781Z]    Balance: 0.361848141 SOL
[2026-02-25T17:00:01.781Z]    Balance: 0.361848141 SOL
[2026-02-25T17:00:01.781Z]    Recent trades: 0
[2026-02-25T17:00:01.781Z]    Recent trades: 0
[2026-02-25T17:00:01.781Z]    Issues: 0
[2026-02-25T17:00:01.781Z]    Issues: 0
[2026-02-25T17:00:01.782Z] 🎯 PHASE 2: Finding opportunities...
[2026-02-25T17:00:01.782Z] 🎯 PHASE 2: Finding opportunities...
[2026-02-25T17:00:01.782Z]    Found 3 opportunities
[2026-02-25T17:00:01.782Z]    Found 3 opportunities
[2026-02-25T17:00:01.782Z] ⚡ PHASE 3: Selecting best opportunity...
[2026-02-25T17:00:01.782Z] ⚡ PHASE 3: Selecting best opportunity...
[2026-02-25T17:00:01.782Z]    Selected: Low trade frequency - adjust threshold (medium priority)
[2026-02-25T17:00:01.782Z]    Selected: Low trade frequency - adjust threshold (medium priority)
[2026-02-25T17:00:01.782Z] 🔨 PHASE 4: Implementing...
[2026-02-25T17:00:01.782Z] 🔨 PHASE 4: Implementing...
[2026-02-25T17:00:01.783Z]    Adjusting trading threshold...
[2026-02-25T17:00:01.783Z]    Adjusting trading threshold...
[2026-02-25T17:00:01.799Z]    ✅ Threshold lowered: 3 → 3
[2026-02-25T17:00:01.799Z]    ✅ Threshold lowered: 3 → 3
[2026-02-25T17:00:01.800Z] 📊 PHASE 5: Summary
[2026-02-25T17:00:01.800Z] 📊 PHASE 5: Summary
[2026-02-25T17:00:01.800Z]    Implemented: optimize
[2026-02-25T17:00:01.800Z]    Implemented: optimize
[2026-02-25T17:00:01.800Z]    Branch: yolo-optimize-1772038801782
[2026-02-25T17:00:01.800Z]    Branch: yolo-optimize-1772038801782
[2026-02-25T17:00:01.800Z] ✅ YOLO Auto Complete!
[2026-02-25T17:00:01.800Z] ✅ YOLO Auto Complete!
[2026-02-25T17:00:01.800Z] ==================================================
[2026-02-25T17:00:01.800Z] ==================================================
[2026-02-25T17:00:01.800Z] 🎯 YOLO AUTO DONE

[2026-02-25T17:00:01.800Z] 🎯 YOLO AUTO DONE

[2026-02-25T21:00:01.238Z] 🚀 YOLO AUTO STARTED
[2026-02-25T21:00:01.238Z] 🚀 YOLO AUTO STARTED
[2026-02-25T21:00:01.270Z] ==================================================
[2026-02-25T21:00:01.270Z] ==================================================
[2026-02-25T21:00:01.270Z] 📖 PHASE 1: Understanding...
[2026-02-25T21:00:01.270Z] 📖 PHASE 1: Understanding...
[2026-02-25T21:00:01.364Z]    Balance: 0.361848141 SOL
[2026-02-25T21:00:01.364Z]    Balance: 0.361848141 SOL
[2026-02-25T21:00:01.364Z]    Recent trades: 0
[2026-02-25T21:00:01.364Z]    Recent trades: 0
[2026-02-25T21:00:01.364Z]    Issues: 0
[2026-02-25T21:00:01.364Z]    Issues: 0
[2026-02-25T21:00:01.364Z] 🎯 PHASE 2: Finding opportunities...
[2026-02-25T21:00:01.364Z] 🎯 PHASE 2: Finding opportunities...
[2026-02-25T21:00:01.364Z]    Found 3 opportunities
[2026-02-25T21:00:01.364Z]    Found 3 opportunities
[2026-02-25T21:00:01.364Z] ⚡ PHASE 3: Selecting best opportunity...
[2026-02-25T21:00:01.364Z] ⚡ PHASE 3: Selecting best opportunity...
[2026-02-25T21:00:01.365Z]    Selected: Low trade frequency - adjust threshold (medium priority)
[2026-02-25T21:00:01.365Z]    Selected: Low trade frequency - adjust threshold (medium priority)
[2026-02-25T21:00:01.365Z] 🔨 PHASE 4: Implementing...
[2026-02-25T21:00:01.365Z] 🔨 PHASE 4: Implementing...
[2026-02-25T21:00:01.365Z]    Adjusting trading threshold...
[2026-02-25T21:00:01.365Z]    Adjusting trading threshold...
[2026-02-25T21:00:01.365Z]    ✅ Threshold lowered: 3 → 3
[2026-02-25T21:00:01.365Z]    ✅ Threshold lowered: 3 → 3
[2026-02-25T21:00:01.365Z] 📊 PHASE 5: Summary
[2026-02-25T21:00:01.365Z] 📊 PHASE 5: Summary
[2026-02-25T21:00:01.365Z]    Implemented: optimize
[2026-02-25T21:00:01.365Z]    Implemented: optimize
[2026-02-25T21:00:01.365Z]    Branch: yolo-optimize-1772053201365
[2026-02-25T21:00:01.365Z]    Branch: yolo-optimize-1772053201365
[2026-02-25T21:00:01.365Z] ✅ YOLO Auto Complete!
[2026-02-25T21:00:01.365Z] ✅ YOLO Auto Complete!
[2026-02-25T21:00:01.365Z] ==================================================
[2026-02-25T21:00:01.365Z] ==================================================
[2026-02-25T21:00:01.366Z] 🎯 YOLO AUTO DONE

[2026-02-25T21:00:01.366Z] 🎯 YOLO AUTO DONE

[2026-02-26T01:00:02.267Z] 🚀 YOLO AUTO STARTED
[2026-02-26T01:00:02.267Z] 🚀 YOLO AUTO STARTED
[2026-02-26T01:00:02.321Z] ==================================================
[2026-02-26T01:00:02.321Z] ==================================================
[2026-02-26T01:00:02.321Z] 📖 PHASE 1: Understanding...
[2026-02-26T01:00:02.321Z] 📖 PHASE 1: Understanding...
[2026-02-26T01:00:02.414Z]    Balance: 0.361848141 SOL
[2026-02-26T01:00:02.414Z]    Balance: 0.361848141 SOL
[2026-02-26T01:00:02.414Z]    Recent trades: 0
[2026-02-26T01:00:02.414Z]    Recent trades: 0
[2026-02-26T01:00:02.415Z]    Issues: 0
[2026-02-26T01:00:02.415Z]    Issues: 0
[2026-02-26T01:00:02.415Z] 🎯 PHASE 2: Finding opportunities...
[2026-02-26T01:00:02.415Z] 🎯 PHASE 2: Finding opportunities...
[2026-02-26T01:00:02.415Z]    Found 3 opportunities
[2026-02-26T01:00:02.415Z]    Found 3 opportunities
[2026-02-26T01:00:02.415Z] ⚡ PHASE 3: Selecting best opportunity...
[2026-02-26T01:00:02.415Z] ⚡ PHASE 3: Selecting best opportunity...
[2026-02-26T01:00:02.416Z]    Selected: Low trade frequency - adjust threshold (medium priority)
[2026-02-26T01:00:02.416Z]    Selected: Low trade frequency - adjust threshold (medium priority)
[2026-02-26T01:00:02.416Z] 🔨 PHASE 4: Implementing...
[2026-02-26T01:00:02.416Z] 🔨 PHASE 4: Implementing...
[2026-02-26T01:00:02.416Z]    Adjusting trading threshold...
[2026-02-26T01:00:02.416Z]    Adjusting trading threshold...
[2026-02-26T01:00:02.434Z]    ✅ Threshold lowered: 3 → 3
[2026-02-26T01:00:02.434Z]    ✅ Threshold lowered: 3 → 3
[2026-02-26T01:00:02.434Z] 📊 PHASE 5: Summary
[2026-02-26T01:00:02.434Z] 📊 PHASE 5: Summary
[2026-02-26T01:00:02.434Z]    Implemented: optimize
[2026-02-26T01:00:02.434Z]    Implemented: optimize
[2026-02-26T01:00:02.434Z]    Branch: yolo-optimize-1772067602416
[2026-02-26T01:00:02.434Z]    Branch: yolo-optimize-1772067602416
[2026-02-26T01:00:02.434Z] ✅ YOLO Auto Complete!
[2026-02-26T01:00:02.434Z] ✅ YOLO Auto Complete!
[2026-02-26T01:00:02.434Z] ==================================================
[2026-02-26T01:00:02.434Z] ==================================================
[2026-02-26T01:00:02.434Z] 🎯 YOLO AUTO DONE

[2026-02-26T01:00:02.434Z] 🎯 YOLO AUTO DONE

[2026-02-26T05:00:02.091Z] 🚀 YOLO AUTO STARTED
[2026-02-26T05:00:02.091Z] 🚀 YOLO AUTO STARTED
[2026-02-26T05:00:02.163Z] ==================================================
[2026-02-26T05:00:02.163Z] ==================================================
[2026-02-26T05:00:02.163Z] 📖 PHASE 1: Understanding...
[2026-02-26T05:00:02.163Z] 📖 PHASE 1: Understanding...
[2026-02-26T05:00:02.700Z]    Balance: 0.361848141 SOL
[2026-02-26T05:00:02.700Z]    Balance: 0.361848141 SOL
[2026-02-26T05:00:02.700Z]    Recent trades: 0
[2026-02-26T05:00:02.700Z]    Recent trades: 0
[2026-02-26T05:00:02.700Z]    Issues: 0
[2026-02-26T05:00:02.700Z]    Issues: 0
[2026-02-26T05:00:02.700Z] 🎯 PHASE 2: Finding opportunities...
[2026-02-26T05:00:02.700Z] 🎯 PHASE 2: Finding opportunities...
[2026-02-26T05:00:02.701Z]    Found 3 opportunities
[2026-02-26T05:00:02.701Z]    Found 3 opportunities
[2026-02-26T05:00:02.701Z] ⚡ PHASE 3: Selecting best opportunity...
[2026-02-26T05:00:02.701Z] ⚡ PHASE 3: Selecting best opportunity...
[2026-02-26T05:00:02.701Z]    Selected: Low trade frequency - adjust threshold (medium priority)
[2026-02-26T05:00:02.701Z]    Selected: Low trade frequency - adjust threshold (medium priority)
[2026-02-26T05:00:02.701Z] 🔨 PHASE 4: Implementing...
[2026-02-26T05:00:02.701Z] 🔨 PHASE 4: Implementing...
[2026-02-26T05:00:02.701Z]    Adjusting trading threshold...
[2026-02-26T05:00:02.701Z]    Adjusting trading threshold...
[2026-02-26T05:00:02.702Z]    ✅ Threshold lowered: 3 → 3
[2026-02-26T05:00:02.702Z]    ✅ Threshold lowered: 3 → 3
[2026-02-26T05:00:02.729Z] 📊 PHASE 5: Summary
[2026-02-26T05:00:02.729Z] 📊 PHASE 5: Summary
[2026-02-26T05:00:02.729Z]    Implemented: optimize
[2026-02-26T05:00:02.729Z]    Implemented: optimize
[2026-02-26T05:00:02.729Z]    Branch: yolo-optimize-1772082002701
[2026-02-26T05:00:02.729Z]    Branch: yolo-optimize-1772082002701
[2026-02-26T05:00:02.729Z] ✅ YOLO Auto Complete!
[2026-02-26T05:00:02.729Z] ✅ YOLO Auto Complete!
[2026-02-26T05:00:02.729Z] ==================================================
[2026-02-26T05:00:02.729Z] ==================================================
[2026-02-26T05:00:02.730Z] 🎯 YOLO AUTO DONE

[2026-02-26T05:00:02.730Z] 🎯 YOLO AUTO DONE

[2026-02-26T09:00:01.431Z] 🚀 YOLO AUTO STARTED
[2026-02-26T09:00:01.431Z] 🚀 YOLO AUTO STARTED
[2026-02-26T09:00:01.463Z] ==================================================
[2026-02-26T09:00:01.463Z] ==================================================
[2026-02-26T09:00:01.463Z] 📖 PHASE 1: Understanding...
[2026-02-26T09:00:01.463Z] 📖 PHASE 1: Understanding...
[2026-02-26T09:00:01.824Z]    Balance: 0.361848141 SOL
[2026-02-26T09:00:01.824Z]    Balance: 0.361848141 SOL
[2026-02-26T09:00:01.824Z]    Recent trades: 0
[2026-02-26T09:00:01.824Z]    Recent trades: 0
[2026-02-26T09:00:01.824Z]    Issues: 0
[2026-02-26T09:00:01.824Z]    Issues: 0
[2026-02-26T09:00:01.824Z] 🎯 PHASE 2: Finding opportunities...
[2026-02-26T09:00:01.824Z] 🎯 PHASE 2: Finding opportunities...
[2026-02-26T09:00:01.824Z]    Found 3 opportunities
[2026-02-26T09:00:01.824Z]    Found 3 opportunities
[2026-02-26T09:00:01.825Z] ⚡ PHASE 3: Selecting best opportunity...
[2026-02-26T09:00:01.825Z] ⚡ PHASE 3: Selecting best opportunity...
[2026-02-26T09:00:01.825Z]    Selected: Low trade frequency - adjust threshold (medium priority)
[2026-02-26T09:00:01.825Z]    Selected: Low trade frequency - adjust threshold (medium priority)
[2026-02-26T09:00:01.825Z] 🔨 PHASE 4: Implementing...
[2026-02-26T09:00:01.825Z] 🔨 PHASE 4: Implementing...
[2026-02-26T09:00:01.825Z]    Adjusting trading threshold...
[2026-02-26T09:00:01.825Z]    Adjusting trading threshold...
[2026-02-26T09:00:01.826Z]    ✅ Threshold lowered: 3 → 3
[2026-02-26T09:00:01.826Z]    ✅ Threshold lowered: 3 → 3
[2026-02-26T09:00:01.826Z] 📊 PHASE 5: Summary
[2026-02-26T09:00:01.826Z] 📊 PHASE 5: Summary
[2026-02-26T09:00:01.826Z]    Implemented: optimize
[2026-02-26T09:00:01.826Z]    Implemented: optimize
[2026-02-26T09:00:01.826Z]    Branch: yolo-optimize-1772096401825
[2026-02-26T09:00:01.826Z]    Branch: yolo-optimize-1772096401825
[2026-02-26T09:00:01.826Z] ✅ YOLO Auto Complete!
[2026-02-26T09:00:01.826Z] ✅ YOLO Auto Complete!
[2026-02-26T09:00:01.826Z] ==================================================
[2026-02-26T09:00:01.826Z] ==================================================
[2026-02-26T09:00:01.826Z] 🎯 YOLO AUTO DONE

[2026-02-26T09:00:01.826Z] 🎯 YOLO AUTO DONE

[2026-02-26T13:00:01.660Z] 🚀 YOLO AUTO STARTED
[2026-02-26T13:00:01.660Z] 🚀 YOLO AUTO STARTED
[2026-02-26T13:00:01.684Z] ==================================================
[2026-02-26T13:00:01.684Z] ==================================================
[2026-02-26T13:00:01.685Z] 📖 PHASE 1: Understanding...
[2026-02-26T13:00:01.685Z] 📖 PHASE 1: Understanding...
[2026-02-26T13:00:02.057Z]    Balance: 0.361848141 SOL
[2026-02-26T13:00:02.057Z]    Balance: 0.361848141 SOL
[2026-02-26T13:00:02.057Z]    Recent trades: 0
[2026-02-26T13:00:02.057Z]    Recent trades: 0
[2026-02-26T13:00:02.057Z]    Issues: 0
[2026-02-26T13:00:02.057Z]    Issues: 0
[2026-02-26T13:00:02.058Z] 🎯 PHASE 2: Finding opportunities...
[2026-02-26T13:00:02.058Z] 🎯 PHASE 2: Finding opportunities...
[2026-02-26T13:00:02.058Z]    Found 3 opportunities
[2026-02-26T13:00:02.058Z]    Found 3 opportunities
[2026-02-26T13:00:02.058Z] ⚡ PHASE 3: Selecting best opportunity...
[2026-02-26T13:00:02.058Z] ⚡ PHASE 3: Selecting best opportunity...
[2026-02-26T13:00:02.058Z]    Selected: Low trade frequency - adjust threshold (medium priority)
[2026-02-26T13:00:02.058Z]    Selected: Low trade frequency - adjust threshold (medium priority)
[2026-02-26T13:00:02.059Z] 🔨 PHASE 4: Implementing...
[2026-02-26T13:00:02.059Z] 🔨 PHASE 4: Implementing...
[2026-02-26T13:00:02.059Z]    Adjusting trading threshold...
[2026-02-26T13:00:02.059Z]    Adjusting trading threshold...
[2026-02-26T13:00:02.068Z]    ✅ Threshold lowered: 3 → 3
[2026-02-26T13:00:02.068Z]    ✅ Threshold lowered: 3 → 3
[2026-02-26T13:00:02.069Z] 📊 PHASE 5: Summary
[2026-02-26T13:00:02.069Z] 📊 PHASE 5: Summary
[2026-02-26T13:00:02.069Z]    Implemented: optimize
[2026-02-26T13:00:02.069Z]    Implemented: optimize
[2026-02-26T13:00:02.069Z]    Branch: yolo-optimize-1772110802059
[2026-02-26T13:00:02.069Z]    Branch: yolo-optimize-1772110802059
[2026-02-26T13:00:02.069Z] ✅ YOLO Auto Complete!
[2026-02-26T13:00:02.069Z] ✅ YOLO Auto Complete!
[2026-02-26T13:00:02.069Z] ==================================================
[2026-02-26T13:00:02.069Z] ==================================================
[2026-02-26T13:00:02.069Z] 🎯 YOLO AUTO DONE

[2026-02-26T13:00:02.069Z] 🎯 YOLO AUTO DONE

[2026-02-26T17:00:01.522Z] 🚀 YOLO AUTO STARTED
[2026-02-26T17:00:01.522Z] 🚀 YOLO AUTO STARTED
[2026-02-26T17:00:01.557Z] ==================================================
[2026-02-26T17:00:01.557Z] ==================================================
[2026-02-26T17:00:01.557Z] 📖 PHASE 1: Understanding...
[2026-02-26T17:00:01.557Z] 📖 PHASE 1: Understanding...
[2026-02-26T17:00:01.700Z]    Balance: 0.361848141 SOL
[2026-02-26T17:00:01.700Z]    Balance: 0.361848141 SOL
[2026-02-26T17:00:01.701Z]    Recent trades: 0
[2026-02-26T17:00:01.701Z]    Recent trades: 0
[2026-02-26T17:00:01.701Z]    Issues: 0
[2026-02-26T17:00:01.701Z]    Issues: 0
[2026-02-26T17:00:01.701Z] 🎯 PHASE 2: Finding opportunities...
[2026-02-26T17:00:01.701Z] 🎯 PHASE 2: Finding opportunities...
[2026-02-26T17:00:01.701Z]    Found 3 opportunities
[2026-02-26T17:00:01.701Z]    Found 3 opportunities
[2026-02-26T17:00:01.701Z] ⚡ PHASE 3: Selecting best opportunity...
[2026-02-26T17:00:01.701Z] ⚡ PHASE 3: Selecting best opportunity...
[2026-02-26T17:00:01.702Z]    Selected: Low trade frequency - adjust threshold (medium priority)
[2026-02-26T17:00:01.702Z]    Selected: Low trade frequency - adjust threshold (medium priority)
[2026-02-26T17:00:01.702Z] 🔨 PHASE 4: Implementing...
[2026-02-26T17:00:01.702Z] 🔨 PHASE 4: Implementing...
[2026-02-26T17:00:01.702Z]    Adjusting trading threshold...
[2026-02-26T17:00:01.702Z]    Adjusting trading threshold...
[2026-02-26T17:00:01.703Z]    ✅ Threshold lowered: 3 → 3
[2026-02-26T17:00:01.703Z]    ✅ Threshold lowered: 3 → 3
[2026-02-26T17:00:01.703Z] 📊 PHASE 5: Summary
[2026-02-26T17:00:01.703Z] 📊 PHASE 5: Summary
[2026-02-26T17:00:01.703Z]    Implemented: optimize
[2026-02-26T17:00:01.703Z]    Implemented: optimize
[2026-02-26T17:00:01.703Z]    Branch: yolo-optimize-1772125201702
[2026-02-26T17:00:01.703Z]    Branch: yolo-optimize-1772125201702
[2026-02-26T17:00:01.703Z] ✅ YOLO Auto Complete!
[2026-02-26T17:00:01.703Z] ✅ YOLO Auto Complete!
[2026-02-26T17:00:01.703Z] ==================================================
[2026-02-26T17:00:01.703Z] ==================================================
[2026-02-26T17:00:01.703Z] 🎯 YOLO AUTO DONE

[2026-02-26T17:00:01.703Z] 🎯 YOLO AUTO DONE

[2026-02-26T21:00:01.524Z] 🚀 YOLO AUTO STARTED
[2026-02-26T21:00:01.524Z] 🚀 YOLO AUTO STARTED
[2026-02-26T21:00:01.540Z] ==================================================
[2026-02-26T21:00:01.540Z] ==================================================
[2026-02-26T21:00:01.541Z] 📖 PHASE 1: Understanding...
[2026-02-26T21:00:01.541Z] 📖 PHASE 1: Understanding...
[2026-02-26T21:00:01.672Z]    Balance: 0.361848141 SOL
[2026-02-26T21:00:01.672Z]    Balance: 0.361848141 SOL
[2026-02-26T21:00:01.672Z]    Recent trades: 0
[2026-02-26T21:00:01.672Z]    Recent trades: 0
[2026-02-26T21:00:01.672Z]    Issues: 0
[2026-02-26T21:00:01.672Z]    Issues: 0
[2026-02-26T21:00:01.672Z] 🎯 PHASE 2: Finding opportunities...
[2026-02-26T21:00:01.672Z] 🎯 PHASE 2: Finding opportunities...
[2026-02-26T21:00:01.673Z]    Found 3 opportunities
[2026-02-26T21:00:01.673Z]    Found 3 opportunities
[2026-02-26T21:00:01.673Z] ⚡ PHASE 3: Selecting best opportunity...
[2026-02-26T21:00:01.673Z] ⚡ PHASE 3: Selecting best opportunity...
[2026-02-26T21:00:01.673Z]    Selected: Low trade frequency - adjust threshold (medium priority)
[2026-02-26T21:00:01.673Z]    Selected: Low trade frequency - adjust threshold (medium priority)
[2026-02-26T21:00:01.673Z] 🔨 PHASE 4: Implementing...
[2026-02-26T21:00:01.673Z] 🔨 PHASE 4: Implementing...
[2026-02-26T21:00:01.673Z]    Adjusting trading threshold...
[2026-02-26T21:00:01.673Z]    Adjusting trading threshold...
[2026-02-26T21:00:01.674Z]    ✅ Threshold lowered: 3 → 3
[2026-02-26T21:00:01.674Z]    ✅ Threshold lowered: 3 → 3
[2026-02-26T21:00:01.674Z] 📊 PHASE 5: Summary
[2026-02-26T21:00:01.674Z] 📊 PHASE 5: Summary
[2026-02-26T21:00:01.674Z]    Implemented: optimize
[2026-02-26T21:00:01.674Z]    Implemented: optimize
[2026-02-26T21:00:01.674Z]    Branch: yolo-optimize-1772139601673
[2026-02-26T21:00:01.674Z]    Branch: yolo-optimize-1772139601673
[2026-02-26T21:00:01.674Z] ✅ YOLO Auto Complete!
[2026-02-26T21:00:01.674Z] ✅ YOLO Auto Complete!
[2026-02-26T21:00:01.674Z] ==================================================
[2026-02-26T21:00:01.674Z] ==================================================
[2026-02-26T21:00:01.674Z] 🎯 YOLO AUTO DONE

[2026-02-26T21:00:01.674Z] 🎯 YOLO AUTO DONE

[2026-02-27T01:00:01.851Z] 🚀 YOLO AUTO STARTED
[2026-02-27T01:00:01.851Z] 🚀 YOLO AUTO STARTED
[2026-02-27T01:00:01.886Z] ==================================================
[2026-02-27T01:00:01.886Z] ==================================================
[2026-02-27T01:00:01.887Z] 📖 PHASE 1: Understanding...
[2026-02-27T01:00:01.887Z] 📖 PHASE 1: Understanding...
[2026-02-27T01:00:02.101Z]    Balance: 0.361848141 SOL
[2026-02-27T01:00:02.101Z]    Balance: 0.361848141 SOL
[2026-02-27T01:00:02.101Z]    Recent trades: 0
[2026-02-27T01:00:02.101Z]    Recent trades: 0
[2026-02-27T01:00:02.101Z]    Issues: 0
[2026-02-27T01:00:02.101Z]    Issues: 0
[2026-02-27T01:00:02.102Z] 🎯 PHASE 2: Finding opportunities...
[2026-02-27T01:00:02.102Z] 🎯 PHASE 2: Finding opportunities...
[2026-02-27T01:00:02.102Z]    Found 3 opportunities
[2026-02-27T01:00:02.102Z]    Found 3 opportunities
[2026-02-27T01:00:02.102Z] ⚡ PHASE 3: Selecting best opportunity...
[2026-02-27T01:00:02.102Z] ⚡ PHASE 3: Selecting best opportunity...
[2026-02-27T01:00:02.103Z]    Selected: Low trade frequency - adjust threshold (medium priority)
[2026-02-27T01:00:02.103Z]    Selected: Low trade frequency - adjust threshold (medium priority)
[2026-02-27T01:00:02.103Z] 🔨 PHASE 4: Implementing...
[2026-02-27T01:00:02.103Z] 🔨 PHASE 4: Implementing...
[2026-02-27T01:00:02.131Z]    Adjusting trading threshold...
[2026-02-27T01:00:02.131Z]    Adjusting trading threshold...
[2026-02-27T01:00:02.132Z]    ✅ Threshold lowered: 3 → 3
[2026-02-27T01:00:02.132Z]    ✅ Threshold lowered: 3 → 3
[2026-02-27T01:00:02.132Z] 📊 PHASE 5: Summary
[2026-02-27T01:00:02.132Z] 📊 PHASE 5: Summary
[2026-02-27T01:00:02.132Z]    Implemented: optimize
[2026-02-27T01:00:02.132Z]    Implemented: optimize
[2026-02-27T01:00:02.132Z]    Branch: yolo-optimize-1772154002131
[2026-02-27T01:00:02.132Z]    Branch: yolo-optimize-1772154002131
[2026-02-27T01:00:02.139Z] ✅ YOLO Auto Complete!
[2026-02-27T01:00:02.139Z] ✅ YOLO Auto Complete!
[2026-02-27T01:00:02.139Z] ==================================================
[2026-02-27T01:00:02.139Z] ==================================================
[2026-02-27T01:00:02.139Z] 🎯 YOLO AUTO DONE

[2026-02-27T01:00:02.139Z] 🎯 YOLO AUTO DONE

[2026-02-27T05:00:01.497Z] 🚀 YOLO AUTO STARTED
[2026-02-27T05:00:01.497Z] 🚀 YOLO AUTO STARTED
[2026-02-27T05:00:01.516Z] ==================================================
[2026-02-27T05:00:01.516Z] ==================================================
[2026-02-27T05:00:01.517Z] 📖 PHASE 1: Understanding...
[2026-02-27T05:00:01.517Z] 📖 PHASE 1: Understanding...
[2026-02-27T05:00:01.753Z]    Balance: 0.361848141 SOL
[2026-02-27T05:00:01.753Z]    Balance: 0.361848141 SOL
[2026-02-27T05:00:01.753Z]    Recent trades: 0
[2026-02-27T05:00:01.753Z]    Recent trades: 0
[2026-02-27T05:00:01.753Z]    Issues: 0
[2026-02-27T05:00:01.753Z]    Issues: 0
[2026-02-27T05:00:01.753Z] 🎯 PHASE 2: Finding opportunities...
[2026-02-27T05:00:01.753Z] 🎯 PHASE 2: Finding opportunities...
[2026-02-27T05:00:01.754Z]    Found 3 opportunities
[2026-02-27T05:00:01.754Z]    Found 3 opportunities
[2026-02-27T05:00:01.754Z] ⚡ PHASE 3: Selecting best opportunity...
[2026-02-27T05:00:01.754Z] ⚡ PHASE 3: Selecting best opportunity...
[2026-02-27T05:00:01.754Z]    Selected: Low trade frequency - adjust threshold (medium priority)
[2026-02-27T05:00:01.754Z]    Selected: Low trade frequency - adjust threshold (medium priority)
[2026-02-27T05:00:01.755Z] 🔨 PHASE 4: Implementing...
[2026-02-27T05:00:01.755Z] 🔨 PHASE 4: Implementing...
[2026-02-27T05:00:01.755Z]    Adjusting trading threshold...
[2026-02-27T05:00:01.755Z]    Adjusting trading threshold...
[2026-02-27T05:00:01.755Z]    ✅ Threshold lowered: 3 → 3
[2026-02-27T05:00:01.755Z]    ✅ Threshold lowered: 3 → 3
[2026-02-27T05:00:01.771Z] 📊 PHASE 5: Summary
[2026-02-27T05:00:01.771Z] 📊 PHASE 5: Summary
[2026-02-27T05:00:01.771Z]    Implemented: optimize
[2026-02-27T05:00:01.771Z]    Implemented: optimize
[2026-02-27T05:00:01.771Z]    Branch: yolo-optimize-1772168401755
[2026-02-27T05:00:01.771Z]    Branch: yolo-optimize-1772168401755
[2026-02-27T05:00:01.771Z] ✅ YOLO Auto Complete!
[2026-02-27T05:00:01.771Z] ✅ YOLO Auto Complete!
[2026-02-27T05:00:01.771Z] ==================================================
[2026-02-27T05:00:01.771Z] ==================================================
[2026-02-27T05:00:01.772Z] 🎯 YOLO AUTO DONE

[2026-02-27T05:00:01.772Z] 🎯 YOLO AUTO DONE

